     1 O        0.000000    -75.291544
     2 H        0.000000     -0.676744
     3 H        0.000000     -0.677034
     4 O        0.000000    -75.298023
     5 H        0.000000     -0.674403
     6 H        0.000000     -0.632690
     7 O        0.000000    -75.288155
     8 H        0.000000     -0.651473
     9 H        0.000000     -0.604584
    10 O        0.000000    -75.278314
    11 H        0.000000     -0.603721
    12 H        0.000000     -0.603634
    13 O        0.000000    -75.286062
    14 H        0.000000     -0.603374
    15 H        0.000000     -0.669443
    16 O        0.000000    -75.266634
    17 H        0.000000     -0.590458
    18 H        0.000000     -0.588620
    19 O        0.000000    -75.285157
    20 H        0.000000     -0.601890
    21 H        0.000000     -0.652717
