        0.00218970        0.04007391       -0.04533644
        0.01796686       -0.04837267        0.01386544
       -0.03122240       -0.01954360       -0.00149497
       -0.00884051       -0.02826919        0.02014093
       -0.00058354        0.01147294        0.01178555
        0.00078737        0.00247989       -0.00345807
       -0.00828561        0.02068242        0.04047835
       -0.00342341       -0.00762911       -0.00183417
       -0.00202083        0.00431464       -0.04205103
        0.06455301        0.01522414        0.03022285
       -0.00669844       -0.01618013       -0.02130702
       -0.03165083        0.01340837       -0.00621423
       -0.00495974        0.02135974        0.04390116
       -0.00650495        0.00549849       -0.04366303
        0.02004902       -0.01960657        0.00684184
        0.01787930        0.02073104       -0.01026645
       -0.00032202        0.00014650        0.00100469
       -0.01278696       -0.01858632        0.00941727
        0.01122413        0.00187437       -0.02587421
       -0.00496745        0.01285083        0.00739173
       -0.01238271       -0.01192971        0.01644982
