     1 O        0.000000    -75.295032
     2 H        0.000000     -0.633630
     3 H        0.000000     -0.682143
     4 O        0.000000    -75.302587
     5 H        0.000000     -0.666683
     6 H        0.000000     -0.632513
     7 O        0.000000    -75.289875
     8 H        0.000000     -0.648345
     9 H        0.000000     -0.603228
    10 O        0.000000    -75.268866
    11 H        0.000000     -0.585281
    12 H        0.000000     -0.656618
    13 O        0.000000    -75.269391
    14 H        0.000000     -0.590716
    15 H        0.000000     -0.641968
    16 O        0.000000    -75.295123
    17 H        0.000000     -0.644670
    18 H        0.000000     -0.606554
    19 O        0.000000    -75.288799
    20 H        0.000000     -0.601839
    21 H        0.000000     -0.655318
