       -0.03446403        0.08674018       -0.06318359
        0.03766837       -0.08046072        0.03311466
       -0.02378393       -0.01438748       -0.00442016
       -0.00853448       -0.02403702        0.01110453
       -0.00236857        0.00920377        0.01479358
       -0.00016385        0.00137854        0.00079124
        0.06724080        0.00164413        0.02308228
       -0.00623522       -0.00821938       -0.01537848
       -0.03537673        0.01744824       -0.00738667
       -0.00153037        0.02030783        0.04512109
       -0.00650555        0.00458848       -0.04123929
        0.01311667       -0.01500045        0.00316714
        0.02919787        0.01408873       -0.04151860
       -0.00207420       -0.00073407        0.00454341
       -0.02477518       -0.01277037        0.03855761
        0.01126353        0.02929612       -0.01165517
        0.00074094       -0.00400315        0.00170404
       -0.01378237       -0.02570117        0.01275241
        0.01451698       -0.00496301       -0.02328657
       -0.00580708        0.01376473        0.00781618
       -0.00834362       -0.00818394        0.01152034
