     1 O        0.000000    -75.294488
     2 H        0.000000     -0.676356
     3 H        0.000000     -0.673509
     4 O        0.000000    -75.293531
     5 H        0.000000     -0.633853
     6 H        0.000000     -0.635954
     7 O        0.000000    -75.291865
     8 H        0.000000     -0.650084
     9 H        0.000000     -0.605892
    10 O        0.000000    -75.290496
    11 H        0.000000     -0.649030
    12 H        0.000000     -0.602221
    13 O        0.000000    -75.262882
    14 H        0.000000     -0.592732
    15 H        0.000000     -0.595399
    16 O        0.000000    -75.270559
    17 H        0.000000     -0.631928
    18 H        0.000000     -0.587623
    19 O        0.000000    -75.303256
    20 H        0.000000     -0.627869
    21 H        0.000000     -0.668930
