       -0.00531698        0.03872758       -0.03795776
        0.01987422       -0.04888995        0.01245325
       -0.02404820       -0.01861067       -0.00476373
       -0.00645588       -0.03045540        0.01270221
        0.00025532        0.02178081        0.01813691
        0.00081522        0.00608306        0.00054227
       -0.00904432        0.02009085        0.04064429
       -0.00138038       -0.00541935       -0.00056481
       -0.00248135        0.00404783       -0.04296975
        0.07062774        0.00390214        0.02252018
       -0.00828991       -0.01018477       -0.01626028
       -0.03541926        0.01784459       -0.00663847
        0.01237401        0.00595552       -0.03494373
       -0.00062651        0.00106434        0.00656633
       -0.01224639       -0.00689439        0.03114073
        0.01366031        0.03081034       -0.01974000
        0.00125582       -0.00475252        0.00442845
       -0.01197982       -0.02267055        0.01194316
        0.01978258        0.00070578       -0.02782406
       -0.00418803        0.01199352        0.00454855
       -0.01716821       -0.01512878        0.02603625
