 -------------------------------------------------------------
 ---------------------- Welcome to the -----------------------
 Ruhr-University Neural Network Energy Representation - RuNNer
 ----------------- RuNNer version 2011-09-08 -----------------
 -----------------   (c) Dr. Joerg Behler    -----------------
 ------------  Lehrstuhl fuer Theoretische Chemie  -----------
 ------------       Ruhr-Universitaet Bochum       -----------
 ------------        44780 Bochum, Germany         -----------
 -------------------------------------------------------------
 -------------------------------------------------------------
 When using RuNNer, please cite the following papers:
 -------------------------------------------------------------
 For general high-dimensional NNs:
 J. Behler and M. Parrinello, Phys. Rev. Lett. 98, 146401 (2007).
 J. Behler, J. Chem. Phys. 134, 074106 (2011).
 -------------------------------------------------------------
 For high-dimensional NNs including electrostatics:
 N. Artrith, T. Morawietz, and J. Behler, Phys. Rev. B 83, 153101 (2011).
 -------------------------------------------------------------
 Reviews on NN potentials:
 C.M. Handley, and P.L.A. Popelier, J. Phys. Chem. A 114, 3371 (2010).
 J. Behler, Phys. Chem. Chem. Phys. 13, 17930 (2011).
 -------------------------------------------------------------
 General job information:
 -------------------------------------------------------------
 Executing host    : gen15               
 User name         :                     
 Starting date     : 10. 8.2015
 Starting time     :  0 h 57 min 
 Working directory :                                                             
 -------------------------------------------------------------
 Information on this RuNNer executable:
 Compiled by user  sklees  on host  generoso 
 Compilation time  Tue Jan 13 10:59:15 CET 2015 
 -------------------------------------------------------------
 Serial run requested
 -------------------------------------------------------------
 Reading control parameters from input.nn
 =============================================================
 -------------------------------------------------------------
 =============================================================
 General input parameters:
 -------------------------------------------------------------
 Short range NN is on
 NNTB is off
 Electrostatic NN is off
 -------------------------------------------------------------
 RuNNer nn_type_short                                   1
 RuNNer is started in mode for fitting (2)
 debugging mode is                                        F
 parallelization mode                                     1
 enable detailed time measurement                         F
 enable detailed time measurement at epoch level          F
 silent mode                                              F
 force check                                              F
 number of elements                                       2
 elements (sorted):
  1 H 
  8 O 
 seed for random number generator                        56
 random number generator type                             1
 remove free atom reference energies                      T
 shortest allowed bond in structure                   0.500
 Cutoff_type for symmetry function is                     1
 Enforcing global max_num_neighors_atomic                 0
 vdW_type is                                              0
 No vdW interactions included
 -------------------------------------------------------------
 Short range NN specifications:
 -------------------------------------------------------------
 global hidden layers short range NN                      2
 global nodes hidden layers short NN                35   35
 global activation functions short                      ttl
 -------------------------------------------------------------
 General fitting parameters:
 -------------------------------------------------------------
 number of fitting epochs                                50
 number of data sets in memory                          200
 Fitting mode 1 (online learning) selected         
 random training                                          F
 Randomly mixing all points in training set               T
 save Kalman filter data                                  F
 restart from old Kalman filter data                      F
 rescale symmetry functions                               T
 min value of scaled short range symmetry functions      0.000
 max value of scaled short range symmetry functions      1.000
 remove CMS from symmetry functions                       T
 calculate symmetry function correlation                  F
 weight analysis                                          F
 environment analysis                                     F
 find contradictions                                      F
 fix some weights                                         F
 using growth mode for fitting                            F
 global fit of short and charge NN (not implemented)      F
 error unit for fitting                                  eV
 Reading formatted files 
 Writing formatted files 
 reset Kalman filter                                      F
 Preconditioning of weights is switched on
 -------------------------------------------------------------
 Fitting parameters short range part:
 -------------------------------------------------------------
 using forces for fitting                                 T
 using Kalman filter optimization (1) for short range energy
 using Kalman filter optimization (1) for short range forces
 short energy error threshold                    0.00000000
 short force error threshold                     0.00000000
 Kalman lambda (short)                           0.98000000
 Kalman nue (short)                              0.99890000
 Kalman damp (short energy)                      1.00000000
 Kalman damp (short force)                       1.00000000
 restart fit with old weights (short)                     F
 scaling factor for force update (scalefactorf)  1.00000000
 grouping energies in blocks of                           1
 fraction of energies used for update                 1.000
 grouping forces in blocks of                             1
 fraction of forces used for update                   0.010
 weights_min                                         -1.000
 weights_max                                          1.000
 Using Nguyen Widrow weights for short range NN
 Using repeated energy updates after each force update
 max_energy                                       10000.000
 max_force                                        10000.000
 noise energy threshold                          0.00000000 Ha/atom
 noise force threshold                           0.00000000 Ha/Bohr
 restart fit with old weights (charge)                    F
 -------------------------------------------------------------
 Fitting output options:
 -------------------------------------------------------------
 write weights in every epoch                             1
 write temporary weights each epoch                       F
 write trainpoints.out and testpoints.out                 F
 write trainforces.out and testforces.out                 F
 =============================================================
 Element pairs:            3
 pair    1 H  H 
 pair    2 H  O 
 pair    3 O  O 
 =============================================================
 => short range NN weights type 1                 H       2101
 => short range NN weights type 1                 O       2066
 -------------------------------------------------------------
 atomic reference energies read from input.nn:
 H         -0.50525907
 O        -75.16636428
 -------------------------------------------------------------
 -------------------------------------------------
 Atomic short range NN for element: H 
 architecture       22   35   35    1
 -------------------------------------------------
   1   G  t  t  l
   2   G  t  t   
   3   G  t  t   
   4   G  t  t   
   5   G  t  t   
   6   G  t  t   
   7   G  t  t   
   8   G  t  t   
   9   G  t  t   
  10   G  t  t   
  11   G  t  t   
  12   G  t  t   
  13   G  t  t   
  14   G  t  t   
  15   G  t  t   
  16   G  t  t   
  17   G  t  t   
  18   G  t  t   
  19   G  t  t   
  20   G  t  t   
  21   G  t  t   
  22   G  t  t   
  23      t  t   
  24      t  t   
  25      t  t   
  26      t  t   
  27      t  t   
  28      t  t   
  29      t  t   
  30      t  t   
  31      t  t   
  32      t  t   
  33      t  t   
  34      t  t   
  35      t  t   
 -------------------------------------------------
 Atomic short range NN for element: O 
 architecture       21   35   35    1
 -------------------------------------------------
   1   G  t  t  l
   2   G  t  t   
   3   G  t  t   
   4   G  t  t   
   5   G  t  t   
   6   G  t  t   
   7   G  t  t   
   8   G  t  t   
   9   G  t  t   
  10   G  t  t   
  11   G  t  t   
  12   G  t  t   
  13   G  t  t   
  14   G  t  t   
  15   G  t  t   
  16   G  t  t   
  17   G  t  t   
  18   G  t  t   
  19   G  t  t   
  20   G  t  t   
  21   G  t  t   
  22      t  t   
  23      t  t   
  24      t  t   
  25      t  t   
  26      t  t   
  27      t  t   
  28      t  t   
  29      t  t   
  30      t  t   
  31      t  t   
  32      t  t   
  33      t  t   
  34      t  t   
  35      t  t   
 -------------------------------------------------------------
 -------------------------------------------------------------
  short range atomic symmetry functions element H  :
 -------------------------------------------------------------
    1 H   2  H               0.010   0.000  19.000
    2 H   2  O               0.010   0.000  19.000
    3 H   2  H               0.030   0.000  19.000
    4 H   2  O               0.030   0.000  19.000
    5 H   2  H               0.070   0.000  19.000
    6 H   2  O               0.070   0.000  19.000
    7 H   2  O               2.000   0.000  19.000
    8 H   3  H  H    0.001  -1.000   4.000  19.000
    9 H   3  O  O    0.001  -1.000   4.000  19.000
   10 H   3  O  O    0.001   1.000   4.000  19.000
   11 H   3  H  O    0.010  -1.000   4.000  19.000
   12 H   3  H  H    0.010   1.000   4.000  19.000
   13 H   3  H  O    0.010   1.000   4.000  19.000
   14 H   3  H  O    0.030  -1.000   1.000  19.000
   15 H   3  O  O    0.030  -1.000   1.000  19.000
   16 H   3  H  O    0.030   1.000   1.000  19.000
   17 H   3  O  O    0.030   1.000   1.000  19.000
   18 H   3  H  H    0.070  -1.000   1.000  19.000
   19 H   3  H  O    0.070  -1.000   1.000  19.000
   20 H   3  H  O    0.070   1.000   1.000  19.000
   21 H   3  H  H    0.200   1.000   1.000  19.000
   22 H   3  H  O    0.200   1.000   1.000  19.000
 -------------------------------------------------------------
  short range atomic symmetry functions element O  :
 -------------------------------------------------------------
    1 O   2  H               0.010   0.000  19.000
    2 O   2  O               0.010   0.000  19.000
    3 O   2  H               0.030   0.000  19.000
    4 O   2  O               0.030   0.000  19.000
    5 O   2  H               0.070   0.000  19.000
    6 O   2  O               0.070   0.000  19.000
    7 O   2  H               2.000   0.000  19.000
    8 O   3  H  O    0.001  -1.000   4.000  19.000
    9 O   3  O  O    0.001  -1.000   4.000  19.000
   10 O   3  H  O    0.001   1.000   4.000  19.000
   11 O   3  O  O    0.001   1.000   4.000  19.000
   12 O   3  H  H    0.010  -1.000   4.000  19.000
   13 O   3  H  H    0.010   1.000   4.000  19.000
   14 O   3  H  H    0.030  -1.000   1.000  19.000
   15 O   3  H  O    0.030  -1.000   1.000  19.000
   16 O   3  O  O    0.030  -1.000   1.000  19.000
   17 O   3  H  H    0.030   1.000   1.000  19.000
   18 O   3  H  O    0.030   1.000   1.000  19.000
   19 O   3  O  O    0.030   1.000   1.000  19.000
   20 O   3  H  H    0.070  -1.000   1.000  19.000
   21 O   3  H  H    0.070   1.000   1.000  19.000
 -------------------------------------------------------------
 =============================================================
 Short range symmetry function values for element H 
 Training set:  min           max       average         range        stddev      range/stddev
   1     0.78652953   11.59771996    4.83434441   10.81119042    1.82744425    5.91601655
   2     0.90313225    6.50850807    2.94948692    5.60537582    0.97554796    5.74587418
   3     0.59244976    6.99944888    2.50919361    6.40699912    0.93910612    6.82244419
   4     0.80044510    4.17180805    1.79567905    3.37136295    0.53882486    6.25688085
   5     0.33614335    3.22330621    1.09294127    2.88716286    0.36723238    7.86195066
   6     0.58583952    2.18927832    1.07989017    1.60343880    0.25355824    6.32374960
   7     0.00000000    0.03310960    0.00106357    0.03310960    0.00076281   43.40493787
   8     0.00000000   20.21542513    2.33286007   20.21542513    2.40879380    8.39234357
   9     0.00000000    7.17872553    1.14358533    7.17872553    1.20455151    5.95966670
  10     0.00000000   13.42158355    3.55272660   13.42158355    2.03942414    6.58106535
  11     0.00000641    8.93154507    1.31672137    8.93153866    1.39766657    6.39032145
  12     0.00000000   18.41113282    4.55473329   18.41113282    2.60552892    7.06617865
  13     0.51819269   27.50242921    8.62450161   26.98423652    3.90178439    6.91587074
  14     0.03337655    6.20140359    0.83569622    6.16802705    0.65729515    9.38395331
  15     0.00000000    2.07150389    0.31050992    2.07150389    0.29820603    6.94655261
  16     0.78039747   13.85054917    3.36363143   13.07015170    1.42331967    9.18286450
  17     0.00000000    2.15330813    0.32400997    2.15330813    0.20184167   10.66830296
  18     0.00000000    0.46676057    0.03615671    0.46676057    0.03083747   15.13614825
  19     0.01539163    0.87269930    0.13420396    0.85730767    0.07237139   11.84594739
  20     0.30346191    2.83776436    0.90860703    2.53430246    0.28766664    8.80985869
  21     0.00000000    0.02875766    0.00046538    0.02875766    0.00089985   31.95830680
  22     0.01197293    0.32228420    0.07837945    0.31031128    0.01640657   18.91383922
 =============================================================
 Short range symmetry function values for element O 
 Training set:  min           max       average         range        stddev      range/stddev
   1     1.84681983   12.01302362    6.12660240   10.16620380    1.72674796    5.88748563
   2     0.00000000    5.18294447    2.12329780    5.18294447    0.90320754    5.73837599
   3     1.68036390    7.43610203    3.72994080    5.75573814    0.81113724    7.09588689
   4     0.00000000    2.87968551    0.95666126    2.87968551    0.42624371    6.75596012
   5     1.39110839    3.90587101    2.24312156    2.51476263    0.30780225    8.17005921
   6     0.00000000    1.06080304    0.27240808    1.06080304    0.13963497    7.59697275
   7     0.00000119    0.03317414    0.00220922    0.03317295    0.00106763   31.07159198
   8     0.00000000   17.92245432    2.64705373   17.92245432    1.67323910   10.71123327
   9     0.00000000    3.86408302    0.26294937    3.86408302    0.31191821   12.38812881
  10     0.00000000   57.01137107   20.15236743   57.01137107   10.40740492    5.47796223
  11     0.00000000    9.45363651    2.54014766    9.45363651    1.65043825    5.72795530
  12     0.05591985    7.69120927    1.98599142    7.63528942    0.85740238    8.90514139
  13     0.00308542   21.81110735    5.86599336   21.80802193    3.13205763    6.96284185
  14     0.48086249    6.75468508    2.09086393    6.27382260    0.67926620    9.23617666
  15     0.00000000    3.56439717    0.55723586    3.56439717    0.34738745   10.26058143
  16     0.00000000    0.45319786    0.03582800    0.45319786    0.03805535   11.90891227
  17     0.16350119   10.01580852    2.27050663    9.85230733    1.04677256    9.41208029
  18     0.00000000   10.04017412    2.07878265   10.04017412    1.16256076    8.63625754
  19     0.00000000    0.95606393    0.09649969    0.95606393    0.08969521   10.65903032
  20     0.23397491    1.60350670    0.65214148    1.36953179    0.17931893    7.63740791
  21     0.06833396    1.58182791    0.43090931    1.51349395    0.13901428   10.88732688
 -------------------------------------------------------------
 Training data set statistics:
 Composition:              non-periodic:           periodic:
   H    O
   2    1                           5046                   0
   3    1                           1269                   0
   4    2                          10782                   0
   5    2                           1316                   0
   6    3                           1554                   0
   7    3                           2431                   0
   8    4                           1591                   0
   9    4                           3412                   0
  10    5                           1862                   0
  11    5                           3194                   0
  12    6                           3766                   0
  13    6                           4663                   0
  14    7                           3920                   0
  15    7                           5979                   0
  16    8                           4693                   0
  17    8                           6694                   0
  18    9                           3499                   0
  20   10                           4501                   0
 -------------------------------------------------------------
 -------------------------------------------------------------
 Testing data set statistics:
 Composition:              non-periodic:           periodic:
   H    O
   2    1                            571                   0
   3    1                            147                   0
   4    2                           1224                   0
   5    2                            150                   0
   6    3                            180                   0
   7    3                            273                   0
   8    4                            186                   0
   9    4                            387                   0
  10    5                            246                   0
  11    5                            350                   0
  12    6                            437                   0
  13    6                            546                   0
  14    7                            429                   0
  15    7                            645                   0
  16    8                            555                   0
  17    8                            738                   0
  18    9                            345                   0
  20   10                            480                   0
 -------------------------------------------------------------
 -------------------------------------------------------------
 Energies in training set (Ha/atom):
                   Emin          Emax          average        stddev          range
 Eshort         -0.129651      -0.023510      -0.118067       0.015343       0.106141
 Eelec           0.000000       0.000000       0.000000       0.000000       0.000000
 Etot           -0.129651      -0.023510      -0.118067       0.015343       0.106141
 -------------------------------------------------------------
 Energies in training set (eV/atom):
                   Emin          Emax          average        stddev          range
 Eshort         -3.527940      -0.639737      -3.212724       0.417498       2.888203
 Eelec           0.000000       0.000000       0.000000       0.000000       0.000000
 Etot           -3.527940      -0.639737      -3.212724       0.417498       2.888203
 -------------------------------------------------------------
 Forces in training set (Ha/Bohr):
               Fmin          Fmax          average        stddev          range
 H          0.000013       0.788063       0.023097       0.026541       0.788050
 O          0.000004       0.842222       0.037449       0.036976       0.842218
 -------------------------------------------------------------
 Forces in training set (eV/Bohr):
               Fmin          Fmax          average        stddev          range
 H          0.000356      21.443995       0.628491       0.722212      21.443639
 O          0.000099      22.917690       1.019026       1.006143      22.917591
 -------------------------------------------------------------
 number of training points        70172
 number of training atoms       1154624
 number of training forces      3463872
 number of testing points          7889
 number of testing atoms         128522
 number of testing forces        385566
 -------------------------------------------------------------
 Number of atoms for each element:   
            training:    testing:   
  1  H        779402       86760
  2  O        375222       41762
 =============================================================
 Weight Preconditioner:
 Warning: Forces are not used for preconditioning
 ----------------------
 -------------------------------------------------------------
 Final preconditioning of the output values:
 --------------------------------------------
 Minimum NN Eshort          2.753804
 Maximum NN Eshort          5.404402
 Average NN Eshort          4.112935
 Stddev NN Eshort           0.489808
 Factor for connecting short range weights:       0.031325
 =============================================================
 -------------------------------------------------------------
 initialization time (min):    1.25
 -------------------------------------------------------------
 Did you check your output file for warnings? ;-)             
 -------------------------------------------------------------
 ### WARNING ### just short range energies below      10000.000 Ha/atom are used for fitting and Eshort RMSE!
 => Fitted energy range has width of      10000.130 Ha/atom =     272113.528 eV/atom
 => Number of short range training energies below max_energy:      70172
 ### WARNING ### just force components below          10000.000 Ha/Bohr are used for fitting and Fshort RMSE!
 H   => Fitted force range has width of      10000.000 Ha/Bohr =     272110.000 eV/Bohr
 H   => Number of short range training forces below max_force:    2338206
 O   => Fitted force range has width of      10000.000 Ha/Bohr =     272110.000 eV/Bohr
 O   => Number of short range training forces below max_force:    1125666
 -------------------------------------------------------------------------------
 RMSEs (energies: eV/atom, forces: eV/Bohr):
                      --- E_short: ---    - time -
                          /atom              min
        epoch         train         test
 ENERGY     0      0.450523     0.450946    8.11
 FORCES     0      0.859763     0.865713
 -------------------------------------------------------------------------------
 ENERGY     1      0.001592     0.001628  105.02
 FORCES     1      0.054847     0.057148
 INFORMATION USED FOR UPDATE (E,F)     1    104474     34302
 -------------------------------------------------------------------------------
 ENERGY     2      0.001430     0.001466  104.93
 FORCES     2      0.050951     0.050309
 INFORMATION USED FOR UPDATE (E,F)     2    104900     34728
 -------------------------------------------------------------------------------
 ENERGY     3      0.001369     0.001406  103.69
 FORCES     3      0.049023     0.048867
 INFORMATION USED FOR UPDATE (E,F)     3    104367     34195
 -------------------------------------------------------------------------------
 ENERGY     4      0.001331     0.001375  104.11
 FORCES     4      0.048011     0.047841
 INFORMATION USED FOR UPDATE (E,F)     4    104596     34424
 -------------------------------------------------------------------------------
 ENERGY     5      0.001303     0.001342  103.41
 FORCES     5      0.047249     0.046883
 INFORMATION USED FOR UPDATE (E,F)     5    104637     34465
 -------------------------------------------------------------------------------
 ENERGY     6      0.001281     0.001315  103.79
 FORCES     6      0.046731     0.046206
 INFORMATION USED FOR UPDATE (E,F)     6    104384     34212
 -------------------------------------------------------------------------------
 ENERGY     7      0.001263     0.001298  104.21
 FORCES     7      0.046384     0.045830
 INFORMATION USED FOR UPDATE (E,F)     7    105283     35111
 -------------------------------------------------------------------------------
 ENERGY     8      0.001251     0.001290  104.30
 FORCES     8      0.046298     0.045475
 INFORMATION USED FOR UPDATE (E,F)     8    104542     34370
 -------------------------------------------------------------------------------
 ENERGY     9      0.001239     0.001282  104.11
 FORCES     9      0.045847     0.045218
 INFORMATION USED FOR UPDATE (E,F)     9    104656     34484
 -------------------------------------------------------------------------------
 ENERGY    10      0.001226     0.001273  104.90
 FORCES    10      0.045586     0.044881
 INFORMATION USED FOR UPDATE (E,F)    10    104744     34572
 -------------------------------------------------------------------------------
 ENERGY    11      0.001217     0.001264  104.29
 FORCES    11      0.045391     0.044682
 INFORMATION USED FOR UPDATE (E,F)    11    105028     34856
 -------------------------------------------------------------------------------
 ENERGY    12      0.001209     0.001258  103.78
 FORCES    12      0.045197     0.044515
 INFORMATION USED FOR UPDATE (E,F)    12    104481     34309
 -------------------------------------------------------------------------------
 ENERGY    13      0.001202     0.001252  103.51
 FORCES    13      0.045056     0.044359
 INFORMATION USED FOR UPDATE (E,F)    13    104448     34276
 -------------------------------------------------------------------------------
 ENERGY    14      0.001196     0.001248  103.70
 FORCES    14      0.044911     0.044200
 INFORMATION USED FOR UPDATE (E,F)    14    104392     34220
 -------------------------------------------------------------------------------
 ENERGY    15      0.001190     0.001243  103.83
 FORCES    15      0.044689     0.044062
 INFORMATION USED FOR UPDATE (E,F)    15    104542     34370
 -------------------------------------------------------------------------------
 ENERGY    16      0.001186     0.001239  104.28
 FORCES    16      0.044497     0.043938
 INFORMATION USED FOR UPDATE (E,F)    16    104884     34712
 -------------------------------------------------------------------------------
 ENERGY    17      0.001181     0.001236  104.51
 FORCES    17      0.044401     0.043847
 INFORMATION USED FOR UPDATE (E,F)    17    104645     34473
 -------------------------------------------------------------------------------
 ENERGY    18      0.001177     0.001232  104.66
 FORCES    18      0.044313     0.043744
 INFORMATION USED FOR UPDATE (E,F)    18    104510     34338
 -------------------------------------------------------------------------------
 ENERGY    19      0.001174     0.001231  104.53
 FORCES    19      0.044162     0.043597
 INFORMATION USED FOR UPDATE (E,F)    19    104586     34414
 -------------------------------------------------------------------------------
 ENERGY    20      0.001169     0.001227  103.70
 FORCES    20      0.044040     0.043497
 INFORMATION USED FOR UPDATE (E,F)    20    104707     34535
 -------------------------------------------------------------------------------
 ENERGY    21      0.001166     0.001225   94.66
 FORCES    21      0.043967     0.043427
 INFORMATION USED FOR UPDATE (E,F)    21    104813     34641
 -------------------------------------------------------------------------------
 ENERGY    22      0.001162     0.001221   94.76
 FORCES    22      0.043869     0.043315
 INFORMATION USED FOR UPDATE (E,F)    22    104656     34484
 -------------------------------------------------------------------------------
 ENERGY    23      0.001159     0.001218   95.60
 FORCES    23      0.043796     0.043255
 INFORMATION USED FOR UPDATE (E,F)    23    104657     34485
 -------------------------------------------------------------------------------
 ENERGY    24      0.001156     0.001216   95.47
 FORCES    24      0.043717     0.043173
 INFORMATION USED FOR UPDATE (E,F)    24    104475     34303
 -------------------------------------------------------------------------------
 ENERGY    25      0.001154     0.001213   95.35
 FORCES    25      0.043490     0.043073
 INFORMATION USED FOR UPDATE (E,F)    25    104598     34426
 -------------------------------------------------------------------------------
 ENERGY    26      0.001151     0.001213   95.99
 FORCES    26      0.043437     0.043043
 INFORMATION USED FOR UPDATE (E,F)    26    104481     34309
 -------------------------------------------------------------------------------
 ENERGY    27      0.001149     0.001212   91.84
 FORCES    27      0.043355     0.042974
 INFORMATION USED FOR UPDATE (E,F)    27    104371     34199
 -------------------------------------------------------------------------------
 ENERGY    28      0.001147     0.001210   86.11
 FORCES    28      0.043277     0.042924
 INFORMATION USED FOR UPDATE (E,F)    28    104744     34572
 -------------------------------------------------------------------------------
 ENERGY    29      0.001144     0.001209   86.19
 FORCES    29      0.043228     0.042869
 INFORMATION USED FOR UPDATE (E,F)    29    104469     34297
 -------------------------------------------------------------------------------
 ENERGY    30      0.001142     0.001208   86.17
 FORCES    30      0.043149     0.042791
 INFORMATION USED FOR UPDATE (E,F)    30    104528     34356
 -------------------------------------------------------------------------------
 ENERGY    31      0.001140     0.001207   85.41
 FORCES    31      0.043103     0.042736
 INFORMATION USED FOR UPDATE (E,F)    31    104179     34007
 -------------------------------------------------------------------------------
 ENERGY    32      0.001138     0.001204   86.21
 FORCES    32      0.043053     0.042696
 INFORMATION USED FOR UPDATE (E,F)    32    104633     34461
 -------------------------------------------------------------------------------
 ENERGY    33      0.001136     0.001203   88.85
 FORCES    33      0.042995     0.042654
 INFORMATION USED FOR UPDATE (E,F)    33    104614     34442
 -------------------------------------------------------------------------------
 ENERGY    34      0.001135     0.001202   88.17
 FORCES    34      0.042948     0.042617
 INFORMATION USED FOR UPDATE (E,F)    34    104958     34786
 -------------------------------------------------------------------------------
 ENERGY    35      0.001133     0.001202   87.35
 FORCES    35      0.042883     0.042567
 INFORMATION USED FOR UPDATE (E,F)    35    104345     34173
 -------------------------------------------------------------------------------
 ENERGY    36      0.001131     0.001199   88.49
 FORCES    36      0.042865     0.042523
 INFORMATION USED FOR UPDATE (E,F)    36    104646     34474
 -------------------------------------------------------------------------------
 ENERGY    37      0.001130     0.001198   88.87
 FORCES    37      0.042830     0.042490
 INFORMATION USED FOR UPDATE (E,F)    37    104599     34427
 -------------------------------------------------------------------------------
 ENERGY    38      0.001128     0.001197   87.46
 FORCES    38      0.042792     0.042449
 INFORMATION USED FOR UPDATE (E,F)    38    104381     34209
 -------------------------------------------------------------------------------
 ENERGY    39      0.001126     0.001197   87.76
 FORCES    39      0.042772     0.042426
 INFORMATION USED FOR UPDATE (E,F)    39    104626     34454
 -------------------------------------------------------------------------------
 ENERGY    40      0.001125     0.001198   88.81
 FORCES    40      0.042737     0.042393
 INFORMATION USED FOR UPDATE (E,F)    40    104625     34453
 -------------------------------------------------------------------------------
 ENERGY    41      0.001124     0.001196   81.99
 FORCES    41      0.042638     0.042367
 INFORMATION USED FOR UPDATE (E,F)    41    104755     34583
 -------------------------------------------------------------------------------
 ENERGY    42      0.001122     0.001195   78.98
 FORCES    42      0.042607     0.042334
 INFORMATION USED FOR UPDATE (E,F)    42    104237     34065
 -------------------------------------------------------------------------------
 ENERGY    43      0.001121     0.001194   79.24
 FORCES    43      0.042570     0.042291
 INFORMATION USED FOR UPDATE (E,F)    43    104493     34321
 -------------------------------------------------------------------------------
 ENERGY    44      0.001119     0.001194   79.15
 FORCES    44      0.042541     0.042257
 INFORMATION USED FOR UPDATE (E,F)    44    104395     34223
 -------------------------------------------------------------------------------
 ENERGY    45      0.001118     0.001193   79.40
 FORCES    45      0.042507     0.042228
 INFORMATION USED FOR UPDATE (E,F)    45    104644     34472
 -------------------------------------------------------------------------------
 ENERGY    46      0.001117     0.001192   79.12
 FORCES    46      0.042456     0.042225
 INFORMATION USED FOR UPDATE (E,F)    46    104319     34147
 -------------------------------------------------------------------------------
 ENERGY    47      0.001116     0.001191   79.38
 FORCES    47      0.042429     0.042190
 INFORMATION USED FOR UPDATE (E,F)    47    104606     34434
 -------------------------------------------------------------------------------
 ENERGY    48      0.001115     0.001191   79.45
 FORCES    48      0.042403     0.042155
 INFORMATION USED FOR UPDATE (E,F)    48    104698     34526
 -------------------------------------------------------------------------------
 ENERGY    49      0.001113     0.001191   79.29
 FORCES    49      0.042378     0.042120
 INFORMATION USED FOR UPDATE (E,F)    49    104547     34375
 -------------------------------------------------------------------------------
 ENERGY    50      0.001112     0.001191   79.00
 FORCES    50      0.042343     0.042065
 INFORMATION USED FOR UPDATE (E,F)    50    104254     34082
 =============================================================
 Best short range fit has been obtained in epoch    50
                    --- E_short: ---          --- F_short: ---
                   train         test        train         test
 OPTSHORT        0.001112     0.001191     0.042343     0.042065
 -------------------------------------------------------------
 max Eshort error in last epoch (train set):       0.015351  eV/atom (structure    19423 )
 max Eshort error in last epoch (test set) :       0.011013  eV/atom (structure     2133 )
 -------------------------------------------------------------
 Total runtime (s)  :     281230.277
 Total runtime (min):       4687.171
 Total runtime (h)  :         78.120
 Normal termination of RuNNer
 -------------------------------------------------------------
