     1 O        0.000000    -75.296684
     2 H        0.000000     -0.676456
     3 H        0.000000     -0.673234
     4 O        0.000000    -75.301622
     5 H        0.000000     -0.668172
     6 H        0.000000     -0.631698
     7 O        0.000000    -75.288952
     8 H        0.000000     -0.655991
     9 H        0.000000     -0.606560
    10 O        0.000000    -75.292123
    11 H        0.000000     -0.646610
    12 H        0.000000     -0.604199
    13 O        0.000000    -75.265845
    14 H        0.000000     -0.586882
    15 H        0.000000     -0.592506
    16 O        0.000000    -75.265468
    17 H        0.000000     -0.591392
    18 H        0.000000     -0.645738
    19 O        0.000000    -75.292569
    20 H        0.000000     -0.643003
    21 H        0.000000     -0.605646
