       -0.00327492        0.04205872       -0.04266555
        0.01901222       -0.05015779        0.01438462
       -0.02674233       -0.02135651       -0.00132324
       -0.00722411       -0.02462536        0.02101264
       -0.00348566        0.00563045        0.00734446
        0.00134332        0.00266633       -0.00220749
       -0.00971065        0.02164264        0.03936386
       -0.00076787       -0.00376692        0.00099337
       -0.00246625        0.00317199       -0.04253358
        0.07369287        0.00457148        0.02185483
       -0.00980514       -0.00941589       -0.01458217
       -0.03707027        0.01708345       -0.00716397
       -0.01955807        0.03406687        0.03599290
       -0.00581310        0.00540692       -0.03638855
        0.02571592       -0.02732154        0.00907751
        0.03055302        0.01466620       -0.04051971
       -0.00379599       -0.00111783        0.00480325
       -0.01976696       -0.01219434        0.03393411
        0.01166244        0.02958365       -0.01889856
        0.00059134       -0.00460886        0.00475308
       -0.01308980       -0.02598368        0.01276819
