     1 O        0.000000    -75.292922
     2 H        0.000000     -0.679947
     3 H        0.000000     -0.674603
     4 O        0.000000    -75.302885
     5 H        0.000000     -0.666990
     6 H        0.000000     -0.633372
     7 O        0.000000    -75.276845
     8 H        0.000000     -0.605447
     9 H        0.000000     -0.606017
    10 O        0.000000    -75.289518
    11 H        0.000000     -0.653126
    12 H        0.000000     -0.603695
    13 O        0.000000    -75.263570
    14 H        0.000000     -0.585503
    15 H        0.000000     -0.660330
    16 O        0.000000    -75.284988
    17 H        0.000000     -0.606720
    18 H        0.000000     -0.653794
    19 O        0.000000    -75.276799
    20 H        0.000000     -0.603053
    21 H        0.000000     -0.606273
