       -0.00558872        0.04439011       -0.04391342
        0.02182121       -0.05359712        0.01648049
       -0.02494448       -0.02190325       -0.00276312
       -0.00794390       -0.02687700        0.01812035
       -0.00141685        0.01021453        0.01122338
        0.00056790        0.00273248       -0.00340230
       -0.00133996        0.03491933        0.04856581
       -0.00766613       -0.01697396       -0.00735775
       -0.00301297        0.00249765       -0.04414609
        0.07209329        0.00438026        0.02327431
       -0.00941928       -0.00735514       -0.01409523
       -0.03817150        0.01706387       -0.00789113
       -0.00435458        0.02148568        0.04661410
       -0.00669115        0.00534702       -0.04224420
        0.01544251       -0.01845063        0.00528317
        0.02822989        0.01235282       -0.04330478
       -0.00556939       -0.00287138        0.00575251
       -0.02006273       -0.00956134        0.03598011
        0.02005172       -0.00282908       -0.03544310
       -0.00722546        0.01617227        0.01095096
       -0.01479944       -0.01113715        0.02231594
