 -------------------------------------------------------------
 ---------------------- Welcome to the -----------------------
 Ruhr-University Neural Network Energy Representation - RuNNer
 ----------------- RuNNer version 2011-09-08 -----------------
 -----------------   (c) Dr. Joerg Behler    -----------------
 ------------  Lehrstuhl fuer Theoretische Chemie  -----------
 ------------       Ruhr-Universitaet Bochum       -----------
 ------------        44780 Bochum, Germany         -----------
 -------------------------------------------------------------
 -------------------------------------------------------------
 When using RuNNer, please cite the following papers:
 -------------------------------------------------------------
 For general high-dimensional NNs:
 J. Behler and M. Parrinello, Phys. Rev. Lett. 98, 146401 (2007).
 J. Behler, J. Chem. Phys. 134, 074106 (2011).
 -------------------------------------------------------------
 For high-dimensional NNs including electrostatics:
 N. Artrith, T. Morawietz, and J. Behler, Phys. Rev. B 83, 153101 (2011).
 -------------------------------------------------------------
 Reviews on NN potentials:
 C.M. Handley, and P.L.A. Popelier, J. Phys. Chem. A 114, 3371 (2010).
 J. Behler, Phys. Chem. Chem. Phys. 13, 17930 (2011).
 -------------------------------------------------------------
 General job information:
 -------------------------------------------------------------
 Executing host    : hamilton            
 User name         : sklees              
 Starting date     : 27. 7.2015
 Starting time     : 11 h 18 min 
 Working directory :                                                             
 -------------------------------------------------------------
 Information on this RuNNer executable:
 Compiled by user  sklees  on host  hamilton 
 Compilation time  Mo 15. Dez 10:27:34 CET 2014 
 -------------------------------------------------------------
 Serial run requested
 -------------------------------------------------------------
 Reading control parameters from input.nn
 =============================================================
 -------------------------------------------------------------
 WARNING: reducing points_in_memory to max_num_atoms           15
 =============================================================
 General input parameters:
 -------------------------------------------------------------
 Short range NN is on
 NNTB is off
 Electrostatic NN is off
 -------------------------------------------------------------
 RuNNer nn_type_short                                   1
 RuNNer is started in mode for prediction (3)
 debugging mode is                                        F
 parallelization mode                                     1
 enable detailed time measurement                         F
 silent mode                                              F
 force check                                              F
 number of elements                                       2
 elements (sorted):
  1 H 
  8 O 
 seed for random number generator                        78
 random number generator type                             1
 remove free atom reference energies                      T
 shortest allowed bond in structure                   0.500
 Linear combinations at nodes are normalized
 Cutoff_type for symmetry function is                     1
 Enforcing global max_num_neighors_atomic                 0
 vdW_type is                                              0
 No vdW interactions included
 -------------------------------------------------------------
 Short range NN specifications:
 -------------------------------------------------------------
 global hidden layers short range NN                      2
 global nodes hidden layers short NN                35   35
 global activation functions short                      ttl
 -------------------------------------------------------------
 Options for prediction mode:
 -------------------------------------------------------------
 rescale symmetry functions                               F
 remove CMS from symmetry functions                       T
 Reading formatted files 
 calculation of analytic forces                           T
 write structure in pdb format                            F
 write structure in xyz format                            F
 write structure in povray format                         F
 write structure in pwscf format                          F
 prepare md                                               F
 =============================================================
 Element pairs:            3
 pair    1 H  H 
 pair    2 H  O 
 pair    3 O  O 
 =============================================================
 => short range NN weights type 1                 H       2136
 => short range NN weights type 1                 O       2066
 -------------------------------------------------------------
 atomic reference energies read from input.nn:
 H         -0.50525907
 O        -75.16636428
 -------------------------------------------------------------
 -------------------------------------------------
 Atomic short range NN for element: H 
 architecture       23   35   35    1
 -------------------------------------------------
   1   G  t  t  l
   2   G  t  t   
   3   G  t  t   
   4   G  t  t   
   5   G  t  t   
   6   G  t  t   
   7   G  t  t   
   8   G  t  t   
   9   G  t  t   
  10   G  t  t   
  11   G  t  t   
  12   G  t  t   
  13   G  t  t   
  14   G  t  t   
  15   G  t  t   
  16   G  t  t   
  17   G  t  t   
  18   G  t  t   
  19   G  t  t   
  20   G  t  t   
  21   G  t  t   
  22   G  t  t   
  23   G  t  t   
  24      t  t   
  25      t  t   
  26      t  t   
  27      t  t   
  28      t  t   
  29      t  t   
  30      t  t   
  31      t  t   
  32      t  t   
  33      t  t   
  34      t  t   
  35      t  t   
 -------------------------------------------------
 Atomic short range NN for element: O 
 architecture       21   35   35    1
 -------------------------------------------------
   1   G  t  t  l
   2   G  t  t   
   3   G  t  t   
   4   G  t  t   
   5   G  t  t   
   6   G  t  t   
   7   G  t  t   
   8   G  t  t   
   9   G  t  t   
  10   G  t  t   
  11   G  t  t   
  12   G  t  t   
  13   G  t  t   
  14   G  t  t   
  15   G  t  t   
  16   G  t  t   
  17   G  t  t   
  18   G  t  t   
  19   G  t  t   
  20   G  t  t   
  21   G  t  t   
  22      t  t   
  23      t  t   
  24      t  t   
  25      t  t   
  26      t  t   
  27      t  t   
  28      t  t   
  29      t  t   
  30      t  t   
  31      t  t   
  32      t  t   
  33      t  t   
  34      t  t   
  35      t  t   
 -------------------------------------------------------------
 -------------------------------------------------------------
  short range atomic symmetry functions element H  :
 -------------------------------------------------------------
    1 H   2  H               0.010   0.000  19.000
    2 H   2  O               0.010   0.000  19.000
    3 H   2  H               0.030   0.000  19.000
    4 H   2  O               0.030   0.000  19.000
    5 H   2  H               0.070   0.000  19.000
    6 H   2  O               0.070   0.000  19.000
    7 H   2  H               2.000   0.000  19.000
    8 H   2  O               2.000   0.000  19.000
    9 H   3  H  H    0.001  -1.000   4.000  19.000
   10 H   3  O  O    0.001  -1.000   4.000  19.000
   11 H   3  O  O    0.001   1.000   4.000  19.000
   12 H   3  H  O    0.010  -1.000   4.000  19.000
   13 H   3  H  H    0.010   1.000   4.000  19.000
   14 H   3  H  O    0.010   1.000   4.000  19.000
   15 H   3  H  O    0.030  -1.000   1.000  19.000
   16 H   3  O  O    0.030  -1.000   1.000  19.000
   17 H   3  H  O    0.030   1.000   1.000  19.000
   18 H   3  O  O    0.030   1.000   1.000  19.000
   19 H   3  H  H    0.070  -1.000   1.000  19.000
   20 H   3  H  O    0.070  -1.000   1.000  19.000
   21 H   3  H  O    0.070   1.000   1.000  19.000
   22 H   3  H  H    0.200   1.000   1.000  19.000
   23 H   3  H  O    0.200   1.000   1.000  19.000
 -------------------------------------------------------------
  short range atomic symmetry functions element O  :
 -------------------------------------------------------------
    1 O   2  H               0.010   0.000  19.000
    2 O   2  O               0.010   0.000  19.000
    3 O   2  H               0.030   0.000  19.000
    4 O   2  O               0.030   0.000  19.000
    5 O   2  H               0.070   0.000  19.000
    6 O   2  O               0.070   0.000  19.000
    7 O   2  H               2.000   0.000  19.000
    8 O   3  H  O    0.001  -1.000   4.000  19.000
    9 O   3  O  O    0.001  -1.000   4.000  19.000
   10 O   3  H  O    0.001   1.000   4.000  19.000
   11 O   3  O  O    0.001   1.000   4.000  19.000
   12 O   3  H  H    0.010  -1.000   4.000  19.000
   13 O   3  H  H    0.010   1.000   4.000  19.000
   14 O   3  H  H    0.030  -1.000   1.000  19.000
   15 O   3  H  O    0.030  -1.000   1.000  19.000
   16 O   3  O  O    0.030  -1.000   1.000  19.000
   17 O   3  H  H    0.030   1.000   1.000  19.000
   18 O   3  H  O    0.030   1.000   1.000  19.000
   19 O   3  O  O    0.030   1.000   1.000  19.000
   20 O   3  H  H    0.070  -1.000   1.000  19.000
   21 O   3  H  H    0.070   1.000   1.000  19.000
 -------------------------------------------------------------
 Prediction Mode
 Structure with    15 atoms in input.data:
 -------------------------------------------------------------
 begin
 atom     -7.659119727     0.122834137    -2.882135845 O       0.000000000     0.000000000     0.000000000     0.000000000     0.000000000
 atom     -8.629834630     1.842130327    -3.614707366 H       0.000000000     0.000000000     0.000000000     0.000000000     0.000000000
 atom     -5.797341910     0.623934903    -2.791712414 H       0.000000000     0.000000000     0.000000000     0.000000000     0.000000000
 atom    -10.002626720     4.142526981    -4.400795953 O       0.000000000     0.000000000     0.000000000     0.000000000     0.000000000
 atom     -9.126058011     5.647751131    -3.730037398 H       0.000000000     0.000000000     0.000000000     0.000000000     0.000000000
 atom    -10.258514637     4.400493597    -6.113587703 H       0.000000000     0.000000000     0.000000000     0.000000000     0.000000000
 atom     -7.216640179     3.826678030     4.134703511 O       0.000000000     0.000000000     0.000000000     0.000000000     0.000000000
 atom     -6.974755139     3.706434709     6.051188922 H       0.000000000     0.000000000     0.000000000     0.000000000     0.000000000
 atom     -8.591624353     5.199205559     3.865190664 H       0.000000000     0.000000000     0.000000000     0.000000000     0.000000000
 atom     -3.732890885     5.400915006     0.856310837 O       0.000000000     0.000000000     0.000000000     0.000000000     0.000000000
 atom     -2.312175321     6.379434480     1.485775081 H       0.000000000     0.000000000     0.000000000     0.000000000     0.000000000
 atom     -4.795219747     4.852743033     2.184751038 H       0.000000000     0.000000000     0.000000000     0.000000000     0.000000000
 atom    -10.636025375     7.050079652     2.618424459 O       0.000000000     0.000000000     0.000000000     0.000000000     0.000000000
 atom    -11.509665008     8.349701518     3.515553397 H       0.000000000     0.000000000     0.000000000     0.000000000     0.000000000
 atom     -9.748231688     7.937344216     1.163835541 H       0.000000000     0.000000000     0.000000000     0.000000000     0.000000000
 energy         0.00000000
 charge         0.00000000
 end
 -------------------------------------------------------------
 =============================================================
 Short range symmetry function values for element H 
 Training set:  min           max       average         range 
   1     0.78652953   11.59771996    4.82287100   10.81119042
   2     0.90313225    6.50850807    2.94372476    5.60537582
   3     0.59244976    6.99944888    2.50409596    6.40699912
   4     0.80044510    4.17180805    1.79310825    3.37136295
   5     0.33614335    3.22330621    1.09124031    2.88716286
   6     0.58583952    2.18927832    1.07900835    1.60343879
   7     0.00000000    0.00079987    0.00000006    0.00079987
   8     0.00000000    0.03310960    0.00106383    0.03310960
   9     0.00000000   20.21542513    2.32554400   20.21542513
  10     0.00000000    7.17872553    1.14009448    7.17872553
  11     0.00000000   13.42158355    3.54118634   13.42158355
  12     0.00000102    8.93154507    1.31290746    8.93154405
  13     0.00000000   18.41113282    4.54006158   18.41113282
  14     0.51819269   27.50242921    8.60186846   26.98423651
  15     0.02872737    6.20140359    0.83349845    6.17267623
  16     0.00000000    2.07150389    0.30963557    2.07150389
  17     0.78039747   13.85054917    3.35688171   13.07015170
  18     0.00000000    2.15330813    0.32307679    2.15330813
  19     0.00000000    0.46676057    0.03605773    0.46676057
  20     0.01270300    0.87269930    0.13395992    0.85999631
  21     0.30346191    2.83776436    0.90753186    2.53430246
  22     0.00000000    0.02875766    0.00046445    0.02875766
  23     0.01197293    0.32678180    0.07832956    0.31480887
 =============================================================
 Short range symmetry function values for element O 
 Training set:  min           max       average         range 
   1     1.84681983   12.01302363    6.11435896   10.16620380
   2     0.00000000    5.16723460    2.11719546    5.16723460
   3     1.68036390    7.43610203    3.72443363    5.75573814
   4     0.00000000    2.87968551    0.95400825    2.87968551
   5     1.39110839    3.90587101    2.24118928    2.51476263
   6     0.00000000    1.06080304    0.27166875    1.06080304
   7     0.00000119    0.03317414    0.00220967    0.03317295
   8     0.00000000   17.92245431    2.63910624   17.92245431
   9     0.00000000    3.86408301    0.26198032    3.86408301
  10     0.00000000   57.01137107   20.08609112   57.01137107
  11     0.00000000    9.45363651    2.53093205    9.45363651
  12     0.05591985    7.69120927    1.98169150    7.63528942
  13     0.00025735   21.81110735    5.84726121   21.81085001
  14     0.48086249    6.75468508    2.08718890    6.27382260
  15     0.00000000    3.56439717    0.55563689    3.56439717
  16     0.00000000    0.45319786    0.03571072    0.45319786
  17     0.11401156   10.01580852    2.26469359    9.90179695
  18     0.00000000   10.04017412    2.07275457   10.04017412
  19     0.00000000    0.95606393    0.09618001    0.95606393
  20     0.23397491    1.61839600    0.65144531    1.38442109
  21     0.05009170    1.58182791    0.43018682    1.53173621
 -------------------------------------------------------------
 eshortmin from scaling.data:        -0.1296512267
 eshortmax from scaling.data:        -0.0708838775
 -------------------------------------------------------------
This cycle calculates total       15 atoms
 process      0 calculates atoms        1 to       15 natoms:       15
 -------------------------------------------------------------
 -------------------------------------------------------------
 NN sum of free atom energies       -380.88441210 Ha
 NN short range energy                -1.87787733 Ha
 NN electrostatic energy               0.00000000 Ha
 van der Waals energy                  0.00000000 Ha
 NNenergy                           -382.76228943 Ha
 -------------------------------------------------------------
 NNatomenergy      1 O      -75.306776
 NNatomenergy      2 H       -0.690944
 NNatomenergy      3 H       -0.633897
 NNatomenergy      4 O      -75.275551
 NNatomenergy      5 H       -0.604565
 NNatomenergy      6 H       -0.601436
 NNatomenergy      7 O      -75.284857
 NNatomenergy      8 H       -0.601519
 NNatomenergy      9 H       -0.674606
 NNatomenergy     10 O      -75.298285
 NNatomenergy     11 H       -0.625736
 NNatomenergy     12 H       -0.678335
 NNatomenergy     13 O      -75.278037
 NNatomenergy     14 H       -0.601757
 NNatomenergy     15 H       -0.605989
 -------------------------------------------------------------
 -------------------------------------------------------------
 Neural Network Forces:
 NNforces     1      0.01493542      0.04348645     -0.01617901 Ha/Bohr
 NNforces     2      0.02849682     -0.04663769      0.01839354 Ha/Bohr
 NNforces     3     -0.03499770     -0.00937673      0.00082579 Ha/Bohr
 NNforces     4      0.00244834      0.01990565      0.04847467 Ha/Bohr
 NNforces     5     -0.00562444     -0.01221354     -0.00389132 Ha/Bohr
 NNforces     6     -0.00493201      0.00515822     -0.04560728 Ha/Bohr
 NNforces     7     -0.01337710      0.01291697      0.04666851 Ha/Bohr
 NNforces     8     -0.00630137      0.00330148     -0.04579210 Ha/Bohr
 NNforces     9      0.01997282     -0.02225188      0.00662491 Ha/Bohr
 NNforces    10      0.02668735      0.01419558     -0.04145891 Ha/Bohr
 NNforces    11     -0.00863915     -0.00541092      0.00472999 Ha/Bohr
 NNforces    12     -0.01421884     -0.00689015      0.03194753 Ha/Bohr
 NNforces    13      0.01608957      0.00185340     -0.03645420 Ha/Bohr
 NNforces    14     -0.00668224      0.01460008      0.00937614 Ha/Bohr
 NNforces    15     -0.01385747     -0.01263691      0.02234175 Ha/Bohr
 -------------------------------------------------------------
 -------------------------------------------------------------
 Total runtime (s)  :          0.008
 Total runtime (min):          0.000
 Total runtime (h)  :          0.000
 Normal termination of RuNNer
 -------------------------------------------------------------
