     1 O        0.000000    -75.294319
     2 H        0.000000     -0.667595
     3 H        0.000000     -0.668830
     4 H        0.000000     -0.599953
     5 O        0.000000    -75.291898
     6 H        0.000000     -0.645559
     7 H        0.000000     -0.601878
     8 O        0.000000    -75.291919
     9 H        0.000000     -0.643491
    10 H        0.000000     -0.599207
    11 O        0.000000    -75.293828
    12 H        0.000000     -0.602797
    13 H        0.000000     -0.668027
    14 O        0.000000    -75.272432
    15 H        0.000000     -0.591001
    16 H        0.000000     -0.646287
    17 O        0.000000    -75.279512
    18 H        0.000000     -0.626195
    19 H        0.000000     -0.587831
    20 O        0.000000    -75.294867
    21 H        0.000000     -0.602863
    22 H        0.000000     -0.649869
