       -0.02355729        0.01284137        0.00716977
        0.00129235       -0.00552514        0.00350576
        0.01799215        0.00114130        0.00113760
        0.00291880        0.00022950       -0.01202558
        0.00870675       -0.01784110        0.05141036
        0.00064447        0.00443279        0.00386264
       -0.00672166        0.00606079       -0.05248882
        0.02814336       -0.01339681        0.01524476
       -0.00432604       -0.00077500       -0.00837041
       -0.02595225        0.01393544       -0.00728766
       -0.00737698        0.00889431        0.03568766
       -0.00501747        0.00350735       -0.04203596
        0.01603180       -0.01749448        0.00719187
        0.02680320        0.01342775       -0.04795676
        0.00022497        0.00017358        0.00570699
       -0.02610566       -0.01395907        0.04219314
        0.00760776        0.02387521       -0.01579961
        0.00628566       -0.00761077        0.00777818
       -0.01196076       -0.01535839        0.00743921
        0.01201026        0.00092482       -0.02769435
       -0.00751760        0.01364713        0.00975156
       -0.01012581       -0.01113060        0.01557965
