This is pdfTeX, Version 3.1415926-2.4-1.40.13 (TeX Live 2012/Debian) (format=pdflatex 2013.3.6)  6 JUL 2013 02:24
entering extended mode
 restricted \write18 enabled.
 %&-line parsing enabled.
**moldb_documentation.tex
(./moldb_documentation.tex
LaTeX2e <2011/06/27>
Babel <v3.8m> and hyphenation patterns for english, dumylang, nohyphenation, bu
lgarian, ukrainian, russian, loaded.
(/usr/share/texlive/texmf-dist/tex/latex/base/article.cls
Document Class: article 2007/10/19 v1.4h Standard LaTeX document class
(/usr/share/texlive/texmf-dist/tex/latex/base/size12.clo
File: size12.clo 2007/10/19 v1.4h Standard LaTeX file (size option)
)
\c@part=\count79
\c@section=\count80
\c@subsection=\count81
\c@subsubsection=\count82
\c@paragraph=\count83
\c@subparagraph=\count84
\c@figure=\count85
\c@table=\count86
\abovecaptionskip=\skip41
\belowcaptionskip=\skip42
\bibindent=\dimen102
)
(/usr/share/texlive/texmf-dist/tex/latex/geometry/geometry.sty
Package: geometry 2010/09/12 v5.6 Page Geometry

(/usr/share/texlive/texmf-dist/tex/latex/graphics/keyval.sty
Package: keyval 1999/03/16 v1.13 key=value parser (DPC)
\KV@toks@=\toks14
)
(/usr/share/texlive/texmf-dist/tex/generic/oberdiek/ifpdf.sty
Package: ifpdf 2011/01/30 v2.3 Provides the ifpdf switch (HO)
Package ifpdf Info: pdfTeX in PDF mode is detected.
)
(/usr/share/texlive/texmf-dist/tex/generic/oberdiek/ifvtex.sty
Package: ifvtex 2010/03/01 v1.5 Detect VTeX and its facilities (HO)
Package ifvtex Info: VTeX not detected.
)
(/usr/share/texlive/texmf-dist/tex/generic/ifxetex/ifxetex.sty
Package: ifxetex 2010/09/12 v0.6 Provides ifxetex conditional
)
\Gm@cnth=\count87
\Gm@cntv=\count88
\c@Gm@tempcnt=\count89
\Gm@bindingoffset=\dimen103
\Gm@wd@mp=\dimen104
\Gm@odd@mp=\dimen105
\Gm@even@mp=\dimen106
\Gm@layoutwidth=\dimen107
\Gm@layoutheight=\dimen108
\Gm@layouthoffset=\dimen109
\Gm@layoutvoffset=\dimen110
\Gm@dimlist=\toks15
)
(/usr/share/texlive/texmf-dist/tex/latex/tools/verbatim.sty
Package: verbatim 2003/08/22 v1.5q LaTeX2e package for verbatim enhancements
\every@verbatim=\toks16
\verbatim@line=\toks17
\verbatim@in@stream=\read1
)
(/usr/share/texlive/texmf-dist/tex/latex/graphics/graphicx.sty
Package: graphicx 1999/02/16 v1.0f Enhanced LaTeX Graphics (DPC,SPQR)

(/usr/share/texlive/texmf-dist/tex/latex/graphics/graphics.sty
Package: graphics 2009/02/05 v1.0o Standard LaTeX Graphics (DPC,SPQR)

(/usr/share/texlive/texmf-dist/tex/latex/graphics/trig.sty
Package: trig 1999/03/16 v1.09 sin cos tan (DPC)
)
(/usr/share/texlive/texmf-dist/tex/latex/latexconfig/graphics.cfg
File: graphics.cfg 2010/04/23 v1.9 graphics configuration of TeX Live
)
Package graphics Info: Driver file: pdftex.def on input line 91.

(/usr/share/texlive/texmf-dist/tex/latex/pdftex-def/pdftex.def
File: pdftex.def 2011/05/27 v0.06d Graphics/color for pdfTeX

(/usr/share/texlive/texmf-dist/tex/generic/oberdiek/infwarerr.sty
Package: infwarerr 2010/04/08 v1.3 Providing info/warning/error messages (HO)
)
(/usr/share/texlive/texmf-dist/tex/generic/oberdiek/ltxcmds.sty
Package: ltxcmds 2011/11/09 v1.22 LaTeX kernel commands for general use (HO)
)
\Gread@gobject=\count90
))
\Gin@req@height=\dimen111
\Gin@req@width=\dimen112
)
No file moldb_documentation.aux.
\openout1 = `moldb_documentation.aux'.

LaTeX Font Info:    Checking defaults for OML/cmm/m/it on input line 11.
LaTeX Font Info:    ... okay on input line 11.
LaTeX Font Info:    Checking defaults for T1/cmr/m/n on input line 11.
LaTeX Font Info:    ... okay on input line 11.
LaTeX Font Info:    Checking defaults for OT1/cmr/m/n on input line 11.
LaTeX Font Info:    ... okay on input line 11.
LaTeX Font Info:    Checking defaults for OMS/cmsy/m/n on input line 11.
LaTeX Font Info:    ... okay on input line 11.
LaTeX Font Info:    Checking defaults for OMX/cmex/m/n on input line 11.
LaTeX Font Info:    ... okay on input line 11.
LaTeX Font Info:    Checking defaults for U/cmr/m/n on input line 11.
LaTeX Font Info:    ... okay on input line 11.
*geometry* driver: auto-detecting
*geometry* detected driver: pdftex
*geometry* verbose mode - [ preamble ] result:
* driver: pdftex
* paper: <default>
* layout: <same size as paper>
* layoutoffset:(h,v)=(0.0pt,0.0pt)
* modes: 
* h-part:(L,W,R)=(56.9055pt, 500.484pt, 56.9055pt)
* v-part:(T,H,B)=(56.9055pt, 681.15898pt, 56.9055pt)
* \paperwidth=614.295pt
* \paperheight=794.96999pt
* \textwidth=500.484pt
* \textheight=681.15898pt
* \oddsidemargin=-15.36449pt
* \evensidemargin=-15.36449pt
* \topmargin=-52.36449pt
* \headheight=12.0pt
* \headsep=25.0pt
* \topskip=12.0pt
* \footskip=30.0pt
* \marginparwidth=44.0pt
* \marginparsep=10.0pt
* \columnsep=10.0pt
* \skip\footins=10.8pt plus 4.0pt minus 2.0pt
* \hoffset=0.0pt
* \voffset=0.0pt
* \mag=1000
* \@twocolumnfalse
* \@twosidefalse
* \@mparswitchfalse
* \@reversemarginfalse
* (1in=72.27pt=25.4mm, 1cm=28.453pt)

(/usr/share/texlive/texmf-dist/tex/context/base/supp-pdf.mkii
[Loading MPS to PDF converter (version 2006.09.02).]
\scratchcounter=\count91
\scratchdimen=\dimen113
\scratchbox=\box26
\nofMPsegments=\count92
\nofMParguments=\count93
\everyMPshowfont=\toks18
\MPscratchCnt=\count94
\MPscratchDim=\dimen114
\MPnumerator=\count95
\makeMPintoPDFobject=\count96
\everyMPtoPDFconversion=\toks19
) (/usr/share/texlive/texmf-dist/tex/generic/oberdiek/pdftexcmds.sty
Package: pdftexcmds 2011/11/29 v0.20 Utility functions of pdfTeX for LuaTeX (HO
)

(/usr/share/texlive/texmf-dist/tex/generic/oberdiek/ifluatex.sty
Package: ifluatex 2010/03/01 v1.3 Provides the ifluatex switch (HO)
Package ifluatex Info: LuaTeX not detected.
)
Package pdftexcmds Info: LuaTeX not detected.
Package pdftexcmds Info: \pdf@primitive is available.
Package pdftexcmds Info: \pdf@ifprimitive is available.
Package pdftexcmds Info: \pdfdraftmode found.
)
(/usr/share/texlive/texmf-dist/tex/latex/oberdiek/epstopdf-base.sty
Package: epstopdf-base 2010/02/09 v2.5 Base part for package epstopdf

(/usr/share/texlive/texmf-dist/tex/latex/oberdiek/grfext.sty
Package: grfext 2010/08/19 v1.1 Manage graphics extensions (HO)

(/usr/share/texlive/texmf-dist/tex/generic/oberdiek/kvdefinekeys.sty
Package: kvdefinekeys 2011/04/07 v1.3 Define keys (HO)
))
(/usr/share/texlive/texmf-dist/tex/latex/oberdiek/kvoptions.sty
Package: kvoptions 2011/06/30 v3.11 Key value format for package options (HO)

(/usr/share/texlive/texmf-dist/tex/generic/oberdiek/kvsetkeys.sty
Package: kvsetkeys 2012/04/25 v1.16 Key value parser (HO)

(/usr/share/texlive/texmf-dist/tex/generic/oberdiek/etexcmds.sty
Package: etexcmds 2011/02/16 v1.5 Avoid name clashes with e-TeX commands (HO)
Package etexcmds Info: Could not find \expanded.
(etexcmds)             That can mean that you are not using pdfTeX 1.50 or
(etexcmds)             that some package has redefined \expanded.
(etexcmds)             In the latter case, load this package earlier.
)))
Package grfext Info: Graphics extension search list:
(grfext)             [.png,.pdf,.jpg,.mps,.jpeg,.jbig2,.jb2,.PNG,.PDF,.JPG,.JPE
G,.JBIG2,.JB2,.eps]
(grfext)             \AppendGraphicsExtensions on input line 452.

(/usr/share/texlive/texmf-dist/tex/latex/latexconfig/epstopdf-sys.cfg
File: epstopdf-sys.cfg 2010/07/13 v1.3 Configuration of (r)epstopdf for TeX Liv
e
))
LaTeX Font Info:    External font `cmex10' loaded for size
(Font)              <14.4> on input line 13.
LaTeX Font Info:    External font `cmex10' loaded for size
(Font)              <7> on input line 13.
LaTeX Font Info:    Try loading font information for OMS+cmr on input line 40.

(/usr/share/texlive/texmf-dist/tex/latex/base/omscmr.fd
File: omscmr.fd 1999/05/25 v2.5h Standard LaTeX font definitions
)
LaTeX Font Info:    Font shape `OMS/cmr/m/n' in size <12> not available
(Font)              Font shape `OMS/cmsy/m/n' tried instead on input line 40.
 [1

{/var/lib/texmf/fonts/map/pdftex/updmap/pdftex.map}] [2]
Missing character: There is no â in font cmtt12!
Missing character: There is no € in font cmtt12!
Missing character: There is no ¦ in font cmtt12!
Missing character: There is no â in font cmtt12!
Missing character: There is no € in font cmtt12!
Missing character: There is no ¦ in font cmtt12!
Missing character: There is no â in font cmtt12!
Missing character: There is no € in font cmtt12!
Missing character: There is no ¦ in font cmtt12!

Overfull \hbox (61.44128pt too wide) in paragraph at lines 140--140
[]\OT1/cmtt/m/n/12 molecule method1_param1   method1_param2 ... method1_paramN 
  method2_param1 methodN_paramN 
 []

Missing character: There is no â in font cmtt12!
Missing character: There is no € in font cmtt12!
Missing character: There is no ¦ in font cmtt12!

Overfull \hbox (326.96642pt too wide) in paragraph at lines 141--141
[]\OT1/cmtt/m/n/12 name1              val11                   val22            
       ..                                                             valN[] 
 []

Missing character: There is no â in font cmtt12!
Missing character: There is no € in font cmtt12!
Missing character: There is no ¦ in font cmtt12!

Overfull \hbox (333.14142pt too wide) in paragraph at lines 142--142
[]\OT1/cmtt/m/n/12 name1              val 21                   val22           
      ...                                                             val2N[] 
 []

Missing character: There is no â in font cmtt12!
Missing character: There is no € in font cmtt12!
Missing character: There is no ¦ in font cmtt12!
Missing character: There is no â in font cmtt12!
Missing character: There is no € in font cmtt12!
Missing character: There is no ¦ in font cmtt12!
Missing character: There is no â in font cmtt12!
Missing character: There is no € in font cmtt12!
Missing character: There is no ¦ in font cmtt12!
[3] [4] [5] [6]
Overfull \hbox (120.55423pt too wide) in paragraph at lines 362--364
[]\OT1/cmr/m/n/12 Also, some global vari-ables re-lated to the MolDB are avail-
able (af-ter the in-stal-la-tion): \OT1/cmr/m/sl/12 $\OT1/cmr/m/it/12 MOLDB[]RO
OT\OT1/cmr/m/n/12 ,\OT1/cmr/m/sl/12 $\OT1/cmr/m/it/12 MOLDB[]BIN\OT1/cmr/m/n/12
 ,
 []


Overfull \hbox (67.61629pt too wide) in paragraph at lines 386--386
[]\OT1/cmtt/m/n/12 cat $molecule.mol2 | grep ATOM -A 1000 | grep BOND -B 1000 |
 head -n-1 | tail -n+2 >mol2.tmp[] 
 []

[7]
Overfull \hbox (73.79129pt too wide) in paragraph at lines 443--443
[]  \OT1/cmtt/m/n/12 moldb_createFolders Source.chain 'molecule=LIST 111_trichl
oroethane 1112_tetrachloroethane' 
 []

[8]
Overfull \hbox (4.36594pt too wide) in paragraph at lines 479--479
 []\OT1/cmtt/m/n/12 FOLDER=$MOLDB_PROJECTS/CanadaMol/Methods/111_trichloroethan
e/Source/107913302[] 
 []

[9]
Overfull \hbox (24.39127pt too wide) in paragraph at lines 561--561
[]\OT1/cmtt/m/n/12 $MOLDB_PROJECTS/CanadaMol/Methods/111_trifluoro_222_trimetho
xyethane/Source/652622319[] 
 []

[10] [11]
Missing character: There is no â in font cmtt12!
Missing character: There is no ˆ in font cmtt12!
Missing character: There is no ’ in font cmtt12!
 [12]
Overfull \hbox (61.99704pt too wide) in paragraph at lines 719--721
[]\OT1/cmr/m/n/12 The method SOurce is \OT1/cmr/m/it/12 im-ported \OT1/cmr/m/n/
12 from the file Source.chain: [] \OT1/cmtt/m/n/12 FROM Source.chain IMPORT MET
HOD 1 AS 1  
 []

[13] [14]
LaTeX Font Info:    External font `cmex10' loaded for size
(Font)              <12> on input line 834.
LaTeX Font Info:    External font `cmex10' loaded for size
(Font)              <8> on input line 834.
LaTeX Font Info:    External font `cmex10' loaded for size
(Font)              <6> on input line 834.
 [15]
Overfull \hbox (24.39127pt too wide) in paragraph at lines 899--899
[]\OT1/cmtt/m/n/12 molecule                                charge/HNC charge/KH
 nocharge/HNC nocharge/KH[] 
 []


Overfull \hbox (5.86626pt too wide) in paragraph at lines 900--900
[]\OT1/cmtt/m/n/12 1112_tetrachloroethane                    16.148     20.162 
   18.267       22.088[] 
 []


Overfull \hbox (5.86626pt too wide) in paragraph at lines 901--901
[]\OT1/cmtt/m/n/12 111_trichloroethane                       14.898      18.44 
   16.585       19.939[] 
 []


Overfull \hbox (5.86626pt too wide) in paragraph at lines 902--902
[]\OT1/cmtt/m/n/12 111_trifluoro_222_trimethoxyethane        17.153      22.68 
   23.571       28.518[] 
 []


Overfull \hbox (5.86626pt too wide) in paragraph at lines 903--903
[]\OT1/cmtt/m/n/12 111_trifluoropropan_2_ol                  6.5384     10.677 
   16.742       19.967[] 
 []

[16]
Overfull \hbox (35.84108pt too wide) in paragraph at lines 934--935
[][] \OT1/cmtt/m/n/12 moldb_printResults Source.chain molecule dummy DeltaG_vdw
.dat 'dummy=MD_nocharge'   
 []


Overfull \hbox (3.72896pt too wide) in paragraph at lines 977--980
[][] \OT1/cmtt/m/n/12 I = moldb_filter(Ref3DRISM,{'closure','HNC','charges','ye
s'});  \OT1/cmr/m/n/12 The com-mand re-
 []


Overfull \hbox (41.3749pt too wide) in paragraph at lines 982--983
[]\OT1/cmr/m/n/12 The pa-ram-e-ters to fil-ter are given as a cell ar-ray in a 
key-value pairs []\OT1/cmtt/m/n/12 {key1, val1, key2, val2 , ...} 
 []

[17] <examp1.png, id=64, 578.16pt x 433.62pt>
File: examp1.png Graphic file (type png)
 <use examp1.png>
Package pdftex.def Info: examp1.png used on input line 1010.
(pdftex.def)             Requested size: 300.29344pt x 225.21904pt.
 [18 <./examp1.png>] <examp2.png, id=68, 578.16pt x 433.62pt>
File: examp2.png Graphic file (type png)
 <use examp2.png>
Package pdftex.def Info: examp2.png used on input line 1027.
(pdftex.def)             Requested size: 300.29344pt x 225.21904pt.
 [19 <./examp2.png>] (./moldb_documentation.aux) ) 
Here is how much of TeX's memory you used:
 2028 strings out of 494816
 29334 string characters out of 3177879
 94127 words of memory out of 3000000
 5210 multiletter control sequences out of 15000+200000
 9676 words of font info for 34 fonts, out of 3000000 for 9000
 198 hyphenation exceptions out of 8191
 37i,6n,23p,290b,314s stack positions out of 5000i,500n,10000p,200000b,50000s
</usr/share/texlive/texmf-dis
t/fonts/type1/public/amsfonts/cm/cmbx12.pfb></usr/share/texlive/texmf-dist/font
s/type1/public/amsfonts/cm/cmmi12.pfb></usr/share/texlive/texmf-dist/fonts/type
1/public/amsfonts/cm/cmr12.pfb></usr/share/texlive/texmf-dist/fonts/type1/publi
c/amsfonts/cm/cmr17.pfb></usr/share/texlive/texmf-dist/fonts/type1/public/amsfo
nts/cm/cmsl12.pfb></usr/share/texlive/texmf-dist/fonts/type1/public/amsfonts/cm
/cmsy10.pfb></usr/share/texlive/texmf-dist/fonts/type1/public/amsfonts/cm/cmti1
2.pfb></usr/share/texlive/texmf-dist/fonts/type1/public/amsfonts/cm/cmtt12.pfb>

Output written on moldb_documentation.pdf (19 pages, 204677 bytes).
PDF statistics:
 100 PDF objects out of 1000 (max. 8388607)
 68 compressed objects within 1 object stream
 0 named destinations out of 1000 (max. 500000)
 11 words of extra memory for PDF output out of 10000 (max. 10000000)

