     1 O        0.000000    -75.301065
     2 H        0.000000     -0.663833
     3 H        0.000000     -0.667905
     4 H        0.000000     -0.663837
     5 O        0.000000    -75.292277
     6 H        0.000000     -0.649610
     7 H        0.000000     -0.605827
     8 O        0.000000    -75.294584
     9 H        0.000000     -0.646473
    10 H        0.000000     -0.603741
    11 O        0.000000    -75.296182
    12 H        0.000000     -0.643713
    13 H        0.000000     -0.601357
    14 O        0.000000    -75.272740
    15 H        0.000000     -0.585523
    16 H        0.000000     -0.654704
    17 O        0.000000    -75.275130
    18 H        0.000000     -0.592008
    19 H        0.000000     -0.638816
    20 O        0.000000    -75.280940
    21 H        0.000000     -0.627661
    22 H        0.000000     -0.588590
    23 O        0.000000    -75.294978
    24 H        0.000000     -0.603583
    25 H        0.000000     -0.649233
