       -0.01798487        0.02254132       -0.01908900
        0.00849271       -0.01858322        0.00628493
        0.00777775       -0.00291008       -0.00158410
       -0.00221803       -0.00328910        0.00758459
       -0.01247138       -0.04091082       -0.02546182
        0.00223466        0.03021703        0.02490183
        0.00664766        0.00796862        0.00201538
        0.00713120       -0.01475696        0.05081154
       -0.00059861        0.00457710        0.00165428
       -0.00632077        0.00806111       -0.05133543
        0.03457616       -0.00966518        0.01766425
       -0.00271405       -0.00277183       -0.01068807
       -0.02758799        0.01539997       -0.00731748
       -0.00617001        0.00624731        0.03860203
       -0.00464491        0.00444533       -0.03585144
        0.01127524       -0.01191965        0.00367135
        0.02584587        0.01177221       -0.04793452
        0.00038411        0.00050774        0.00613554
       -0.02187919       -0.01094195        0.04106492
        0.00719967        0.02475153       -0.01531402
        0.00685070       -0.00530195        0.00598837
       -0.01182114       -0.01713920        0.00836455
        0.01316543       -0.00191997       -0.02424698
       -0.00719599        0.01390409        0.00995036
       -0.00997422       -0.01028346        0.01412892
