     1 O        0.000000    -75.311802
     2 H        0.000000     -0.683654
     3 H        0.000000     -0.680258
     4 O        0.000000    -75.292420
     5 H        0.000000     -0.649905
     6 H        0.000000     -0.605818
     7 O        0.000000    -75.291795
     8 H        0.000000     -0.648152
     9 H        0.000000     -0.602761
    10 O        0.000000    -75.295146
    11 H        0.000000     -0.604101
    12 H        0.000000     -0.669896
    13 O        0.000000    -75.269179
    14 H        0.000000     -0.590913
    15 H        0.000000     -0.648828
    16 O        0.000000    -75.275200
    17 H        0.000000     -0.627730
    18 H        0.000000     -0.587166
    19 O        0.000000    -75.291886
    20 H        0.000000     -0.602643
    21 H        0.000000     -0.650363
