       -0.00800309        0.03570429       -0.01535453
        0.01953268       -0.04762784        0.01627099
       -0.02445779       -0.01783804       -0.00044267
       -0.00904506        0.01919433        0.03887028
       -0.00221871       -0.00795928       -0.00139041
       -0.00244438        0.00382027       -0.04162355
        0.07104323        0.00044033        0.02172919
       -0.01021249       -0.00896319       -0.01476006
       -0.03715623        0.01765457       -0.00731575
       -0.00775806        0.01039119        0.04193516
       -0.00606624        0.00531789       -0.04480669
        0.01747916       -0.01866436        0.00844593
        0.03554283        0.01902196       -0.04656211
       -0.00460366       -0.00279098        0.00538982
       -0.02694548       -0.01361302        0.04155666
        0.01045267        0.03437807       -0.01722635
        0.00313236       -0.00899651        0.00651952
       -0.01264329       -0.02189810        0.01046884
        0.00989210        0.00275349       -0.02515480
       -0.00503113        0.01217963        0.00713698
       -0.01048941       -0.01250471        0.01631354
