 -------------------------------------------------------------
 ---------------------- Welcome to the -----------------------
 Ruhr-University Neural Network Energy Representation - RuNNer
 ----------------- RuNNer version 2011-09-08 -----------------
 -----------------   (c) Dr. Joerg Behler    -----------------
 ------------  Lehrstuhl fuer Theoretische Chemie  -----------
 ------------       Ruhr-Universitaet Bochum       -----------
 ------------        44780 Bochum, Germany         -----------
 -------------------------------------------------------------
 -------------------------------------------------------------
 When using RuNNer, please cite the following papers:
 -------------------------------------------------------------
 For general high-dimensional NNs:
 J. Behler and M. Parrinello, Phys. Rev. Lett. 98, 146401 (2007).
 J. Behler, J. Chem. Phys. 134, 074106 (2011).
 -------------------------------------------------------------
 For high-dimensional NNs including electrostatics:
 N. Artrith, T. Morawietz, and J. Behler, Phys. Rev. B 83, 153101 (2011).
 -------------------------------------------------------------
 Reviews on NN potentials:
 C.M. Handley, and P.L.A. Popelier, J. Phys. Chem. A 114, 3371 (2010).
 J. Behler, Phys. Chem. Chem. Phys. 13, 17930 (2011).
 -------------------------------------------------------------
 General job information:
 -------------------------------------------------------------
 Executing host    : gen25               
 User name         :                     
 Starting date     : 10. 8.2015
 Starting time     :  0 h 53 min 
 Working directory :                                                             
 -------------------------------------------------------------
 Information on this RuNNer executable:
 Compiled by user  sklees  on host  generoso 
 Compilation time  Tue Jan 13 10:59:15 CET 2015 
 -------------------------------------------------------------
 Serial run requested
 -------------------------------------------------------------
 Reading control parameters from input.nn
 =============================================================
 -------------------------------------------------------------
 =============================================================
 General input parameters:
 -------------------------------------------------------------
 Short range NN is on
 NNTB is off
 Electrostatic NN is off
 -------------------------------------------------------------
 RuNNer nn_type_short                                   1
 RuNNer is started in mode for fitting (2)
 debugging mode is                                        F
 parallelization mode                                     1
 enable detailed time measurement                         F
 enable detailed time measurement at epoch level          F
 silent mode                                              F
 force check                                              F
 number of elements                                       2
 elements (sorted):
  1 H 
  8 O 
 seed for random number generator                        56
 random number generator type                             1
 remove free atom reference energies                      T
 shortest allowed bond in structure                   0.500
 Cutoff_type for symmetry function is                     1
 Enforcing global max_num_neighors_atomic                 0
 vdW_type is                                              0
 No vdW interactions included
 -------------------------------------------------------------
 Short range NN specifications:
 -------------------------------------------------------------
 global hidden layers short range NN                      2
 global nodes hidden layers short NN                35   35
 global activation functions short                      ttl
 -------------------------------------------------------------
 General fitting parameters:
 -------------------------------------------------------------
 number of fitting epochs                                50
 number of data sets in memory                          200
 Fitting mode 1 (online learning) selected         
 random training                                          F
 Randomly mixing all points in training set               T
 save Kalman filter data                                  F
 restart from old Kalman filter data                      F
 rescale symmetry functions                               T
 min value of scaled short range symmetry functions      0.000
 max value of scaled short range symmetry functions      1.000
 remove CMS from symmetry functions                       T
 calculate symmetry function correlation                  F
 weight analysis                                          F
 environment analysis                                     F
 find contradictions                                      F
 fix some weights                                         F
 using growth mode for fitting                            F
 global fit of short and charge NN (not implemented)      F
 error unit for fitting                                  eV
 Reading formatted files 
 Writing formatted files 
 reset Kalman filter                                      F
 Preconditioning of weights is switched on
 -------------------------------------------------------------
 Fitting parameters short range part:
 -------------------------------------------------------------
 using forces for fitting                                 T
 using Kalman filter optimization (1) for short range energy
 using Kalman filter optimization (1) for short range forces
 short energy error threshold                    0.00000000
 short force error threshold                     0.00000000
 Kalman lambda (short)                           0.98000000
 Kalman nue (short)                              0.99890000
 Kalman damp (short energy)                      1.00000000
 Kalman damp (short force)                       1.00000000
 restart fit with old weights (short)                     F
 scaling factor for force update (scalefactorf)  1.00000000
 grouping energies in blocks of                           1
 fraction of energies used for update                 1.000
 grouping forces in blocks of                             1
 fraction of forces used for update                   0.010
 weights_min                                         -1.000
 weights_max                                          1.000
 Using Nguyen Widrow weights for short range NN
 max_energy                                       10000.000
 max_force                                        10000.000
 noise energy threshold                          0.00000000 Ha/atom
 noise force threshold                           0.00000000 Ha/Bohr
 restart fit with old weights (charge)                    F
 -------------------------------------------------------------
 Fitting output options:
 -------------------------------------------------------------
 write weights in every epoch                             1
 write temporary weights each epoch                       F
 write trainpoints.out and testpoints.out                 F
 write trainforces.out and testforces.out                 F
 =============================================================
 Element pairs:            3
 pair    1 H  H 
 pair    2 H  O 
 pair    3 O  O 
 =============================================================
 => short range NN weights type 1                 H       2101
 => short range NN weights type 1                 O       2066
 -------------------------------------------------------------
 atomic reference energies read from input.nn:
 H         -0.50525907
 O        -75.16636428
 -------------------------------------------------------------
 -------------------------------------------------
 Atomic short range NN for element: H 
 architecture       22   35   35    1
 -------------------------------------------------
   1   G  t  t  l
   2   G  t  t   
   3   G  t  t   
   4   G  t  t   
   5   G  t  t   
   6   G  t  t   
   7   G  t  t   
   8   G  t  t   
   9   G  t  t   
  10   G  t  t   
  11   G  t  t   
  12   G  t  t   
  13   G  t  t   
  14   G  t  t   
  15   G  t  t   
  16   G  t  t   
  17   G  t  t   
  18   G  t  t   
  19   G  t  t   
  20   G  t  t   
  21   G  t  t   
  22   G  t  t   
  23      t  t   
  24      t  t   
  25      t  t   
  26      t  t   
  27      t  t   
  28      t  t   
  29      t  t   
  30      t  t   
  31      t  t   
  32      t  t   
  33      t  t   
  34      t  t   
  35      t  t   
 -------------------------------------------------
 Atomic short range NN for element: O 
 architecture       21   35   35    1
 -------------------------------------------------
   1   G  t  t  l
   2   G  t  t   
   3   G  t  t   
   4   G  t  t   
   5   G  t  t   
   6   G  t  t   
   7   G  t  t   
   8   G  t  t   
   9   G  t  t   
  10   G  t  t   
  11   G  t  t   
  12   G  t  t   
  13   G  t  t   
  14   G  t  t   
  15   G  t  t   
  16   G  t  t   
  17   G  t  t   
  18   G  t  t   
  19   G  t  t   
  20   G  t  t   
  21   G  t  t   
  22      t  t   
  23      t  t   
  24      t  t   
  25      t  t   
  26      t  t   
  27      t  t   
  28      t  t   
  29      t  t   
  30      t  t   
  31      t  t   
  32      t  t   
  33      t  t   
  34      t  t   
  35      t  t   
 -------------------------------------------------------------
 -------------------------------------------------------------
  short range atomic symmetry functions element H  :
 -------------------------------------------------------------
    1 H   2  H               0.010   0.000  19.000
    2 H   2  O               0.010   0.000  19.000
    3 H   2  H               0.030   0.000  19.000
    4 H   2  O               0.030   0.000  19.000
    5 H   2  H               0.070   0.000  19.000
    6 H   2  O               0.070   0.000  19.000
    7 H   2  O               2.000   0.000  19.000
    8 H   3  H  H    0.001  -1.000   4.000  19.000
    9 H   3  O  O    0.001  -1.000   4.000  19.000
   10 H   3  O  O    0.001   1.000   4.000  19.000
   11 H   3  H  O    0.010  -1.000   4.000  19.000
   12 H   3  H  H    0.010   1.000   4.000  19.000
   13 H   3  H  O    0.010   1.000   4.000  19.000
   14 H   3  H  O    0.030  -1.000   1.000  19.000
   15 H   3  O  O    0.030  -1.000   1.000  19.000
   16 H   3  H  O    0.030   1.000   1.000  19.000
   17 H   3  O  O    0.030   1.000   1.000  19.000
   18 H   3  H  H    0.070  -1.000   1.000  19.000
   19 H   3  H  O    0.070  -1.000   1.000  19.000
   20 H   3  H  O    0.070   1.000   1.000  19.000
   21 H   3  H  H    0.200   1.000   1.000  19.000
   22 H   3  H  O    0.200   1.000   1.000  19.000
 -------------------------------------------------------------
  short range atomic symmetry functions element O  :
 -------------------------------------------------------------
    1 O   2  H               0.010   0.000  19.000
    2 O   2  O               0.010   0.000  19.000
    3 O   2  H               0.030   0.000  19.000
    4 O   2  O               0.030   0.000  19.000
    5 O   2  H               0.070   0.000  19.000
    6 O   2  O               0.070   0.000  19.000
    7 O   2  H               2.000   0.000  19.000
    8 O   3  H  O    0.001  -1.000   4.000  19.000
    9 O   3  O  O    0.001  -1.000   4.000  19.000
   10 O   3  H  O    0.001   1.000   4.000  19.000
   11 O   3  O  O    0.001   1.000   4.000  19.000
   12 O   3  H  H    0.010  -1.000   4.000  19.000
   13 O   3  H  H    0.010   1.000   4.000  19.000
   14 O   3  H  H    0.030  -1.000   1.000  19.000
   15 O   3  H  O    0.030  -1.000   1.000  19.000
   16 O   3  O  O    0.030  -1.000   1.000  19.000
   17 O   3  H  H    0.030   1.000   1.000  19.000
   18 O   3  H  O    0.030   1.000   1.000  19.000
   19 O   3  O  O    0.030   1.000   1.000  19.000
   20 O   3  H  H    0.070  -1.000   1.000  19.000
   21 O   3  H  H    0.070   1.000   1.000  19.000
 -------------------------------------------------------------
 =============================================================
 Short range symmetry function values for element H 
 Training set:  min           max       average         range        stddev      range/stddev
   1     0.78817994   11.59771996    4.83022104   10.80954001    1.82588385    5.92016849
   2     0.90313225    6.50850807    2.94746662    5.60537582    0.97473718    5.75065355
   3     0.59515336    6.99944888    2.50721681    6.40429552    0.93828224    6.82555336
   4     0.80044510    4.17180805    1.79470726    3.37136295    0.53844577    6.26128595
   5     0.33934067    3.22330621    1.09226371    2.88396554    0.36692104    7.85990785
   6     0.58583952    2.18927832    1.07955350    1.60343880    0.25343322    6.32686905
   7     0.00000000    0.03310960    0.00106377    0.03310960    0.00076318   43.38374847
   8     0.00000000   20.21542513    2.32963225   20.21542513    2.40680872    8.39926537
   9     0.00000000    7.20604929    1.14240400    7.20604929    1.20402120    5.98498538
  10     0.00000000   13.38477559    3.54689230   13.38477559    2.03617725    6.57348252
  11     0.00000641    8.93154507    1.31522617    8.93153866    1.39691059    6.39377977
  12     0.00000000   18.41113282    4.54667341   18.41113282    2.60026354    7.08048725
  13     0.65970198   27.50242921    8.61361431   26.84272723    3.89556735    6.89058225
  14     0.04658032    6.20140359    0.83454580    6.15482327    0.65640094    9.37662172
  15     0.00000000    2.07150389    0.31011006    2.07150389    0.29796076    6.95227076
  16     0.78503784   13.65573171    3.36034977   12.87069387    1.42132161    9.05544093
  17     0.00000000    2.08892007    0.32347049    2.08892007    0.20144004   10.36993459
  18     0.00000000    0.46676057    0.03609566    0.46676057    0.03077915   15.16482959
  19     0.02192579    0.87269930    0.13408207    0.85077351    0.07223843   11.77729821
  20     0.30807249    2.83776436    0.90814720    2.52969188    0.28742371    8.80126385
  21     0.00000000    0.02875766    0.00046467    0.02875766    0.00089878   31.99620445
  22     0.01197293    0.32678180    0.07837045    0.31480887    0.01640166   19.19372220
 =============================================================
 Short range symmetry function values for element O 
 Training set:  min           max       average         range        stddev      range/stddev
   1     1.84681983   12.01302362    6.12241766   10.16620380    1.72518519    5.89281885
   2     0.00000000    5.18294447    2.12125165    5.18294447    0.90238516    5.74360563
   3     1.68036390    7.43610203    3.72792938    5.75573814    0.81033482    7.10291353
   4     0.00000000    2.87968551    0.95568500    2.87968551    0.42586983    6.76189140
   5     1.39110839    3.90587101    2.24242655    2.51476263    0.30756162    8.17645130
   6     0.00000000    1.06080304    0.27210678    1.06080304    0.13953633    7.60234325
   7     0.00000119    0.03317414    0.00220964    0.03317295    0.00106792   31.06304289
   8     0.00000000   17.92245432    2.64387003   17.92245432    1.67093654   10.72599339
   9     0.00000000    3.86408302    0.26246791    3.86408302    0.31142716   12.40766230
  10     0.00000000   57.01137107   20.12223292   57.01137107   10.39176425    5.48620712
  11     0.00000000    9.45363651    2.53505703    9.45363651    1.64726665    5.73898375
  12     0.06126551    7.69120927    1.98446247    7.62994376    0.85665121    8.90670989
  13     0.00308542   21.81110735    5.85661030   21.80802193    3.12648213    6.97525877
  14     0.48086249    6.75468508    2.08928128    6.27382260    0.67851372    9.24641960
  15     0.00000000    3.56439717    0.55636107    3.56439717    0.34681784   10.27743309
  16     0.00000000    0.45319786    0.03573131    0.45319786    0.03796475   11.93733294
  17     0.21069607   10.01580852    2.26749457    9.80511245    1.04476787    9.38496747
  18     0.00000000   10.04017412    2.07576017   10.04017412    1.16079500    8.64939473
  19     0.00000000    0.89298220    0.09623345    0.89298220    0.08943950    9.98420383
  20     0.23607275    1.61839600    0.65186959    1.38232325    0.17930272    7.70943817
  21     0.08260368    1.58182791    0.43057912    1.49922423    0.13874035   10.80597116
 -------------------------------------------------------------
 Training data set statistics:
 Composition:              non-periodic:           periodic:
   H    O
   2    1                           5025                   0
   3    1                           1267                   0
   4    2                          10818                   0
   5    2                           1330                   0
   6    3                           1571                   0
   7    3                           2431                   0
   8    4                           1592                   0
   9    4                           3389                   0
  10    5                           1874                   0
  11    5                           3193                   0
  12    6                           3785                   0
  13    6                           4707                   0
  14    7                           3942                   0
  15    7                           5971                   0
  16    8                           4700                   0
  17    8                           6637                   0
  18    9                           3447                   0
  20   10                           4486                   0
 -------------------------------------------------------------
 -------------------------------------------------------------
 Testing data set statistics:
 Composition:              non-periodic:           periodic:
   H    O
   2    1                            592                   0
   3    1                            149                   0
   4    2                           1188                   0
   5    2                            136                   0
   6    3                            163                   0
   7    3                            273                   0
   8    4                            185                   0
   9    4                            410                   0
  10    5                            234                   0
  11    5                            351                   0
  12    6                            418                   0
  13    6                            502                   0
  14    7                            407                   0
  15    7                            653                   0
  16    8                            548                   0
  17    8                            795                   0
  18    9                            397                   0
  20   10                            495                   0
 -------------------------------------------------------------
 -------------------------------------------------------------
 Energies in training set (Ha/atom):
                   Emin          Emax          average        stddev          range
 Eshort         -0.129651      -0.023510      -0.118069       0.015338       0.106141
 Eelec           0.000000       0.000000       0.000000       0.000000       0.000000
 Etot           -0.129651      -0.023510      -0.118069       0.015338       0.106141
 -------------------------------------------------------------
 Energies in training set (eV/atom):
                   Emin          Emax          average        stddev          range
 Eshort         -3.527940      -0.639737      -3.212769       0.417358       2.888203
 Eelec           0.000000       0.000000       0.000000       0.000000       0.000000
 Etot           -3.527940      -0.639737      -3.212769       0.417358       2.888203
 -------------------------------------------------------------
 Forces in training set (Ha/Bohr):
               Fmin          Fmax          average        stddev          range
 H          0.000016       0.788063       0.023125       0.026549       0.788048
 O          0.000007       0.842222       0.037485       0.036982       0.842215
 -------------------------------------------------------------
 Forces in training set (eV/Bohr):
               Fmin          Fmax          average        stddev          range
 H          0.000422      21.443995       0.629262       0.722421      21.443573
 O          0.000180      22.917690       1.020012       1.006308      22.917510
 -------------------------------------------------------------
 number of training points        70165
 number of training atoms       1153250
 number of training forces      3459750
 number of testing points          7896
 number of testing atoms         129896
 number of testing forces        389688
 -------------------------------------------------------------
 Number of atoms for each element:   
            training:    testing:   
  1  H        778475       87687
  2  O        374775       42209
 =============================================================
 Weight Preconditioner:
 Warning: Forces are not used for preconditioning
 ----------------------
 -------------------------------------------------------------
 Final preconditioning of the output values:
 --------------------------------------------
 Minimum NN Eshort          2.763478
 Maximum NN Eshort          5.398051
 Average NN Eshort          4.112541
 Stddev NN Eshort           0.488332
 Factor for connecting short range weights:       0.031409
 =============================================================
 -------------------------------------------------------------
 initialization time (min):    1.26
 -------------------------------------------------------------
 Did you check your output file for warnings? ;-)             
 -------------------------------------------------------------
 ### WARNING ### just short range energies below      10000.000 Ha/atom are used for fitting and Eshort RMSE!
 => Fitted energy range has width of      10000.130 Ha/atom =     272113.528 eV/atom
 => Number of short range training energies below max_energy:      70165
 ### WARNING ### just force components below          10000.000 Ha/Bohr are used for fitting and Fshort RMSE!
 H   => Fitted force range has width of      10000.000 Ha/Bohr =     272110.000 eV/Bohr
 H   => Number of short range training forces below max_force:    2335425
 O   => Fitted force range has width of      10000.000 Ha/Bohr =     272110.000 eV/Bohr
 O   => Number of short range training forces below max_force:    1124325
 -------------------------------------------------------------------------------
 RMSEs (energies: eV/atom, forces: eV/Bohr):
                      --- E_short: ---    - time -
                          /atom              min
        epoch         train         test
 ENERGY     0      0.449920     0.453372    8.11
 FORCES     0      0.857404     0.860669
 -------------------------------------------------------------------------------
 ENERGY     1      0.001729     0.001898  126.00
 FORCES     1      0.067811     0.055192
 INFORMATION USED FOR UPDATE (E,F)     1     70165     34275
 -------------------------------------------------------------------------------
 ENERGY     2      0.001484     0.001563  126.62
 FORCES     2      0.061507     0.050434
 INFORMATION USED FOR UPDATE (E,F)     2     70165     34707
 -------------------------------------------------------------------------------
 ENERGY     3      0.001409     0.001519  123.56
 FORCES     3      0.049970     0.048501
 INFORMATION USED FOR UPDATE (E,F)     3     70165     34138
 -------------------------------------------------------------------------------
 ENERGY     4      0.001372     0.001474  125.80
 FORCES     4      0.049972     0.047515
 INFORMATION USED FOR UPDATE (E,F)     4     70165     34400
 -------------------------------------------------------------------------------
 ENERGY     5      0.001345     0.001449  125.80
 FORCES     5      0.048567     0.046771
 INFORMATION USED FOR UPDATE (E,F)     5     70165     34406
 -------------------------------------------------------------------------------
 ENERGY     6      0.001323     0.001432  125.19
 FORCES     6      0.046321     0.046266
 INFORMATION USED FOR UPDATE (E,F)     6     70165     34175
 -------------------------------------------------------------------------------
 ENERGY     7      0.001307     0.001425  126.94
 FORCES     7      0.045832     0.045791
 INFORMATION USED FOR UPDATE (E,F)     7     70165     35082
 -------------------------------------------------------------------------------
 ENERGY     8      0.001292     0.001407  123.37
 FORCES     8      0.045396     0.045389
 INFORMATION USED FOR UPDATE (E,F)     8     70165     34340
 -------------------------------------------------------------------------------
 ENERGY     9      0.001282     0.001411  125.94
 FORCES     9      0.045171     0.045057
 INFORMATION USED FOR UPDATE (E,F)     9     70165     34366
 -------------------------------------------------------------------------------
 ENERGY    10      0.001272     0.001412  125.98
 FORCES    10      0.044833     0.044803
 INFORMATION USED FOR UPDATE (E,F)    10     70165     34583
 -------------------------------------------------------------------------------
 ENERGY    11      0.001263     0.001400  125.22
 FORCES    11      0.044388     0.044512
 INFORMATION USED FOR UPDATE (E,F)    11     70165     34782
 -------------------------------------------------------------------------------
 ENERGY    12      0.001255     0.001390  125.35
 FORCES    12      0.044157     0.044323
 INFORMATION USED FOR UPDATE (E,F)    12     70165     34272
 -------------------------------------------------------------------------------
 ENERGY    13      0.001248     0.001388  123.34
 FORCES    13      0.043944     0.044154
 INFORMATION USED FOR UPDATE (E,F)    13     70165     34249
 -------------------------------------------------------------------------------
 ENERGY    14      0.001242     0.001383  125.49
 FORCES    14      0.043728     0.043924
 INFORMATION USED FOR UPDATE (E,F)    14     70165     34182
 -------------------------------------------------------------------------------
 ENERGY    15      0.001236     0.001385  125.57
 FORCES    15      0.043522     0.043778
 INFORMATION USED FOR UPDATE (E,F)    15     70165     34301
 -------------------------------------------------------------------------------
 ENERGY    16      0.001232     0.001371  123.56
 FORCES    16      0.043437     0.043651
 INFORMATION USED FOR UPDATE (E,F)    16     70165     34647
 -------------------------------------------------------------------------------
 ENERGY    17      0.001227     0.001366  127.65
 FORCES    17      0.043283     0.043511
 INFORMATION USED FOR UPDATE (E,F)    17     70165     34429
 -------------------------------------------------------------------------------
 ENERGY    18      0.001221     0.001355  133.34
 FORCES    18      0.043074     0.043356
 INFORMATION USED FOR UPDATE (E,F)    18     70165     34263
 -------------------------------------------------------------------------------
 ENERGY    19      0.001217     0.001352  136.15
 FORCES    19      0.042898     0.043223
 INFORMATION USED FOR UPDATE (E,F)    19     70165     34296
 -------------------------------------------------------------------------------
 ENERGY    20      0.001213     0.001350  134.68
 FORCES    20      0.042771     0.043108
 INFORMATION USED FOR UPDATE (E,F)    20     70165     34586
 -------------------------------------------------------------------------------
 ENERGY    21      0.001209     0.001348  134.47
 FORCES    21      0.042692     0.042996
 INFORMATION USED FOR UPDATE (E,F)    21     70165     34639
 -------------------------------------------------------------------------------
 ENERGY    22      0.001205     0.001339  131.80
 FORCES    22      0.042564     0.042902
 INFORMATION USED FOR UPDATE (E,F)    22     70165     34426
 -------------------------------------------------------------------------------
 ENERGY    23      0.001201     0.001347  126.04
 FORCES    23      0.042464     0.042807
 INFORMATION USED FOR UPDATE (E,F)    23     70165     34378
 -------------------------------------------------------------------------------
 ENERGY    24      0.001198     0.001338  128.07
 FORCES    24      0.042350     0.042709
 INFORMATION USED FOR UPDATE (E,F)    24     70165     34279
 -------------------------------------------------------------------------------
 ENERGY    25      0.001195     0.001340  117.76
 FORCES    25      0.042256     0.042624
 INFORMATION USED FOR UPDATE (E,F)    25     70165     34391
 -------------------------------------------------------------------------------
 ENERGY    26      0.001192     0.001343  126.38
 FORCES    26      0.042497     0.042531
 INFORMATION USED FOR UPDATE (E,F)    26     70165     34240
 -------------------------------------------------------------------------------
 ENERGY    27      0.001189     0.001335  127.86
 FORCES    27      0.042210     0.042445
 INFORMATION USED FOR UPDATE (E,F)    27     70165     34143
 -------------------------------------------------------------------------------
 ENERGY    28      0.001187     0.001337  126.77
 FORCES    28      0.042069     0.042328
 INFORMATION USED FOR UPDATE (E,F)    28     70165     34537
 -------------------------------------------------------------------------------
 ENERGY    29      0.001184     0.001332  127.17
 FORCES    29      0.041967     0.042270
 INFORMATION USED FOR UPDATE (E,F)    29     70165     34257
 -------------------------------------------------------------------------------
 ENERGY    30      0.001181     0.001332  128.46
 FORCES    30      0.041857     0.042195
 INFORMATION USED FOR UPDATE (E,F)    30     70165     34269
 -------------------------------------------------------------------------------
 ENERGY    31      0.001178     0.001326  125.85
 FORCES    31      0.041769     0.042125
 INFORMATION USED FOR UPDATE (E,F)    31     70165     33956
 -------------------------------------------------------------------------------
 ENERGY    32      0.001177     0.001326  128.39
 FORCES    32      0.043222     0.042141
 INFORMATION USED FOR UPDATE (E,F)    32     70165     34459
 -------------------------------------------------------------------------------
 ENERGY    33      0.001174     0.001323  128.17
 FORCES    33      0.042628     0.042069
 INFORMATION USED FOR UPDATE (E,F)    33     70165     34380
 -------------------------------------------------------------------------------
 ENERGY    34      0.001171     0.001315   96.83
 FORCES    34      0.041983     0.042182
 INFORMATION USED FOR UPDATE (E,F)    34     70165     34802
 -------------------------------------------------------------------------------
 ENERGY    35      0.001169     0.001312   85.16
 FORCES    35      0.041955     0.042105
 INFORMATION USED FOR UPDATE (E,F)    35     70165     34075
 -------------------------------------------------------------------------------
 ENERGY    36      0.001167     0.001303   85.41
 FORCES    36      0.041861     0.042011
 INFORMATION USED FOR UPDATE (E,F)    36     70165     34467
 -------------------------------------------------------------------------------
 ENERGY    37      0.001165     0.001301   85.42
 FORCES    37      0.041832     0.041956
 INFORMATION USED FOR UPDATE (E,F)    37     70165     34349
 -------------------------------------------------------------------------------
 ENERGY    38      0.001163     0.001298   85.30
 FORCES    38      0.041686     0.041936
 INFORMATION USED FOR UPDATE (E,F)    38     70165     34226
 -------------------------------------------------------------------------------
 ENERGY    39      0.001161     0.001296   85.43
 FORCES    39      0.041566     0.041852
 INFORMATION USED FOR UPDATE (E,F)    39     70165     34373
 -------------------------------------------------------------------------------
 ENERGY    40      0.001160     0.001297   85.48
 FORCES    40      0.041665     0.041788
 INFORMATION USED FOR UPDATE (E,F)    40     70165     34420
 -------------------------------------------------------------------------------
 ENERGY    41      0.001158     0.001289   85.50
 FORCES    41      0.041589     0.041712
 INFORMATION USED FOR UPDATE (E,F)    41     70165     34571
 -------------------------------------------------------------------------------
 ENERGY    42      0.001156     0.001286   85.00
 FORCES    42      0.041554     0.041678
 INFORMATION USED FOR UPDATE (E,F)    42     70165     34041
 -------------------------------------------------------------------------------
 ENERGY    43      0.001155     0.001284   85.39
 FORCES    43      0.041340     0.041657
 INFORMATION USED FOR UPDATE (E,F)    43     70165     34320
 -------------------------------------------------------------------------------
 ENERGY    44      0.001154     0.001282   85.09
 FORCES    44      0.041446     0.041599
 INFORMATION USED FOR UPDATE (E,F)    44     70165     34151
 -------------------------------------------------------------------------------
 ENERGY    45      0.001152     0.001281   85.37
 FORCES    45      0.041474     0.041572
 INFORMATION USED FOR UPDATE (E,F)    45     70165     34459
 -------------------------------------------------------------------------------
 ENERGY    46      0.001151     0.001281   84.96
 FORCES    46      0.041376     0.041517
 INFORMATION USED FOR UPDATE (E,F)    46     70165     34089
 -------------------------------------------------------------------------------
