     1 O        0.000000    -75.296283
     2 H        0.000000     -0.682337
     3 H        0.000000     -0.641378
     4 O        0.000000    -75.301170
     5 H        0.000000     -0.668514
     6 H        0.000000     -0.633384
     7 O        0.000000    -75.287902
     8 H        0.000000     -0.650294
     9 H        0.000000     -0.604505
    10 O        0.000000    -75.269628
    11 H        0.000000     -0.586025
    12 H        0.000000     -0.656543
    13 O        0.000000    -75.290591
    14 H        0.000000     -0.609340
    15 H        0.000000     -0.657399
    16 O        0.000000    -75.271977
    17 H        0.000000     -0.634892
    18 H        0.000000     -0.586887
    19 O        0.000000    -75.289427
    20 H        0.000000     -0.602392
    21 H        0.000000     -0.648271
