        0.02568282        0.04554837       -0.04547862
        0.02354703       -0.04616843        0.01297016
       -0.03226869       -0.01476752        0.00518896
       -0.00615903       -0.02392957        0.01430978
       -0.00161073        0.00980464        0.01444963
       -0.00101699        0.00028043       -0.00091599
       -0.00582877        0.01742572        0.04093594
       -0.00343272       -0.00333662       -0.00053777
       -0.00428817        0.00534841       -0.04413192
       -0.00379777        0.02021601        0.04718979
       -0.00681173        0.00503641       -0.04422207
        0.01452993       -0.01574816        0.00306490
        0.02339122        0.01206052       -0.04501258
       -0.00563239       -0.00232885        0.00554146
       -0.01839844       -0.00833186        0.03588368
        0.00857284        0.03084790       -0.01592669
        0.00590732       -0.00766996        0.00675388
       -0.01213320       -0.02218421        0.01078765
        0.01444567       -0.00502559       -0.02233782
       -0.00553570        0.01387535        0.00764959
       -0.00916251       -0.01095297        0.01383804
