     1 O        0.000000    -75.293306
     2 H        0.000000     -0.677508
     3 H        0.000000     -0.674707
     4 O        0.000000    -75.301546
     5 H        0.000000     -0.668642
     6 H        0.000000     -0.635220
     7 O  **************    -75.289641
     8 H        0.000000     -0.650326
     9 H        0.000000     -0.608052
    10 O        0.000000    -75.290521
    11 H        0.000000     -0.647877
    12 H        0.000000     -0.605288
    13 O             NaN    -75.268872
    14 H        0.000000     -0.587051
    15 H        0.000000     -0.656829
    16 O        0.000000    -75.268806
    17 H        0.000000     -0.591963
    18 H        0.000000     -0.642613
    19 O        0.000000    -75.274381
    20 H        0.000000     -0.629143
    21 H        0.000000     -0.588074
    22 O        0.000000    -75.288726
    23 H        0.000000     -0.603107
    24 H        0.000000     -0.649754
