       -0.00390709        0.04107509       -0.04327025
        0.02015508       -0.05207329        0.01459185
       -0.02708998       -0.02314341       -0.00080233
       -0.00612535       -0.02501264        0.02177430
       -0.00094234        0.00810024        0.00768843
       -0.00231363        0.00042309       -0.00392018
       -0.01420647        0.02367759        0.04108421
       -0.00268871       -0.00786409       -0.00372276
       -0.00077423        0.00449674       -0.04339702
        0.07711605        0.00641129        0.02094584
       -0.00903441       -0.01116684       -0.01601810
       -0.03733747        0.01687141       -0.00636394
       -0.00181422        0.02093615        0.05026335
       -0.00664923        0.00466148       -0.04241477
        0.01360150       -0.01532381        0.00405428
        0.03092983        0.01618281       -0.04475212
       -0.00249808       -0.00101620        0.00528627
       -0.02418556       -0.01351365        0.03977659
        0.00909119        0.03348493       -0.01593196
        0.00522731       -0.00648104        0.00450515
       -0.01242233       -0.02186186        0.01065650
        0.01168868       -0.00262295       -0.02287489
       -0.00559313        0.01436964        0.00839826
       -0.01022742       -0.01061069        0.01444327
