Molecule 0 of 339 ( 0 percent done )
/home/voovrat/460GB/Development/MolDB/Projects/Clusters/Methods/c0/QM/F383118AD5D4ABB691FF0AA2A4B2E4A1
abinit c0 F
energy.dat exists! skiping the calculation! To re-start the calculation - run clear
Molecule 1 of 339 ( 0 percent done )
/home/voovrat/460GB/Development/MolDB/Projects/Clusters/Methods/c2/QM/24CA91D826028DEE38C49AC0301D155C
abinit c2 T
energy.dat exists! skiping the calculation! To re-start the calculation - run clear
Molecule 2 of 339 ( 0 percent done )
/home/voovrat/460GB/Development/MolDB/Projects/Clusters/Methods/c3/QM/D08D43EBB43687D0A0C5123EEAEBABF2
abinit c3 F
energy.dat exists! skiping the calculation! To re-start the calculation - run clear
Molecule 3 of 339 ( 0 percent done )
/home/voovrat/460GB/Development/MolDB/Projects/Clusters/Methods/c5/QM/AF807A6E060721995E9D081DD6FFB526
abinit c5 T
energy.dat exists! skiping the calculation! To re-start the calculation - run clear
Molecule 4 of 339 ( 1 percent done )
/home/voovrat/460GB/Development/MolDB/Projects/Clusters/Methods/c6/QM/FF83F789106751372FB75EC245AD8658
abinit c6 F
energy.dat exists! skiping the calculation! To re-start the calculation - run clear
Molecule 5 of 339 ( 1 percent done )
/home/voovrat/460GB/Development/MolDB/Projects/Clusters/Methods/c0c2/QM/12A71D6E3990A3367B970F137AFCE623
abinit c0c2 T
energy.dat exists! skiping the calculation! To re-start the calculation - run clear
Molecule 6 of 339 ( 1 percent done )
/home/voovrat/460GB/Development/MolDB/Projects/Clusters/Methods/c1c2/QM/B56F8D316913173260050B54EBFB4CB6
abinit c1c2 F
energy.dat exists! skiping the calculation! To re-start the calculation - run clear
Molecule 7 of 339 ( 2 percent done )
/home/voovrat/460GB/Development/MolDB/Projects/Clusters/Methods/c1c3/QM/7141054D110FF447F96483619434D693
abinit c1c3 T
energy.dat exists! skiping the calculation! To re-start the calculation - run clear
Molecule 8 of 339 ( 2 percent done )
/home/voovrat/460GB/Development/MolDB/Projects/Clusters/Methods/c2c3/QM/6DC471D6B2579402A2902E647C686977
abinit c2c3 F
energy.dat exists! skiping the calculation! To re-start the calculation - run clear
Molecule 9 of 339 ( 2 percent done )
/home/voovrat/460GB/Development/MolDB/Projects/Clusters/Methods/c1c4/QM/A8DFD71A34861DA6A26566819CF1C17E
abinit c1c4 T
energy.dat exists! skiping the calculation! To re-start the calculation - run clear
Molecule 10 of 339 ( 2 percent done )
/home/voovrat/460GB/Development/MolDB/Projects/Clusters/Methods/c2c4/QM/372BF74B8F68FAE75D48E10F9C36D84D
abinit c2c4 F
energy.dat exists! skiping the calculation! To re-start the calculation - run clear
Molecule 11 of 339 ( 3 percent done )
/home/voovrat/460GB/Development/MolDB/Projects/Clusters/Methods/c0c5/QM/FA318C3ED0E5C97E90DC90E2CC309735
abinit c0c5 T
energy.dat exists! skiping the calculation! To re-start the calculation - run clear
Molecule 12 of 339 ( 3 percent done )
/home/voovrat/460GB/Development/MolDB/Projects/Clusters/Methods/c1c5/QM/0C0A7FD47B6311B23A46219C7DEDA8F6
abinit c1c5 F
energy.dat exists! skiping the calculation! To re-start the calculation - run clear
Molecule 13 of 339 ( 3 percent done )
/home/voovrat/460GB/Development/MolDB/Projects/Clusters/Methods/c3c5/QM/022C36F7D5D978FE1659980C6BD82662
abinit c3c5 T
energy.dat exists! skiping the calculation! To re-start the calculation - run clear
Molecule 14 of 339 ( 4 percent done )
/home/voovrat/460GB/Development/MolDB/Projects/Clusters/Methods/c4c5/QM/9D0B0AF201E194BC311155D5472FCBE3
abinit c4c5 F
energy.dat exists! skiping the calculation! To re-start the calculation - run clear
Molecule 15 of 339 ( 4 percent done )
/home/voovrat/460GB/Development/MolDB/Projects/Clusters/Methods/c1c6/QM/EB3B84E0C1C84CECE43E8B379FE5E29F
abinit c1c6 T
energy.dat exists! skiping the calculation! To re-start the calculation - run clear
Molecule 16 of 339 ( 4 percent done )
/home/voovrat/460GB/Development/MolDB/Projects/Clusters/Methods/c2c6/QM/6E88CD2DA73DA17EE0035F901D7DC6FA
abinit c2c6 F
energy.dat exists! skiping the calculation! To re-start the calculation - run clear
Molecule 17 of 339 ( 5 percent done )
/home/voovrat/460GB/Development/MolDB/Projects/Clusters/Methods/c4c6/QM/6797D29F64488D308D192DAB4639C152
abinit c4c6 T
energy.dat exists! skiping the calculation! To re-start the calculation - run clear
Molecule 18 of 339 ( 5 percent done )
/home/voovrat/460GB/Development/MolDB/Projects/Clusters/Methods/c5c6/QM/373943C84F13B3926DA50C8D4349BFB7
abinit c5c6 F
energy.dat exists! skiping the calculation! To re-start the calculation - run clear
Molecule 19 of 339 ( 5 percent done )
/home/voovrat/460GB/Development/MolDB/Projects/Clusters/Methods/c0c1c3/QM/A2D6CE99FFE212243BFDFDDB0E12CDF1
abinit c0c1c3 T
energy.dat exists! skiping the calculation! To re-start the calculation - run clear
Molecule 20 of 339 ( 5 percent done )
/home/voovrat/460GB/Development/MolDB/Projects/Clusters/Methods/c0c2c3/QM/CA651C56E72D20A70F416514B8FE3C7B
abinit c0c2c3 F
energy.dat exists! skiping the calculation! To re-start the calculation - run clear
Molecule 21 of 339 ( 6 percent done )
/home/voovrat/460GB/Development/MolDB/Projects/Clusters/Methods/c0c1c4/QM/6DB02CA9C61313AFD56BACF8717390AD
abinit c0c1c4 T
energy.dat exists! skiping the calculation! To re-start the calculation - run clear
Molecule 22 of 339 ( 6 percent done )
/home/voovrat/460GB/Development/MolDB/Projects/Clusters/Methods/c0c2c4/QM/323EDE62F1AF8B04DFA257D91512D8DF
abinit c0c2c4 F
energy.dat exists! skiping the calculation! To re-start the calculation - run clear
Molecule 23 of 339 ( 6 percent done )
/home/voovrat/460GB/Development/MolDB/Projects/Clusters/Methods/c0c3c4/QM/AC1A03946C843B23A42F8ED5BED0BF99
abinit c0c3c4 T
energy.dat exists! skiping the calculation! To re-start the calculation - run clear
Molecule 24 of 339 ( 7 percent done )
/home/voovrat/460GB/Development/MolDB/Projects/Clusters/Methods/c1c3c4/QM/4B1378B7BFDEA4A56D6EE11FF52A2FE8
abinit c1c3c4 F
energy.dat exists! skiping the calculation! To re-start the calculation - run clear
Molecule 25 of 339 ( 7 percent done )
/home/voovrat/460GB/Development/MolDB/Projects/Clusters/Methods/c0c1c5/QM/F3A1795854E3582F02B92D4E87BBEADF
abinit c0c1c5 T
energy.dat exists! skiping the calculation! To re-start the calculation - run clear
Molecule 26 of 339 ( 7 percent done )
/home/voovrat/460GB/Development/MolDB/Projects/Clusters/Methods/c0c2c5/QM/BE3FFD8B198716FD929FA5FDE270A146
abinit c0c2c5 F
energy.dat exists! skiping the calculation! To re-start the calculation - run clear
Molecule 27 of 339 ( 7 percent done )
/home/voovrat/460GB/Development/MolDB/Projects/Clusters/Methods/c0c3c5/QM/533C7FCF87AC19652DC1AD99398F6B16
abinit c0c3c5 T
energy.dat exists! skiping the calculation! To re-start the calculation - run clear
Molecule 28 of 339 ( 8 percent done )
/home/voovrat/460GB/Development/MolDB/Projects/Clusters/Methods/c1c3c5/QM/7129BC3B8D430C89C3B2F3C240067323
abinit c1c3c5 F
energy.dat exists! skiping the calculation! To re-start the calculation - run clear
Molecule 29 of 339 ( 8 percent done )
/home/voovrat/460GB/Development/MolDB/Projects/Clusters/Methods/c0c4c5/QM/E7BE2BB69DCEE9187374A0B2EABD9DC8
abinit c0c4c5 T
energy.dat exists! skiping the calculation! To re-start the calculation - run clear
Molecule 30 of 339 ( 8 percent done )
/home/voovrat/460GB/Development/MolDB/Projects/Clusters/Methods/c1c4c5/QM/80F4CC4FE5395D7E40AC781536B4A108
abinit c1c4c5 F
energy.dat exists! skiping the calculation! To re-start the calculation - run clear
Molecule 31 of 339 ( 9 percent done )
/home/voovrat/460GB/Development/MolDB/Projects/Clusters/Methods/c3c4c5/QM/5A19A515B639F4D9C8454DBCA89A903D
abinit c3c4c5 T
energy.dat exists! skiping the calculation! To re-start the calculation - run clear
Molecule 32 of 339 ( 9 percent done )
/home/voovrat/460GB/Development/MolDB/Projects/Clusters/Methods/c0c1c6/QM/701C42D0E6BC5910A172C45EA338455A
abinit c0c1c6 F
energy.dat exists! skiping the calculation! To re-start the calculation - run clear
Molecule 33 of 339 ( 9 percent done )
/home/voovrat/460GB/Development/MolDB/Projects/Clusters/Methods/c1c2c6/QM/3751392837C624A01421CB1D9274EB0E
abinit c1c2c6 T
energy.dat exists! skiping the calculation! To re-start the calculation - run clear
Molecule 34 of 339 ( 10 percent done )
/home/voovrat/460GB/Development/MolDB/Projects/Clusters/Methods/c0c3c6/QM/C1D15AB5B847CB34AD81DEA84150691F
abinit c0c3c6 F
energy.dat exists! skiping the calculation! To re-start the calculation - run clear
Molecule 35 of 339 ( 10 percent done )
/home/voovrat/460GB/Development/MolDB/Projects/Clusters/Methods/c2c3c6/QM/9E13FBA24E081F626819867E741E1780
abinit c2c3c6 T
energy.dat exists! skiping the calculation! To re-start the calculation - run clear
Molecule 36 of 339 ( 10 percent done )
/home/voovrat/460GB/Development/MolDB/Projects/Clusters/Methods/c0c4c6/QM/385FD44B42EE223DCE9D1C6D190D907D
abinit c0c4c6 F
energy.dat exists! skiping the calculation! To re-start the calculation - run clear
Molecule 37 of 339 ( 10 percent done )
/home/voovrat/460GB/Development/MolDB/Projects/Clusters/Methods/c2c4c6/QM/2A72EB62EB0B2B6DBCCABD1445BF319F
abinit c2c4c6 T
energy.dat exists! skiping the calculation! To re-start the calculation - run clear
Molecule 38 of 339 ( 11 percent done )
/home/voovrat/460GB/Development/MolDB/Projects/Clusters/Methods/c3c4c6/QM/3BDEC822260AF2045BD25972926094BF
abinit c3c4c6 F
energy.dat exists! skiping the calculation! To re-start the calculation - run clear
Molecule 39 of 339 ( 11 percent done )
/home/voovrat/460GB/Development/MolDB/Projects/Clusters/Methods/c1c5c6/QM/B9499E72A97C50780D0C131EC0A12C97
abinit c1c5c6 T
energy.dat exists! skiping the calculation! To re-start the calculation - run clear
Molecule 40 of 339 ( 11 percent done )
/home/voovrat/460GB/Development/MolDB/Projects/Clusters/Methods/c2c5c6/QM/8A86145AA8C28D028D93CCE876BF2B36
abinit c2c5c6 F
energy.dat exists! skiping the calculation! To re-start the calculation - run clear
Molecule 41 of 339 ( 12 percent done )
/home/voovrat/460GB/Development/MolDB/Projects/Clusters/Methods/c4c5c6/QM/44CD21C8ABA875F67F748BD42D444B73
abinit c4c5c6 T
energy.dat exists! skiping the calculation! To re-start the calculation - run clear
Molecule 42 of 339 ( 12 percent done )
/home/voovrat/460GB/Development/MolDB/Projects/Clusters/Methods/c0c1c2c3/QM/E4D427B2D6E16A64D659C0517EBAB9A7
abinit c0c1c2c3 F
energy.dat exists! skiping the calculation! To re-start the calculation - run clear
Molecule 43 of 339 ( 12 percent done )
/home/voovrat/460GB/Development/MolDB/Projects/Clusters/Methods/c0c1c3c4/QM/BEB7708F10C22599F460B9A69ECF4A65
abinit c0c1c3c4 T
energy.dat exists! skiping the calculation! To re-start the calculation - run clear
Molecule 44 of 339 ( 12 percent done )
/home/voovrat/460GB/Development/MolDB/Projects/Clusters/Methods/c0c2c3c4/QM/F279E6E3E63B1908B6CF2A50C0B81B00
abinit c0c2c3c4 F
energy.dat exists! skiping the calculation! To re-start the calculation - run clear
Molecule 45 of 339 ( 13 percent done )
/home/voovrat/460GB/Development/MolDB/Projects/Clusters/Methods/c0c1c2c5/QM/6ADCA807AA480B6EA469048C4390A0E6
abinit c0c1c2c5 T
energy.dat exists! skiping the calculation! To re-start the calculation - run clear
Molecule 46 of 339 ( 13 percent done )
/home/voovrat/460GB/Development/MolDB/Projects/Clusters/Methods/c0c1c3c5/QM/9B167EBF1219802BF037C442736D3923
abinit c0c1c3c5 F
energy.dat exists! skiping the calculation! To re-start the calculation - run clear
Molecule 47 of 339 ( 13 percent done )
/home/voovrat/460GB/Development/MolDB/Projects/Clusters/Methods/c1c2c3c5/QM/72910AA71C6A4546F3F6DA5161950CD4
abinit c1c2c3c5 T
energy.dat exists! skiping the calculation! To re-start the calculation - run clear
Molecule 48 of 339 ( 14 percent done )
/home/voovrat/460GB/Development/MolDB/Projects/Clusters/Methods/c0c1c4c5/QM/4582CFE2A2BAB43A544EA474466BB6A0
abinit c0c1c4c5 F
energy.dat exists! skiping the calculation! To re-start the calculation - run clear
Molecule 49 of 339 ( 14 percent done )
/home/voovrat/460GB/Development/MolDB/Projects/Clusters/Methods/c1c2c4c5/QM/D359C008CD61162F23B0416FAAFDA04D
abinit c1c2c4c5 T
energy.dat exists! skiping the calculation! To re-start the calculation - run clear
Molecule 50 of 339 ( 14 percent done )
/home/voovrat/460GB/Development/MolDB/Projects/Clusters/Methods/c0c3c4c5/QM/C5CF34E812ADDA4C2A3E4D470B1DADA1
abinit c0c3c4c5 F
energy.dat exists! skiping the calculation! To re-start the calculation - run clear
Molecule 51 of 339 ( 15 percent done )
/home/voovrat/460GB/Development/MolDB/Projects/Clusters/Methods/c2c3c4c5/QM/106F0E781A5106CD49DE0FE4A668233C
abinit c2c3c4c5 T
energy.dat exists! skiping the calculation! To re-start the calculation - run clear
Molecule 52 of 339 ( 15 percent done )
/home/voovrat/460GB/Development/MolDB/Projects/Clusters/Methods/c0c1c2c6/QM/91B8D542E0E75D2DA48C76D3EB422660
abinit c0c1c2c6 F
energy.dat exists! skiping the calculation! To re-start the calculation - run clear
Molecule 53 of 339 ( 15 percent done )
/home/voovrat/460GB/Development/MolDB/Projects/Clusters/Methods/c0c2c3c6/QM/5F15CAD9785366A4216C1C3DD2074444
abinit c0c2c3c6 T
energy.dat exists! skiping the calculation! To re-start the calculation - run clear
Molecule 54 of 339 ( 15 percent done )
/home/voovrat/460GB/Development/MolDB/Projects/Clusters/Methods/c1c2c3c6/QM/D412908A82E0454B181974DCB667B2EC
abinit c1c2c3c6 F
energy.dat exists! skiping the calculation! To re-start the calculation - run clear
Molecule 55 of 339 ( 16 percent done )
/home/voovrat/460GB/Development/MolDB/Projects/Clusters/Methods/c0c2c4c6/QM/248AAE30D768ED96466F3A6E0736A90F
abinit c0c2c4c6 T
energy.dat exists! skiping the calculation! To re-start the calculation - run clear
Molecule 56 of 339 ( 16 percent done )
/home/voovrat/460GB/Development/MolDB/Projects/Clusters/Methods/c1c2c4c6/QM/09CB3ACE1E9253B661196198CD580868
abinit c1c2c4c6 F
energy.dat exists! skiping the calculation! To re-start the calculation - run clear
Molecule 57 of 339 ( 16 percent done )
/home/voovrat/460GB/Development/MolDB/Projects/Clusters/Methods/c1c3c4c6/QM/4C08F1A727F1584C2EC332106BE08A99
abinit c1c3c4c6 T
energy.dat exists! skiping the calculation! To re-start the calculation - run clear
Molecule 58 of 339 ( 17 percent done )
/home/voovrat/460GB/Development/MolDB/Projects/Clusters/Methods/c2c3c4c6/QM/384EA1B2942E93E8C7647F8E2B2B71C4
abinit c2c3c4c6 F
energy.dat exists! skiping the calculation! To re-start the calculation - run clear
Molecule 59 of 339 ( 17 percent done )
/home/voovrat/460GB/Development/MolDB/Projects/Clusters/Methods/c0c2c5c6/QM/80A3C5F4E6E2244C640D0999335E6A99
abinit c0c2c5c6 T
energy.dat exists! skiping the calculation! To re-start the calculation - run clear
Molecule 60 of 339 ( 17 percent done )
/home/voovrat/460GB/Development/MolDB/Projects/Clusters/Methods/c1c2c5c6/QM/FACB9A099E987590291B7D036244E331
abinit c1c2c5c6 F
energy.dat exists! skiping the calculation! To re-start the calculation - run clear
Molecule 61 of 339 ( 17 percent done )
/home/voovrat/460GB/Development/MolDB/Projects/Clusters/Methods/c1c3c5c6/QM/2E715FD99FABE25C12C603B59894ADF9
abinit c1c3c5c6 T
energy.dat exists! skiping the calculation! To re-start the calculation - run clear
Molecule 62 of 339 ( 18 percent done )
/home/voovrat/460GB/Development/MolDB/Projects/Clusters/Methods/c2c3c5c6/QM/9E35534CF20DCB1A57BAC98835F05E3C
abinit c2c3c5c6 F
energy.dat exists! skiping the calculation! To re-start the calculation - run clear
Molecule 63 of 339 ( 18 percent done )
/home/voovrat/460GB/Development/MolDB/Projects/Clusters/Methods/c1c4c5c6/QM/B91EF19DD542E19431E00B389FA0D2BA
abinit c1c4c5c6 T
energy.dat exists! skiping the calculation! To re-start the calculation - run clear
Molecule 64 of 339 ( 18 percent done )
/home/voovrat/460GB/Development/MolDB/Projects/Clusters/Methods/c2c4c5c6/QM/DD9D1EF2B7B3FB15F62AEC6D6A06CF8F
abinit c2c4c5c6 F
energy.dat exists! skiping the calculation! To re-start the calculation - run clear
Molecule 65 of 339 ( 19 percent done )
/home/voovrat/460GB/Development/MolDB/Projects/Clusters/Methods/c0c1c2c3c4/QM/31B14026162B9CDAA40C67FD69835644
abinit c0c1c2c3c4 T
energy.dat exists! skiping the calculation! To re-start the calculation - run clear
Molecule 66 of 339 ( 19 percent done )
/home/voovrat/460GB/Development/MolDB/Projects/Clusters/Methods/c0c1c2c3c5/QM/0F2C0EED755F42D30C9D6BECF74C5A9A
abinit c0c1c2c3c5 F
energy.dat exists! skiping the calculation! To re-start the calculation - run clear
Molecule 67 of 339 ( 19 percent done )
/home/voovrat/460GB/Development/MolDB/Projects/Clusters/Methods/c0c1c3c4c5/QM/3C6CD093D438273080FA539C961B1CE8
abinit c0c1c3c4c5 T
energy.dat exists! skiping the calculation! To re-start the calculation - run clear
Molecule 68 of 339 ( 20 percent done )
/home/voovrat/460GB/Development/MolDB/Projects/Clusters/Methods/c0c2c3c4c5/QM/47DF2CBE5A78350E704AC08FF6173B33
abinit c0c2c3c4c5 F
energy.dat exists! skiping the calculation! To re-start the calculation - run clear
Molecule 69 of 339 ( 20 percent done )
/home/voovrat/460GB/Development/MolDB/Projects/Clusters/Methods/c0c1c2c3c6/QM/92FD6991B4A1C9E65AD4AA1CDC56320F
abinit c0c1c2c3c6 T
energy.dat exists! skiping the calculation! To re-start the calculation - run clear
Molecule 70 of 339 ( 20 percent done )
/home/voovrat/460GB/Development/MolDB/Projects/Clusters/Methods/c0c1c2c4c6/QM/D0ABBBA7EA1C6D5B712279F4FEB32799
abinit c0c1c2c4c6 F
energy.dat exists! skiping the calculation! To re-start the calculation - run clear
Molecule 71 of 339 ( 20 percent done )
/home/voovrat/460GB/Development/MolDB/Projects/Clusters/Methods/c0c2c3c4c6/QM/267FAA87440CCB0931FE98B703168B50
abinit c0c2c3c4c6 T
energy.dat exists! skiping the calculation! To re-start the calculation - run clear
Molecule 72 of 339 ( 21 percent done )
/home/voovrat/460GB/Development/MolDB/Projects/Clusters/Methods/c1c2c3c4c6/QM/C7E8581FCBB866719EC108ED2C973894
abinit c1c2c3c4c6 F
energy.dat exists! skiping the calculation! To re-start the calculation - run clear
Molecule 73 of 339 ( 21 percent done )
/home/voovrat/460GB/Development/MolDB/Projects/Clusters/Methods/c0c1c3c5c6/QM/7AF356E53AAABBA12B7A9F5CF0888EE7
abinit c0c1c3c5c6 T
energy.dat exists! skiping the calculation! To re-start the calculation - run clear
Molecule 74 of 339 ( 21 percent done )
/home/voovrat/460GB/Development/MolDB/Projects/Clusters/Methods/c0c2c3c5c6/QM/D4346B4CD8AFF454E7F0B995EBAC2C67
abinit c0c2c3c5c6 F
energy.dat exists! skiping the calculation! To re-start the calculation - run clear
Molecule 75 of 339 ( 22 percent done )
/home/voovrat/460GB/Development/MolDB/Projects/Clusters/Methods/c0c1c4c5c6/QM/3B4A3AA3B18457AC047AFAB3BFCB7E96
abinit c0c1c4c5c6 T
energy.dat exists! skiping the calculation! To re-start the calculation - run clear
Molecule 76 of 339 ( 22 percent done )
/home/voovrat/460GB/Development/MolDB/Projects/Clusters/Methods/c0c2c4c5c6/QM/F25BBE4B64ED1309728C866DC95FEF6B
abinit c0c2c4c5c6 F
energy.dat exists! skiping the calculation! To re-start the calculation - run clear
Molecule 77 of 339 ( 22 percent done )
/home/voovrat/460GB/Development/MolDB/Projects/Clusters/Methods/c0c3c4c5c6/QM/676FDB0CA628F6032335F319F3FCAC6B
abinit c0c3c4c5c6 T
energy.dat exists! skiping the calculation! To re-start the calculation - run clear
Molecule 78 of 339 ( 23 percent done )
/home/voovrat/460GB/Development/MolDB/Projects/Clusters/Methods/c1c3c4c5c6/QM/C9063B8FDED5DF692C8929BBFE661FD8
abinit c1c3c4c5c6 F
energy.dat exists! skiping the calculation! To re-start the calculation - run clear
Molecule 79 of 339 ( 23 percent done )
/home/voovrat/460GB/Development/MolDB/Projects/Clusters/Methods/c0c1c2c3c4c5/QM/2ABE44F0548B8424F2DFB86C8CCBC025
abinit c0c1c2c3c4c5 T
energy.dat exists! skiping the calculation! To re-start the calculation - run clear
Molecule 80 of 339 ( 23 percent done )
/home/voovrat/460GB/Development/MolDB/Projects/Clusters/Methods/c0c1c2c3c4c6/QM/718A6FB93BBAD984B4DD0FB17AF9AD55
abinit c0c1c2c3c4c6 F
energy.dat exists! skiping the calculation! To re-start the calculation - run clear
Molecule 81 of 339 ( 23 percent done )
/home/voovrat/460GB/Development/MolDB/Projects/Clusters/Methods/c0c1c2c4c5c6/QM/367884A61CF444A2057115C080A48453
abinit c0c1c2c4c5c6 T
energy.dat exists! skiping the calculation! To re-start the calculation - run clear
Molecule 82 of 339 ( 24 percent done )
/home/voovrat/460GB/Development/MolDB/Projects/Clusters/Methods/c0c1c3c4c5c6/QM/4BDECAB4BFCD7939BDC09AC9ABB64C31
abinit c0c1c3c4c5c6 F
energy.dat exists! skiping the calculation! To re-start the calculation - run clear
Molecule 83 of 339 ( 24 percent done )
/home/voovrat/460GB/Development/MolDB/Projects/Clusters/Methods/c1c2c3c4c5c6/QM/C189BAB81DA948A691859579F97D19D3
abinit c1c2c3c4c5c6 T
energy.dat exists! skiping the calculation! To re-start the calculation - run clear
Molecule 84 of 339 ( 24 percent done )
/home/voovrat/460GB/Development/MolDB/Projects/Clusters/Methods/c0c1c2c3c4c5c6/QM/D22F949A012A289DBDCBC8BDE4B51686
abinit c0c1c2c3c4c5c6 F
energy.dat exists! skiping the calculation! To re-start the calculation - run clear
Molecule 85 of 339 ( 25 percent done )
/home/voovrat/460GB/Development/MolDB/Projects/Clusters/Methods/c1/QM/328DA9A8E84519B52FB51C4543D08138
nwchem c1 T
energy.dat exists! skiping the calculation! To re-start the calculation - run clear
Molecule 86 of 339 ( 25 percent done )
/home/voovrat/460GB/Development/MolDB/Projects/Clusters/Methods/c2/QM/38EC36FC7E07F1D918BF7F19905B307B
nwchem c2 F
energy.dat exists! skiping the calculation! To re-start the calculation - run clear
Molecule 87 of 339 ( 25 percent done )
/home/voovrat/460GB/Development/MolDB/Projects/Clusters/Methods/c4/QM/D0AC7665AF09618B67443E687ED041D4
nwchem c4 T
energy.dat exists! skiping the calculation! To re-start the calculation - run clear
Molecule 88 of 339 ( 25 percent done )
/home/voovrat/460GB/Development/MolDB/Projects/Clusters/Methods/c5/QM/950D094B9CB32F31FEB5DC063E8B559C
nwchem c5 F
energy.dat exists! skiping the calculation! To re-start the calculation - run clear
Molecule 89 of 339 ( 26 percent done )
/home/voovrat/460GB/Development/MolDB/Projects/Clusters/Methods/c0c1/QM/D406F57285F0253D2EA58BFF155FB35F
nwchem c0c1 T
energy.dat exists! skiping the calculation! To re-start the calculation - run clear
Molecule 90 of 339 ( 26 percent done )
/home/voovrat/460GB/Development/MolDB/Projects/Clusters/Methods/c0c2/QM/18A70890E20CB1B0D1454998C0971358
nwchem c0c2 F
energy.dat exists! skiping the calculation! To re-start the calculation - run clear
Molecule 91 of 339 ( 26 percent done )
/home/voovrat/460GB/Development/MolDB/Projects/Clusters/Methods/c0c3/QM/B92A3A3A86BC1E3402836692A4B3E6B5
nwchem c0c3 T
energy.dat exists! skiping the calculation! To re-start the calculation - run clear
Molecule 92 of 339 ( 27 percent done )
/home/voovrat/460GB/Development/MolDB/Projects/Clusters/Methods/c1c3/QM/20704FFA7A23CC0A2B2421E1F37045C5
nwchem c1c3 F
energy.dat exists! skiping the calculation! To re-start the calculation - run clear
Molecule 93 of 339 ( 27 percent done )
/home/voovrat/460GB/Development/MolDB/Projects/Clusters/Methods/c0c4/QM/B10A0956247686D7227A3E0C7D849200
nwchem c0c4 T
energy.dat exists! skiping the calculation! To re-start the calculation - run clear
Molecule 94 of 339 ( 27 percent done )
/home/voovrat/460GB/Development/MolDB/Projects/Clusters/Methods/c1c4/QM/22287793FE396FF2F3A8985E64564B3F
nwchem c1c4 F
energy.dat exists! skiping the calculation! To re-start the calculation - run clear
Molecule 95 of 339 ( 28 percent done )
/home/voovrat/460GB/Development/MolDB/Projects/Clusters/Methods/c3c4/QM/5E6D4F83D28AC412C947ED53C4F628A4
nwchem c3c4 T
energy.dat exists! skiping the calculation! To re-start the calculation - run clear
Molecule 96 of 339 ( 28 percent done )
/home/voovrat/460GB/Development/MolDB/Projects/Clusters/Methods/c0c5/QM/E22DFA48BDC7CF18C4BCE7E21E1C17C6
nwchem c0c5 F
energy.dat exists! skiping the calculation! To re-start the calculation - run clear
Molecule 97 of 339 ( 28 percent done )
/home/voovrat/460GB/Development/MolDB/Projects/Clusters/Methods/c2c5/QM/7C5EF1E003CEE66420EAB96C372B354C
nwchem c2c5 T
energy.dat exists! skiping the calculation! To re-start the calculation - run clear
Molecule 98 of 339 ( 28 percent done )
/home/voovrat/460GB/Development/MolDB/Projects/Clusters/Methods/c3c5/QM/747C012FEF8584423DC25F6E4E13B158
nwchem c3c5 F
energy.dat exists! skiping the calculation! To re-start the calculation - run clear
Molecule 99 of 339 ( 29 percent done )
/home/voovrat/460GB/Development/MolDB/Projects/Clusters/Methods/c0c6/QM/9117329C15D136F7240450E79C135329
nwchem c0c6 T
energy.dat exists! skiping the calculation! To re-start the calculation - run clear
Molecule 100 of 339 ( 29 percent done )
/home/voovrat/460GB/Development/MolDB/Projects/Clusters/Methods/c1c6/QM/4AEC6F6CE4DB059C5F69DCF33302AA27
nwchem c1c6 F
energy.dat exists! skiping the calculation! To re-start the calculation - run clear
Molecule 101 of 339 ( 29 percent done )
/home/voovrat/460GB/Development/MolDB/Projects/Clusters/Methods/c3c6/QM/7A02B27F7DA618AF697D425806D19905
nwchem c3c6 T
energy.dat exists! skiping the calculation! To re-start the calculation - run clear
Molecule 102 of 339 ( 30 percent done )
/home/voovrat/460GB/Development/MolDB/Projects/Clusters/Methods/c4c6/QM/3FBA8945F4CA62FA98752367012A53B3
nwchem c4c6 F
energy.dat exists! skiping the calculation! To re-start the calculation - run clear
Molecule 103 of 339 ( 30 percent done )
/home/voovrat/460GB/Development/MolDB/Projects/Clusters/Methods/c0c1c2/QM/55339D66485F2DD083903FC64BABC137
nwchem c0c1c2 T
energy.dat exists! skiping the calculation! To re-start the calculation - run clear
Molecule 104 of 339 ( 30 percent done )
/home/voovrat/460GB/Development/MolDB/Projects/Clusters/Methods/c0c1c3/QM/80B23EC42E85CA7454E0923C7A950CF3
nwchem c0c1c3 F
energy.dat exists! skiping the calculation! To re-start the calculation - run clear
Molecule 105 of 339 ( 30 percent done )
/home/voovrat/460GB/Development/MolDB/Projects/Clusters/Methods/c1c2c3/QM/A3212125CAB9576E11C63A280ABBD94B
nwchem c1c2c3 T
energy.dat exists! skiping the calculation! To re-start the calculation - run clear
Molecule 106 of 339 ( 31 percent done )
/home/voovrat/460GB/Development/MolDB/Projects/Clusters/Methods/c0c1c4/QM/845A1CEC6F821D8BCE67037324A1B5A2
nwchem c0c1c4 F
energy.dat exists! skiping the calculation! To re-start the calculation - run clear
Molecule 107 of 339 ( 31 percent done )
/home/voovrat/460GB/Development/MolDB/Projects/Clusters/Methods/c1c2c4/QM/24FE8C7758C754EC72D40F75C8D54851
nwchem c1c2c4 T
energy.dat exists! skiping the calculation! To re-start the calculation - run clear
Molecule 108 of 339 ( 31 percent done )
/home/voovrat/460GB/Development/MolDB/Projects/Clusters/Methods/c0c3c4/QM/8A8D7F103B52A99C0E0519F240F19EAF
nwchem c0c3c4 F
energy.dat exists! skiping the calculation! To re-start the calculation - run clear
Molecule 109 of 339 ( 32 percent done )
/home/voovrat/460GB/Development/MolDB/Projects/Clusters/Methods/c2c3c4/QM/31F4FD8008EFBDC742E070FED41A7178
nwchem c2c3c4 T
energy.dat exists! skiping the calculation! To re-start the calculation - run clear
Molecule 110 of 339 ( 32 percent done )
/home/voovrat/460GB/Development/MolDB/Projects/Clusters/Methods/c0c1c5/QM/874DE80113969ECDBAEC49A06715210D
nwchem c0c1c5 F
energy.dat exists! skiping the calculation! To re-start the calculation - run clear
Molecule 111 of 339 ( 32 percent done )
/home/voovrat/460GB/Development/MolDB/Projects/Clusters/Methods/c1c2c5/QM/C274F3406307179C4ECC8726B36D2521
nwchem c1c2c5 T
energy.dat exists! skiping the calculation! To re-start the calculation - run clear
Molecule 112 of 339 ( 33 percent done )
/home/voovrat/460GB/Development/MolDB/Projects/Clusters/Methods/c0c3c5/QM/AD9DFA2FC46851ABFFB8BC94E21C9B64
nwchem c0c3c5 F
energy.dat exists! skiping the calculation! To re-start the calculation - run clear
Molecule 113 of 339 ( 33 percent done )
/home/voovrat/460GB/Development/MolDB/Projects/Clusters/Methods/c2c3c5/QM/BF59AC0A0E1662D8C70C0AA6B2A52D5C
nwchem c2c3c5 T
energy.dat exists! skiping the calculation! To re-start the calculation - run clear
Molecule 114 of 339 ( 33 percent done )
/home/voovrat/460GB/Development/MolDB/Projects/Clusters/Methods/c0c4c5/QM/664A23D2AF0A580FB2ACF5A5B94AC944
nwchem c0c4c5 F
energy.dat exists! skiping the calculation! To re-start the calculation - run clear
Molecule 115 of 339 ( 33 percent done )
/home/voovrat/460GB/Development/MolDB/Projects/Clusters/Methods/c2c4c5/QM/8017F4A651E51EBEEDE434A7C91E0CA0
nwchem c2c4c5 T
energy.dat exists! skiping the calculation! To re-start the calculation - run clear
Molecule 116 of 339 ( 34 percent done )
/home/voovrat/460GB/Development/MolDB/Projects/Clusters/Methods/c3c4c5/QM/4DCEB310A1BF9719698F212651183FB6
nwchem c3c4c5 F
energy.dat exists! skiping the calculation! To re-start the calculation - run clear
Molecule 117 of 339 ( 34 percent done )
/home/voovrat/460GB/Development/MolDB/Projects/Clusters/Methods/c0c2c6/QM/C6948F752658EC07E9E11FF18BACB742
nwchem c0c2c6 T
energy.dat exists! skiping the calculation! To re-start the calculation - run clear
Molecule 118 of 339 ( 34 percent done )
/home/voovrat/460GB/Development/MolDB/Projects/Clusters/Methods/c1c2c6/QM/6B1588D2D27D62906A62381606CF219E
nwchem c1c2c6 F
energy.dat exists! skiping the calculation! To re-start the calculation - run clear
Molecule 119 of 339 ( 35 percent done )
/home/voovrat/460GB/Development/MolDB/Projects/Clusters/Methods/c1c3c6/QM/CCB99E703E96181F8D910205107497CD
nwchem c1c3c6 T
energy.dat exists! skiping the calculation! To re-start the calculation - run clear
Molecule 120 of 339 ( 35 percent done )
/home/voovrat/460GB/Development/MolDB/Projects/Clusters/Methods/c2c3c6/QM/EEBF647E752F27A7129272B5E5184F82
nwchem c2c3c6 F
energy.dat exists! skiping the calculation! To re-start the calculation - run clear
Molecule 121 of 339 ( 35 percent done )
/home/voovrat/460GB/Development/MolDB/Projects/Clusters/Methods/c1c4c6/QM/FAB5F9EB9C0F4B6526A0D9AB86B0DE20
nwchem c1c4c6 T
energy.dat exists! skiping the calculation! To re-start the calculation - run clear
Molecule 122 of 339 ( 35 percent done )
/home/voovrat/460GB/Development/MolDB/Projects/Clusters/Methods/c2c4c6/QM/98DFFCB0FE43C546DB2DBC8AC3E60BF1
nwchem c2c4c6 F
energy.dat exists! skiping the calculation! To re-start the calculation - run clear
Molecule 123 of 339 ( 36 percent done )
/home/voovrat/460GB/Development/MolDB/Projects/Clusters/Methods/c0c5c6/QM/F12E5A943FF9338D7AA508E9E0A4B052
nwchem c0c5c6 T
energy.dat exists! skiping the calculation! To re-start the calculation - run clear
Molecule 124 of 339 ( 36 percent done )
/home/voovrat/460GB/Development/MolDB/Projects/Clusters/Methods/c1c5c6/QM/22FA00248027886282A7C1621FFD0B71
nwchem c1c5c6 F
energy.dat exists! skiping the calculation! To re-start the calculation - run clear
Molecule 125 of 339 ( 36 percent done )
/home/voovrat/460GB/Development/MolDB/Projects/Clusters/Methods/c3c5c6/QM/6D012A0730EA363871903F7C70DD3A3E
nwchem c3c5c6 T
energy.dat exists! skiping the calculation! To re-start the calculation - run clear
Molecule 126 of 339 ( 37 percent done )
/home/voovrat/460GB/Development/MolDB/Projects/Clusters/Methods/c4c5c6/QM/F0F6AB202AF75981C4E298FB4D0F2F7B
nwchem c4c5c6 F
energy.dat exists! skiping the calculation! To re-start the calculation - run clear
Molecule 127 of 339 ( 37 percent done )
/home/voovrat/460GB/Development/MolDB/Projects/Clusters/Methods/c0c1c2c4/QM/578FD916DD3B95E628D9F9B8FF9DA642
nwchem c0c1c2c4 T
energy.dat exists! skiping the calculation! To re-start the calculation - run clear
Molecule 128 of 339 ( 37 percent done )
/home/voovrat/460GB/Development/MolDB/Projects/Clusters/Methods/c0c1c3c4/QM/DF1D269742BC5CF2CCFCAEBA759B92B2
nwchem c0c1c3c4 F
energy.dat exists! skiping the calculation! To re-start the calculation - run clear
Molecule 129 of 339 ( 38 percent done )
/home/voovrat/460GB/Development/MolDB/Projects/Clusters/Methods/c1c2c3c4/QM/59580B2C5BBBDDFA5494F6468477FA93
nwchem c1c2c3c4 T
energy.dat exists! skiping the calculation! To re-start the calculation - run clear
Molecule 130 of 339 ( 38 percent done )
/home/voovrat/460GB/Development/MolDB/Projects/Clusters/Methods/c0c1c2c5/QM/4095652D58D3B7D270455CF7371539F7
nwchem c0c1c2c5 F
energy.dat exists! skiping the calculation! To re-start the calculation - run clear
Molecule 131 of 339 ( 38 percent done )
/home/voovrat/460GB/Development/MolDB/Projects/Clusters/Methods/c0c2c3c5/QM/AF29F26ABBCDCE8B76EC95D36E1CAFBD
nwchem c0c2c3c5 T
energy.dat exists! skiping the calculation! To re-start the calculation - run clear
Molecule 132 of 339 ( 38 percent done )
/home/voovrat/460GB/Development/MolDB/Projects/Clusters/Methods/c1c2c3c5/QM/88F9A82CB9A80C56D98E027A8D78E3C7
nwchem c1c2c3c5 F
energy.dat exists! skiping the calculation! To re-start the calculation - run clear
Molecule 133 of 339 ( 39 percent done )
/home/voovrat/460GB/Development/MolDB/Projects/Clusters/Methods/c0c2c4c5/QM/81D94749FC3E86B139636A1566882005
nwchem c0c2c4c5 T
energy.dat exists! skiping the calculation! To re-start the calculation - run clear
Molecule 134 of 339 ( 39 percent done )
/home/voovrat/460GB/Development/MolDB/Projects/Clusters/Methods/c1c2c4c5/QM/E3A3B19B070659FADED297CEE3D62038
nwchem c1c2c4c5 F
energy.dat exists! skiping the calculation! To re-start the calculation - run clear
Molecule 135 of 339 ( 39 percent done )
/home/voovrat/460GB/Development/MolDB/Projects/Clusters/Methods/c1c3c4c5/QM/ADB87885A3AD57A800C4E6536E00AA45
nwchem c1c3c4c5 T
energy.dat exists! skiping the calculation! To re-start the calculation - run clear
Molecule 136 of 339 ( 40 percent done )
/home/voovrat/460GB/Development/MolDB/Projects/Clusters/Methods/c2c3c4c5/QM/03119406A32C79E80BAAB45E831AE646
nwchem c2c3c4c5 F
energy.dat exists! skiping the calculation! To re-start the calculation - run clear
Molecule 137 of 339 ( 40 percent done )
/home/voovrat/460GB/Development/MolDB/Projects/Clusters/Methods/c0c1c3c6/QM/C1B128845502B6E797829FEF898A9344
nwchem c0c1c3c6 T
energy.dat exists! skiping the calculation! To re-start the calculation - run clear
Molecule 138 of 339 ( 40 percent done )
/home/voovrat/460GB/Development/MolDB/Projects/Clusters/Methods/c0c2c3c6/QM/7BE7CF0DCB31EC0BDCC06FEBFED2FD96
nwchem c0c2c3c6 F
energy.dat exists! skiping the calculation! To re-start the calculation - run clear
Molecule 139 of 339 ( 41 percent done )
/home/voovrat/460GB/Development/MolDB/Projects/Clusters/Methods/c0c1c4c6/QM/F78102033C5A9999B013F0EAD3CD4148
nwchem c0c1c4c6 T
energy.dat exists! skiping the calculation! To re-start the calculation - run clear
Molecule 140 of 339 ( 41 percent done )
/home/voovrat/460GB/Development/MolDB/Projects/Clusters/Methods/c0c2c4c6/QM/8002195A93A15DD553ED76C3E0BBC68D
nwchem c0c2c4c6 F
energy.dat exists! skiping the calculation! To re-start the calculation - run clear
Molecule 141 of 339 ( 41 percent done )
/home/voovrat/460GB/Development/MolDB/Projects/Clusters/Methods/c0c3c4c6/QM/96305B940F8906203B093B185E2A7716
nwchem c0c3c4c6 T
energy.dat exists! skiping the calculation! To re-start the calculation - run clear
Molecule 142 of 339 ( 41 percent done )
/home/voovrat/460GB/Development/MolDB/Projects/Clusters/Methods/c1c3c4c6/QM/90DE1BAEAFEE58574803BC7EE8F97339
nwchem c1c3c4c6 F
energy.dat exists! skiping the calculation! To re-start the calculation - run clear
Molecule 143 of 339 ( 42 percent done )
/home/voovrat/460GB/Development/MolDB/Projects/Clusters/Methods/c0c1c5c6/QM/F741C107CD96B8DD00E1765E206E64E0
nwchem c0c1c5c6 T
energy.dat exists! skiping the calculation! To re-start the calculation - run clear
Molecule 144 of 339 ( 42 percent done )
/home/voovrat/460GB/Development/MolDB/Projects/Clusters/Methods/c0c2c5c6/QM/684FCE4AC7927C783DFC89A8EDB86A10
nwchem c0c2c5c6 F
energy.dat exists! skiping the calculation! To re-start the calculation - run clear
Molecule 145 of 339 ( 42 percent done )
/home/voovrat/460GB/Development/MolDB/Projects/Clusters/Methods/c0c3c5c6/QM/7BB5FE9B7300A0C2C652DFC0967E7DFC
nwchem c0c3c5c6 T
energy.dat exists! skiping the calculation! To re-start the calculation - run clear
Molecule 146 of 339 ( 43 percent done )
/home/voovrat/460GB/Development/MolDB/Projects/Clusters/Methods/c1c3c5c6/QM/98D1B2AE84B12B0C4267DA4D3D44A343
nwchem c1c3c5c6 F
energy.dat exists! skiping the calculation! To re-start the calculation - run clear
Molecule 147 of 339 ( 43 percent done )
/home/voovrat/460GB/Development/MolDB/Projects/Clusters/Methods/c0c4c5c6/QM/61B8EDDEF1ECEE748A7B586663251EA9
nwchem c0c4c5c6 T
energy.dat exists! skiping the calculation! To re-start the calculation - run clear
Molecule 148 of 339 ( 43 percent done )
/home/voovrat/460GB/Development/MolDB/Projects/Clusters/Methods/c1c4c5c6/QM/0A7EC941C195FEF477428DB3FA1AC9EB
nwchem c1c4c5c6 F
energy.dat exists! skiping the calculation! To re-start the calculation - run clear
Molecule 149 of 339 ( 43 percent done )
/home/voovrat/460GB/Development/MolDB/Projects/Clusters/Methods/c3c4c5c6/QM/E55A002BE0A2AE61970A2F765F33DDDE
nwchem c3c4c5c6 T
energy.dat exists! skiping the calculation! To re-start the calculation - run clear
Molecule 150 of 339 ( 44 percent done )
/home/voovrat/460GB/Development/MolDB/Projects/Clusters/Methods/c0c1c2c3c4/QM/C3FD2E4D5B796CB4C7B33906B86F73E4
nwchem c0c1c2c3c4 F
energy.dat exists! skiping the calculation! To re-start the calculation - run clear
Molecule 151 of 339 ( 44 percent done )
/home/voovrat/460GB/Development/MolDB/Projects/Clusters/Methods/c0c1c2c4c5/QM/B8AA10FFE70F4BFF594A742DB158DBB3
nwchem c0c1c2c4c5 T
energy.dat exists! skiping the calculation! To re-start the calculation - run clear
Molecule 152 of 339 ( 44 percent done )
/home/voovrat/460GB/Development/MolDB/Projects/Clusters/Methods/c0c1c3c4c5/QM/081F7B2B6477922BEE27DA2DF084023E
nwchem c0c1c3c4c5 F
energy.dat exists! skiping the calculation! To re-start the calculation - run clear
Molecule 153 of 339 ( 45 percent done )
/home/voovrat/460GB/Development/MolDB/Projects/Clusters/Methods/c1c2c3c4c5/QM/9CA91A951A268DBA31531EB2AC04DCC6
nwchem c1c2c3c4c5 T
energy.dat exists! skiping the calculation! To re-start the calculation - run clear
Molecule 154 of 339 ( 45 percent done )
/home/voovrat/460GB/Development/MolDB/Projects/Clusters/Methods/c0c1c2c3c6/QM/5E13EA81693DC69D1746A056BB4FE037
nwchem c0c1c2c3c6 F
energy.dat exists! skiping the calculation! To re-start the calculation - run clear
Molecule 155 of 339 ( 45 percent done )
/home/voovrat/460GB/Development/MolDB/Projects/Clusters/Methods/c0c1c3c4c6/QM/F0D9E372FA8A520B73CDBCF88FEF3400
nwchem c0c1c3c4c6 T
energy.dat exists! skiping the calculation! To re-start the calculation - run clear
Molecule 156 of 339 ( 46 percent done )
/home/voovrat/460GB/Development/MolDB/Projects/Clusters/Methods/c0c2c3c4c6/QM/9D3FD5B107DC932D52396DC92C282AA4
nwchem c0c2c3c4c6 F
energy.dat exists! skiping the calculation! To re-start the calculation - run clear
Molecule 157 of 339 ( 46 percent done )
/home/voovrat/460GB/Development/MolDB/Projects/Clusters/Methods/c0c1c2c5c6/QM/6411E50276A2493A72B4858D26D53175
nwchem c0c1c2c5c6 T
energy.dat exists! skiping the calculation! To re-start the calculation - run clear
Molecule 158 of 339 ( 46 percent done )
/home/voovrat/460GB/Development/MolDB/Projects/Clusters/Methods/c0c1c3c5c6/QM/86824422E48CFF8B0022C70D28E58F58
nwchem c0c1c3c5c6 F
energy.dat exists! skiping the calculation! To re-start the calculation - run clear
Molecule 159 of 339 ( 46 percent done )
/home/voovrat/460GB/Development/MolDB/Projects/Clusters/Methods/c1c2c3c5c6/QM/A895C906C80F9060648476EB634FF3B9
nwchem c1c2c3c5c6 T
energy.dat exists! skiping the calculation! To re-start the calculation - run clear
Molecule 160 of 339 ( 47 percent done )
/home/voovrat/460GB/Development/MolDB/Projects/Clusters/Methods/c0c1c4c5c6/QM/E18C77704236E670617E00C193BB6064
nwchem c0c1c4c5c6 F
energy.dat exists! skiping the calculation! To re-start the calculation - run clear
Molecule 161 of 339 ( 47 percent done )
/home/voovrat/460GB/Development/MolDB/Projects/Clusters/Methods/c1c2c4c5c6/QM/C4CD3961DFA899F835A2473BB1A68D5B
nwchem c1c2c4c5c6 T
energy.dat exists! skiping the calculation! To re-start the calculation - run clear
Molecule 162 of 339 ( 47 percent done )
/home/voovrat/460GB/Development/MolDB/Projects/Clusters/Methods/c0c3c4c5c6/QM/C80C0403856468F936709A2A9A536F27
nwchem c0c3c4c5c6 F
energy.dat exists! skiping the calculation! To re-start the calculation - run clear
Molecule 163 of 339 ( 48 percent done )
/home/voovrat/460GB/Development/MolDB/Projects/Clusters/Methods/c2c3c4c5c6/QM/7D4CEDCDD442C432D4856A6D427C5183
nwchem c2c3c4c5c6 T
energy.dat exists! skiping the calculation! To re-start the calculation - run clear
Molecule 164 of 339 ( 48 percent done )
/home/voovrat/460GB/Development/MolDB/Projects/Clusters/Methods/c0c1c2c3c4c5/QM/6C30F29FE0EC42FD9C96590D4CD88918
nwchem c0c1c2c3c4c5 F
energy.dat exists! skiping the calculation! To re-start the calculation - run clear
Molecule 165 of 339 ( 48 percent done )
/home/voovrat/460GB/Development/MolDB/Projects/Clusters/Methods/c0c1c2c3c5c6/QM/CB37419F2D9AE7F292FB8DBFFEA473BB
nwchem c0c1c2c3c5c6 T
energy.dat exists! skiping the calculation! To re-start the calculation - run clear
Molecule 166 of 339 ( 48 percent done )
/home/voovrat/460GB/Development/MolDB/Projects/Clusters/Methods/c0c1c2c4c5c6/QM/15F9C9F2236462A4D2F2FCE0C2290000
nwchem c0c1c2c4c5c6 F
energy.dat exists! skiping the calculation! To re-start the calculation - run clear
Molecule 167 of 339 ( 49 percent done )
/home/voovrat/460GB/Development/MolDB/Projects/Clusters/Methods/c0c2c3c4c5c6/QM/669EC5DDAEE7DCE8E95C99ABB9B4BD53
nwchem c0c2c3c4c5c6 T
energy.dat exists! skiping the calculation! To re-start the calculation - run clear
Molecule 168 of 339 ( 49 percent done )
/home/voovrat/460GB/Development/MolDB/Projects/Clusters/Methods/c1c2c3c4c5c6/QM/ADEFB34CAA67498AB1DDDF6B2E0CBF7A
nwchem c1c2c3c4c5c6 F
energy.dat exists! skiping the calculation! To re-start the calculation - run clear
Molecule 169 of 339 ( 49 percent done )
/home/voovrat/460GB/Development/MolDB/Projects/Clusters/Methods/c0/QM/E314A3D6C7D70478DBD305FE44B93BC8
lammps c0 T
energy.dat exists! skiping the calculation! To re-start the calculation - run clear
Molecule 170 of 339 ( 50 percent done )
/home/voovrat/460GB/Development/MolDB/Projects/Clusters/Methods/c1/QM/182C8FD45EC9320042DEAD9F80E71E01
lammps c1 F
energy.dat exists! skiping the calculation! To re-start the calculation - run clear
Molecule 171 of 339 ( 50 percent done )
/home/voovrat/460GB/Development/MolDB/Projects/Clusters/Methods/c3/QM/272D60B474B2EA5E79618DB26E2AF292
lammps c3 T
energy.dat exists! skiping the calculation! To re-start the calculation - run clear
Molecule 172 of 339 ( 50 percent done )
/home/voovrat/460GB/Development/MolDB/Projects/Clusters/Methods/c4/QM/756B6E00FED19795E30283478C690762
lammps c4 F
energy.dat exists! skiping the calculation! To re-start the calculation - run clear
Molecule 173 of 339 ( 51 percent done )
/home/voovrat/460GB/Development/MolDB/Projects/Clusters/Methods/c6/QM/F0909560ED06A7C02DE3135E6B4FA2D1
lammps c6 T
energy.dat exists! skiping the calculation! To re-start the calculation - run clear
Molecule 174 of 339 ( 51 percent done )
/home/voovrat/460GB/Development/MolDB/Projects/Clusters/Methods/c0c1/QM/890A8CE3AF47B96E39D2F5B7A750CA4C
lammps c0c1 F
energy.dat exists! skiping the calculation! To re-start the calculation - run clear
Molecule 175 of 339 ( 51 percent done )
/home/voovrat/460GB/Development/MolDB/Projects/Clusters/Methods/c1c2/QM/7FEDB8C9146A5AE2146DFEF0BCE3B734
lammps c1c2 T
energy.dat exists! skiping the calculation! To re-start the calculation - run clear
Molecule 176 of 339 ( 51 percent done )
/home/voovrat/460GB/Development/MolDB/Projects/Clusters/Methods/c0c3/QM/3600815CB045D1E78951A5807B300BE5
lammps c0c3 F
energy.dat exists! skiping the calculation! To re-start the calculation - run clear
Molecule 177 of 339 ( 52 percent done )
/home/voovrat/460GB/Development/MolDB/Projects/Clusters/Methods/c2c3/QM/4B4E7C77DE4710B6A7CE3DBDC3B15317
lammps c2c3 T
energy.dat exists! skiping the calculation! To re-start the calculation - run clear
Molecule 178 of 339 ( 52 percent done )
/home/voovrat/460GB/Development/MolDB/Projects/Clusters/Methods/c0c4/QM/B7FC8E4D58971274C6881DA8586DD688
lammps c0c4 F
energy.dat exists! skiping the calculation! To re-start the calculation - run clear
Molecule 179 of 339 ( 52 percent done )
/home/voovrat/460GB/Development/MolDB/Projects/Clusters/Methods/c2c4/QM/4553D669EE1791AE85027FB89FAD5BDA
lammps c2c4 T
energy.dat exists! skiping the calculation! To re-start the calculation - run clear
Molecule 180 of 339 ( 53 percent done )
/home/voovrat/460GB/Development/MolDB/Projects/Clusters/Methods/c3c4/QM/F32619288C7966E841DBD5BE59BBE9ED
lammps c3c4 F
energy.dat exists! skiping the calculation! To re-start the calculation - run clear
Molecule 181 of 339 ( 53 percent done )
/home/voovrat/460GB/Development/MolDB/Projects/Clusters/Methods/c1c5/QM/5A404EF2BDBFE20920BCFAC3FECCB96F
lammps c1c5 T
energy.dat exists! skiping the calculation! To re-start the calculation - run clear
Molecule 182 of 339 ( 53 percent done )
/home/voovrat/460GB/Development/MolDB/Projects/Clusters/Methods/c2c5/QM/554B6D17E96BB75140BF86EEDF04E3B9
lammps c2c5 F
energy.dat exists! skiping the calculation! To re-start the calculation - run clear
Molecule 183 of 339 ( 53 percent done )
/home/voovrat/460GB/Development/MolDB/Projects/Clusters/Methods/c4c5/QM/8A3AF3C86E92A6BD9CFCDF0F04E65805
lammps c4c5 T
energy.dat exists! skiping the calculation! To re-start the calculation - run clear
Molecule 184 of 339 ( 54 percent done )
/home/voovrat/460GB/Development/MolDB/Projects/Clusters/Methods/c0c6/QM/3920F77327648544F0389FC4C24F50A1
lammps c0c6 F
energy.dat exists! skiping the calculation! To re-start the calculation - run clear
Molecule 185 of 339 ( 54 percent done )
/home/voovrat/460GB/Development/MolDB/Projects/Clusters/Methods/c2c6/QM/3904B25B6309BED3618586CF75292BD3
lammps c2c6 T
energy.dat exists! skiping the calculation! To re-start the calculation - run clear
Molecule 186 of 339 ( 54 percent done )
/home/voovrat/460GB/Development/MolDB/Projects/Clusters/Methods/c3c6/QM/C59293D62FCCB069967FA543C730D747
lammps c3c6 F
energy.dat exists! skiping the calculation! To re-start the calculation - run clear
Molecule 187 of 339 ( 55 percent done )
/home/voovrat/460GB/Development/MolDB/Projects/Clusters/Methods/c5c6/QM/DA79D1B5C77CCC888CA8D48ACB3BDE0B
lammps c5c6 T
energy.dat exists! skiping the calculation! To re-start the calculation - run clear
Molecule 188 of 339 ( 55 percent done )
/home/voovrat/460GB/Development/MolDB/Projects/Clusters/Methods/c0c1c2/QM/C1CB2D3246F997263C45FDC407B64B22
lammps c0c1c2 F
energy.dat exists! skiping the calculation! To re-start the calculation - run clear
Molecule 189 of 339 ( 55 percent done )
/home/voovrat/460GB/Development/MolDB/Projects/Clusters/Methods/c0c2c3/QM/2F164C18AC3478DAB8E30D2AE8455681
lammps c0c2c3 T
energy.dat exists! skiping the calculation! To re-start the calculation - run clear
Molecule 190 of 339 ( 56 percent done )
/home/voovrat/460GB/Development/MolDB/Projects/Clusters/Methods/c1c2c3/QM/80FC34DDADB1C9F26D95B78C942B8F50
lammps c1c2c3 F
energy.dat exists! skiping the calculation! To re-start the calculation - run clear
Molecule 191 of 339 ( 56 percent done )
/home/voovrat/460GB/Development/MolDB/Projects/Clusters/Methods/c0c2c4/QM/756F6E4D37019B467DA47FA1947CC106
lammps c0c2c4 T
energy.dat exists! skiping the calculation! To re-start the calculation - run clear
Molecule 192 of 339 ( 56 percent done )
/home/voovrat/460GB/Development/MolDB/Projects/Clusters/Methods/c1c2c4/QM/0967BB072C7DFA4A569BC91F4A865A79
lammps c1c2c4 F
energy.dat exists! skiping the calculation! To re-start the calculation - run clear
Molecule 193 of 339 ( 56 percent done )
/home/voovrat/460GB/Development/MolDB/Projects/Clusters/Methods/c1c3c4/QM/9093B42E81A53B6DF3641B4230D7CB02
lammps c1c3c4 T
energy.dat exists! skiping the calculation! To re-start the calculation - run clear
Molecule 194 of 339 ( 57 percent done )
/home/voovrat/460GB/Development/MolDB/Projects/Clusters/Methods/c2c3c4/QM/8DCFAE0ED87614DB13A2CE3E938B0CB4
lammps c2c3c4 F
energy.dat exists! skiping the calculation! To re-start the calculation - run clear
Molecule 195 of 339 ( 57 percent done )
/home/voovrat/460GB/Development/MolDB/Projects/Clusters/Methods/c0c2c5/QM/D18E1A9201CC32F60483A3FD3A09CB02
lammps c0c2c5 T
energy.dat exists! skiping the calculation! To re-start the calculation - run clear
Molecule 196 of 339 ( 57 percent done )
/home/voovrat/460GB/Development/MolDB/Projects/Clusters/Methods/c1c2c5/QM/5F3FDC941C351EA880C552F52E4074C5
lammps c1c2c5 F
energy.dat exists! skiping the calculation! To re-start the calculation - run clear
Molecule 197 of 339 ( 58 percent done )
/home/voovrat/460GB/Development/MolDB/Projects/Clusters/Methods/c1c3c5/QM/007BCB880D485001A2B51B9A27667503
lammps c1c3c5 T
energy.dat exists! skiping the calculation! To re-start the calculation - run clear
Molecule 198 of 339 ( 58 percent done )
/home/voovrat/460GB/Development/MolDB/Projects/Clusters/Methods/c2c3c5/QM/B7ED1DE69A3A0BA587537F85440B89B9
lammps c2c3c5 F
energy.dat exists! skiping the calculation! To re-start the calculation - run clear
Molecule 199 of 339 ( 58 percent done )
/home/voovrat/460GB/Development/MolDB/Projects/Clusters/Methods/c1c4c5/QM/58CB9574A250C5561109DEDAD40695F7
lammps c1c4c5 T
energy.dat exists! skiping the calculation! To re-start the calculation - run clear
Molecule 200 of 339 ( 58 percent done )
/home/voovrat/460GB/Development/MolDB/Projects/Clusters/Methods/c2c4c5/QM/ED30161BA4A908E7330166AD7619BF59
lammps c2c4c5 F
energy.dat exists! skiping the calculation! To re-start the calculation - run clear
Molecule 201 of 339 ( 59 percent done )
/home/voovrat/460GB/Development/MolDB/Projects/Clusters/Methods/c0c1c6/QM/77A26440148F5D819E1285D035CB9EFD
lammps c0c1c6 T
energy.dat exists! skiping the calculation! To re-start the calculation - run clear
Molecule 202 of 339 ( 59 percent done )
/home/voovrat/460GB/Development/MolDB/Projects/Clusters/Methods/c0c2c6/QM/2878868448D16AD8D1306B3BA3E8FF89
lammps c0c2c6 F
energy.dat exists! skiping the calculation! To re-start the calculation - run clear
Molecule 203 of 339 ( 59 percent done )
/home/voovrat/460GB/Development/MolDB/Projects/Clusters/Methods/c0c3c6/QM/55BBE3EDABD8DC54BCB8E0284F3E1F81
lammps c0c3c6 T
energy.dat exists! skiping the calculation! To re-start the calculation - run clear
Molecule 204 of 339 ( 60 percent done )
/home/voovrat/460GB/Development/MolDB/Projects/Clusters/Methods/c1c3c6/QM/E9D61B7DBDEAC38B4AB588F180ACDEA8
lammps c1c3c6 F
energy.dat exists! skiping the calculation! To re-start the calculation - run clear
Molecule 205 of 339 ( 60 percent done )
/home/voovrat/460GB/Development/MolDB/Projects/Clusters/Methods/c0c4c6/QM/3EA37656464D413917B533C63FCDDCA5
lammps c0c4c6 T
energy.dat exists! skiping the calculation! To re-start the calculation - run clear
Molecule 206 of 339 ( 60 percent done )
/home/voovrat/460GB/Development/MolDB/Projects/Clusters/Methods/c1c4c6/QM/F94B5DC8FE1713B5617252BCE79B6719
lammps c1c4c6 F
energy.dat exists! skiping the calculation! To re-start the calculation - run clear
Molecule 207 of 339 ( 61 percent done )
/home/voovrat/460GB/Development/MolDB/Projects/Clusters/Methods/c3c4c6/QM/FA9A92B26952C1D2D0BBE9AA7C04410D
lammps c3c4c6 T
energy.dat exists! skiping the calculation! To re-start the calculation - run clear
Molecule 208 of 339 ( 61 percent done )
/home/voovrat/460GB/Development/MolDB/Projects/Clusters/Methods/c0c5c6/QM/8A3E08941AEFF132E8DC051F9DB134B8
lammps c0c5c6 F
energy.dat exists! skiping the calculation! To re-start the calculation - run clear
Molecule 209 of 339 ( 61 percent done )
/home/voovrat/460GB/Development/MolDB/Projects/Clusters/Methods/c2c5c6/QM/B49356D5D8EF2EDF40E025E7FDEF0D15
lammps c2c5c6 T
energy.dat exists! skiping the calculation! To re-start the calculation - run clear
Molecule 210 of 339 ( 61 percent done )
/home/voovrat/460GB/Development/MolDB/Projects/Clusters/Methods/c3c5c6/QM/16C9F07B29B3EA779662F7CFC820456A
lammps c3c5c6 F
energy.dat exists! skiping the calculation! To re-start the calculation - run clear
Molecule 211 of 339 ( 62 percent done )
/home/voovrat/460GB/Development/MolDB/Projects/Clusters/Methods/c0c1c2c3/QM/6C2A404960857646B74800348276EB8A
lammps c0c1c2c3 T
energy.dat exists! skiping the calculation! To re-start the calculation - run clear
Molecule 212 of 339 ( 62 percent done )
/home/voovrat/460GB/Development/MolDB/Projects/Clusters/Methods/c0c1c2c4/QM/A6F86DB29BB4BEDEB04CC6C33C612FF4
lammps c0c1c2c4 F
energy.dat exists! skiping the calculation! To re-start the calculation - run clear
Molecule 213 of 339 ( 62 percent done )
/home/voovrat/460GB/Development/MolDB/Projects/Clusters/Methods/c0c2c3c4/QM/8DEDD80BA08C881ED6414DFD140A2EA1
lammps c0c2c3c4 T
energy.dat exists! skiping the calculation! To re-start the calculation - run clear
Molecule 214 of 339 ( 63 percent done )
/home/voovrat/460GB/Development/MolDB/Projects/Clusters/Methods/c1c2c3c4/QM/FAC49707FD1E1DB356FD37DD2154A895
lammps c1c2c3c4 F
energy.dat exists! skiping the calculation! To re-start the calculation - run clear
Molecule 215 of 339 ( 63 percent done )
/home/voovrat/460GB/Development/MolDB/Projects/Clusters/Methods/c0c1c3c5/QM/30B45F1E3EEA54611E8C6FE0FC4A3D98
lammps c0c1c3c5 T
energy.dat exists! skiping the calculation! To re-start the calculation - run clear
Molecule 216 of 339 ( 63 percent done )
/home/voovrat/460GB/Development/MolDB/Projects/Clusters/Methods/c0c2c3c5/QM/E3C36F7C7A191C0E13B01D908EFE63B5
lammps c0c2c3c5 F
energy.dat exists! skiping the calculation! To re-start the calculation - run clear
Molecule 217 of 339 ( 64 percent done )
/home/voovrat/460GB/Development/MolDB/Projects/Clusters/Methods/c0c1c4c5/QM/A69EA5D1DF650A3F70E47952EC78F48E
lammps c0c1c4c5 T
energy.dat exists! skiping the calculation! To re-start the calculation - run clear
Molecule 218 of 339 ( 64 percent done )
/home/voovrat/460GB/Development/MolDB/Projects/Clusters/Methods/c0c2c4c5/QM/CBDAFBEE4646891A94E893AA38A78B46
lammps c0c2c4c5 F
energy.dat exists! skiping the calculation! To re-start the calculation - run clear
Molecule 219 of 339 ( 64 percent done )
/home/voovrat/460GB/Development/MolDB/Projects/Clusters/Methods/c0c3c4c5/QM/DA75B0C3DF8744D1B109FA592F91D59B
lammps c0c3c4c5 T
energy.dat exists! skiping the calculation! To re-start the calculation - run clear
Molecule 220 of 339 ( 64 percent done )
/home/voovrat/460GB/Development/MolDB/Projects/Clusters/Methods/c1c3c4c5/QM/FBE51B47775B6BA8255C80F74F548BE6
lammps c1c3c4c5 F
energy.dat exists! skiping the calculation! To re-start the calculation - run clear
Molecule 221 of 339 ( 65 percent done )
/home/voovrat/460GB/Development/MolDB/Projects/Clusters/Methods/c0c1c2c6/QM/A36DCC2C5612DED678974419EF7AFAC7
lammps c0c1c2c6 T
energy.dat exists! skiping the calculation! To re-start the calculation - run clear
Molecule 222 of 339 ( 65 percent done )
/home/voovrat/460GB/Development/MolDB/Projects/Clusters/Methods/c0c1c3c6/QM/DCDAE687F913A3EE51872BF30D7760B5
lammps c0c1c3c6 F
energy.dat exists! skiping the calculation! To re-start the calculation - run clear
Molecule 223 of 339 ( 65 percent done )
/home/voovrat/460GB/Development/MolDB/Projects/Clusters/Methods/c1c2c3c6/QM/995F66004EE17B9FD7F844DD00E1300A
lammps c1c2c3c6 T
energy.dat exists! skiping the calculation! To re-start the calculation - run clear
Molecule 224 of 339 ( 66 percent done )
/home/voovrat/460GB/Development/MolDB/Projects/Clusters/Methods/c0c1c4c6/QM/CE701BC5321BEBA8CDCDD369310ED458
lammps c0c1c4c6 F
energy.dat exists! skiping the calculation! To re-start the calculation - run clear
Molecule 225 of 339 ( 66 percent done )
/home/voovrat/460GB/Development/MolDB/Projects/Clusters/Methods/c1c2c4c6/QM/7CB4D106960F7B32AF7CAFF76967E1B3
lammps c1c2c4c6 T
energy.dat exists! skiping the calculation! To re-start the calculation - run clear
Molecule 226 of 339 ( 66 percent done )
/home/voovrat/460GB/Development/MolDB/Projects/Clusters/Methods/c0c3c4c6/QM/3BC8F990DC72C9614EEFBA63859400C0
lammps c0c3c4c6 F
energy.dat exists! skiping the calculation! To re-start the calculation - run clear
Molecule 227 of 339 ( 66 percent done )
/home/voovrat/460GB/Development/MolDB/Projects/Clusters/Methods/c2c3c4c6/QM/CA317E31C30B62E25F015D6E563E25D3
lammps c2c3c4c6 T
energy.dat exists! skiping the calculation! To re-start the calculation - run clear
Molecule 228 of 339 ( 67 percent done )
/home/voovrat/460GB/Development/MolDB/Projects/Clusters/Methods/c0c1c5c6/QM/114252BD1B50AF09C9F7AB11500285AB
lammps c0c1c5c6 F
energy.dat exists! skiping the calculation! To re-start the calculation - run clear
Molecule 229 of 339 ( 67 percent done )
/home/voovrat/460GB/Development/MolDB/Projects/Clusters/Methods/c1c2c5c6/QM/55F8228AB7AFC6CB488540CEEC745361
lammps c1c2c5c6 T
energy.dat exists! skiping the calculation! To re-start the calculation - run clear
Molecule 230 of 339 ( 67 percent done )
/home/voovrat/460GB/Development/MolDB/Projects/Clusters/Methods/c0c3c5c6/QM/CA2FBDF58734916EF6D480FDE23742DC
lammps c0c3c5c6 F
energy.dat exists! skiping the calculation! To re-start the calculation - run clear
Molecule 231 of 339 ( 68 percent done )
/home/voovrat/460GB/Development/MolDB/Projects/Clusters/Methods/c2c3c5c6/QM/13DD52E410028250A346378A22490034
lammps c2c3c5c6 T
energy.dat exists! skiping the calculation! To re-start the calculation - run clear
Molecule 232 of 339 ( 68 percent done )
/home/voovrat/460GB/Development/MolDB/Projects/Clusters/Methods/c0c4c5c6/QM/B74BF4CC26D72637E607C8DDAC650126
lammps c0c4c5c6 F
energy.dat exists! skiping the calculation! To re-start the calculation - run clear
Molecule 233 of 339 ( 68 percent done )
/home/voovrat/460GB/Development/MolDB/Projects/Clusters/Methods/c2c4c5c6/QM/B47391DBDC4D6D517C98E9985FCAAA6F
lammps c2c4c5c6 T
energy.dat exists! skiping the calculation! To re-start the calculation - run clear
Molecule 234 of 339 ( 69 percent done )
/home/voovrat/460GB/Development/MolDB/Projects/Clusters/Methods/c3c4c5c6/QM/FCA1D0499BC8BDF764B4B7A9187F7595
lammps c3c4c5c6 F
energy.dat exists! skiping the calculation! To re-start the calculation - run clear
Molecule 235 of 339 ( 69 percent done )
/home/voovrat/460GB/Development/MolDB/Projects/Clusters/Methods/c0c1c2c3c5/QM/7293C2EFD4CF49D13CA13B72101EAF8A
lammps c0c1c2c3c5 T
energy.dat exists! skiping the calculation! To re-start the calculation - run clear
Molecule 236 of 339 ( 69 percent done )
/home/voovrat/460GB/Development/MolDB/Projects/Clusters/Methods/c0c1c2c4c5/QM/B8F046A9BD728327E4CAAF1D9E9B065D
lammps c0c1c2c4c5 F
energy.dat exists! skiping the calculation! To re-start the calculation - run clear
Molecule 237 of 339 ( 69 percent done )
/home/voovrat/460GB/Development/MolDB/Projects/Clusters/Methods/c0c2c3c4c5/QM/EE552F44A59FD9E63F2FC5B48626788E
lammps c0c2c3c4c5 T
energy.dat exists! skiping the calculation! To re-start the calculation - run clear
Molecule 238 of 339 ( 70 percent done )
/home/voovrat/460GB/Development/MolDB/Projects/Clusters/Methods/c1c2c3c4c5/QM/9DD9606D9431AD7530D338D7F555D843
lammps c1c2c3c4c5 F
energy.dat exists! skiping the calculation! To re-start the calculation - run clear
Molecule 239 of 339 ( 70 percent done )
/home/voovrat/460GB/Development/MolDB/Projects/Clusters/Methods/c0c1c2c4c6/QM/7CC436D6A1DD63DDDCC71EF5F5B3602B
lammps c0c1c2c4c6 T
energy.dat exists! skiping the calculation! To re-start the calculation - run clear
Molecule 240 of 339 ( 70 percent done )
/home/voovrat/460GB/Development/MolDB/Projects/Clusters/Methods/c0c1c3c4c6/QM/57313BAFA6DA92B946F10129BD7721D3
lammps c0c1c3c4c6 F
energy.dat exists! skiping the calculation! To re-start the calculation - run clear
Molecule 241 of 339 ( 71 percent done )
/home/voovrat/460GB/Development/MolDB/Projects/Clusters/Methods/c1c2c3c4c6/QM/8A9B12AE306070DFFA49814D6809E569
lammps c1c2c3c4c6 T
energy.dat exists! skiping the calculation! To re-start the calculation - run clear
Molecule 242 of 339 ( 71 percent done )
/home/voovrat/460GB/Development/MolDB/Projects/Clusters/Methods/c0c1c2c5c6/QM/7CEF92548A23FBCC185F5814A8CD0B61
lammps c0c1c2c5c6 F
energy.dat exists! skiping the calculation! To re-start the calculation - run clear
Molecule 243 of 339 ( 71 percent done )
/home/voovrat/460GB/Development/MolDB/Projects/Clusters/Methods/c0c2c3c5c6/QM/76A90821CC9C65C2DBFF3CCD6FBF7061
lammps c0c2c3c5c6 T
energy.dat exists! skiping the calculation! To re-start the calculation - run clear
Molecule 244 of 339 ( 71 percent done )
/home/voovrat/460GB/Development/MolDB/Projects/Clusters/Methods/c1c2c3c5c6/QM/E6C7AFC4C8662F2FA288BC8BB97CE809
lammps c1c2c3c5c6 F
energy.dat exists! skiping the calculation! To re-start the calculation - run clear
Molecule 245 of 339 ( 72 percent done )
/home/voovrat/460GB/Development/MolDB/Projects/Clusters/Methods/c0c2c4c5c6/QM/70C59189B8D4860B1ADE5B7576D2EC0B
lammps c0c2c4c5c6 T
energy.dat exists! skiping the calculation! To re-start the calculation - run clear
Molecule 246 of 339 ( 72 percent done )
/home/voovrat/460GB/Development/MolDB/Projects/Clusters/Methods/c1c2c4c5c6/QM/F4D10216C27F574D5C30FA4C853E0759
lammps c1c2c4c5c6 F
energy.dat exists! skiping the calculation! To re-start the calculation - run clear
Molecule 247 of 339 ( 72 percent done )
/home/voovrat/460GB/Development/MolDB/Projects/Clusters/Methods/c1c3c4c5c6/QM/AD0B715EB626C636299BA76038AB4664
lammps c1c3c4c5c6 T
energy.dat exists! skiping the calculation! To re-start the calculation - run clear
Molecule 248 of 339 ( 73 percent done )
/home/voovrat/460GB/Development/MolDB/Projects/Clusters/Methods/c2c3c4c5c6/QM/0F17BDF8B1EFF66467C87AF795A8A856
lammps c2c3c4c5c6 F
energy.dat exists! skiping the calculation! To re-start the calculation - run clear
Molecule 249 of 339 ( 73 percent done )
/home/voovrat/460GB/Development/MolDB/Projects/Clusters/Methods/c0c1c2c3c4c6/QM/0F5FD50C6634F6CB595C9D24FD0912AD
lammps c0c1c2c3c4c6 T
energy.dat exists! skiping the calculation! To re-start the calculation - run clear
Molecule 250 of 339 ( 73 percent done )
/home/voovrat/460GB/Development/MolDB/Projects/Clusters/Methods/c0c1c2c3c5c6/QM/B102416FDDE2AB9D065CC0C0CE89E3AB
lammps c0c1c2c3c5c6 F
energy.dat exists! skiping the calculation! To re-start the calculation - run clear
Molecule 251 of 339 ( 74 percent done )
/home/voovrat/460GB/Development/MolDB/Projects/Clusters/Methods/c0c1c3c4c5c6/QM/64D70EDF3DBCEC9F15C8097135F64AE9
lammps c0c1c3c4c5c6 T
energy.dat exists! skiping the calculation! To re-start the calculation - run clear
Molecule 252 of 339 ( 74 percent done )
/home/voovrat/460GB/Development/MolDB/Projects/Clusters/Methods/c0c2c3c4c5c6/QM/751651DCE3E15B925B8BA31737E6A679
lammps c0c2c3c4c5c6 F
energy.dat exists! skiping the calculation! To re-start the calculation - run clear
Molecule 253 of 339 ( 74 percent done )
/home/voovrat/460GB/Development/MolDB/Projects/Clusters/Methods/c0c1c2c3c4c5c6/QM/10565F8F6E730B80516CAECEE7002C49
lammps c0c1c2c3c4c5c6 T
energy.dat exists! skiping the calculation! To re-start the calculation - run clear
Molecule 254 of 339 ( 74 percent done )
/home/voovrat/460GB/Development/MolDB/Projects/Clusters/Methods/c0/QM/3D82DEA8836B57C40EB2A9B1EDCE3789
abinit_neutral c0 F
energy.dat exists! skiping the calculation! To re-start the calculation - run clear
Molecule 255 of 339 ( 75 percent done )
/home/voovrat/460GB/Development/MolDB/Projects/Clusters/Methods/c2/QM/A361C881F127DC1F7FC5BE3FACEF2F90
abinit_neutral c2 T
energy.dat exists! skiping the calculation! To re-start the calculation - run clear
Molecule 256 of 339 ( 75 percent done )
/home/voovrat/460GB/Development/MolDB/Projects/Clusters/Methods/c3/QM/B0075572E28D19A97340F2F3C36593CF
abinit_neutral c3 F
energy.dat exists! skiping the calculation! To re-start the calculation - run clear
Molecule 257 of 339 ( 75 percent done )
/home/voovrat/460GB/Development/MolDB/Projects/Clusters/Methods/c5/QM/409E5D0BABBC78967E44D1076507A9C0
abinit_neutral c5 T
energy.dat exists! skiping the calculation! To re-start the calculation - run clear
Molecule 258 of 339 ( 76 percent done )
/home/voovrat/460GB/Development/MolDB/Projects/Clusters/Methods/c6/QM/725BD7E579A6D24CCD1A48B0E32E620E
abinit_neutral c6 F
energy.dat exists! skiping the calculation! To re-start the calculation - run clear
Molecule 259 of 339 ( 76 percent done )
/home/voovrat/460GB/Development/MolDB/Projects/Clusters/Methods/c0c2/QM/329DC1623B4BC8F29737669E7F482C01
abinit_neutral c0c2 T
energy.dat exists! skiping the calculation! To re-start the calculation - run clear
Molecule 260 of 339 ( 76 percent done )
/home/voovrat/460GB/Development/MolDB/Projects/Clusters/Methods/c1c2/QM/C8FE731BD1894D9FF89A2C9150AB6C93
abinit_neutral c1c2 F
energy.dat exists! skiping the calculation! To re-start the calculation - run clear
Molecule 261 of 339 ( 76 percent done )
/home/voovrat/460GB/Development/MolDB/Projects/Clusters/Methods/c1c3/QM/3E29A7382A497FBF82EBBAA451B95337
abinit_neutral c1c3 T
energy.dat exists! skiping the calculation! To re-start the calculation - run clear
Molecule 262 of 339 ( 77 percent done )
/home/voovrat/460GB/Development/MolDB/Projects/Clusters/Methods/c2c3/QM/4B2B19907D7E200BD5244894E221EAA8
abinit_neutral c2c3 F
energy.dat exists! skiping the calculation! To re-start the calculation - run clear
Molecule 263 of 339 ( 77 percent done )
/home/voovrat/460GB/Development/MolDB/Projects/Clusters/Methods/c1c4/QM/2663C30A80CB5FC1FB2FF125B42BC705
abinit_neutral c1c4 T
energy.dat exists! skiping the calculation! To re-start the calculation - run clear
Molecule 264 of 339 ( 77 percent done )
/home/voovrat/460GB/Development/MolDB/Projects/Clusters/Methods/c2c4/QM/AB22072B1AB709A5A2C96B1628F25D1E
abinit_neutral c2c4 F
energy.dat exists! skiping the calculation! To re-start the calculation - run clear
Molecule 265 of 339 ( 78 percent done )
/home/voovrat/460GB/Development/MolDB/Projects/Clusters/Methods/c0c5/QM/CEF296BB6E1FB3B9574527121836A9F5
abinit_neutral c0c5 T
energy.dat exists! skiping the calculation! To re-start the calculation - run clear
Molecule 266 of 339 ( 78 percent done )
/home/voovrat/460GB/Development/MolDB/Projects/Clusters/Methods/c1c5/QM/DFA5898C9FB94A18B400EFD354DF736F
abinit_neutral c1c5 F
energy.dat exists! skiping the calculation! To re-start the calculation - run clear
Molecule 267 of 339 ( 78 percent done )
/home/voovrat/460GB/Development/MolDB/Projects/Clusters/Methods/c3c5/QM/C1877B63779231A5C0AAFB68B1616665
abinit_neutral c3c5 T
energy.dat exists! skiping the calculation! To re-start the calculation - run clear
Molecule 268 of 339 ( 79 percent done )
/home/voovrat/460GB/Development/MolDB/Projects/Clusters/Methods/c4c5/QM/67304781C944C04F555225D19BB063D6
abinit_neutral c4c5 F
energy.dat exists! skiping the calculation! To re-start the calculation - run clear
Molecule 269 of 339 ( 79 percent done )
/home/voovrat/460GB/Development/MolDB/Projects/Clusters/Methods/c1c6/QM/52B1BACDAB5A155ACC7E33631771CC55
abinit_neutral c1c6 T
energy.dat exists! skiping the calculation! To re-start the calculation - run clear
Molecule 270 of 339 ( 79 percent done )
/home/voovrat/460GB/Development/MolDB/Projects/Clusters/Methods/c2c6/QM/121754704D42C377C4E25E417102F7E5
abinit_neutral c2c6 F
energy.dat exists! skiping the calculation! To re-start the calculation - run clear
Molecule 271 of 339 ( 79 percent done )
/home/voovrat/460GB/Development/MolDB/Projects/Clusters/Methods/c4c6/QM/938B845DDB29D545F570689B4ECD6FB6
abinit_neutral c4c6 T
energy.dat exists! skiping the calculation! To re-start the calculation - run clear
Molecule 272 of 339 ( 80 percent done )
/home/voovrat/460GB/Development/MolDB/Projects/Clusters/Methods/c5c6/QM/BE0FB937B27FC9612A41D2C8270B2DE3
abinit_neutral c5c6 F
energy.dat exists! skiping the calculation! To re-start the calculation - run clear
Molecule 273 of 339 ( 80 percent done )
/home/voovrat/460GB/Development/MolDB/Projects/Clusters/Methods/c0c1c3/QM/44AEEFB5A1C4A8E07E64347691B6E9E3
abinit_neutral c0c1c3 T
energy.dat exists! skiping the calculation! To re-start the calculation - run clear
Molecule 274 of 339 ( 80 percent done )
/home/voovrat/460GB/Development/MolDB/Projects/Clusters/Methods/c0c2c3/QM/325254D88C5393A5381E72BA46D8AC46
abinit_neutral c0c2c3 F
energy.dat exists! skiping the calculation! To re-start the calculation - run clear
Molecule 275 of 339 ( 81 percent done )
/home/voovrat/460GB/Development/MolDB/Projects/Clusters/Methods/c0c1c4/QM/306B3A77B24D85F53E5BB58EA2C206F8
abinit_neutral c0c1c4 T
energy.dat exists! skiping the calculation! To re-start the calculation - run clear
Molecule 276 of 339 ( 81 percent done )
/home/voovrat/460GB/Development/MolDB/Projects/Clusters/Methods/c0c2c4/QM/2709C70558A4949AAB6DCF24763B317D
abinit_neutral c0c2c4 F
energy.dat exists! skiping the calculation! To re-start the calculation - run clear
Molecule 277 of 339 ( 81 percent done )
/home/voovrat/460GB/Development/MolDB/Projects/Clusters/Methods/c0c3c4/QM/88A97EBF2E06F6EEAFA83E6215697287
abinit_neutral c0c3c4 T
energy.dat exists! skiping the calculation! To re-start the calculation - run clear
Molecule 278 of 339 ( 82 percent done )
/home/voovrat/460GB/Development/MolDB/Projects/Clusters/Methods/c1c3c4/QM/B8DF09CD25BF7A8942AA155A536D421E
abinit_neutral c1c3c4 F
energy.dat exists! skiping the calculation! To re-start the calculation - run clear
Molecule 279 of 339 ( 82 percent done )
/home/voovrat/460GB/Development/MolDB/Projects/Clusters/Methods/c0c1c5/QM/BD643B1CDED41A0A32640E8673DFC9C7
abinit_neutral c0c1c5 T
energy.dat exists! skiping the calculation! To re-start the calculation - run clear
Molecule 280 of 339 ( 82 percent done )
/home/voovrat/460GB/Development/MolDB/Projects/Clusters/Methods/c0c2c5/QM/F02F0E2FF8A2A7E4CE8289B98547CEA3
abinit_neutral c0c2c5 F
energy.dat exists! skiping the calculation! To re-start the calculation - run clear
Molecule 281 of 339 ( 82 percent done )
/home/voovrat/460GB/Development/MolDB/Projects/Clusters/Methods/c0c3c5/QM/4AF9CEC025DF6A90E7B81B354B199F00
abinit_neutral c0c3c5 T
energy.dat exists! skiping the calculation! To re-start the calculation - run clear
Molecule 282 of 339 ( 83 percent done )
/home/voovrat/460GB/Development/MolDB/Projects/Clusters/Methods/c1c3c5/QM/24A32E6AA33D72CF9C69D2633526FF97
abinit_neutral c1c3c5 F
energy.dat exists! skiping the calculation! To re-start the calculation - run clear
Molecule 283 of 339 ( 83 percent done )
/home/voovrat/460GB/Development/MolDB/Projects/Clusters/Methods/c0c4c5/QM/D809457F6033106A2AD72185A8A173CE
abinit_neutral c0c4c5 T
energy.dat exists! skiping the calculation! To re-start the calculation - run clear
Molecule 284 of 339 ( 83 percent done )
/home/voovrat/460GB/Development/MolDB/Projects/Clusters/Methods/c1c4c5/QM/95231AB0541362052203CE31B9EC152F
abinit_neutral c1c4c5 F
energy.dat exists! skiping the calculation! To re-start the calculation - run clear
Molecule 285 of 339 ( 84 percent done )
/home/voovrat/460GB/Development/MolDB/Projects/Clusters/Methods/c3c4c5/QM/9A8B33A00E36CFAA4BE7BB8FDA78A3BF
abinit_neutral c3c4c5 T
energy.dat exists! skiping the calculation! To re-start the calculation - run clear
Molecule 286 of 339 ( 84 percent done )
/home/voovrat/460GB/Development/MolDB/Projects/Clusters/Methods/c0c1c6/QM/CC1D207CFA63CA3A14BAC8F6B3CE6F74
abinit_neutral c0c1c6 F
energy.dat exists! skiping the calculation! To re-start the calculation - run clear
Molecule 287 of 339 ( 84 percent done )
/home/voovrat/460GB/Development/MolDB/Projects/Clusters/Methods/c1c2c6/QM/A971049DCC21AE3907F1222E0B17905E
abinit_neutral c1c2c6 T
energy.dat exists! skiping the calculation! To re-start the calculation - run clear
Molecule 288 of 339 ( 84 percent done )
/home/voovrat/460GB/Development/MolDB/Projects/Clusters/Methods/c0c3c6/QM/E538D6F65701723674D16DA3409C849D
abinit_neutral c0c3c6 F
energy.dat exists! skiping the calculation! To re-start the calculation - run clear
Molecule 289 of 339 ( 85 percent done )
/home/voovrat/460GB/Development/MolDB/Projects/Clusters/Methods/c2c3c6/QM/B243FCDFB268B42EF6AB6D0C979F2F74
abinit_neutral c2c3c6 T
energy.dat exists! skiping the calculation! To re-start the calculation - run clear
Molecule 290 of 339 ( 85 percent done )
/home/voovrat/460GB/Development/MolDB/Projects/Clusters/Methods/c0c4c6/QM/0249AF065913ACC2EFD5C9C20F3266A8
abinit_neutral c0c4c6 F
energy.dat exists! skiping the calculation! To re-start the calculation - run clear
Molecule 291 of 339 ( 85 percent done )
/home/voovrat/460GB/Development/MolDB/Projects/Clusters/Methods/c2c4c6/QM/B889D8759EF6079EFA113A6A51531922
abinit_neutral c2c4c6 T
energy.dat exists! skiping the calculation! To re-start the calculation - run clear
Molecule 292 of 339 ( 86 percent done )
/home/voovrat/460GB/Development/MolDB/Projects/Clusters/Methods/c3c4c6/QM/E4CF900764FD8440252DA2BF7647F7B0
abinit_neutral c3c4c6 F
energy.dat exists! skiping the calculation! To re-start the calculation - run clear
Molecule 293 of 339 ( 86 percent done )
/home/voovrat/460GB/Development/MolDB/Projects/Clusters/Methods/c1c5c6/QM/065360397F45C5A80C93DA37BE48672A
abinit_neutral c1c5c6 T
energy.dat exists! skiping the calculation! To re-start the calculation - run clear
Molecule 294 of 339 ( 86 percent done )
/home/voovrat/460GB/Development/MolDB/Projects/Clusters/Methods/c2c5c6/QM/C29025E9EC4E3A412923E8B01B0BB8C0
abinit_neutral c2c5c6 F
energy.dat exists! skiping the calculation! To re-start the calculation - run clear
Molecule 295 of 339 ( 87 percent done )
/home/voovrat/460GB/Development/MolDB/Projects/Clusters/Methods/c4c5c6/QM/BFE24E234494E0E8F4840EF58A2D3F15
abinit_neutral c4c5c6 T
energy.dat exists! skiping the calculation! To re-start the calculation - run clear
Molecule 296 of 339 ( 87 percent done )
/home/voovrat/460GB/Development/MolDB/Projects/Clusters/Methods/c0c1c2c3/QM/C401FD309506A13167A92549EE765D4E
abinit_neutral c0c1c2c3 F
energy.dat exists! skiping the calculation! To re-start the calculation - run clear
Molecule 297 of 339 ( 87 percent done )
/home/voovrat/460GB/Development/MolDB/Projects/Clusters/Methods/c0c1c3c4/QM/8E145821C8DF7F5CB747A3FA391F4F77
abinit_neutral c0c1c3c4 T
energy.dat exists! skiping the calculation! To re-start the calculation - run clear
Molecule 298 of 339 ( 87 percent done )
/home/voovrat/460GB/Development/MolDB/Projects/Clusters/Methods/c0c2c3c4/QM/3F1126F7427A2D81A93ECA98D16C5FE0
abinit_neutral c0c2c3c4 F
energy.dat exists! skiping the calculation! To re-start the calculation - run clear
Molecule 299 of 339 ( 88 percent done )
/home/voovrat/460GB/Development/MolDB/Projects/Clusters/Methods/c0c1c2c5/QM/9F556DB227CF5E041A2F30B3738B7CE2
abinit_neutral c0c1c2c5 T
energy.dat exists! skiping the calculation! To re-start the calculation - run clear
Molecule 300 of 339 ( 88 percent done )
/home/voovrat/460GB/Development/MolDB/Projects/Clusters/Methods/c0c1c3c5/QM/F0F57DD080D2580451C04F377F8A1FF8
abinit_neutral c0c1c3c5 F
energy.dat exists! skiping the calculation! To re-start the calculation - run clear
Molecule 301 of 339 ( 88 percent done )
/home/voovrat/460GB/Development/MolDB/Projects/Clusters/Methods/c1c2c3c5/QM/233988556DD46827783DBAC80762EB8D
abinit_neutral c1c2c3c5 T
energy.dat exists! skiping the calculation! To re-start the calculation - run clear
Molecule 302 of 339 ( 89 percent done )
/home/voovrat/460GB/Development/MolDB/Projects/Clusters/Methods/c0c1c4c5/QM/BABADCA65C185C19A7E426F354C94CF3
abinit_neutral c0c1c4c5 F
energy.dat exists! skiping the calculation! To re-start the calculation - run clear
Molecule 303 of 339 ( 89 percent done )
/home/voovrat/460GB/Development/MolDB/Projects/Clusters/Methods/c1c2c4c5/QM/0461136D6DB15CABE3151BFC9D55BEC0
abinit_neutral c1c2c4c5 T
energy.dat exists! skiping the calculation! To re-start the calculation - run clear
Molecule 304 of 339 ( 89 percent done )
/home/voovrat/460GB/Development/MolDB/Projects/Clusters/Methods/c0c3c4c5/QM/59A3A92DCD091CA4A79709F6B138CE6E
abinit_neutral c0c3c4c5 F
energy.dat exists! skiping the calculation! To re-start the calculation - run clear
Molecule 305 of 339 ( 89 percent done )
/home/voovrat/460GB/Development/MolDB/Projects/Clusters/Methods/c2c3c4c5/QM/AB8A3D4867A6677C1F186DEDE95EC5B0
abinit_neutral c2c3c4c5 T
energy.dat exists! skiping the calculation! To re-start the calculation - run clear
Molecule 306 of 339 ( 90 percent done )
/home/voovrat/460GB/Development/MolDB/Projects/Clusters/Methods/c0c1c2c6/QM/61871A9880EBA2996778E6C134FDD23B
abinit_neutral c0c1c2c6 F
energy.dat exists! skiping the calculation! To re-start the calculation - run clear
Molecule 307 of 339 ( 90 percent done )
/home/voovrat/460GB/Development/MolDB/Projects/Clusters/Methods/c0c2c3c6/QM/0B7D874B818646236DCCC3861E637921
abinit_neutral c0c2c3c6 T
energy.dat exists! skiping the calculation! To re-start the calculation - run clear
Molecule 308 of 339 ( 90 percent done )
/home/voovrat/460GB/Development/MolDB/Projects/Clusters/Methods/c1c2c3c6/QM/CAD7A84A4E18F5D12248ADEFA8630C06
abinit_neutral c1c2c3c6 F
energy.dat exists! skiping the calculation! To re-start the calculation - run clear
Molecule 309 of 339 ( 91 percent done )
/home/voovrat/460GB/Development/MolDB/Projects/Clusters/Methods/c0c2c4c6/QM/E45C88385D52C32B2062605B4CA26DF5
abinit_neutral c0c2c4c6 T
energy.dat exists! skiping the calculation! To re-start the calculation - run clear
Molecule 310 of 339 ( 91 percent done )
/home/voovrat/460GB/Development/MolDB/Projects/Clusters/Methods/c1c2c4c6/QM/8D1A72F0247FA55AFC899126941F2803
abinit_neutral c1c2c4c6 F
energy.dat exists! skiping the calculation! To re-start the calculation - run clear
Molecule 311 of 339 ( 91 percent done )
/home/voovrat/460GB/Development/MolDB/Projects/Clusters/Methods/c1c3c4c6/QM/BEB1169518848D9FC87F30BE0DFA43B5
abinit_neutral c1c3c4c6 T
energy.dat exists! skiping the calculation! To re-start the calculation - run clear
Molecule 312 of 339 ( 92 percent done )
/home/voovrat/460GB/Development/MolDB/Projects/Clusters/Methods/c2c3c4c6/QM/BBEB69EC0FBDC177C4B8FE4A446262BA
abinit_neutral c2c3c4c6 F
energy.dat exists! skiping the calculation! To re-start the calculation - run clear
Molecule 313 of 339 ( 92 percent done )
/home/voovrat/460GB/Development/MolDB/Projects/Clusters/Methods/c0c2c5c6/QM/FFEC14E65FCA07582D6CC012DF87B763
abinit_neutral c0c2c5c6 T
energy.dat exists! skiping the calculation! To re-start the calculation - run clear
Molecule 314 of 339 ( 92 percent done )
/home/voovrat/460GB/Development/MolDB/Projects/Clusters/Methods/c1c2c5c6/QM/00B906F4BD8D5DE24FF2A51E8675702D
abinit_neutral c1c2c5c6 F
energy.dat exists! skiping the calculation! To re-start the calculation - run clear
Molecule 315 of 339 ( 92 percent done )
/home/voovrat/460GB/Development/MolDB/Projects/Clusters/Methods/c1c3c5c6/QM/B9F4625AD66F7A5FABB8056FEFC7BF40
abinit_neutral c1c3c5c6 T
energy.dat exists! skiping the calculation! To re-start the calculation - run clear
Molecule 316 of 339 ( 93 percent done )
/home/voovrat/460GB/Development/MolDB/Projects/Clusters/Methods/c2c3c5c6/QM/354C1C8026566143F44482C5E5688F66
abinit_neutral c2c3c5c6 F
energy.dat exists! skiping the calculation! To re-start the calculation - run clear
Molecule 317 of 339 ( 93 percent done )
/home/voovrat/460GB/Development/MolDB/Projects/Clusters/Methods/c1c4c5c6/QM/7DEEF7C46A77256F01F64E707282BE56
abinit_neutral c1c4c5c6 T
energy.dat exists! skiping the calculation! To re-start the calculation - run clear
Molecule 318 of 339 ( 93 percent done )
/home/voovrat/460GB/Development/MolDB/Projects/Clusters/Methods/c2c4c5c6/QM/7F6DB2D7ABB67F89F2E6338B667B326E
abinit_neutral c2c4c5c6 F
energy.dat exists! skiping the calculation! To re-start the calculation - run clear
Molecule 319 of 339 ( 94 percent done )
/home/voovrat/460GB/Development/MolDB/Projects/Clusters/Methods/c0c1c2c3c4/QM/8EB4DA03485514BAACB008659B3B2909
abinit_neutral c0c1c2c3c4 T
energy.dat exists! skiping the calculation! To re-start the calculation - run clear
Molecule 320 of 339 ( 94 percent done )
/home/voovrat/460GB/Development/MolDB/Projects/Clusters/Methods/c0c1c2c3c5/QM/D0965B31C2A7F9A6F0FF8BC74C8A907F
abinit_neutral c0c1c2c3c5 F
energy.dat exists! skiping the calculation! To re-start the calculation - run clear
Molecule 321 of 339 ( 94 percent done )
/home/voovrat/460GB/Development/MolDB/Projects/Clusters/Methods/c0c1c3c4c5/QM/91567C9C6C19ECB2DE68F9D65D6C2C16
abinit_neutral c0c1c3c4c5 T
energy.dat exists! skiping the calculation! To re-start the calculation - run clear
Molecule 322 of 339 ( 94 percent done )
/home/voovrat/460GB/Development/MolDB/Projects/Clusters/Methods/c0c2c3c4c5/QM/48D4D08A7D5C71E999CEDE9B98C3827A
abinit_neutral c0c2c3c4c5 F
energy.dat exists! skiping the calculation! To re-start the calculation - run clear
Molecule 323 of 339 ( 95 percent done )
/home/voovrat/460GB/Development/MolDB/Projects/Clusters/Methods/c0c1c2c3c6/QM/8939D66F95EB7845A5810BC6E93DAB97
abinit_neutral c0c1c2c3c6 T
energy.dat exists! skiping the calculation! To re-start the calculation - run clear
Molecule 324 of 339 ( 95 percent done )
/home/voovrat/460GB/Development/MolDB/Projects/Clusters/Methods/c0c1c2c4c6/QM/501C9FA7247F6C4CFE577FEA6568385F
abinit_neutral c0c1c2c4c6 F
energy.dat exists! skiping the calculation! To re-start the calculation - run clear
Molecule 325 of 339 ( 95 percent done )
/home/voovrat/460GB/Development/MolDB/Projects/Clusters/Methods/c0c2c3c4c6/QM/A5A08847D7427F1C1F3F30C767C7D2A2
abinit_neutral c0c2c3c4c6 T
energy.dat exists! skiping the calculation! To re-start the calculation - run clear
Molecule 326 of 339 ( 96 percent done )
/home/voovrat/460GB/Development/MolDB/Projects/Clusters/Methods/c1c2c3c4c6/QM/6A2925AA378CD1335D4EF74650D9B5A0
abinit_neutral c1c2c3c4c6 F
energy.dat exists! skiping the calculation! To re-start the calculation - run clear
Molecule 327 of 339 ( 96 percent done )
/home/voovrat/460GB/Development/MolDB/Projects/Clusters/Methods/c0c1c3c5c6/QM/2C4F75FFCB83B4EFB98A6990CB79D4E2
abinit_neutral c0c1c3c5c6 T
energy.dat exists! skiping the calculation! To re-start the calculation - run clear
Molecule 328 of 339 ( 96 percent done )
/home/voovrat/460GB/Development/MolDB/Projects/Clusters/Methods/c0c2c3c5c6/QM/D7CABE499BE3343F96F1A1B4345A7A70
abinit_neutral c0c2c3c5c6 F
energy.dat exists! skiping the calculation! To re-start the calculation - run clear
Molecule 329 of 339 ( 97 percent done )
/home/voovrat/460GB/Development/MolDB/Projects/Clusters/Methods/c0c1c4c5c6/QM/70879D814665CCD35AD18BAAD5659A37
abinit_neutral c0c1c4c5c6 T
energy.dat exists! skiping the calculation! To re-start the calculation - run clear
Molecule 330 of 339 ( 97 percent done )
/home/voovrat/460GB/Development/MolDB/Projects/Clusters/Methods/c0c2c4c5c6/QM/A9D3CACEEB7C64806FE083A48BEDB232
abinit_neutral c0c2c4c5c6 F
energy.dat exists! skiping the calculation! To re-start the calculation - run clear
Molecule 331 of 339 ( 97 percent done )
/home/voovrat/460GB/Development/MolDB/Projects/Clusters/Methods/c0c3c4c5c6/QM/0DA5B11A66D957631E738CCD742242E9
abinit_neutral c0c3c4c5c6 T
energy.dat exists! skiping the calculation! To re-start the calculation - run clear
Molecule 332 of 339 ( 97 percent done )
/home/voovrat/460GB/Development/MolDB/Projects/Clusters/Methods/c1c3c4c5c6/QM/8FEA71469933909747EFF2B8B0F476BB
abinit_neutral c1c3c4c5c6 F
energy.dat exists! skiping the calculation! To re-start the calculation - run clear
Molecule 333 of 339 ( 98 percent done )
/home/voovrat/460GB/Development/MolDB/Projects/Clusters/Methods/c0c1c2c3c4c5/QM/2FBCE5FCBAD7836F8ADF5F438A9DBDF6
abinit_neutral c0c1c2c3c4c5 T
energy.dat exists! skiping the calculation! To re-start the calculation - run clear
Molecule 334 of 339 ( 98 percent done )
/home/voovrat/460GB/Development/MolDB/Projects/Clusters/Methods/c0c1c2c3c4c6/QM/5E3746709F0DB93D83DF93698BEC2C7B
abinit_neutral c0c1c2c3c4c6 F
energy.dat exists! skiping the calculation! To re-start the calculation - run clear
Molecule 335 of 339 ( 98 percent done )
/home/voovrat/460GB/Development/MolDB/Projects/Clusters/Methods/c0c1c2c4c5c6/QM/C5BD0277D5AB6A75E437EF84DC3A222A
abinit_neutral c0c1c2c4c5c6 T
energy.dat exists! skiping the calculation! To re-start the calculation - run clear
Molecule 336 of 339 ( 99 percent done )
/home/voovrat/460GB/Development/MolDB/Projects/Clusters/Methods/c0c1c3c4c5c6/QM/B210E5E2C5A774A1AFA2C4607D440127
abinit_neutral c0c1c3c4c5c6 F
-2977.819626756411253
calculated in 273 s
Molecule 337 of 339 ( 99 percent done )
/home/voovrat/460GB/Development/MolDB/Projects/Clusters/Methods/c1c2c3c4c5c6/QM/95A90855826D2F1B77DF9BD6E9F49BA7
abinit_neutral c1c2c3c4c5c6 T
-2992.025013077540279
calculated in 421 s
Molecule 338 of 339 ( 99 percent done )
/home/voovrat/460GB/Development/MolDB/Projects/Clusters/Methods/c0c1c2c3c4c5c6/QM/7776DAA02A71FA2121558775BB144101
abinit_neutral c0c1c2c3c4c5c6 F
energy.dat exists! skiping the calculation! To re-start the calculation - run clear
