Molecule 0 of 339 ( 0 percent done )
/home/voovrat/460GB/Development/MolDB/Projects/Clusters/Methods/c0/QM/ABDC889F07B8E9425BB76650542053A0
abinit c0 T
energy.dat exists! skiping the calculation! To re-start the calculation - run clear
Molecule 1 of 339 ( 0 percent done )
/home/voovrat/460GB/Development/MolDB/Projects/Clusters/Methods/c1/QM/D509410AA76495250E368AB44CAFDA26
abinit c1 F
energy.dat exists! skiping the calculation! To re-start the calculation - run clear
Molecule 2 of 339 ( 0 percent done )
/home/voovrat/460GB/Development/MolDB/Projects/Clusters/Methods/c3/QM/7F2C4C0497FF8B195EF58954A0FAEE29
abinit c3 T
energy.dat exists! skiping the calculation! To re-start the calculation - run clear
Molecule 3 of 339 ( 0 percent done )
/home/voovrat/460GB/Development/MolDB/Projects/Clusters/Methods/c4/QM/6294668952AE13F912FFB6EF8D180D3F
abinit c4 F
energy.dat exists! skiping the calculation! To re-start the calculation - run clear
Molecule 4 of 339 ( 1 percent done )
/home/voovrat/460GB/Development/MolDB/Projects/Clusters/Methods/c6/QM/9CA6B42FE4021D11A187F25CC97462B6
abinit c6 T
energy.dat exists! skiping the calculation! To re-start the calculation - run clear
Molecule 5 of 339 ( 1 percent done )
/home/voovrat/460GB/Development/MolDB/Projects/Clusters/Methods/c0c1/QM/83601F0EE47060BCE1E8BDE4EA70A89D
abinit c0c1 F
energy.dat exists! skiping the calculation! To re-start the calculation - run clear
Molecule 6 of 339 ( 1 percent done )
/home/voovrat/460GB/Development/MolDB/Projects/Clusters/Methods/c1c2/QM/EB8AC110C6966F6604AAAA98BEC3D223
abinit c1c2 T
energy.dat exists! skiping the calculation! To re-start the calculation - run clear
Molecule 7 of 339 ( 2 percent done )
/home/voovrat/460GB/Development/MolDB/Projects/Clusters/Methods/c0c3/QM/3D566096201148C46137F4715A601EFF
abinit c0c3 F
energy.dat exists! skiping the calculation! To re-start the calculation - run clear
Molecule 8 of 339 ( 2 percent done )
/home/voovrat/460GB/Development/MolDB/Projects/Clusters/Methods/c2c3/QM/C4DBE9EECA6841EE3106630CB1AC32EE
abinit c2c3 T
energy.dat exists! skiping the calculation! To re-start the calculation - run clear
Molecule 9 of 339 ( 2 percent done )
/home/voovrat/460GB/Development/MolDB/Projects/Clusters/Methods/c0c4/QM/471AAD08DDB34432029B9BF118CD40D8
abinit c0c4 F
energy.dat exists! skiping the calculation! To re-start the calculation - run clear
Molecule 10 of 339 ( 2 percent done )
/home/voovrat/460GB/Development/MolDB/Projects/Clusters/Methods/c2c4/QM/95919CE20AF92C7484B568A4BA020336
abinit c2c4 T
energy.dat exists! skiping the calculation! To re-start the calculation - run clear
Molecule 11 of 339 ( 3 percent done )
/home/voovrat/460GB/Development/MolDB/Projects/Clusters/Methods/c3c4/QM/BEACFE55B1FCE64D7E4785F3E935CB9A
abinit c3c4 F
energy.dat exists! skiping the calculation! To re-start the calculation - run clear
Molecule 12 of 339 ( 3 percent done )
/home/voovrat/460GB/Development/MolDB/Projects/Clusters/Methods/c1c5/QM/F0242FBC7150574C8EA35D68637FD977
abinit c1c5 T
energy.dat exists! skiping the calculation! To re-start the calculation - run clear
Molecule 13 of 339 ( 3 percent done )
/home/voovrat/460GB/Development/MolDB/Projects/Clusters/Methods/c2c5/QM/CC4D21B2BDB11EDFF17117702220177B
abinit c2c5 F
energy.dat exists! skiping the calculation! To re-start the calculation - run clear
Molecule 14 of 339 ( 4 percent done )
/home/voovrat/460GB/Development/MolDB/Projects/Clusters/Methods/c4c5/QM/8D60EE07C09DF22FAD68513380B1DF63
abinit c4c5 T
energy.dat exists! skiping the calculation! To re-start the calculation - run clear
Molecule 15 of 339 ( 4 percent done )
/home/voovrat/460GB/Development/MolDB/Projects/Clusters/Methods/c0c6/QM/33C19D571756B8808E874DB5E166E6BE
abinit c0c6 F
energy.dat exists! skiping the calculation! To re-start the calculation - run clear
Molecule 16 of 339 ( 4 percent done )
/home/voovrat/460GB/Development/MolDB/Projects/Clusters/Methods/c2c6/QM/C29A55C651F124D828B1CC7520E12C0B
abinit c2c6 T
energy.dat exists! skiping the calculation! To re-start the calculation - run clear
Molecule 17 of 339 ( 5 percent done )
/home/voovrat/460GB/Development/MolDB/Projects/Clusters/Methods/c3c6/QM/8F78FF0F36CB637EA97A26D2DDAE9F50
abinit c3c6 F
energy.dat exists! skiping the calculation! To re-start the calculation - run clear
Molecule 18 of 339 ( 5 percent done )
/home/voovrat/460GB/Development/MolDB/Projects/Clusters/Methods/c5c6/QM/4A0AC47CCC7A1ECCBF2CC3F7A0ADA16B
abinit c5c6 T
energy.dat exists! skiping the calculation! To re-start the calculation - run clear
Molecule 19 of 339 ( 5 percent done )
/home/voovrat/460GB/Development/MolDB/Projects/Clusters/Methods/c0c1c2/QM/4C249CF2492DF556613C079567559195
abinit c0c1c2 F
energy.dat exists! skiping the calculation! To re-start the calculation - run clear
Molecule 20 of 339 ( 5 percent done )
/home/voovrat/460GB/Development/MolDB/Projects/Clusters/Methods/c0c2c3/QM/14CE49F3FDB82FB69C46D566BC3A45E8
abinit c0c2c3 T
energy.dat exists! skiping the calculation! To re-start the calculation - run clear
Molecule 21 of 339 ( 6 percent done )
/home/voovrat/460GB/Development/MolDB/Projects/Clusters/Methods/c1c2c3/QM/B597B10059530820D329A44C1977EBA3
abinit c1c2c3 F
energy.dat exists! skiping the calculation! To re-start the calculation - run clear
Molecule 22 of 339 ( 6 percent done )
/home/voovrat/460GB/Development/MolDB/Projects/Clusters/Methods/c0c2c4/QM/9B60AB58E3DD3DF8CFBA4324DFB935F3
abinit c0c2c4 T
energy.dat exists! skiping the calculation! To re-start the calculation - run clear
Molecule 23 of 339 ( 6 percent done )
/home/voovrat/460GB/Development/MolDB/Projects/Clusters/Methods/c1c2c4/QM/B8A5B1EBEE290DD99601A344E1FC0898
abinit c1c2c4 F
energy.dat exists! skiping the calculation! To re-start the calculation - run clear
Molecule 24 of 339 ( 7 percent done )
/home/voovrat/460GB/Development/MolDB/Projects/Clusters/Methods/c1c3c4/QM/059EF5D8D5F777F276C1D56C649B3380
abinit c1c3c4 T
energy.dat exists! skiping the calculation! To re-start the calculation - run clear
Molecule 25 of 339 ( 7 percent done )
/home/voovrat/460GB/Development/MolDB/Projects/Clusters/Methods/c2c3c4/QM/FD60EC2B64009B389CBD34923E9FF48B
abinit c2c3c4 F
energy.dat exists! skiping the calculation! To re-start the calculation - run clear
Molecule 26 of 339 ( 7 percent done )
/home/voovrat/460GB/Development/MolDB/Projects/Clusters/Methods/c0c2c5/QM/6E39C5F848796039823048F91BDE96A5
abinit c0c2c5 T
energy.dat exists! skiping the calculation! To re-start the calculation - run clear
Molecule 27 of 339 ( 7 percent done )
/home/voovrat/460GB/Development/MolDB/Projects/Clusters/Methods/c1c2c5/QM/1BF3D224F38DE39AA4014A6AF965B73E
abinit c1c2c5 F
energy.dat exists! skiping the calculation! To re-start the calculation - run clear
Molecule 28 of 339 ( 8 percent done )
/home/voovrat/460GB/Development/MolDB/Projects/Clusters/Methods/c1c3c5/QM/0AAA3A5FF6404490E440B75DA9C778D6
abinit c1c3c5 T
energy.dat exists! skiping the calculation! To re-start the calculation - run clear
Molecule 29 of 339 ( 8 percent done )
/home/voovrat/460GB/Development/MolDB/Projects/Clusters/Methods/c2c3c5/QM/7F1F93430B90772101F4E4948BD0AFCD
abinit c2c3c5 F
energy.dat exists! skiping the calculation! To re-start the calculation - run clear
Molecule 30 of 339 ( 8 percent done )
/home/voovrat/460GB/Development/MolDB/Projects/Clusters/Methods/c1c4c5/QM/E0CA42E5AAA8607EDC0205D21DCF9968
abinit c1c4c5 T
energy.dat exists! skiping the calculation! To re-start the calculation - run clear
Molecule 31 of 339 ( 9 percent done )
/home/voovrat/460GB/Development/MolDB/Projects/Clusters/Methods/c2c4c5/QM/EEFB28F33B4343C8D861F71A96EF2A44
abinit c2c4c5 F
energy.dat exists! skiping the calculation! To re-start the calculation - run clear
Molecule 32 of 339 ( 9 percent done )
/home/voovrat/460GB/Development/MolDB/Projects/Clusters/Methods/c0c1c6/QM/A8B57534001C6087D90F8CB5E72548C6
abinit c0c1c6 T
energy.dat exists! skiping the calculation! To re-start the calculation - run clear
Molecule 33 of 339 ( 9 percent done )
/home/voovrat/460GB/Development/MolDB/Projects/Clusters/Methods/c0c2c6/QM/E925062545461478078E1E41F37D0013
abinit c0c2c6 F
energy.dat exists! skiping the calculation! To re-start the calculation - run clear
Molecule 34 of 339 ( 10 percent done )
/home/voovrat/460GB/Development/MolDB/Projects/Clusters/Methods/c0c3c6/QM/8F4C7274ADB754715C757793AF83B8FD
abinit c0c3c6 T
energy.dat exists! skiping the calculation! To re-start the calculation - run clear
Molecule 35 of 339 ( 10 percent done )
/home/voovrat/460GB/Development/MolDB/Projects/Clusters/Methods/c1c3c6/QM/A7C4D294E047256A0C93E6182ABDE99E
abinit c1c3c6 F
energy.dat exists! skiping the calculation! To re-start the calculation - run clear
Molecule 36 of 339 ( 10 percent done )
/home/voovrat/460GB/Development/MolDB/Projects/Clusters/Methods/c0c4c6/QM/A5B9D0EACED6E8463EDCB1D4A7206E19
abinit c0c4c6 T
energy.dat exists! skiping the calculation! To re-start the calculation - run clear
Molecule 37 of 339 ( 10 percent done )
/home/voovrat/460GB/Development/MolDB/Projects/Clusters/Methods/c1c4c6/QM/EB26C7C79FEDC8F10A8CBA134BCE5637
abinit c1c4c6 F
energy.dat exists! skiping the calculation! To re-start the calculation - run clear
Molecule 38 of 339 ( 11 percent done )
/home/voovrat/460GB/Development/MolDB/Projects/Clusters/Methods/c3c4c6/QM/B6FA46B0E018640DCDFF267D95268E5E
abinit c3c4c6 T
energy.dat exists! skiping the calculation! To re-start the calculation - run clear
Molecule 39 of 339 ( 11 percent done )
/home/voovrat/460GB/Development/MolDB/Projects/Clusters/Methods/c0c5c6/QM/EE1772AB3CC611633EA840AB6E2816B0
abinit c0c5c6 F
energy.dat exists! skiping the calculation! To re-start the calculation - run clear
Molecule 40 of 339 ( 11 percent done )
/home/voovrat/460GB/Development/MolDB/Projects/Clusters/Methods/c2c5c6/QM/49C076182F0A8A2CCABAB143542F1198
abinit c2c5c6 T
energy.dat exists! skiping the calculation! To re-start the calculation - run clear
Molecule 41 of 339 ( 12 percent done )
/home/voovrat/460GB/Development/MolDB/Projects/Clusters/Methods/c3c5c6/QM/CA8B738362FB876B7D52E5D01A0355C6
abinit c3c5c6 F
energy.dat exists! skiping the calculation! To re-start the calculation - run clear
Molecule 42 of 339 ( 12 percent done )
/home/voovrat/460GB/Development/MolDB/Projects/Clusters/Methods/c0c1c2c3/QM/B5B47532157A6037A5F34727F9CD7C10
abinit c0c1c2c3 T
energy.dat exists! skiping the calculation! To re-start the calculation - run clear
Molecule 43 of 339 ( 12 percent done )
/home/voovrat/460GB/Development/MolDB/Projects/Clusters/Methods/c0c1c2c4/QM/69AFCE38B4DA073846C26F4DDFB33F05
abinit c0c1c2c4 F
energy.dat exists! skiping the calculation! To re-start the calculation - run clear
Molecule 44 of 339 ( 12 percent done )
/home/voovrat/460GB/Development/MolDB/Projects/Clusters/Methods/c0c2c3c4/QM/3BED7E60CA8DDC27D79666FFA92161CA
abinit c0c2c3c4 T
energy.dat exists! skiping the calculation! To re-start the calculation - run clear
Molecule 45 of 339 ( 13 percent done )
/home/voovrat/460GB/Development/MolDB/Projects/Clusters/Methods/c1c2c3c4/QM/3F544754827D0BBA4CF5FED8F04519B8
abinit c1c2c3c4 F
energy.dat exists! skiping the calculation! To re-start the calculation - run clear
Molecule 46 of 339 ( 13 percent done )
/home/voovrat/460GB/Development/MolDB/Projects/Clusters/Methods/c0c1c3c5/QM/A7DE865FA3742373FA7CBC1C8DEB3003
abinit c0c1c3c5 T
energy.dat exists! skiping the calculation! To re-start the calculation - run clear
Molecule 47 of 339 ( 13 percent done )
/home/voovrat/460GB/Development/MolDB/Projects/Clusters/Methods/c0c2c3c5/QM/E01F5D53AF5E573C8E8C1946D740AFAD
abinit c0c2c3c5 F
energy.dat exists! skiping the calculation! To re-start the calculation - run clear
Molecule 48 of 339 ( 14 percent done )
/home/voovrat/460GB/Development/MolDB/Projects/Clusters/Methods/c0c1c4c5/QM/411CD298C76A3D1300C84B31A18C5277
abinit c0c1c4c5 T
energy.dat exists! skiping the calculation! To re-start the calculation - run clear
Molecule 49 of 339 ( 14 percent done )
/home/voovrat/460GB/Development/MolDB/Projects/Clusters/Methods/c0c2c4c5/QM/4A93D842368020582CADA541E6B56BAA
abinit c0c2c4c5 F
energy.dat exists! skiping the calculation! To re-start the calculation - run clear
Molecule 50 of 339 ( 14 percent done )
/home/voovrat/460GB/Development/MolDB/Projects/Clusters/Methods/c0c3c4c5/QM/15232190F14F48307D83E0F8B1212827
abinit c0c3c4c5 T
energy.dat exists! skiping the calculation! To re-start the calculation - run clear
Molecule 51 of 339 ( 15 percent done )
/home/voovrat/460GB/Development/MolDB/Projects/Clusters/Methods/c1c3c4c5/QM/84E5193D2DE08A2D26D348D088B02740
abinit c1c3c4c5 F
energy.dat exists! skiping the calculation! To re-start the calculation - run clear
Molecule 52 of 339 ( 15 percent done )
/home/voovrat/460GB/Development/MolDB/Projects/Clusters/Methods/c0c1c2c6/QM/D6554CDFA042CED045F3DF0921E2AAC7
abinit c0c1c2c6 T
energy.dat exists! skiping the calculation! To re-start the calculation - run clear
Molecule 53 of 339 ( 15 percent done )
/home/voovrat/460GB/Development/MolDB/Projects/Clusters/Methods/c0c1c3c6/QM/7CF6EEE0F7E84CA2FBBD37CEFBD3FA68
abinit c0c1c3c6 F
energy.dat exists! skiping the calculation! To re-start the calculation - run clear
Molecule 54 of 339 ( 15 percent done )
/home/voovrat/460GB/Development/MolDB/Projects/Clusters/Methods/c1c2c3c6/QM/0F8416B9D6CA867D022ACB9F4707B411
abinit c1c2c3c6 T
energy.dat exists! skiping the calculation! To re-start the calculation - run clear
Molecule 55 of 339 ( 16 percent done )
/home/voovrat/460GB/Development/MolDB/Projects/Clusters/Methods/c0c1c4c6/QM/A3FDE46355E0354A02E7B8FE935C78A9
abinit c0c1c4c6 F
energy.dat exists! skiping the calculation! To re-start the calculation - run clear
Molecule 56 of 339 ( 16 percent done )
/home/voovrat/460GB/Development/MolDB/Projects/Clusters/Methods/c1c2c4c6/QM/DD5A940730BDF1C2571620D85FD0BB43
abinit c1c2c4c6 T
energy.dat exists! skiping the calculation! To re-start the calculation - run clear
Molecule 57 of 339 ( 16 percent done )
/home/voovrat/460GB/Development/MolDB/Projects/Clusters/Methods/c0c3c4c6/QM/22DDCC77E5A4903B6888BEADA275328B
abinit c0c3c4c6 F
energy.dat exists! skiping the calculation! To re-start the calculation - run clear
Molecule 58 of 339 ( 17 percent done )
/home/voovrat/460GB/Development/MolDB/Projects/Clusters/Methods/c2c3c4c6/QM/E72B7D2A01F6DB6155A442981FB00CE9
abinit c2c3c4c6 T
energy.dat exists! skiping the calculation! To re-start the calculation - run clear
Molecule 59 of 339 ( 17 percent done )
/home/voovrat/460GB/Development/MolDB/Projects/Clusters/Methods/c0c1c5c6/QM/2F252C30FD2FFE8E5692943BFBD28F0E
abinit c0c1c5c6 F
energy.dat exists! skiping the calculation! To re-start the calculation - run clear
Molecule 60 of 339 ( 17 percent done )
/home/voovrat/460GB/Development/MolDB/Projects/Clusters/Methods/c1c2c5c6/QM/1878F6B2A9C75CA5B848674C1864F6A0
abinit c1c2c5c6 T
energy.dat exists! skiping the calculation! To re-start the calculation - run clear
Molecule 61 of 339 ( 17 percent done )
/home/voovrat/460GB/Development/MolDB/Projects/Clusters/Methods/c0c3c5c6/QM/A6CD4812F9F2B0528FA39B2AEF5A5AB6
abinit c0c3c5c6 F
energy.dat exists! skiping the calculation! To re-start the calculation - run clear
Molecule 62 of 339 ( 18 percent done )
/home/voovrat/460GB/Development/MolDB/Projects/Clusters/Methods/c2c3c5c6/QM/EA7A4E505F317DFC37CE379B6BB6694A
abinit c2c3c5c6 T
energy.dat exists! skiping the calculation! To re-start the calculation - run clear
Molecule 63 of 339 ( 18 percent done )
/home/voovrat/460GB/Development/MolDB/Projects/Clusters/Methods/c0c4c5c6/QM/756BEED89227602DD1214C8CA18280C4
abinit c0c4c5c6 F
energy.dat exists! skiping the calculation! To re-start the calculation - run clear
Molecule 64 of 339 ( 18 percent done )
/home/voovrat/460GB/Development/MolDB/Projects/Clusters/Methods/c2c4c5c6/QM/A615504B4E2CAE3D4858D062A899C71C
abinit c2c4c5c6 T
energy.dat exists! skiping the calculation! To re-start the calculation - run clear
Molecule 65 of 339 ( 19 percent done )
/home/voovrat/460GB/Development/MolDB/Projects/Clusters/Methods/c3c4c5c6/QM/0DB395949894AC4E85E20D82151540EC
abinit c3c4c5c6 F
energy.dat exists! skiping the calculation! To re-start the calculation - run clear
Molecule 66 of 339 ( 19 percent done )
/home/voovrat/460GB/Development/MolDB/Projects/Clusters/Methods/c0c1c2c3c5/QM/F5F87D3A969EB2290B81EBA94A3C2256
abinit c0c1c2c3c5 T
energy.dat exists! skiping the calculation! To re-start the calculation - run clear
Molecule 67 of 339 ( 19 percent done )
/home/voovrat/460GB/Development/MolDB/Projects/Clusters/Methods/c0c1c2c4c5/QM/142F9B493743CC9E31F990EE2AF587BD
abinit c0c1c2c4c5 F
energy.dat exists! skiping the calculation! To re-start the calculation - run clear
Molecule 68 of 339 ( 20 percent done )
/home/voovrat/460GB/Development/MolDB/Projects/Clusters/Methods/c0c2c3c4c5/QM/F3807EAD8BC1355D25D9B1CEA5C86A41
abinit c0c2c3c4c5 T
energy.dat exists! skiping the calculation! To re-start the calculation - run clear
Molecule 69 of 339 ( 20 percent done )
/home/voovrat/460GB/Development/MolDB/Projects/Clusters/Methods/c1c2c3c4c5/QM/8A99601738D48E0808FD70A90CC98CE1
abinit c1c2c3c4c5 F
energy.dat exists! skiping the calculation! To re-start the calculation - run clear
Molecule 70 of 339 ( 20 percent done )
/home/voovrat/460GB/Development/MolDB/Projects/Clusters/Methods/c0c1c2c4c6/QM/DA130582188233DA872F5FE4DBF60016
abinit c0c1c2c4c6 T
energy.dat exists! skiping the calculation! To re-start the calculation - run clear
Molecule 71 of 339 ( 20 percent done )
/home/voovrat/460GB/Development/MolDB/Projects/Clusters/Methods/c0c1c3c4c6/QM/907401715A399B5EF6E323AE5E26958E
abinit c0c1c3c4c6 F
energy.dat exists! skiping the calculation! To re-start the calculation - run clear
Molecule 72 of 339 ( 21 percent done )
/home/voovrat/460GB/Development/MolDB/Projects/Clusters/Methods/c1c2c3c4c6/QM/8BD0309F7EA2611A4F959572780D234E
abinit c1c2c3c4c6 T
energy.dat exists! skiping the calculation! To re-start the calculation - run clear
Molecule 73 of 339 ( 21 percent done )
/home/voovrat/460GB/Development/MolDB/Projects/Clusters/Methods/c0c1c2c5c6/QM/152FC199CB361434303E62135AB29C75
abinit c0c1c2c5c6 F
energy.dat exists! skiping the calculation! To re-start the calculation - run clear
Molecule 74 of 339 ( 21 percent done )
/home/voovrat/460GB/Development/MolDB/Projects/Clusters/Methods/c0c2c3c5c6/QM/F7AE6A9099E93D7805DDCA2B9174D5EE
abinit c0c2c3c5c6 T
energy.dat exists! skiping the calculation! To re-start the calculation - run clear
Molecule 75 of 339 ( 22 percent done )
/home/voovrat/460GB/Development/MolDB/Projects/Clusters/Methods/c1c2c3c5c6/QM/68A30727210E8F1DD28D4263534B587B
abinit c1c2c3c5c6 F
energy.dat exists! skiping the calculation! To re-start the calculation - run clear
Molecule 76 of 339 ( 22 percent done )
/home/voovrat/460GB/Development/MolDB/Projects/Clusters/Methods/c0c2c4c5c6/QM/6BD783FC5EACDE4CAD95FF880ACC08D9
abinit c0c2c4c5c6 T
energy.dat exists! skiping the calculation! To re-start the calculation - run clear
Molecule 77 of 339 ( 22 percent done )
/home/voovrat/460GB/Development/MolDB/Projects/Clusters/Methods/c1c2c4c5c6/QM/28FDB22A7132C172178FDABB6A20CEE7
abinit c1c2c4c5c6 F
energy.dat exists! skiping the calculation! To re-start the calculation - run clear
Molecule 78 of 339 ( 23 percent done )
/home/voovrat/460GB/Development/MolDB/Projects/Clusters/Methods/c1c3c4c5c6/QM/F82249FD26E8A57E214F5ABBB715307F
abinit c1c3c4c5c6 T
energy.dat exists! skiping the calculation! To re-start the calculation - run clear
Molecule 79 of 339 ( 23 percent done )
/home/voovrat/460GB/Development/MolDB/Projects/Clusters/Methods/c2c3c4c5c6/QM/9C4A7696025F2C9A3B03B191D3CE731A
abinit c2c3c4c5c6 F
energy.dat exists! skiping the calculation! To re-start the calculation - run clear
Molecule 80 of 339 ( 23 percent done )
/home/voovrat/460GB/Development/MolDB/Projects/Clusters/Methods/c0c1c2c3c4c6/QM/24DAEA29C34F826224A6714607A02BBB
abinit c0c1c2c3c4c6 T
energy.dat exists! skiping the calculation! To re-start the calculation - run clear
Molecule 81 of 339 ( 23 percent done )
/home/voovrat/460GB/Development/MolDB/Projects/Clusters/Methods/c0c1c2c3c5c6/QM/66BF0045B84F340AFE6B31C2E99D18F2
abinit c0c1c2c3c5c6 F
energy.dat exists! skiping the calculation! To re-start the calculation - run clear
Molecule 82 of 339 ( 24 percent done )
/home/voovrat/460GB/Development/MolDB/Projects/Clusters/Methods/c0c1c3c4c5c6/QM/08B5355869AD6D23F9FD3239615178DA
abinit c0c1c3c4c5c6 T
energy.dat exists! skiping the calculation! To re-start the calculation - run clear
Molecule 83 of 339 ( 24 percent done )
/home/voovrat/460GB/Development/MolDB/Projects/Clusters/Methods/c0c2c3c4c5c6/QM/575C78F86304E48E583C7C6B811AF152
abinit c0c2c3c4c5c6 F
energy.dat exists! skiping the calculation! To re-start the calculation - run clear
Molecule 84 of 339 ( 24 percent done )
/home/voovrat/460GB/Development/MolDB/Projects/Clusters/Methods/c0c1c2c3c4c5c6/QM/95FF17522AAA36BD2BC24F39AA7B475C
abinit c0c1c2c3c4c5c6 T
energy.dat exists! skiping the calculation! To re-start the calculation - run clear
Molecule 85 of 339 ( 25 percent done )
/home/voovrat/460GB/Development/MolDB/Projects/Clusters/Methods/c0/QM/C274E82512C083160BD356A584475A3E
nwchem c0 F
energy.dat exists! skiping the calculation! To re-start the calculation - run clear
Molecule 86 of 339 ( 25 percent done )
/home/voovrat/460GB/Development/MolDB/Projects/Clusters/Methods/c2/QM/F6224E85B066CE55E194D1C489E11495
nwchem c2 T
energy.dat exists! skiping the calculation! To re-start the calculation - run clear
Molecule 87 of 339 ( 25 percent done )
/home/voovrat/460GB/Development/MolDB/Projects/Clusters/Methods/c3/QM/9CA894D8BA4F256B5F90778AD8DB688B
nwchem c3 F
energy.dat exists! skiping the calculation! To re-start the calculation - run clear
Molecule 88 of 339 ( 25 percent done )
/home/voovrat/460GB/Development/MolDB/Projects/Clusters/Methods/c5/QM/D309EF7B005CD1B66F2D73DDD46860C3
nwchem c5 T
energy.dat exists! skiping the calculation! To re-start the calculation - run clear
Molecule 89 of 339 ( 26 percent done )
/home/voovrat/460GB/Development/MolDB/Projects/Clusters/Methods/c6/QM/CD458437DAD72BB6DD1F1E2349838C3B
nwchem c6 F
energy.dat exists! skiping the calculation! To re-start the calculation - run clear
Molecule 90 of 339 ( 26 percent done )
/home/voovrat/460GB/Development/MolDB/Projects/Clusters/Methods/c0c2/QM/CA8EB3036260C7C85E2B3402DABC76A0
nwchem c0c2 T
energy.dat exists! skiping the calculation! To re-start the calculation - run clear
Molecule 91 of 339 ( 26 percent done )
/home/voovrat/460GB/Development/MolDB/Projects/Clusters/Methods/c1c2/QM/EEE2798B39440DCB8AE47FCA2C3FF557
nwchem c1c2 F
energy.dat exists! skiping the calculation! To re-start the calculation - run clear
Molecule 92 of 339 ( 27 percent done )
/home/voovrat/460GB/Development/MolDB/Projects/Clusters/Methods/c1c3/QM/6EE1857A117D85BC8F3F895CE2C65CA0
nwchem c1c3 T
energy.dat exists! skiping the calculation! To re-start the calculation - run clear
Molecule 93 of 339 ( 27 percent done )
/home/voovrat/460GB/Development/MolDB/Projects/Clusters/Methods/c2c3/QM/9DB2980DCE0786D58CF01ED60E5A1EFB
nwchem c2c3 F
energy.dat exists! skiping the calculation! To re-start the calculation - run clear
Molecule 94 of 339 ( 27 percent done )
/home/voovrat/460GB/Development/MolDB/Projects/Clusters/Methods/c1c4/QM/27161178CC922D7C47A539355F909F37
nwchem c1c4 T
energy.dat exists! skiping the calculation! To re-start the calculation - run clear
Molecule 95 of 339 ( 28 percent done )
/home/voovrat/460GB/Development/MolDB/Projects/Clusters/Methods/c2c4/QM/505697870D8A2AA394C5E399A64B53D0
nwchem c2c4 F
energy.dat exists! skiping the calculation! To re-start the calculation - run clear
Molecule 96 of 339 ( 28 percent done )
/home/voovrat/460GB/Development/MolDB/Projects/Clusters/Methods/c0c5/QM/48DB887755FF5864A5EF3278C13FD51A
nwchem c0c5 T
energy.dat exists! skiping the calculation! To re-start the calculation - run clear
Molecule 97 of 339 ( 28 percent done )
/home/voovrat/460GB/Development/MolDB/Projects/Clusters/Methods/c1c5/QM/ACD91EA84A542C1CB20880E21C01F673
nwchem c1c5 F
energy.dat exists! skiping the calculation! To re-start the calculation - run clear
Molecule 98 of 339 ( 28 percent done )
/home/voovrat/460GB/Development/MolDB/Projects/Clusters/Methods/c3c5/QM/9C7C909A0B62B07B896C39218500992F
nwchem c3c5 T
energy.dat exists! skiping the calculation! To re-start the calculation - run clear
Molecule 99 of 339 ( 29 percent done )
/home/voovrat/460GB/Development/MolDB/Projects/Clusters/Methods/c4c5/QM/A5C4A83338606B50005AA33E320CC32A
nwchem c4c5 F
energy.dat exists! skiping the calculation! To re-start the calculation - run clear
Molecule 100 of 339 ( 29 percent done )
/home/voovrat/460GB/Development/MolDB/Projects/Clusters/Methods/c1c6/QM/4207BAAB761B71D8EDC2E7A6B981B9B0
nwchem c1c6 T
energy.dat exists! skiping the calculation! To re-start the calculation - run clear
Molecule 101 of 339 ( 29 percent done )
/home/voovrat/460GB/Development/MolDB/Projects/Clusters/Methods/c2c6/QM/5D43AF486FAED6FA11EA38105DF2D51C
nwchem c2c6 F
energy.dat exists! skiping the calculation! To re-start the calculation - run clear
Molecule 102 of 339 ( 30 percent done )
/home/voovrat/460GB/Development/MolDB/Projects/Clusters/Methods/c4c6/QM/DE4E1135D396D6AE783E445AAAB43270
nwchem c4c6 T
energy.dat exists! skiping the calculation! To re-start the calculation - run clear
Molecule 103 of 339 ( 30 percent done )
/home/voovrat/460GB/Development/MolDB/Projects/Clusters/Methods/c5c6/QM/C7D73B61729E6B396E97D5CC1BC234CF
nwchem c5c6 F
energy.dat exists! skiping the calculation! To re-start the calculation - run clear
Molecule 104 of 339 ( 30 percent done )
/home/voovrat/460GB/Development/MolDB/Projects/Clusters/Methods/c0c1c3/QM/3DAFC79E82D0823C3F352615FFC86658
nwchem c0c1c3 T
energy.dat exists! skiping the calculation! To re-start the calculation - run clear
Molecule 105 of 339 ( 30 percent done )
/home/voovrat/460GB/Development/MolDB/Projects/Clusters/Methods/c0c2c3/QM/02A18DF972DB066467CB93506A96C93C
nwchem c0c2c3 F
energy.dat exists! skiping the calculation! To re-start the calculation - run clear
Molecule 106 of 339 ( 31 percent done )
/home/voovrat/460GB/Development/MolDB/Projects/Clusters/Methods/c0c1c4/QM/04F89F85A60F0A53CBAEEB2D5595FC7D
nwchem c0c1c4 T
energy.dat exists! skiping the calculation! To re-start the calculation - run clear
Molecule 107 of 339 ( 31 percent done )
/home/voovrat/460GB/Development/MolDB/Projects/Clusters/Methods/c0c2c4/QM/A0022190AC2B22E9223D075EDF5EAC23
nwchem c0c2c4 F
energy.dat exists! skiping the calculation! To re-start the calculation - run clear
Molecule 108 of 339 ( 31 percent done )
/home/voovrat/460GB/Development/MolDB/Projects/Clusters/Methods/c0c3c4/QM/C4135963374CEC04FF58A160760D11D8
nwchem c0c3c4 T
energy.dat exists! skiping the calculation! To re-start the calculation - run clear
Molecule 109 of 339 ( 32 percent done )
/home/voovrat/460GB/Development/MolDB/Projects/Clusters/Methods/c1c3c4/QM/C06C9308B6965BD19BF26606F83CBEA8
nwchem c1c3c4 F
energy.dat exists! skiping the calculation! To re-start the calculation - run clear
Molecule 110 of 339 ( 32 percent done )
/home/voovrat/460GB/Development/MolDB/Projects/Clusters/Methods/c0c1c5/QM/3BA75B7D0691386C2E591C02B098C0ED
nwchem c0c1c5 T
energy.dat exists! skiping the calculation! To re-start the calculation - run clear
Molecule 111 of 339 ( 32 percent done )
/home/voovrat/460GB/Development/MolDB/Projects/Clusters/Methods/c0c2c5/QM/18CD77238B78F00F7D7A7243D1E4C232
nwchem c0c2c5 F
energy.dat exists! skiping the calculation! To re-start the calculation - run clear
Molecule 112 of 339 ( 33 percent done )
/home/voovrat/460GB/Development/MolDB/Projects/Clusters/Methods/c0c3c5/QM/93AD09E942145B0008C20614532A0EAF
nwchem c0c3c5 T
energy.dat exists! skiping the calculation! To re-start the calculation - run clear
Molecule 113 of 339 ( 33 percent done )
/home/voovrat/460GB/Development/MolDB/Projects/Clusters/Methods/c1c3c5/QM/480F146943980444760B569A948F057B
nwchem c1c3c5 F
energy.dat exists! skiping the calculation! To re-start the calculation - run clear
Molecule 114 of 339 ( 33 percent done )
/home/voovrat/460GB/Development/MolDB/Projects/Clusters/Methods/c0c4c5/QM/705C3EC2713D6C47C9E1EDCB69402352
nwchem c0c4c5 T
energy.dat exists! skiping the calculation! To re-start the calculation - run clear
Molecule 115 of 339 ( 33 percent done )
/home/voovrat/460GB/Development/MolDB/Projects/Clusters/Methods/c1c4c5/QM/715BC6137E7BB89C781C3DDB3E0F9BB3
nwchem c1c4c5 F
energy.dat exists! skiping the calculation! To re-start the calculation - run clear
Molecule 116 of 339 ( 34 percent done )
/home/voovrat/460GB/Development/MolDB/Projects/Clusters/Methods/c3c4c5/QM/DD9443102F90A3F9097A9916CF02032B
nwchem c3c4c5 T
energy.dat exists! skiping the calculation! To re-start the calculation - run clear
Molecule 117 of 339 ( 34 percent done )
/home/voovrat/460GB/Development/MolDB/Projects/Clusters/Methods/c0c1c6/QM/0F2C78C0E8E3F0EDF8AC9E251B3DB765
nwchem c0c1c6 F
energy.dat exists! skiping the calculation! To re-start the calculation - run clear
Molecule 118 of 339 ( 34 percent done )
/home/voovrat/460GB/Development/MolDB/Projects/Clusters/Methods/c1c2c6/QM/864508B394C10FF28F46698FC210A28A
nwchem c1c2c6 T
energy.dat exists! skiping the calculation! To re-start the calculation - run clear
Molecule 119 of 339 ( 35 percent done )
/home/voovrat/460GB/Development/MolDB/Projects/Clusters/Methods/c0c3c6/QM/A59ADEC05662E558AABEA3252EEAC7BD
nwchem c0c3c6 F
energy.dat exists! skiping the calculation! To re-start the calculation - run clear
Molecule 120 of 339 ( 35 percent done )
/home/voovrat/460GB/Development/MolDB/Projects/Clusters/Methods/c2c3c6/QM/55A65947CA11503B173505AA70F0F081
nwchem c2c3c6 T
energy.dat exists! skiping the calculation! To re-start the calculation - run clear
Molecule 121 of 339 ( 35 percent done )
/home/voovrat/460GB/Development/MolDB/Projects/Clusters/Methods/c0c4c6/QM/6731FF2793E3D42D24FF769E98E6922D
nwchem c0c4c6 F
energy.dat exists! skiping the calculation! To re-start the calculation - run clear
Molecule 122 of 339 ( 35 percent done )
/home/voovrat/460GB/Development/MolDB/Projects/Clusters/Methods/c2c4c6/QM/282BE540F465BD59C1188B64865DDEEB
nwchem c2c4c6 T
energy.dat exists! skiping the calculation! To re-start the calculation - run clear
Molecule 123 of 339 ( 36 percent done )
/home/voovrat/460GB/Development/MolDB/Projects/Clusters/Methods/c3c4c6/QM/8B1E9095DBAFCF848B3799CE4C0373EF
nwchem c3c4c6 F
energy.dat exists! skiping the calculation! To re-start the calculation - run clear
Molecule 124 of 339 ( 36 percent done )
/home/voovrat/460GB/Development/MolDB/Projects/Clusters/Methods/c1c5c6/QM/70B9D4958791942EF0ADEF8B7CD450D8
nwchem c1c5c6 T
energy.dat exists! skiping the calculation! To re-start the calculation - run clear
Molecule 125 of 339 ( 36 percent done )
/home/voovrat/460GB/Development/MolDB/Projects/Clusters/Methods/c2c5c6/QM/AE67F5BB74863F930F2BEB6F2F0D8E3E
nwchem c2c5c6 F
energy.dat exists! skiping the calculation! To re-start the calculation - run clear
Molecule 126 of 339 ( 37 percent done )
/home/voovrat/460GB/Development/MolDB/Projects/Clusters/Methods/c4c5c6/QM/8542946287DACC679AB1CF7A12BAE8B9
nwchem c4c5c6 T
energy.dat exists! skiping the calculation! To re-start the calculation - run clear
Molecule 127 of 339 ( 37 percent done )
/home/voovrat/460GB/Development/MolDB/Projects/Clusters/Methods/c0c1c2c3/QM/BF7B8715BD8FD4546A5B663AF11E1F83
nwchem c0c1c2c3 F
energy.dat exists! skiping the calculation! To re-start the calculation - run clear
Molecule 128 of 339 ( 37 percent done )
/home/voovrat/460GB/Development/MolDB/Projects/Clusters/Methods/c0c1c3c4/QM/223A0D9C851C9BEE2C351022F4737340
nwchem c0c1c3c4 T
energy.dat exists! skiping the calculation! To re-start the calculation - run clear
Molecule 129 of 339 ( 38 percent done )
/home/voovrat/460GB/Development/MolDB/Projects/Clusters/Methods/c0c2c3c4/QM/04CBE25A3F5481B9C5CF0A95E58C43E9
nwchem c0c2c3c4 F
energy.dat exists! skiping the calculation! To re-start the calculation - run clear
Molecule 130 of 339 ( 38 percent done )
/home/voovrat/460GB/Development/MolDB/Projects/Clusters/Methods/c0c1c2c5/QM/B0B9C25EEB1B32262901FF978A905BAD
nwchem c0c1c2c5 T
energy.dat exists! skiping the calculation! To re-start the calculation - run clear
Molecule 131 of 339 ( 38 percent done )
/home/voovrat/460GB/Development/MolDB/Projects/Clusters/Methods/c0c1c3c5/QM/9B87AE02ECD64B6965901EC49C1BE6EE
nwchem c0c1c3c5 F
energy.dat exists! skiping the calculation! To re-start the calculation - run clear
Molecule 132 of 339 ( 38 percent done )
/home/voovrat/460GB/Development/MolDB/Projects/Clusters/Methods/c1c2c3c5/QM/E8C075C212B5B3657C6F327C591B4670
nwchem c1c2c3c5 T
energy.dat exists! skiping the calculation! To re-start the calculation - run clear
Molecule 133 of 339 ( 39 percent done )
/home/voovrat/460GB/Development/MolDB/Projects/Clusters/Methods/c0c1c4c5/QM/5FC157524072FD34F6EC8B5634E1A029
nwchem c0c1c4c5 F
energy.dat exists! skiping the calculation! To re-start the calculation - run clear
Molecule 134 of 339 ( 39 percent done )
/home/voovrat/460GB/Development/MolDB/Projects/Clusters/Methods/c1c2c4c5/QM/8464638B02358E970093E6E61C56A409
nwchem c1c2c4c5 T
energy.dat exists! skiping the calculation! To re-start the calculation - run clear
Molecule 135 of 339 ( 39 percent done )
/home/voovrat/460GB/Development/MolDB/Projects/Clusters/Methods/c0c3c4c5/QM/6B8854125ED8DD905BBFF5B8F7D74608
nwchem c0c3c4c5 F
energy.dat exists! skiping the calculation! To re-start the calculation - run clear
Molecule 136 of 339 ( 40 percent done )
/home/voovrat/460GB/Development/MolDB/Projects/Clusters/Methods/c2c3c4c5/QM/E33CC44D41FE4CEF57BDE44E849F5950
nwchem c2c3c4c5 T
energy.dat exists! skiping the calculation! To re-start the calculation - run clear
Molecule 137 of 339 ( 40 percent done )
/home/voovrat/460GB/Development/MolDB/Projects/Clusters/Methods/c0c1c2c6/QM/D7B0FCD7C60A623E85DE1C168AFE1312
nwchem c0c1c2c6 F
energy.dat exists! skiping the calculation! To re-start the calculation - run clear
Molecule 138 of 339 ( 40 percent done )
/home/voovrat/460GB/Development/MolDB/Projects/Clusters/Methods/c0c2c3c6/QM/3ADF960FA3E579F5751EAB374F464B36
nwchem c0c2c3c6 T
energy.dat exists! skiping the calculation! To re-start the calculation - run clear
Molecule 139 of 339 ( 41 percent done )
/home/voovrat/460GB/Development/MolDB/Projects/Clusters/Methods/c1c2c3c6/QM/0F6609364B9D9EA2CE2BD58AC2D181DA
nwchem c1c2c3c6 F
energy.dat exists! skiping the calculation! To re-start the calculation - run clear
Molecule 140 of 339 ( 41 percent done )
/home/voovrat/460GB/Development/MolDB/Projects/Clusters/Methods/c0c2c4c6/QM/CC91276D5CF34B7105C3688DFFF88FD4
nwchem c0c2c4c6 T
energy.dat exists! skiping the calculation! To re-start the calculation - run clear
Molecule 141 of 339 ( 41 percent done )
/home/voovrat/460GB/Development/MolDB/Projects/Clusters/Methods/c1c2c4c6/QM/316077CA25845BE4FE521B580A2620D6
nwchem c1c2c4c6 F
energy.dat exists! skiping the calculation! To re-start the calculation - run clear
Molecule 142 of 339 ( 41 percent done )
/home/voovrat/460GB/Development/MolDB/Projects/Clusters/Methods/c1c3c4c6/QM/57269D0E41D3677E9EDDC3FC1BF1436D
nwchem c1c3c4c6 T
energy.dat exists! skiping the calculation! To re-start the calculation - run clear
Molecule 143 of 339 ( 42 percent done )
/home/voovrat/460GB/Development/MolDB/Projects/Clusters/Methods/c2c3c4c6/QM/ABD3B2B420C60B05E3D9BD63E46D18B0
nwchem c2c3c4c6 F
energy.dat exists! skiping the calculation! To re-start the calculation - run clear
Molecule 144 of 339 ( 42 percent done )
/home/voovrat/460GB/Development/MolDB/Projects/Clusters/Methods/c0c2c5c6/QM/3B1270D1010EDE94864483CDDCCB6A5B
nwchem c0c2c5c6 T
energy.dat exists! skiping the calculation! To re-start the calculation - run clear
Molecule 145 of 339 ( 42 percent done )
/home/voovrat/460GB/Development/MolDB/Projects/Clusters/Methods/c1c2c5c6/QM/E2D7489374196C6330AB86BD3999A61E
nwchem c1c2c5c6 F
energy.dat exists! skiping the calculation! To re-start the calculation - run clear
Molecule 146 of 339 ( 43 percent done )
/home/voovrat/460GB/Development/MolDB/Projects/Clusters/Methods/c1c3c5c6/QM/F4CE8C5BD35B60A5BC401252895DDFEE
nwchem c1c3c5c6 T
energy.dat exists! skiping the calculation! To re-start the calculation - run clear
Molecule 147 of 339 ( 43 percent done )
/home/voovrat/460GB/Development/MolDB/Projects/Clusters/Methods/c2c3c5c6/QM/3CD74E3E71E4AE26121B55F8F438CC5D
nwchem c2c3c5c6 F
energy.dat exists! skiping the calculation! To re-start the calculation - run clear
Molecule 148 of 339 ( 43 percent done )
/home/voovrat/460GB/Development/MolDB/Projects/Clusters/Methods/c1c4c5c6/QM/0BFF19CE83F274DDEF0B55E93C938EBB
nwchem c1c4c5c6 T
energy.dat exists! skiping the calculation! To re-start the calculation - run clear
Molecule 149 of 339 ( 43 percent done )
/home/voovrat/460GB/Development/MolDB/Projects/Clusters/Methods/c2c4c5c6/QM/242C83B61D79F4D5850FE1A34BA4496A
nwchem c2c4c5c6 F
energy.dat exists! skiping the calculation! To re-start the calculation - run clear
Molecule 150 of 339 ( 44 percent done )
/home/voovrat/460GB/Development/MolDB/Projects/Clusters/Methods/c0c1c2c3c4/QM/CDA8DB3994CE0F7B490FECD0E6C9F4B3
nwchem c0c1c2c3c4 T
energy.dat exists! skiping the calculation! To re-start the calculation - run clear
Molecule 151 of 339 ( 44 percent done )
/home/voovrat/460GB/Development/MolDB/Projects/Clusters/Methods/c0c1c2c3c5/QM/296FE94533BCB6AD926CD9F55B9352ED
nwchem c0c1c2c3c5 F
energy.dat exists! skiping the calculation! To re-start the calculation - run clear
Molecule 152 of 339 ( 44 percent done )
/home/voovrat/460GB/Development/MolDB/Projects/Clusters/Methods/c0c1c3c4c5/QM/ACB8FA682701D4915E4962019FD8AF13
nwchem c0c1c3c4c5 T
energy.dat exists! skiping the calculation! To re-start the calculation - run clear
Molecule 153 of 339 ( 45 percent done )
/home/voovrat/460GB/Development/MolDB/Projects/Clusters/Methods/c0c2c3c4c5/QM/4AB1E0FDF97654EE8F228A320E2E8178
nwchem c0c2c3c4c5 F
energy.dat exists! skiping the calculation! To re-start the calculation - run clear
Molecule 154 of 339 ( 45 percent done )
/home/voovrat/460GB/Development/MolDB/Projects/Clusters/Methods/c0c1c2c3c6/QM/0D84DB7E7F2687A482D17AD8288082DA
nwchem c0c1c2c3c6 T
energy.dat exists! skiping the calculation! To re-start the calculation - run clear
Molecule 155 of 339 ( 45 percent done )
/home/voovrat/460GB/Development/MolDB/Projects/Clusters/Methods/c0c1c2c4c6/QM/2160204751D53EBB5C4230CB294CDC0B
nwchem c0c1c2c4c6 F
energy.dat exists! skiping the calculation! To re-start the calculation - run clear
Molecule 156 of 339 ( 46 percent done )
/home/voovrat/460GB/Development/MolDB/Projects/Clusters/Methods/c0c2c3c4c6/QM/69F1105B2629F7A878B5B3221E4F6079
nwchem c0c2c3c4c6 T
energy.dat exists! skiping the calculation! To re-start the calculation - run clear
Molecule 157 of 339 ( 46 percent done )
/home/voovrat/460GB/Development/MolDB/Projects/Clusters/Methods/c1c2c3c4c6/QM/E2E5FEE1F5457250D01C573587296CF6
nwchem c1c2c3c4c6 F
energy.dat exists! skiping the calculation! To re-start the calculation - run clear
Molecule 158 of 339 ( 46 percent done )
/home/voovrat/460GB/Development/MolDB/Projects/Clusters/Methods/c0c1c3c5c6/QM/8FA1E93C548877D36B1755335B654252
nwchem c0c1c3c5c6 T
energy.dat exists! skiping the calculation! To re-start the calculation - run clear
Molecule 159 of 339 ( 46 percent done )
/home/voovrat/460GB/Development/MolDB/Projects/Clusters/Methods/c0c2c3c5c6/QM/2FED588B7E5C5CF29DF7A960EA41292E
nwchem c0c2c3c5c6 F
energy.dat exists! skiping the calculation! To re-start the calculation - run clear
Molecule 160 of 339 ( 47 percent done )
/home/voovrat/460GB/Development/MolDB/Projects/Clusters/Methods/c0c1c4c5c6/QM/567DBE4D312FB6ABD2BA08B2FCD87CF2
nwchem c0c1c4c5c6 T
energy.dat exists! skiping the calculation! To re-start the calculation - run clear
Molecule 161 of 339 ( 47 percent done )
/home/voovrat/460GB/Development/MolDB/Projects/Clusters/Methods/c0c2c4c5c6/QM/21092975878B91B9378D37D2512CF4B4
nwchem c0c2c4c5c6 F
energy.dat exists! skiping the calculation! To re-start the calculation - run clear
Molecule 162 of 339 ( 47 percent done )
/home/voovrat/460GB/Development/MolDB/Projects/Clusters/Methods/c0c3c4c5c6/QM/1015FF9566720339535E400DF04B3C99
nwchem c0c3c4c5c6 T
energy.dat exists! skiping the calculation! To re-start the calculation - run clear
Molecule 163 of 339 ( 48 percent done )
/home/voovrat/460GB/Development/MolDB/Projects/Clusters/Methods/c1c3c4c5c6/QM/C2674B6BF518A2E41D81AD0D4754050E
nwchem c1c3c4c5c6 F
energy.dat exists! skiping the calculation! To re-start the calculation - run clear
Molecule 164 of 339 ( 48 percent done )
/home/voovrat/460GB/Development/MolDB/Projects/Clusters/Methods/c0c1c2c3c4c5/QM/96601FFF77C899B2A2412179B3934768
nwchem c0c1c2c3c4c5 T
energy.dat exists! skiping the calculation! To re-start the calculation - run clear
Molecule 165 of 339 ( 48 percent done )
/home/voovrat/460GB/Development/MolDB/Projects/Clusters/Methods/c0c1c2c3c4c6/QM/AA6690A30A72C4E27BA5DD0C06734EC0
nwchem c0c1c2c3c4c6 F
energy.dat exists! skiping the calculation! To re-start the calculation - run clear
Molecule 166 of 339 ( 48 percent done )
/home/voovrat/460GB/Development/MolDB/Projects/Clusters/Methods/c0c1c2c4c5c6/QM/C450F2A3AA1BC507E5068B1B6D1C9D7C
nwchem c0c1c2c4c5c6 T
energy.dat exists! skiping the calculation! To re-start the calculation - run clear
Molecule 167 of 339 ( 49 percent done )
/home/voovrat/460GB/Development/MolDB/Projects/Clusters/Methods/c0c1c3c4c5c6/QM/3B7E1656FDD28DAF2CAD9957C7E06C38
nwchem c0c1c3c4c5c6 F
energy.dat exists! skiping the calculation! To re-start the calculation - run clear
Molecule 168 of 339 ( 49 percent done )
/home/voovrat/460GB/Development/MolDB/Projects/Clusters/Methods/c1c2c3c4c5c6/QM/57B0F7E9B75C42958D2C566548889C4D
nwchem c1c2c3c4c5c6 T
energy.dat exists! skiping the calculation! To re-start the calculation - run clear
Molecule 169 of 339 ( 49 percent done )
/home/voovrat/460GB/Development/MolDB/Projects/Clusters/Methods/c0c1c2c3c4c5c6/QM/044FEDBDFAD80F48B3739900F2119183
nwchem c0c1c2c3c4c5c6 F
energy.dat exists! skiping the calculation! To re-start the calculation - run clear
Molecule 170 of 339 ( 50 percent done )
/home/voovrat/460GB/Development/MolDB/Projects/Clusters/Methods/c1/QM/CF47AF137672D2BA7B9B4B438C74E03B
lammps c1 T
energy.dat exists! skiping the calculation! To re-start the calculation - run clear
Molecule 171 of 339 ( 50 percent done )
/home/voovrat/460GB/Development/MolDB/Projects/Clusters/Methods/c2/QM/62F1AB92E9B58F0F9C55C842BB373FB6
lammps c2 F
energy.dat exists! skiping the calculation! To re-start the calculation - run clear
Molecule 172 of 339 ( 50 percent done )
/home/voovrat/460GB/Development/MolDB/Projects/Clusters/Methods/c4/QM/E4F96261E59C6820AE51A4152A175691
lammps c4 T
energy.dat exists! skiping the calculation! To re-start the calculation - run clear
Molecule 173 of 339 ( 51 percent done )
/home/voovrat/460GB/Development/MolDB/Projects/Clusters/Methods/c5/QM/BCB656313357A06290ED0EE82E3DA296
lammps c5 F
energy.dat exists! skiping the calculation! To re-start the calculation - run clear
Molecule 174 of 339 ( 51 percent done )
/home/voovrat/460GB/Development/MolDB/Projects/Clusters/Methods/c0c1/QM/72D4843F3FBB5DAD0937E2BF34DFD136
lammps c0c1 T
energy.dat exists! skiping the calculation! To re-start the calculation - run clear
Molecule 175 of 339 ( 51 percent done )
/home/voovrat/460GB/Development/MolDB/Projects/Clusters/Methods/c0c2/QM/0E8491A8F58080F6ED2A837369F8C107
lammps c0c2 F
energy.dat exists! skiping the calculation! To re-start the calculation - run clear
Molecule 176 of 339 ( 51 percent done )
/home/voovrat/460GB/Development/MolDB/Projects/Clusters/Methods/c0c3/QM/AAACC62602C461CC062E28D934AB67D4
lammps c0c3 T
energy.dat exists! skiping the calculation! To re-start the calculation - run clear
Molecule 177 of 339 ( 52 percent done )
/home/voovrat/460GB/Development/MolDB/Projects/Clusters/Methods/c1c3/QM/C3EB15A9532734693FAB18BBE6ECE552
lammps c1c3 F
energy.dat exists! skiping the calculation! To re-start the calculation - run clear
Molecule 178 of 339 ( 52 percent done )
/home/voovrat/460GB/Development/MolDB/Projects/Clusters/Methods/c0c4/QM/1B7FEBBAC1D8324E0C95C64AAC44931A
lammps c0c4 T
energy.dat exists! skiping the calculation! To re-start the calculation - run clear
Molecule 179 of 339 ( 52 percent done )
/home/voovrat/460GB/Development/MolDB/Projects/Clusters/Methods/c1c4/QM/64F55C8CCC34657E84AD9E96870E22B1
lammps c1c4 F
energy.dat exists! skiping the calculation! To re-start the calculation - run clear
Molecule 180 of 339 ( 53 percent done )
/home/voovrat/460GB/Development/MolDB/Projects/Clusters/Methods/c3c4/QM/27C7D624C38330325136DD8054B3453F
lammps c3c4 T
energy.dat exists! skiping the calculation! To re-start the calculation - run clear
Molecule 181 of 339 ( 53 percent done )
/home/voovrat/460GB/Development/MolDB/Projects/Clusters/Methods/c0c5/QM/97F29988A2F9CA993D4A1C61497283F6
lammps c0c5 F
energy.dat exists! skiping the calculation! To re-start the calculation - run clear
Molecule 182 of 339 ( 53 percent done )
/home/voovrat/460GB/Development/MolDB/Projects/Clusters/Methods/c2c5/QM/E1C4F896EC4DF8F83F1969DBCC78E921
lammps c2c5 T
energy.dat exists! skiping the calculation! To re-start the calculation - run clear
Molecule 183 of 339 ( 53 percent done )
/home/voovrat/460GB/Development/MolDB/Projects/Clusters/Methods/c3c5/QM/C9F6D53D4195921D28813CE5A849AC9D
lammps c3c5 F
energy.dat exists! skiping the calculation! To re-start the calculation - run clear
Molecule 184 of 339 ( 54 percent done )
/home/voovrat/460GB/Development/MolDB/Projects/Clusters/Methods/c0c6/QM/6D65AEA2BCF07332BEB31EC21DE1BF7C
lammps c0c6 T
energy.dat exists! skiping the calculation! To re-start the calculation - run clear
Molecule 185 of 339 ( 54 percent done )
/home/voovrat/460GB/Development/MolDB/Projects/Clusters/Methods/c1c6/QM/E61061FC17304FCDECCC430D9F5950EB
lammps c1c6 F
energy.dat exists! skiping the calculation! To re-start the calculation - run clear
Molecule 186 of 339 ( 54 percent done )
/home/voovrat/460GB/Development/MolDB/Projects/Clusters/Methods/c3c6/QM/096E7FAEF202E8FD7C81002AF2F959C4
lammps c3c6 T
energy.dat exists! skiping the calculation! To re-start the calculation - run clear
Molecule 187 of 339 ( 55 percent done )
/home/voovrat/460GB/Development/MolDB/Projects/Clusters/Methods/c4c6/QM/5F35DCB85599101E6EE01EAAB02F89AE
lammps c4c6 F
energy.dat exists! skiping the calculation! To re-start the calculation - run clear
Molecule 188 of 339 ( 55 percent done )
/home/voovrat/460GB/Development/MolDB/Projects/Clusters/Methods/c0c1c2/QM/0227CAC7E688BDF2C7A82A9E90082995
lammps c0c1c2 T
energy.dat exists! skiping the calculation! To re-start the calculation - run clear
Molecule 189 of 339 ( 55 percent done )
/home/voovrat/460GB/Development/MolDB/Projects/Clusters/Methods/c0c1c3/QM/1220FA327F7D9DC11A609B22406AB31D
lammps c0c1c3 F
energy.dat exists! skiping the calculation! To re-start the calculation - run clear
Molecule 190 of 339 ( 56 percent done )
/home/voovrat/460GB/Development/MolDB/Projects/Clusters/Methods/c1c2c3/QM/E0BCC5B7269C71990C6430D9246984C8
lammps c1c2c3 T
energy.dat exists! skiping the calculation! To re-start the calculation - run clear
Molecule 191 of 339 ( 56 percent done )
/home/voovrat/460GB/Development/MolDB/Projects/Clusters/Methods/c0c1c4/QM/C5249F43064CA71541F0940D9BD1F16A
lammps c0c1c4 F
energy.dat exists! skiping the calculation! To re-start the calculation - run clear
Molecule 192 of 339 ( 56 percent done )
/home/voovrat/460GB/Development/MolDB/Projects/Clusters/Methods/c1c2c4/QM/3C0D7F5BCC34461B1AEE637F5BBBFAC6
lammps c1c2c4 T
energy.dat exists! skiping the calculation! To re-start the calculation - run clear
Molecule 193 of 339 ( 56 percent done )
/home/voovrat/460GB/Development/MolDB/Projects/Clusters/Methods/c0c3c4/QM/ECFDF3EEA9FFE720B80A854201A94E2C
lammps c0c3c4 F
energy.dat exists! skiping the calculation! To re-start the calculation - run clear
Molecule 194 of 339 ( 57 percent done )
/home/voovrat/460GB/Development/MolDB/Projects/Clusters/Methods/c2c3c4/QM/D626E0DF254F0276D673E9B5E4F92A65
lammps c2c3c4 T
energy.dat exists! skiping the calculation! To re-start the calculation - run clear
Molecule 195 of 339 ( 57 percent done )
/home/voovrat/460GB/Development/MolDB/Projects/Clusters/Methods/c0c1c5/QM/1D820BCF864672C3E2D076AEE152E14C
lammps c0c1c5 F
energy.dat exists! skiping the calculation! To re-start the calculation - run clear
Molecule 196 of 339 ( 57 percent done )
/home/voovrat/460GB/Development/MolDB/Projects/Clusters/Methods/c1c2c5/QM/F2128CF8C52058ABE9DB814F1B232A57
lammps c1c2c5 T
energy.dat exists! skiping the calculation! To re-start the calculation - run clear
Molecule 197 of 339 ( 58 percent done )
/home/voovrat/460GB/Development/MolDB/Projects/Clusters/Methods/c0c3c5/QM/3114BE4CDA008416CB33D3F01CCDCD9A
lammps c0c3c5 F
energy.dat exists! skiping the calculation! To re-start the calculation - run clear
Molecule 198 of 339 ( 58 percent done )
/home/voovrat/460GB/Development/MolDB/Projects/Clusters/Methods/c2c3c5/QM/53D023EBE172B8895C4AD5C7D433F4E2
lammps c2c3c5 T
energy.dat exists! skiping the calculation! To re-start the calculation - run clear
Molecule 199 of 339 ( 58 percent done )
/home/voovrat/460GB/Development/MolDB/Projects/Clusters/Methods/c0c4c5/QM/6AC98656B41607CCD684543F61F1B83A
lammps c0c4c5 F
energy.dat exists! skiping the calculation! To re-start the calculation - run clear
Molecule 200 of 339 ( 58 percent done )
/home/voovrat/460GB/Development/MolDB/Projects/Clusters/Methods/c2c4c5/QM/88B458C97BD8909B04E2F12927481C33
lammps c2c4c5 T
energy.dat exists! skiping the calculation! To re-start the calculation - run clear
Molecule 201 of 339 ( 59 percent done )
/home/voovrat/460GB/Development/MolDB/Projects/Clusters/Methods/c3c4c5/QM/E50EA07FE8908FFB669F3ADCADFDED82
lammps c3c4c5 F
energy.dat exists! skiping the calculation! To re-start the calculation - run clear
Molecule 202 of 339 ( 59 percent done )
/home/voovrat/460GB/Development/MolDB/Projects/Clusters/Methods/c0c2c6/QM/C939FB977D47CDF9305624712F191FFE
lammps c0c2c6 T
energy.dat exists! skiping the calculation! To re-start the calculation - run clear
Molecule 203 of 339 ( 59 percent done )
/home/voovrat/460GB/Development/MolDB/Projects/Clusters/Methods/c1c2c6/QM/4D5F0D56351E07D808E0F841B54C5099
lammps c1c2c6 F
energy.dat exists! skiping the calculation! To re-start the calculation - run clear
Molecule 204 of 339 ( 60 percent done )
/home/voovrat/460GB/Development/MolDB/Projects/Clusters/Methods/c1c3c6/QM/D7106C9F0649BACC9B454727E9948197
lammps c1c3c6 T
energy.dat exists! skiping the calculation! To re-start the calculation - run clear
Molecule 205 of 339 ( 60 percent done )
/home/voovrat/460GB/Development/MolDB/Projects/Clusters/Methods/c2c3c6/QM/D92438062B1D6B68E22DA4789F3DC800
lammps c2c3c6 F
energy.dat exists! skiping the calculation! To re-start the calculation - run clear
Molecule 206 of 339 ( 60 percent done )
/home/voovrat/460GB/Development/MolDB/Projects/Clusters/Methods/c1c4c6/QM/FECE58CD571D130DA525384CB2C43302
lammps c1c4c6 T
energy.dat exists! skiping the calculation! To re-start the calculation - run clear
Molecule 207 of 339 ( 61 percent done )
/home/voovrat/460GB/Development/MolDB/Projects/Clusters/Methods/c2c4c6/QM/B0777BF930EA98242D68DB5E17858F93
lammps c2c4c6 F
energy.dat exists! skiping the calculation! To re-start the calculation - run clear
Molecule 208 of 339 ( 61 percent done )
/home/voovrat/460GB/Development/MolDB/Projects/Clusters/Methods/c0c5c6/QM/2A3924366836F0A71A15440EC3FC480A
lammps c0c5c6 T
energy.dat exists! skiping the calculation! To re-start the calculation - run clear
Molecule 209 of 339 ( 61 percent done )
/home/voovrat/460GB/Development/MolDB/Projects/Clusters/Methods/c1c5c6/QM/FF955A08A3B678D9B7A79AAF1018E868
lammps c1c5c6 F
energy.dat exists! skiping the calculation! To re-start the calculation - run clear
Molecule 210 of 339 ( 61 percent done )
/home/voovrat/460GB/Development/MolDB/Projects/Clusters/Methods/c3c5c6/QM/F171DF9A4588D950D755B0FB773CCE34
lammps c3c5c6 T
energy.dat exists! skiping the calculation! To re-start the calculation - run clear
Molecule 211 of 339 ( 62 percent done )
/home/voovrat/460GB/Development/MolDB/Projects/Clusters/Methods/c4c5c6/QM/C1287B69CE8A858DCFE516C7455E85A8
lammps c4c5c6 F
energy.dat exists! skiping the calculation! To re-start the calculation - run clear
Molecule 212 of 339 ( 62 percent done )
/home/voovrat/460GB/Development/MolDB/Projects/Clusters/Methods/c0c1c2c4/QM/D0C4A4FF4D6D6FBD1C60C28B4F3BF8E3
lammps c0c1c2c4 T
energy.dat exists! skiping the calculation! To re-start the calculation - run clear
Molecule 213 of 339 ( 62 percent done )
/home/voovrat/460GB/Development/MolDB/Projects/Clusters/Methods/c0c1c3c4/QM/1D4DA86E557E6CC0E5B5F87ADADB0670
lammps c0c1c3c4 F
energy.dat exists! skiping the calculation! To re-start the calculation - run clear
Molecule 214 of 339 ( 63 percent done )
/home/voovrat/460GB/Development/MolDB/Projects/Clusters/Methods/c1c2c3c4/QM/6370E920D36B8DC3A6B5CB0DA816A771
lammps c1c2c3c4 T
energy.dat exists! skiping the calculation! To re-start the calculation - run clear
Molecule 215 of 339 ( 63 percent done )
/home/voovrat/460GB/Development/MolDB/Projects/Clusters/Methods/c0c1c2c5/QM/C36B2742D9C237D696D3E7824A4DEC37
lammps c0c1c2c5 F
energy.dat exists! skiping the calculation! To re-start the calculation - run clear
Molecule 216 of 339 ( 63 percent done )
/home/voovrat/460GB/Development/MolDB/Projects/Clusters/Methods/c0c2c3c5/QM/1B34AD4C3BE66A6D53768B6E8BA32006
lammps c0c2c3c5 T
energy.dat exists! skiping the calculation! To re-start the calculation - run clear
Molecule 217 of 339 ( 64 percent done )
/home/voovrat/460GB/Development/MolDB/Projects/Clusters/Methods/c1c2c3c5/QM/B233D981CB50492D726E14F2027D8A31
lammps c1c2c3c5 F
energy.dat exists! skiping the calculation! To re-start the calculation - run clear
Molecule 218 of 339 ( 64 percent done )
/home/voovrat/460GB/Development/MolDB/Projects/Clusters/Methods/c0c2c4c5/QM/64673EC39A0EFB1E7DCC3E6755A8A932
lammps c0c2c4c5 T
energy.dat exists! skiping the calculation! To re-start the calculation - run clear
Molecule 219 of 339 ( 64 percent done )
/home/voovrat/460GB/Development/MolDB/Projects/Clusters/Methods/c1c2c4c5/QM/22A35C2D388616ECFC2ED7DF65CC8071
lammps c1c2c4c5 F
energy.dat exists! skiping the calculation! To re-start the calculation - run clear
Molecule 220 of 339 ( 64 percent done )
/home/voovrat/460GB/Development/MolDB/Projects/Clusters/Methods/c1c3c4c5/QM/6D4E5B6C9552C2BDDC93BCDA82BB0213
lammps c1c3c4c5 T
energy.dat exists! skiping the calculation! To re-start the calculation - run clear
Molecule 221 of 339 ( 65 percent done )
/home/voovrat/460GB/Development/MolDB/Projects/Clusters/Methods/c2c3c4c5/QM/9F4DB7C4F3F2E2CA3EAA455ABE428420
lammps c2c3c4c5 F
energy.dat exists! skiping the calculation! To re-start the calculation - run clear
Molecule 222 of 339 ( 65 percent done )
/home/voovrat/460GB/Development/MolDB/Projects/Clusters/Methods/c0c1c3c6/QM/028B6E10832C15EFC1BBDDE0BDE2318F
lammps c0c1c3c6 T
energy.dat exists! skiping the calculation! To re-start the calculation - run clear
Molecule 223 of 339 ( 65 percent done )
/home/voovrat/460GB/Development/MolDB/Projects/Clusters/Methods/c0c2c3c6/QM/C517F87F4B12461AA0C01F09EDBF5D7C
lammps c0c2c3c6 F
energy.dat exists! skiping the calculation! To re-start the calculation - run clear
Molecule 224 of 339 ( 66 percent done )
/home/voovrat/460GB/Development/MolDB/Projects/Clusters/Methods/c0c1c4c6/QM/1E5448C99239298E723A462A9DD59490
lammps c0c1c4c6 T
energy.dat exists! skiping the calculation! To re-start the calculation - run clear
Molecule 225 of 339 ( 66 percent done )
/home/voovrat/460GB/Development/MolDB/Projects/Clusters/Methods/c0c2c4c6/QM/BF8ED63E769A1424766F4551D020A73F
lammps c0c2c4c6 F
energy.dat exists! skiping the calculation! To re-start the calculation - run clear
Molecule 226 of 339 ( 66 percent done )
/home/voovrat/460GB/Development/MolDB/Projects/Clusters/Methods/c0c3c4c6/QM/95CD74B6E1CEEF2BEE5ECF6386341444
lammps c0c3c4c6 T
energy.dat exists! skiping the calculation! To re-start the calculation - run clear
Molecule 227 of 339 ( 66 percent done )
/home/voovrat/460GB/Development/MolDB/Projects/Clusters/Methods/c1c3c4c6/QM/F081D8425F15ED9197A4163FC0F2B25E
lammps c1c3c4c6 F
energy.dat exists! skiping the calculation! To re-start the calculation - run clear
Molecule 228 of 339 ( 67 percent done )
/home/voovrat/460GB/Development/MolDB/Projects/Clusters/Methods/c0c1c5c6/QM/3D99FC4ECBE6A511EC1426F74F3B4127
lammps c0c1c5c6 T
energy.dat exists! skiping the calculation! To re-start the calculation - run clear
Molecule 229 of 339 ( 67 percent done )
/home/voovrat/460GB/Development/MolDB/Projects/Clusters/Methods/c0c2c5c6/QM/0F8282079858AA2BE0AE6A612C2A00A6
lammps c0c2c5c6 F
energy.dat exists! skiping the calculation! To re-start the calculation - run clear
Molecule 230 of 339 ( 67 percent done )
/home/voovrat/460GB/Development/MolDB/Projects/Clusters/Methods/c0c3c5c6/QM/D2461C2FE9DB9076D82B9AB4F95624DC
lammps c0c3c5c6 T
energy.dat exists! skiping the calculation! To re-start the calculation - run clear
Molecule 231 of 339 ( 68 percent done )
/home/voovrat/460GB/Development/MolDB/Projects/Clusters/Methods/c1c3c5c6/QM/2FA5B8D0BA8EDA662C53D68F430452FF
lammps c1c3c5c6 F
energy.dat exists! skiping the calculation! To re-start the calculation - run clear
Molecule 232 of 339 ( 68 percent done )
/home/voovrat/460GB/Development/MolDB/Projects/Clusters/Methods/c0c4c5c6/QM/FDF0E239AA0F19046248A617D2DE0898
lammps c0c4c5c6 T
energy.dat exists! skiping the calculation! To re-start the calculation - run clear
Molecule 233 of 339 ( 68 percent done )
/home/voovrat/460GB/Development/MolDB/Projects/Clusters/Methods/c1c4c5c6/QM/89A87BBEC1989DC560F399C1CF94C7FB
lammps c1c4c5c6 F
energy.dat exists! skiping the calculation! To re-start the calculation - run clear
Molecule 234 of 339 ( 69 percent done )
/home/voovrat/460GB/Development/MolDB/Projects/Clusters/Methods/c3c4c5c6/QM/B776702BBCDF767BA677BFF3896005C4
lammps c3c4c5c6 T
energy.dat exists! skiping the calculation! To re-start the calculation - run clear
Molecule 235 of 339 ( 69 percent done )
/home/voovrat/460GB/Development/MolDB/Projects/Clusters/Methods/c0c1c2c3c4/QM/2B4BC8F49D6A75E8DC0DF39BE9FCEAC9
lammps c0c1c2c3c4 F
energy.dat exists! skiping the calculation! To re-start the calculation - run clear
Molecule 236 of 339 ( 69 percent done )
/home/voovrat/460GB/Development/MolDB/Projects/Clusters/Methods/c0c1c2c4c5/QM/6A9C1074A678D295F19F1C7BD6289689
lammps c0c1c2c4c5 T
energy.dat exists! skiping the calculation! To re-start the calculation - run clear
Molecule 237 of 339 ( 69 percent done )
/home/voovrat/460GB/Development/MolDB/Projects/Clusters/Methods/c0c1c3c4c5/QM/4907F84A9E02F7810D03D90B4858AF14
lammps c0c1c3c4c5 F
energy.dat exists! skiping the calculation! To re-start the calculation - run clear
Molecule 238 of 339 ( 70 percent done )
/home/voovrat/460GB/Development/MolDB/Projects/Clusters/Methods/c1c2c3c4c5/QM/A6EAE6B02EE4D96A4A2893056EA5EB64
lammps c1c2c3c4c5 T
energy.dat exists! skiping the calculation! To re-start the calculation - run clear
Molecule 239 of 339 ( 70 percent done )
/home/voovrat/460GB/Development/MolDB/Projects/Clusters/Methods/c0c1c2c3c6/QM/C2C2B44E6DDC8CC0973C6D5AF4E1E44B
lammps c0c1c2c3c6 F
energy.dat exists! skiping the calculation! To re-start the calculation - run clear
Molecule 240 of 339 ( 70 percent done )
/home/voovrat/460GB/Development/MolDB/Projects/Clusters/Methods/c0c1c3c4c6/QM/0D54BA8853998AE2C18E4DD8B6CDB695
lammps c0c1c3c4c6 T
energy.dat exists! skiping the calculation! To re-start the calculation - run clear
Molecule 241 of 339 ( 71 percent done )
/home/voovrat/460GB/Development/MolDB/Projects/Clusters/Methods/c0c2c3c4c6/QM/259C1118D2BBB0A78B5B196CDAE83491
lammps c0c2c3c4c6 F
energy.dat exists! skiping the calculation! To re-start the calculation - run clear
Molecule 242 of 339 ( 71 percent done )
/home/voovrat/460GB/Development/MolDB/Projects/Clusters/Methods/c0c1c2c5c6/QM/B6E565A19EF5829224CC63FF98738447
lammps c0c1c2c5c6 T
energy.dat exists! skiping the calculation! To re-start the calculation - run clear
Molecule 243 of 339 ( 71 percent done )
/home/voovrat/460GB/Development/MolDB/Projects/Clusters/Methods/c0c1c3c5c6/QM/03B08D69EBFBE29AA416D203B5A46D79
lammps c0c1c3c5c6 F
energy.dat exists! skiping the calculation! To re-start the calculation - run clear
Molecule 244 of 339 ( 71 percent done )
/home/voovrat/460GB/Development/MolDB/Projects/Clusters/Methods/c1c2c3c5c6/QM/A682261EC44D6890C61E854EDDED17D0
lammps c1c2c3c5c6 T
energy.dat exists! skiping the calculation! To re-start the calculation - run clear
Molecule 245 of 339 ( 72 percent done )
/home/voovrat/460GB/Development/MolDB/Projects/Clusters/Methods/c0c1c4c5c6/QM/785C59FE2AA287F77FD1C89078989FEB
lammps c0c1c4c5c6 F
energy.dat exists! skiping the calculation! To re-start the calculation - run clear
Molecule 246 of 339 ( 72 percent done )
/home/voovrat/460GB/Development/MolDB/Projects/Clusters/Methods/c1c2c4c5c6/QM/460BB32682EA1E3F57772D7D3205A842
lammps c1c2c4c5c6 T
energy.dat exists! skiping the calculation! To re-start the calculation - run clear
Molecule 247 of 339 ( 72 percent done )
/home/voovrat/460GB/Development/MolDB/Projects/Clusters/Methods/c0c3c4c5c6/QM/025350754E4AFA6E47B23344DFB71122
lammps c0c3c4c5c6 F
energy.dat exists! skiping the calculation! To re-start the calculation - run clear
Molecule 248 of 339 ( 73 percent done )
/home/voovrat/460GB/Development/MolDB/Projects/Clusters/Methods/c2c3c4c5c6/QM/639F6C4DBAEAEA80471D7730A68C69A8
lammps c2c3c4c5c6 T
energy.dat exists! skiping the calculation! To re-start the calculation - run clear
Molecule 249 of 339 ( 73 percent done )
/home/voovrat/460GB/Development/MolDB/Projects/Clusters/Methods/c0c1c2c3c4c5/QM/981862CB7AB8982BF0C4031115BAA028
lammps c0c1c2c3c4c5 F
energy.dat exists! skiping the calculation! To re-start the calculation - run clear
Molecule 250 of 339 ( 73 percent done )
/home/voovrat/460GB/Development/MolDB/Projects/Clusters/Methods/c0c1c2c3c5c6/QM/FA94910D9C8B5F4F403A71EC4D5D80AD
lammps c0c1c2c3c5c6 T
energy.dat exists! skiping the calculation! To re-start the calculation - run clear
Molecule 251 of 339 ( 74 percent done )
/home/voovrat/460GB/Development/MolDB/Projects/Clusters/Methods/c0c1c2c4c5c6/QM/1D16F6B55FFDCD1D9A254B76980EE118
lammps c0c1c2c4c5c6 F
energy.dat exists! skiping the calculation! To re-start the calculation - run clear
Molecule 252 of 339 ( 74 percent done )
/home/voovrat/460GB/Development/MolDB/Projects/Clusters/Methods/c0c2c3c4c5c6/QM/44D30D2E06FA68F007B9E17D00667201
lammps c0c2c3c4c5c6 T
energy.dat exists! skiping the calculation! To re-start the calculation - run clear
Molecule 253 of 339 ( 74 percent done )
/home/voovrat/460GB/Development/MolDB/Projects/Clusters/Methods/c1c2c3c4c5c6/QM/6EB58BCB407908B944C9E81075FEBC4D
lammps c1c2c3c4c5c6 F
energy.dat exists! skiping the calculation! To re-start the calculation - run clear
Molecule 254 of 339 ( 74 percent done )
/home/voovrat/460GB/Development/MolDB/Projects/Clusters/Methods/c0/QM/590FC969748578CD8A01FF6ACC550325
abinit_neutral c0 T
energy.dat exists! skiping the calculation! To re-start the calculation - run clear
Molecule 255 of 339 ( 75 percent done )
/home/voovrat/460GB/Development/MolDB/Projects/Clusters/Methods/c1/QM/C55D72FA9126558E5C8E3BB5488DF859
abinit_neutral c1 F
energy.dat exists! skiping the calculation! To re-start the calculation - run clear
Molecule 256 of 339 ( 75 percent done )
/home/voovrat/460GB/Development/MolDB/Projects/Clusters/Methods/c3/QM/8537C943EAE4022E09ED68E2E84993FC
abinit_neutral c3 T
energy.dat exists! skiping the calculation! To re-start the calculation - run clear
Molecule 257 of 339 ( 75 percent done )
/home/voovrat/460GB/Development/MolDB/Projects/Clusters/Methods/c4/QM/BD4BF8C01F21DDB35F438D6177F193D4
abinit_neutral c4 F
energy.dat exists! skiping the calculation! To re-start the calculation - run clear
Molecule 258 of 339 ( 76 percent done )
/home/voovrat/460GB/Development/MolDB/Projects/Clusters/Methods/c6/QM/05F5AB3266A76E1DBAF5E93E0D1A33ED
abinit_neutral c6 T
energy.dat exists! skiping the calculation! To re-start the calculation - run clear
Molecule 259 of 339 ( 76 percent done )
/home/voovrat/460GB/Development/MolDB/Projects/Clusters/Methods/c0c1/QM/8F435CB38CD3828DC8B85F53B855703D
abinit_neutral c0c1 F
energy.dat exists! skiping the calculation! To re-start the calculation - run clear
Molecule 260 of 339 ( 76 percent done )
/home/voovrat/460GB/Development/MolDB/Projects/Clusters/Methods/c1c2/QM/8C9C3EE4F3E3D2F8FB1B73A4BBF35B5F
abinit_neutral c1c2 T
energy.dat exists! skiping the calculation! To re-start the calculation - run clear
Molecule 261 of 339 ( 76 percent done )
/home/voovrat/460GB/Development/MolDB/Projects/Clusters/Methods/c0c3/QM/7ED0A554AD204C9502BB4A1E3A2E80EC
abinit_neutral c0c3 F
energy.dat exists! skiping the calculation! To re-start the calculation - run clear
Molecule 262 of 339 ( 77 percent done )
/home/voovrat/460GB/Development/MolDB/Projects/Clusters/Methods/c2c3/QM/D82D36BEEEBFE30B528B842311A0DD4E
abinit_neutral c2c3 T
energy.dat exists! skiping the calculation! To re-start the calculation - run clear
Molecule 263 of 339 ( 77 percent done )
/home/voovrat/460GB/Development/MolDB/Projects/Clusters/Methods/c0c4/QM/742F0C301A4BE71BDDFE850198BF7924
abinit_neutral c0c4 F
energy.dat exists! skiping the calculation! To re-start the calculation - run clear
Molecule 264 of 339 ( 77 percent done )
/home/voovrat/460GB/Development/MolDB/Projects/Clusters/Methods/c2c4/QM/75864D5D66E1E23FD557FC0D3FB393DF
abinit_neutral c2c4 T
energy.dat exists! skiping the calculation! To re-start the calculation - run clear
Molecule 265 of 339 ( 78 percent done )
/home/voovrat/460GB/Development/MolDB/Projects/Clusters/Methods/c3c4/QM/B006E87B1AF15FBF9BFAB43019622E07
abinit_neutral c3c4 F
energy.dat exists! skiping the calculation! To re-start the calculation - run clear
Molecule 266 of 339 ( 78 percent done )
/home/voovrat/460GB/Development/MolDB/Projects/Clusters/Methods/c1c5/QM/CC6C7334BBD98F5359BC6FD1CB611165
abinit_neutral c1c5 T
energy.dat exists! skiping the calculation! To re-start the calculation - run clear
Molecule 267 of 339 ( 78 percent done )
/home/voovrat/460GB/Development/MolDB/Projects/Clusters/Methods/c2c5/QM/A5A3DB7623F00444F2DC90EF0899162F
abinit_neutral c2c5 F
energy.dat exists! skiping the calculation! To re-start the calculation - run clear
Molecule 268 of 339 ( 79 percent done )
/home/voovrat/460GB/Development/MolDB/Projects/Clusters/Methods/c4c5/QM/F54AD1A8D57D4EFEB5E43ACE1B035032
abinit_neutral c4c5 T
energy.dat exists! skiping the calculation! To re-start the calculation - run clear
Molecule 269 of 339 ( 79 percent done )
/home/voovrat/460GB/Development/MolDB/Projects/Clusters/Methods/c0c6/QM/45D3CC370C3293B53E40A57DE3AFB144
abinit_neutral c0c6 F
energy.dat exists! skiping the calculation! To re-start the calculation - run clear
Molecule 270 of 339 ( 79 percent done )
/home/voovrat/460GB/Development/MolDB/Projects/Clusters/Methods/c2c6/QM/E95737DFC7827E852974AD990636240A
abinit_neutral c2c6 T
energy.dat exists! skiping the calculation! To re-start the calculation - run clear
Molecule 271 of 339 ( 79 percent done )
/home/voovrat/460GB/Development/MolDB/Projects/Clusters/Methods/c3c6/QM/CF207B4367A6EEC3AFE0FEA6941554DC
abinit_neutral c3c6 F
energy.dat exists! skiping the calculation! To re-start the calculation - run clear
Molecule 272 of 339 ( 80 percent done )
/home/voovrat/460GB/Development/MolDB/Projects/Clusters/Methods/c5c6/QM/48413A4B74B47230B67C1DB1A02466F5
abinit_neutral c5c6 T
energy.dat exists! skiping the calculation! To re-start the calculation - run clear
Molecule 273 of 339 ( 80 percent done )
/home/voovrat/460GB/Development/MolDB/Projects/Clusters/Methods/c0c1c2/QM/7639A693AF2E161B6A106B87C1C5BF23
abinit_neutral c0c1c2 F
energy.dat exists! skiping the calculation! To re-start the calculation - run clear
Molecule 274 of 339 ( 80 percent done )
/home/voovrat/460GB/Development/MolDB/Projects/Clusters/Methods/c0c2c3/QM/22CDC9991828AED6673E6BA607494674
abinit_neutral c0c2c3 T
energy.dat exists! skiping the calculation! To re-start the calculation - run clear
Molecule 275 of 339 ( 81 percent done )
/home/voovrat/460GB/Development/MolDB/Projects/Clusters/Methods/c1c2c3/QM/79AF92B82C47BB5A56E1CCDC3BCCEF9A
abinit_neutral c1c2c3 F
energy.dat exists! skiping the calculation! To re-start the calculation - run clear
Molecule 276 of 339 ( 81 percent done )
/home/voovrat/460GB/Development/MolDB/Projects/Clusters/Methods/c0c2c4/QM/4FD509AFBDBAC9E02827ABF3CDD1C69C
abinit_neutral c0c2c4 T
energy.dat exists! skiping the calculation! To re-start the calculation - run clear
Molecule 277 of 339 ( 81 percent done )
/home/voovrat/460GB/Development/MolDB/Projects/Clusters/Methods/c1c2c4/QM/D5D2D77A9849500F4159B2833C782945
abinit_neutral c1c2c4 F
energy.dat exists! skiping the calculation! To re-start the calculation - run clear
Molecule 278 of 339 ( 82 percent done )
/home/voovrat/460GB/Development/MolDB/Projects/Clusters/Methods/c1c3c4/QM/FA9798201494E5A3F4784C322C12E378
abinit_neutral c1c3c4 T
energy.dat exists! skiping the calculation! To re-start the calculation - run clear
Molecule 279 of 339 ( 82 percent done )
/home/voovrat/460GB/Development/MolDB/Projects/Clusters/Methods/c2c3c4/QM/A68F630644FD5532DEA417194A21A611
abinit_neutral c2c3c4 F
energy.dat exists! skiping the calculation! To re-start the calculation - run clear
Molecule 280 of 339 ( 82 percent done )
/home/voovrat/460GB/Development/MolDB/Projects/Clusters/Methods/c0c2c5/QM/A3202BD66660D491AF69D3117DE2DE07
abinit_neutral c0c2c5 T
energy.dat exists! skiping the calculation! To re-start the calculation - run clear
Molecule 281 of 339 ( 82 percent done )
/home/voovrat/460GB/Development/MolDB/Projects/Clusters/Methods/c1c2c5/QM/1C5B4E91ACDF6D79795CEDB64FF1116F
abinit_neutral c1c2c5 F
energy.dat exists! skiping the calculation! To re-start the calculation - run clear
Molecule 282 of 339 ( 83 percent done )
/home/voovrat/460GB/Development/MolDB/Projects/Clusters/Methods/c1c3c5/QM/C0A41D685780842214DD51CF0161D6AE
abinit_neutral c1c3c5 T
energy.dat exists! skiping the calculation! To re-start the calculation - run clear
Molecule 283 of 339 ( 83 percent done )
/home/voovrat/460GB/Development/MolDB/Projects/Clusters/Methods/c2c3c5/QM/71BD03CF0D93F031B52FACF583493FA9
abinit_neutral c2c3c5 F
energy.dat exists! skiping the calculation! To re-start the calculation - run clear
Molecule 284 of 339 ( 83 percent done )
/home/voovrat/460GB/Development/MolDB/Projects/Clusters/Methods/c1c4c5/QM/F9CEA73DC6DEEC0ECADB27CBA117D5DC
abinit_neutral c1c4c5 T
energy.dat exists! skiping the calculation! To re-start the calculation - run clear
Molecule 285 of 339 ( 84 percent done )
/home/voovrat/460GB/Development/MolDB/Projects/Clusters/Methods/c2c4c5/QM/C779748379058E3396667994D567149F
abinit_neutral c2c4c5 F
energy.dat exists! skiping the calculation! To re-start the calculation - run clear
Molecule 286 of 339 ( 84 percent done )
/home/voovrat/460GB/Development/MolDB/Projects/Clusters/Methods/c0c1c6/QM/652529307B35587F9EF709BE1FAA71D2
abinit_neutral c0c1c6 T
energy.dat exists! skiping the calculation! To re-start the calculation - run clear
Molecule 287 of 339 ( 84 percent done )
/home/voovrat/460GB/Development/MolDB/Projects/Clusters/Methods/c0c2c6/QM/4142C19CB5D7792AD7040B18E5A28EF5
abinit_neutral c0c2c6 F
energy.dat exists! skiping the calculation! To re-start the calculation - run clear
Molecule 288 of 339 ( 84 percent done )
/home/voovrat/460GB/Development/MolDB/Projects/Clusters/Methods/c0c3c6/QM/92A69FB21BBD496FE57FB74D305BA888
abinit_neutral c0c3c6 T
energy.dat exists! skiping the calculation! To re-start the calculation - run clear
Molecule 289 of 339 ( 85 percent done )
/home/voovrat/460GB/Development/MolDB/Projects/Clusters/Methods/c1c3c6/QM/515DAAAA38029670CCA3F790C7F27D16
abinit_neutral c1c3c6 F
energy.dat exists! skiping the calculation! To re-start the calculation - run clear
Molecule 290 of 339 ( 85 percent done )
/home/voovrat/460GB/Development/MolDB/Projects/Clusters/Methods/c0c4c6/QM/B65601F78E60C757D241ED63D501C474
abinit_neutral c0c4c6 T
energy.dat exists! skiping the calculation! To re-start the calculation - run clear
Molecule 291 of 339 ( 85 percent done )
/home/voovrat/460GB/Development/MolDB/Projects/Clusters/Methods/c1c4c6/QM/AEACC66A415FD3FF36849DA037AB4B10
abinit_neutral c1c4c6 F
energy.dat exists! skiping the calculation! To re-start the calculation - run clear
Molecule 292 of 339 ( 86 percent done )
/home/voovrat/460GB/Development/MolDB/Projects/Clusters/Methods/c3c4c6/QM/8D1A316E6EA15D37EE9B566CCC7EF302
abinit_neutral c3c4c6 T
energy.dat exists! skiping the calculation! To re-start the calculation - run clear
Molecule 293 of 339 ( 86 percent done )
/home/voovrat/460GB/Development/MolDB/Projects/Clusters/Methods/c0c5c6/QM/2C58F066E75AA36B598515A87E4D38AE
abinit_neutral c0c5c6 F
energy.dat exists! skiping the calculation! To re-start the calculation - run clear
Molecule 294 of 339 ( 86 percent done )
/home/voovrat/460GB/Development/MolDB/Projects/Clusters/Methods/c2c5c6/QM/772E4595B4BD700061129BC5E14CA827
abinit_neutral c2c5c6 T
energy.dat exists! skiping the calculation! To re-start the calculation - run clear
Molecule 295 of 339 ( 87 percent done )
/home/voovrat/460GB/Development/MolDB/Projects/Clusters/Methods/c3c5c6/QM/0B7249798D8D73F1AFA6B2EB98D567A0
abinit_neutral c3c5c6 F
energy.dat exists! skiping the calculation! To re-start the calculation - run clear
Molecule 296 of 339 ( 87 percent done )
/home/voovrat/460GB/Development/MolDB/Projects/Clusters/Methods/c0c1c2c3/QM/6632FA13651F4B33355D3159ED3EC200
abinit_neutral c0c1c2c3 T
energy.dat exists! skiping the calculation! To re-start the calculation - run clear
Molecule 297 of 339 ( 87 percent done )
/home/voovrat/460GB/Development/MolDB/Projects/Clusters/Methods/c0c1c2c4/QM/BF49F6C74E27A22B8824ABF984E8F83D
abinit_neutral c0c1c2c4 F
energy.dat exists! skiping the calculation! To re-start the calculation - run clear
Molecule 298 of 339 ( 87 percent done )
/home/voovrat/460GB/Development/MolDB/Projects/Clusters/Methods/c0c2c3c4/QM/E314A28FB2F4B95016CAF6A4F7B34BEE
abinit_neutral c0c2c3c4 T
energy.dat exists! skiping the calculation! To re-start the calculation - run clear
Molecule 299 of 339 ( 88 percent done )
/home/voovrat/460GB/Development/MolDB/Projects/Clusters/Methods/c1c2c3c4/QM/67203B78090535D9BB6EFBA910442546
abinit_neutral c1c2c3c4 F
energy.dat exists! skiping the calculation! To re-start the calculation - run clear
Molecule 300 of 339 ( 88 percent done )
/home/voovrat/460GB/Development/MolDB/Projects/Clusters/Methods/c0c1c3c5/QM/B9994BF34CA5F302F06B20EB41A36A1A
abinit_neutral c0c1c3c5 T
energy.dat exists! skiping the calculation! To re-start the calculation - run clear
Molecule 301 of 339 ( 88 percent done )
/home/voovrat/460GB/Development/MolDB/Projects/Clusters/Methods/c0c2c3c5/QM/0A5A0C2FFC626C53DEB249100C607C0F
abinit_neutral c0c2c3c5 F
energy.dat exists! skiping the calculation! To re-start the calculation - run clear
Molecule 302 of 339 ( 89 percent done )
/home/voovrat/460GB/Development/MolDB/Projects/Clusters/Methods/c0c1c4c5/QM/0A33B3E72F0066E4FD84F26A75468C05
abinit_neutral c0c1c4c5 T
energy.dat exists! skiping the calculation! To re-start the calculation - run clear
Molecule 303 of 339 ( 89 percent done )
/home/voovrat/460GB/Development/MolDB/Projects/Clusters/Methods/c0c2c4c5/QM/BF92ABC9CA7224DD89B3E1059EA19377
abinit_neutral c0c2c4c5 F
energy.dat exists! skiping the calculation! To re-start the calculation - run clear
Molecule 304 of 339 ( 89 percent done )
/home/voovrat/460GB/Development/MolDB/Projects/Clusters/Methods/c0c3c4c5/QM/F8533921C62BC039380A2B1C8BB3D809
abinit_neutral c0c3c4c5 T
energy.dat exists! skiping the calculation! To re-start the calculation - run clear
Molecule 305 of 339 ( 89 percent done )
/home/voovrat/460GB/Development/MolDB/Projects/Clusters/Methods/c1c3c4c5/QM/99F17C8674AC25F29DD3D2DDB293BC07
abinit_neutral c1c3c4c5 F
energy.dat exists! skiping the calculation! To re-start the calculation - run clear
Molecule 306 of 339 ( 90 percent done )
/home/voovrat/460GB/Development/MolDB/Projects/Clusters/Methods/c0c1c2c6/QM/2EF3579A41C3F59051F456CFF71884F5
abinit_neutral c0c1c2c6 T
energy.dat exists! skiping the calculation! To re-start the calculation - run clear
Molecule 307 of 339 ( 90 percent done )
/home/voovrat/460GB/Development/MolDB/Projects/Clusters/Methods/c0c1c3c6/QM/6A4CA82B18B8600C2CC51555896A162D
abinit_neutral c0c1c3c6 F
energy.dat exists! skiping the calculation! To re-start the calculation - run clear
Molecule 308 of 339 ( 90 percent done )
/home/voovrat/460GB/Development/MolDB/Projects/Clusters/Methods/c1c2c3c6/QM/0BB498B5473B3F0D99C219F7F6D22227
abinit_neutral c1c2c3c6 T
energy.dat exists! skiping the calculation! To re-start the calculation - run clear
Molecule 309 of 339 ( 91 percent done )
/home/voovrat/460GB/Development/MolDB/Projects/Clusters/Methods/c0c1c4c6/QM/3483451449B9AD626668A55740957DB9
abinit_neutral c0c1c4c6 F
energy.dat exists! skiping the calculation! To re-start the calculation - run clear
Molecule 310 of 339 ( 91 percent done )
/home/voovrat/460GB/Development/MolDB/Projects/Clusters/Methods/c1c2c4c6/QM/D468BA4CA84353AC624F8B1B83F83920
abinit_neutral c1c2c4c6 T
energy.dat exists! skiping the calculation! To re-start the calculation - run clear
Molecule 311 of 339 ( 91 percent done )
/home/voovrat/460GB/Development/MolDB/Projects/Clusters/Methods/c0c3c4c6/QM/9EF5C8B25C025DD77FA58219C2D454C9
abinit_neutral c0c3c4c6 F
energy.dat exists! skiping the calculation! To re-start the calculation - run clear
Molecule 312 of 339 ( 92 percent done )
/home/voovrat/460GB/Development/MolDB/Projects/Clusters/Methods/c2c3c4c6/QM/D8887F0A4FE37535D900F5539E7CB4A3
abinit_neutral c2c3c4c6 T
energy.dat exists! skiping the calculation! To re-start the calculation - run clear
Molecule 313 of 339 ( 92 percent done )
/home/voovrat/460GB/Development/MolDB/Projects/Clusters/Methods/c0c1c5c6/QM/86DB54D3FAB301D9AA25A667C7146C9E
abinit_neutral c0c1c5c6 F
energy.dat exists! skiping the calculation! To re-start the calculation - run clear
Molecule 314 of 339 ( 92 percent done )
/home/voovrat/460GB/Development/MolDB/Projects/Clusters/Methods/c1c2c5c6/QM/CB71FAC3D508DDAA722FE4CCAA39D0FF
abinit_neutral c1c2c5c6 T
energy.dat exists! skiping the calculation! To re-start the calculation - run clear
Molecule 315 of 339 ( 92 percent done )
/home/voovrat/460GB/Development/MolDB/Projects/Clusters/Methods/c0c3c5c6/QM/DB66CC6B8ED96836EE34A9644241AEE2
abinit_neutral c0c3c5c6 F
energy.dat exists! skiping the calculation! To re-start the calculation - run clear
Molecule 316 of 339 ( 93 percent done )
/home/voovrat/460GB/Development/MolDB/Projects/Clusters/Methods/c2c3c5c6/QM/8127F15CDA96AA396FBE8C63FA5A01DE
abinit_neutral c2c3c5c6 T
energy.dat exists! skiping the calculation! To re-start the calculation - run clear
Molecule 317 of 339 ( 93 percent done )
/home/voovrat/460GB/Development/MolDB/Projects/Clusters/Methods/c0c4c5c6/QM/1464019F1145B14EC3825DC03568E4DA
abinit_neutral c0c4c5c6 F
energy.dat exists! skiping the calculation! To re-start the calculation - run clear
Molecule 318 of 339 ( 93 percent done )
/home/voovrat/460GB/Development/MolDB/Projects/Clusters/Methods/c2c4c5c6/QM/49C1BCD0E62E623ACCE1766FA5C7D98A
abinit_neutral c2c4c5c6 T
energy.dat exists! skiping the calculation! To re-start the calculation - run clear
Molecule 319 of 339 ( 94 percent done )
/home/voovrat/460GB/Development/MolDB/Projects/Clusters/Methods/c3c4c5c6/QM/1CC274D9BE9CE14BF90C643A1F7392C5
abinit_neutral c3c4c5c6 F
energy.dat exists! skiping the calculation! To re-start the calculation - run clear
Molecule 320 of 339 ( 94 percent done )
/home/voovrat/460GB/Development/MolDB/Projects/Clusters/Methods/c0c1c2c3c5/QM/6F29293658AE0FAC8DBDBFBCC53805C8
abinit_neutral c0c1c2c3c5 T
energy.dat exists! skiping the calculation! To re-start the calculation - run clear
Molecule 321 of 339 ( 94 percent done )
/home/voovrat/460GB/Development/MolDB/Projects/Clusters/Methods/c0c1c2c4c5/QM/898F6430CD166AE4911440E22AFE3A28
abinit_neutral c0c1c2c4c5 F
energy.dat exists! skiping the calculation! To re-start the calculation - run clear
Molecule 322 of 339 ( 94 percent done )
/home/voovrat/460GB/Development/MolDB/Projects/Clusters/Methods/c0c2c3c4c5/QM/B6BA887EABAE25CC3C78B4E5D80B2D0E
abinit_neutral c0c2c3c4c5 T
energy.dat exists! skiping the calculation! To re-start the calculation - run clear
Molecule 323 of 339 ( 95 percent done )
/home/voovrat/460GB/Development/MolDB/Projects/Clusters/Methods/c1c2c3c4c5/QM/D086F74AC1170A5B63B152925C84C1ED
abinit_neutral c1c2c3c4c5 F
energy.dat exists! skiping the calculation! To re-start the calculation - run clear
Molecule 324 of 339 ( 95 percent done )
/home/voovrat/460GB/Development/MolDB/Projects/Clusters/Methods/c0c1c2c4c6/QM/D6582F16AF60BBDDD40C4B68F795D4A1
abinit_neutral c0c1c2c4c6 T
energy.dat exists! skiping the calculation! To re-start the calculation - run clear
Molecule 325 of 339 ( 95 percent done )
/home/voovrat/460GB/Development/MolDB/Projects/Clusters/Methods/c0c1c3c4c6/QM/B522765E4C42EE4EAD8F4C0AABFC3574
abinit_neutral c0c1c3c4c6 F
energy.dat exists! skiping the calculation! To re-start the calculation - run clear
Molecule 326 of 339 ( 96 percent done )
/home/voovrat/460GB/Development/MolDB/Projects/Clusters/Methods/c1c2c3c4c6/QM/BCAABECDBC4B087D05CAE21112EC7DEC
abinit_neutral c1c2c3c4c6 T
energy.dat exists! skiping the calculation! To re-start the calculation - run clear
Molecule 327 of 339 ( 96 percent done )
/home/voovrat/460GB/Development/MolDB/Projects/Clusters/Methods/c0c1c2c5c6/QM/673999BEBCD40FAAA7988412B8381F22
abinit_neutral c0c1c2c5c6 F
energy.dat exists! skiping the calculation! To re-start the calculation - run clear
Molecule 328 of 339 ( 96 percent done )
/home/voovrat/460GB/Development/MolDB/Projects/Clusters/Methods/c0c2c3c5c6/QM/D87C091BD66006D5920071343D9428E8
abinit_neutral c0c2c3c5c6 T
energy.dat exists! skiping the calculation! To re-start the calculation - run clear
Molecule 329 of 339 ( 97 percent done )
/home/voovrat/460GB/Development/MolDB/Projects/Clusters/Methods/c1c2c3c5c6/QM/5628D0B687F391696A4D0F978BF8577D
abinit_neutral c1c2c3c5c6 F
energy.dat exists! skiping the calculation! To re-start the calculation - run clear
Molecule 330 of 339 ( 97 percent done )
/home/voovrat/460GB/Development/MolDB/Projects/Clusters/Methods/c0c2c4c5c6/QM/E73EDC66B23581503FEE8E5A7C85D1A8
abinit_neutral c0c2c4c5c6 T
energy.dat exists! skiping the calculation! To re-start the calculation - run clear
Molecule 331 of 339 ( 97 percent done )
/home/voovrat/460GB/Development/MolDB/Projects/Clusters/Methods/c1c2c4c5c6/QM/5926B99309F059312C4168697C41C0FD
abinit_neutral c1c2c4c5c6 F
energy.dat exists! skiping the calculation! To re-start the calculation - run clear
Molecule 332 of 339 ( 97 percent done )
/home/voovrat/460GB/Development/MolDB/Projects/Clusters/Methods/c1c3c4c5c6/QM/38CA6BA7487659F2552F8F78B64522B2
abinit_neutral c1c3c4c5c6 T
energy.dat exists! skiping the calculation! To re-start the calculation - run clear
Molecule 333 of 339 ( 98 percent done )
/home/voovrat/460GB/Development/MolDB/Projects/Clusters/Methods/c2c3c4c5c6/QM/87649835DC3462760713DFCBB1CEBA37
abinit_neutral c2c3c4c5c6 F
energy.dat exists! skiping the calculation! To re-start the calculation - run clear
Molecule 334 of 339 ( 98 percent done )
/home/voovrat/460GB/Development/MolDB/Projects/Clusters/Methods/c0c1c2c3c4c6/QM/2C5875089F085A8888FA4333C47759AA
abinit_neutral c0c1c2c3c4c6 T
energy.dat exists! skiping the calculation! To re-start the calculation - run clear
Molecule 335 of 339 ( 98 percent done )
/home/voovrat/460GB/Development/MolDB/Projects/Clusters/Methods/c0c1c2c3c5c6/QM/016835665C09C9925A2825242192FCFC
abinit_neutral c0c1c2c3c5c6 F
energy.dat exists! skiping the calculation! To re-start the calculation - run clear
Molecule 336 of 339 ( 99 percent done )
/home/voovrat/460GB/Development/MolDB/Projects/Clusters/Methods/c0c1c3c4c5c6/QM/D7C1709080B4885B68381EC23F509499
abinit_neutral c0c1c3c4c5c6 T
-2991.432780932902006
calculated in 264 s
Molecule 337 of 339 ( 99 percent done )
/home/voovrat/460GB/Development/MolDB/Projects/Clusters/Methods/c0c2c3c4c5c6/QM/93B3DA4302B27625E8473A610DAE5DBE
abinit_neutral c0c2c3c4c5c6 F
-2978.400590596768325
calculated in 430 s
Molecule 338 of 339 ( 99 percent done )
/home/voovrat/460GB/Development/MolDB/Projects/Clusters/Methods/c0c1c2c3c4c5c6/QM/FD863F96AFAA83C6E1633EA0AEFFE74F
abinit_neutral c0c1c2c3c4c5c6 T
energy.dat exists! skiping the calculation! To re-start the calculation - run clear
