Molecule 0 of 338 ( 0 percent done )
/home/voovrat/460GB/Development/MolDB/Projects/Clusters/Methods/c1/QM/29A674722D5BAEED665C901C5BC38A60
abinit c1 T
energy.dat exists! skiping the calculation! To re-start the calculation - run clear
Molecule 1 of 338 ( 0 percent done )
/home/voovrat/460GB/Development/MolDB/Projects/Clusters/Methods/c2/QM/0755597F3C0950EEAA6FDA5683461B03
abinit c2 F
energy.dat exists! skiping the calculation! To re-start the calculation - run clear
Molecule 2 of 338 ( 0 percent done )
/home/voovrat/460GB/Development/MolDB/Projects/Clusters/Methods/c4/QM/6AE212E53B28B779EE12F038FDAC1A91
abinit c4 T
energy.dat exists! skiping the calculation! To re-start the calculation - run clear
Molecule 3 of 338 ( 0 percent done )
/home/voovrat/460GB/Development/MolDB/Projects/Clusters/Methods/c5/QM/C52310E1EE77BE27F629109CCCD3493B
abinit c5 F
energy.dat exists! skiping the calculation! To re-start the calculation - run clear
Molecule 4 of 338 ( 1 percent done )
/home/voovrat/460GB/Development/MolDB/Projects/Clusters/Methods/c0c1/QM/84C219EC72E18387FA5CF37682F008B5
abinit c0c1 T
energy.dat exists! skiping the calculation! To re-start the calculation - run clear
Molecule 5 of 338 ( 1 percent done )
/home/voovrat/460GB/Development/MolDB/Projects/Clusters/Methods/c0c2/QM/392E2D79C51233C7EAB3303550C4CC73
abinit c0c2 F
energy.dat exists! skiping the calculation! To re-start the calculation - run clear
Molecule 6 of 338 ( 1 percent done )
/home/voovrat/460GB/Development/MolDB/Projects/Clusters/Methods/c0c3/QM/E087B7E58954963EDD021024F072693D
abinit c0c3 T
energy.dat exists! skiping the calculation! To re-start the calculation - run clear
Molecule 7 of 338 ( 2 percent done )
/home/voovrat/460GB/Development/MolDB/Projects/Clusters/Methods/c1c3/QM/FB83080011CEA21AAECFACC293CDA98F
abinit c1c3 F
energy.dat exists! skiping the calculation! To re-start the calculation - run clear
Molecule 8 of 338 ( 2 percent done )
/home/voovrat/460GB/Development/MolDB/Projects/Clusters/Methods/c0c4/QM/294932F4AD4BDA91691CE5DAB4459BAA
abinit c0c4 T
energy.dat exists! skiping the calculation! To re-start the calculation - run clear
Molecule 9 of 338 ( 2 percent done )
/home/voovrat/460GB/Development/MolDB/Projects/Clusters/Methods/c1c4/QM/21C7CD943BD8AA85412A595E341E526D
abinit c1c4 F
energy.dat exists! skiping the calculation! To re-start the calculation - run clear
Molecule 10 of 338 ( 2 percent done )
/home/voovrat/460GB/Development/MolDB/Projects/Clusters/Methods/c3c4/QM/B0CE0FF188D4E4146F4C320A836FBD64
abinit c3c4 T
energy.dat exists! skiping the calculation! To re-start the calculation - run clear
Molecule 11 of 338 ( 3 percent done )
/home/voovrat/460GB/Development/MolDB/Projects/Clusters/Methods/c0c5/QM/94EEA0727EBF51F256FEC35688E159B3
abinit c0c5 F
energy.dat exists! skiping the calculation! To re-start the calculation - run clear
Molecule 12 of 338 ( 3 percent done )
/home/voovrat/460GB/Development/MolDB/Projects/Clusters/Methods/c2c5/QM/71A7A3E25CD4F92D5C6CE83EDA2F2606
abinit c2c5 T
energy.dat exists! skiping the calculation! To re-start the calculation - run clear
Molecule 13 of 338 ( 3 percent done )
/home/voovrat/460GB/Development/MolDB/Projects/Clusters/Methods/c3c5/QM/34F41E2EA4F441761161C58F22DBE64E
abinit c3c5 F
energy.dat exists! skiping the calculation! To re-start the calculation - run clear
Molecule 14 of 338 ( 4 percent done )
/home/voovrat/460GB/Development/MolDB/Projects/Clusters/Methods/c0c6/QM/DFD48244EBAE79570BC4119463307508
abinit c0c6 T
energy.dat exists! skiping the calculation! To re-start the calculation - run clear
Molecule 15 of 338 ( 4 percent done )
/home/voovrat/460GB/Development/MolDB/Projects/Clusters/Methods/c1c6/QM/E06EDA621B3F720330FC5AC362727E4B
abinit c1c6 F
energy.dat exists! skiping the calculation! To re-start the calculation - run clear
Molecule 16 of 338 ( 4 percent done )
/home/voovrat/460GB/Development/MolDB/Projects/Clusters/Methods/c3c6/QM/364D591D3301B714C40D3D18D68F3A06
abinit c3c6 T
energy.dat exists! skiping the calculation! To re-start the calculation - run clear
Molecule 17 of 338 ( 5 percent done )
/home/voovrat/460GB/Development/MolDB/Projects/Clusters/Methods/c4c6/QM/986C5AC6AF1DA297536985CF5FC6BE13
abinit c4c6 F
energy.dat exists! skiping the calculation! To re-start the calculation - run clear
Molecule 18 of 338 ( 5 percent done )
/home/voovrat/460GB/Development/MolDB/Projects/Clusters/Methods/c0c1c2/QM/82CB215467EAAD1F3C3BDB5F8039E53D
abinit c0c1c2 T
energy.dat exists! skiping the calculation! To re-start the calculation - run clear
Molecule 19 of 338 ( 5 percent done )
/home/voovrat/460GB/Development/MolDB/Projects/Clusters/Methods/c0c1c3/QM/9ADAD806F6E0869D57C85A012ABA5121
abinit c0c1c3 F
energy.dat exists! skiping the calculation! To re-start the calculation - run clear
Molecule 20 of 338 ( 5 percent done )
/home/voovrat/460GB/Development/MolDB/Projects/Clusters/Methods/c1c2c3/QM/D1D23BDA832F3AF07225725509083990
abinit c1c2c3 T
energy.dat exists! skiping the calculation! To re-start the calculation - run clear
Molecule 21 of 338 ( 6 percent done )
/home/voovrat/460GB/Development/MolDB/Projects/Clusters/Methods/c0c1c4/QM/CC83E324FA0D38E9818411A6E00CD672
abinit c0c1c4 F
energy.dat exists! skiping the calculation! To re-start the calculation - run clear
Molecule 22 of 338 ( 6 percent done )
/home/voovrat/460GB/Development/MolDB/Projects/Clusters/Methods/c1c2c4/QM/939695361415CAC7BBD37C29BD9E1BFE
abinit c1c2c4 T
energy.dat exists! skiping the calculation! To re-start the calculation - run clear
Molecule 23 of 338 ( 6 percent done )
/home/voovrat/460GB/Development/MolDB/Projects/Clusters/Methods/c0c3c4/QM/EE02D9EF74229FD68F5D18D165AE0046
abinit c0c3c4 F
energy.dat exists! skiping the calculation! To re-start the calculation - run clear
Molecule 24 of 338 ( 7 percent done )
/home/voovrat/460GB/Development/MolDB/Projects/Clusters/Methods/c2c3c4/QM/7F935BFB6E1C8E2AAEE21CD513F46C94
abinit c2c3c4 T
energy.dat exists! skiping the calculation! To re-start the calculation - run clear
Molecule 25 of 338 ( 7 percent done )
/home/voovrat/460GB/Development/MolDB/Projects/Clusters/Methods/c0c1c5/QM/464E0826A5DE9FBE53C2FC45613CFAB4
abinit c0c1c5 F
energy.dat exists! skiping the calculation! To re-start the calculation - run clear
Molecule 26 of 338 ( 7 percent done )
/home/voovrat/460GB/Development/MolDB/Projects/Clusters/Methods/c1c2c5/QM/90289283E8019ABDE55F8232C53604C2
abinit c1c2c5 T
energy.dat exists! skiping the calculation! To re-start the calculation - run clear
Molecule 27 of 338 ( 7 percent done )
/home/voovrat/460GB/Development/MolDB/Projects/Clusters/Methods/c0c3c5/QM/02488074D7B4CBFBF260963D95DC03C9
abinit c0c3c5 F
energy.dat exists! skiping the calculation! To re-start the calculation - run clear
Molecule 28 of 338 ( 8 percent done )
/home/voovrat/460GB/Development/MolDB/Projects/Clusters/Methods/c2c3c5/QM/DF4BDD42759B5BBEFD7A56032EDA0916
abinit c2c3c5 T
energy.dat exists! skiping the calculation! To re-start the calculation - run clear
Molecule 29 of 338 ( 8 percent done )
/home/voovrat/460GB/Development/MolDB/Projects/Clusters/Methods/c0c4c5/QM/F8A9F609B0249761A4A40C8E37131388
abinit c0c4c5 F
energy.dat exists! skiping the calculation! To re-start the calculation - run clear
Molecule 30 of 338 ( 8 percent done )
/home/voovrat/460GB/Development/MolDB/Projects/Clusters/Methods/c2c4c5/QM/B5F510A26BE0F34D2394F962681394E6
abinit c2c4c5 T
energy.dat exists! skiping the calculation! To re-start the calculation - run clear
Molecule 31 of 338 ( 9 percent done )
/home/voovrat/460GB/Development/MolDB/Projects/Clusters/Methods/c3c4c5/QM/B374103262DC90A1A4CF6D0D2A34AF33
abinit c3c4c5 F
energy.dat exists! skiping the calculation! To re-start the calculation - run clear
Molecule 32 of 338 ( 9 percent done )
/home/voovrat/460GB/Development/MolDB/Projects/Clusters/Methods/c0c2c6/QM/E1EA9FBF8F0DB2036CE95C7C55ED73A9
abinit c0c2c6 T
energy.dat exists! skiping the calculation! To re-start the calculation - run clear
Molecule 33 of 338 ( 9 percent done )
/home/voovrat/460GB/Development/MolDB/Projects/Clusters/Methods/c1c2c6/QM/AE753CCC3423AB88EA27F346139A1B9C
abinit c1c2c6 F
energy.dat exists! skiping the calculation! To re-start the calculation - run clear
Molecule 34 of 338 ( 10 percent done )
/home/voovrat/460GB/Development/MolDB/Projects/Clusters/Methods/c1c3c6/QM/2D8265F661DB419F8CAF075676AEB448
abinit c1c3c6 T
energy.dat exists! skiping the calculation! To re-start the calculation - run clear
Molecule 35 of 338 ( 10 percent done )
/home/voovrat/460GB/Development/MolDB/Projects/Clusters/Methods/c2c3c6/QM/7A67F886B8589074F76725E77F421A24
abinit c2c3c6 F
energy.dat exists! skiping the calculation! To re-start the calculation - run clear
Molecule 36 of 338 ( 10 percent done )
/home/voovrat/460GB/Development/MolDB/Projects/Clusters/Methods/c1c4c6/QM/E13F6ED51E0A971529AA5E2136ED27C9
abinit c1c4c6 T
energy.dat exists! skiping the calculation! To re-start the calculation - run clear
Molecule 37 of 338 ( 10 percent done )
/home/voovrat/460GB/Development/MolDB/Projects/Clusters/Methods/c2c4c6/QM/479688194107860D7E5EB4F138CB4337
abinit c2c4c6 F
energy.dat exists! skiping the calculation! To re-start the calculation - run clear
Molecule 38 of 338 ( 11 percent done )
/home/voovrat/460GB/Development/MolDB/Projects/Clusters/Methods/c0c5c6/QM/36342EE37B00E44993AB15F58A578345
abinit c0c5c6 T
energy.dat exists! skiping the calculation! To re-start the calculation - run clear
Molecule 39 of 338 ( 11 percent done )
/home/voovrat/460GB/Development/MolDB/Projects/Clusters/Methods/c1c5c6/QM/458F4B013624E99029AA31DB4B09AFB8
abinit c1c5c6 F
energy.dat exists! skiping the calculation! To re-start the calculation - run clear
Molecule 40 of 338 ( 11 percent done )
/home/voovrat/460GB/Development/MolDB/Projects/Clusters/Methods/c3c5c6/QM/4F52EE90C5C26747155B581C8EBF7EC2
abinit c3c5c6 T
energy.dat exists! skiping the calculation! To re-start the calculation - run clear
Molecule 41 of 338 ( 12 percent done )
/home/voovrat/460GB/Development/MolDB/Projects/Clusters/Methods/c4c5c6/QM/BE25E7C0E57477F6477D97531ED8F8C5
abinit c4c5c6 F
energy.dat exists! skiping the calculation! To re-start the calculation - run clear
Molecule 42 of 338 ( 12 percent done )
/home/voovrat/460GB/Development/MolDB/Projects/Clusters/Methods/c0c1c2c4/QM/15C010BCB189EEBC745F26620B6B0E6E
abinit c0c1c2c4 T
energy.dat exists! skiping the calculation! To re-start the calculation - run clear
Molecule 43 of 338 ( 12 percent done )
/home/voovrat/460GB/Development/MolDB/Projects/Clusters/Methods/c0c1c3c4/QM/C7BFA778CA7A1DB1C9BC14CA902890AA
abinit c0c1c3c4 F
energy.dat exists! skiping the calculation! To re-start the calculation - run clear
Molecule 44 of 338 ( 13 percent done )
/home/voovrat/460GB/Development/MolDB/Projects/Clusters/Methods/c1c2c3c4/QM/BF8D011D3FE41CCF18257EA14C41C31B
abinit c1c2c3c4 T
energy.dat exists! skiping the calculation! To re-start the calculation - run clear
Molecule 45 of 338 ( 13 percent done )
/home/voovrat/460GB/Development/MolDB/Projects/Clusters/Methods/c0c1c2c5/QM/304972031292C5D9885F0E7F2E990ECD
abinit c0c1c2c5 F
energy.dat exists! skiping the calculation! To re-start the calculation - run clear
Molecule 46 of 338 ( 13 percent done )
/home/voovrat/460GB/Development/MolDB/Projects/Clusters/Methods/c0c2c3c5/QM/A4D9D8E8DBD1DF7E59FDE70F2F2581C2
abinit c0c2c3c5 T
energy.dat exists! skiping the calculation! To re-start the calculation - run clear
Molecule 47 of 338 ( 13 percent done )
/home/voovrat/460GB/Development/MolDB/Projects/Clusters/Methods/c1c2c3c5/QM/47FC8499B9249BCC72E81D199B698ABE
abinit c1c2c3c5 F
energy.dat exists! skiping the calculation! To re-start the calculation - run clear
Molecule 48 of 338 ( 14 percent done )
/home/voovrat/460GB/Development/MolDB/Projects/Clusters/Methods/c0c2c4c5/QM/4AE9FFCA79C0C944EBBE127E78A78752
abinit c0c2c4c5 T
energy.dat exists! skiping the calculation! To re-start the calculation - run clear
Molecule 49 of 338 ( 14 percent done )
/home/voovrat/460GB/Development/MolDB/Projects/Clusters/Methods/c1c2c4c5/QM/DFA5FC455396EF352E57A5778CA166A8
abinit c1c2c4c5 F
energy.dat exists! skiping the calculation! To re-start the calculation - run clear
Molecule 50 of 338 ( 14 percent done )
/home/voovrat/460GB/Development/MolDB/Projects/Clusters/Methods/c1c3c4c5/QM/D4F0CF09ADD03A98E8E24FE41A7E618F
abinit c1c3c4c5 T
energy.dat exists! skiping the calculation! To re-start the calculation - run clear
Molecule 51 of 338 ( 15 percent done )
/home/voovrat/460GB/Development/MolDB/Projects/Clusters/Methods/c2c3c4c5/QM/0E08C33A1CD1189BC3E7859C45E1904E
abinit c2c3c4c5 F
energy.dat exists! skiping the calculation! To re-start the calculation - run clear
Molecule 52 of 338 ( 15 percent done )
/home/voovrat/460GB/Development/MolDB/Projects/Clusters/Methods/c0c1c3c6/QM/B7A1380A4723217FAE1146F39C445FC8
abinit c0c1c3c6 T
energy.dat exists! skiping the calculation! To re-start the calculation - run clear
Molecule 53 of 338 ( 15 percent done )
/home/voovrat/460GB/Development/MolDB/Projects/Clusters/Methods/c0c2c3c6/QM/32677F2B668BCAFC8FADBC1562CF983F
abinit c0c2c3c6 F
energy.dat exists! skiping the calculation! To re-start the calculation - run clear
Molecule 54 of 338 ( 15 percent done )
/home/voovrat/460GB/Development/MolDB/Projects/Clusters/Methods/c0c1c4c6/QM/6544550B5A54FD4A3BF990944C6E2C3D
abinit c0c1c4c6 T
energy.dat exists! skiping the calculation! To re-start the calculation - run clear
Molecule 55 of 338 ( 16 percent done )
/home/voovrat/460GB/Development/MolDB/Projects/Clusters/Methods/c0c2c4c6/QM/C0DF2EF031F86D43DFD510D160E09F37
abinit c0c2c4c6 F
energy.dat exists! skiping the calculation! To re-start the calculation - run clear
Molecule 56 of 338 ( 16 percent done )
/home/voovrat/460GB/Development/MolDB/Projects/Clusters/Methods/c0c3c4c6/QM/C3F1AA9120FCE4C2141D6646D243199D
abinit c0c3c4c6 T
energy.dat exists! skiping the calculation! To re-start the calculation - run clear
Molecule 57 of 338 ( 16 percent done )
/home/voovrat/460GB/Development/MolDB/Projects/Clusters/Methods/c1c3c4c6/QM/E1E5C5C1862805BAE018E13F2509EB69
abinit c1c3c4c6 F
energy.dat exists! skiping the calculation! To re-start the calculation - run clear
Molecule 58 of 338 ( 17 percent done )
/home/voovrat/460GB/Development/MolDB/Projects/Clusters/Methods/c0c1c5c6/QM/CA9B78B8A6F48DDC683981D6E02BBBA1
abinit c0c1c5c6 T
energy.dat exists! skiping the calculation! To re-start the calculation - run clear
Molecule 59 of 338 ( 17 percent done )
/home/voovrat/460GB/Development/MolDB/Projects/Clusters/Methods/c0c2c5c6/QM/60A15A43655B0499AC923D8A0350D7CD
abinit c0c2c5c6 F
energy.dat exists! skiping the calculation! To re-start the calculation - run clear
Molecule 60 of 338 ( 17 percent done )
/home/voovrat/460GB/Development/MolDB/Projects/Clusters/Methods/c0c3c5c6/QM/D27340D840BDBECAF4D8308C83DFD2C3
abinit c0c3c5c6 T
energy.dat exists! skiping the calculation! To re-start the calculation - run clear
Molecule 61 of 338 ( 18 percent done )
/home/voovrat/460GB/Development/MolDB/Projects/Clusters/Methods/c1c3c5c6/QM/F1F806B74D9060AA5160A3E5AEEABB3A
abinit c1c3c5c6 F
energy.dat exists! skiping the calculation! To re-start the calculation - run clear
Molecule 62 of 338 ( 18 percent done )
/home/voovrat/460GB/Development/MolDB/Projects/Clusters/Methods/c0c4c5c6/QM/B0B2767C4D3B8327810B3BB69D6D123D
abinit c0c4c5c6 T
energy.dat exists! skiping the calculation! To re-start the calculation - run clear
Molecule 63 of 338 ( 18 percent done )
/home/voovrat/460GB/Development/MolDB/Projects/Clusters/Methods/c1c4c5c6/QM/19088F826B768B275119FC0FF6F7CD00
abinit c1c4c5c6 F
energy.dat exists! skiping the calculation! To re-start the calculation - run clear
Molecule 64 of 338 ( 18 percent done )
/home/voovrat/460GB/Development/MolDB/Projects/Clusters/Methods/c3c4c5c6/QM/26960CD14AD3AC76255C52EFF22C5755
abinit c3c4c5c6 T
energy.dat exists! skiping the calculation! To re-start the calculation - run clear
Molecule 65 of 338 ( 19 percent done )
/home/voovrat/460GB/Development/MolDB/Projects/Clusters/Methods/c0c1c2c3c4/QM/347E8ACE7073B36E7BF73FDB8F707D0A
abinit c0c1c2c3c4 F
energy.dat exists! skiping the calculation! To re-start the calculation - run clear
Molecule 66 of 338 ( 19 percent done )
/home/voovrat/460GB/Development/MolDB/Projects/Clusters/Methods/c0c1c2c4c5/QM/938AB39FC3A5A038DE9A4E618860154E
abinit c0c1c2c4c5 T
energy.dat exists! skiping the calculation! To re-start the calculation - run clear
Molecule 67 of 338 ( 19 percent done )
/home/voovrat/460GB/Development/MolDB/Projects/Clusters/Methods/c0c1c3c4c5/QM/2CCAD899BBDE9715582069659C3F1923
abinit c0c1c3c4c5 F
energy.dat exists! skiping the calculation! To re-start the calculation - run clear
Molecule 68 of 338 ( 20 percent done )
/home/voovrat/460GB/Development/MolDB/Projects/Clusters/Methods/c1c2c3c4c5/QM/0647E228A2813242CAECE6CF9E52195F
abinit c1c2c3c4c5 T
energy.dat exists! skiping the calculation! To re-start the calculation - run clear
Molecule 69 of 338 ( 20 percent done )
/home/voovrat/460GB/Development/MolDB/Projects/Clusters/Methods/c0c1c2c3c6/QM/BDC44232D478F8321409E5117ECE9ECE
abinit c0c1c2c3c6 F
energy.dat exists! skiping the calculation! To re-start the calculation - run clear
Molecule 70 of 338 ( 20 percent done )
/home/voovrat/460GB/Development/MolDB/Projects/Clusters/Methods/c0c1c3c4c6/QM/66831453635ACF7C9C9DCAD2D6DC19FE
abinit c0c1c3c4c6 T
energy.dat exists! skiping the calculation! To re-start the calculation - run clear
Molecule 71 of 338 ( 21 percent done )
/home/voovrat/460GB/Development/MolDB/Projects/Clusters/Methods/c0c2c3c4c6/QM/119C18E677AF7C309A544E86DD96B02A
abinit c0c2c3c4c6 F
energy.dat exists! skiping the calculation! To re-start the calculation - run clear
Molecule 72 of 338 ( 21 percent done )
/home/voovrat/460GB/Development/MolDB/Projects/Clusters/Methods/c0c1c2c5c6/QM/BA128281817A167363C88F862387646E
abinit c0c1c2c5c6 T
energy.dat exists! skiping the calculation! To re-start the calculation - run clear
Molecule 73 of 338 ( 21 percent done )
/home/voovrat/460GB/Development/MolDB/Projects/Clusters/Methods/c0c1c3c5c6/QM/DB4FF3E664D816ACDA21485CA0BEDBB2
abinit c0c1c3c5c6 F
energy.dat exists! skiping the calculation! To re-start the calculation - run clear
Molecule 74 of 338 ( 21 percent done )
/home/voovrat/460GB/Development/MolDB/Projects/Clusters/Methods/c1c2c3c5c6/QM/CAD6385E751C99ED0042FCEEB7AD3DAF
abinit c1c2c3c5c6 T
energy.dat exists! skiping the calculation! To re-start the calculation - run clear
Molecule 75 of 338 ( 22 percent done )
/home/voovrat/460GB/Development/MolDB/Projects/Clusters/Methods/c0c1c4c5c6/QM/F39EC2E746F89A23F54AC45D9F017250
abinit c0c1c4c5c6 F
energy.dat exists! skiping the calculation! To re-start the calculation - run clear
Molecule 76 of 338 ( 22 percent done )
/home/voovrat/460GB/Development/MolDB/Projects/Clusters/Methods/c1c2c4c5c6/QM/4F6152AE66CE7CDC1C92C4531DDCA457
abinit c1c2c4c5c6 T
energy.dat exists! skiping the calculation! To re-start the calculation - run clear
Molecule 77 of 338 ( 22 percent done )
/home/voovrat/460GB/Development/MolDB/Projects/Clusters/Methods/c0c3c4c5c6/QM/887D1FD0440FC8D5067C178E8A875B66
abinit c0c3c4c5c6 F
energy.dat exists! skiping the calculation! To re-start the calculation - run clear
Molecule 78 of 338 ( 23 percent done )
/home/voovrat/460GB/Development/MolDB/Projects/Clusters/Methods/c2c3c4c5c6/QM/51401886ECE6261AF1F519757B5C5664
abinit c2c3c4c5c6 T
energy.dat exists! skiping the calculation! To re-start the calculation - run clear
Molecule 79 of 338 ( 23 percent done )
/home/voovrat/460GB/Development/MolDB/Projects/Clusters/Methods/c0c1c2c3c4c5/QM/EEC9F83CC75D016FB5ABB32C8D47FF95
abinit c0c1c2c3c4c5 F
energy.dat exists! skiping the calculation! To re-start the calculation - run clear
Molecule 80 of 338 ( 23 percent done )
/home/voovrat/460GB/Development/MolDB/Projects/Clusters/Methods/c0c1c2c3c5c6/QM/98CBDA803AB6513598BA87BC68C162AF
abinit c0c1c2c3c5c6 T
energy.dat exists! skiping the calculation! To re-start the calculation - run clear
Molecule 81 of 338 ( 23 percent done )
/home/voovrat/460GB/Development/MolDB/Projects/Clusters/Methods/c0c1c2c4c5c6/QM/B6329AE823118D45669E187DE932D2BF
abinit c0c1c2c4c5c6 F
energy.dat exists! skiping the calculation! To re-start the calculation - run clear
Molecule 82 of 338 ( 24 percent done )
/home/voovrat/460GB/Development/MolDB/Projects/Clusters/Methods/c0c2c3c4c5c6/QM/C3E3CA78AED5B5D64FF55CA8580AE216
abinit c0c2c3c4c5c6 T
energy.dat exists! skiping the calculation! To re-start the calculation - run clear
Molecule 83 of 338 ( 24 percent done )
/home/voovrat/460GB/Development/MolDB/Projects/Clusters/Methods/c1c2c3c4c5c6/QM/466E44593EE5BD5DB752F358F41BDB9A
abinit c1c2c3c4c5c6 F
energy.dat exists! skiping the calculation! To re-start the calculation - run clear
Molecule 84 of 338 ( 24 percent done )
/home/voovrat/460GB/Development/MolDB/Projects/Clusters/Methods/c0/QM/509F7860C3B727CE56FA09AF96F83883
nwchem c0 T
energy.dat exists! skiping the calculation! To re-start the calculation - run clear
Molecule 85 of 338 ( 25 percent done )
/home/voovrat/460GB/Development/MolDB/Projects/Clusters/Methods/c1/QM/C776C8AF7DD326F241A12C2BB169537A
nwchem c1 F
energy.dat exists! skiping the calculation! To re-start the calculation - run clear
Molecule 86 of 338 ( 25 percent done )
/home/voovrat/460GB/Development/MolDB/Projects/Clusters/Methods/c3/QM/B6F4B2A205ECF7309DC563A834420DBD
nwchem c3 T
energy.dat exists! skiping the calculation! To re-start the calculation - run clear
Molecule 87 of 338 ( 25 percent done )
/home/voovrat/460GB/Development/MolDB/Projects/Clusters/Methods/c4/QM/3436BA03B8936E561F155EECC045866B
nwchem c4 F
energy.dat exists! skiping the calculation! To re-start the calculation - run clear
Molecule 88 of 338 ( 26 percent done )
/home/voovrat/460GB/Development/MolDB/Projects/Clusters/Methods/c6/QM/5DE19AB2AD402C6CF9252FEB32DD7794
nwchem c6 T
energy.dat exists! skiping the calculation! To re-start the calculation - run clear
Molecule 89 of 338 ( 26 percent done )
/home/voovrat/460GB/Development/MolDB/Projects/Clusters/Methods/c0c1/QM/9004F5011D6FCE1E471FACAA2F058239
nwchem c0c1 F
energy.dat exists! skiping the calculation! To re-start the calculation - run clear
Molecule 90 of 338 ( 26 percent done )
/home/voovrat/460GB/Development/MolDB/Projects/Clusters/Methods/c1c2/QM/445F83F9C024011E9EB6EEC2703F0E25
nwchem c1c2 T
energy.dat exists! skiping the calculation! To re-start the calculation - run clear
Molecule 91 of 338 ( 26 percent done )
/home/voovrat/460GB/Development/MolDB/Projects/Clusters/Methods/c0c3/QM/584E70E523139A10918B3912739CC3CA
nwchem c0c3 F
energy.dat exists! skiping the calculation! To re-start the calculation - run clear
Molecule 92 of 338 ( 27 percent done )
/home/voovrat/460GB/Development/MolDB/Projects/Clusters/Methods/c2c3/QM/AACA446D9598C8ED5451B9D2E6A9715D
nwchem c2c3 T
energy.dat exists! skiping the calculation! To re-start the calculation - run clear
Molecule 93 of 338 ( 27 percent done )
/home/voovrat/460GB/Development/MolDB/Projects/Clusters/Methods/c0c4/QM/6E8966D750B5ED728B6ED1796F33E747
nwchem c0c4 F
energy.dat exists! skiping the calculation! To re-start the calculation - run clear
Molecule 94 of 338 ( 27 percent done )
/home/voovrat/460GB/Development/MolDB/Projects/Clusters/Methods/c2c4/QM/9D50D3961B14ADB6F9505B2586B764FD
nwchem c2c4 T
energy.dat exists! skiping the calculation! To re-start the calculation - run clear
Molecule 95 of 338 ( 28 percent done )
/home/voovrat/460GB/Development/MolDB/Projects/Clusters/Methods/c3c4/QM/4156D6FD9DA7EBF990755C118A8075DF
nwchem c3c4 F
energy.dat exists! skiping the calculation! To re-start the calculation - run clear
Molecule 96 of 338 ( 28 percent done )
/home/voovrat/460GB/Development/MolDB/Projects/Clusters/Methods/c1c5/QM/DE2FFDEB0C5B29E7DA5F55A1CC40AB08
nwchem c1c5 T
energy.dat exists! skiping the calculation! To re-start the calculation - run clear
Molecule 97 of 338 ( 28 percent done )
/home/voovrat/460GB/Development/MolDB/Projects/Clusters/Methods/c2c5/QM/93481BBCEE164D265F1764B017605A9D
nwchem c2c5 F
energy.dat exists! skiping the calculation! To re-start the calculation - run clear
Molecule 98 of 338 ( 28 percent done )
/home/voovrat/460GB/Development/MolDB/Projects/Clusters/Methods/c4c5/QM/7FE8430BBF2165A622F070ACADF746D0
nwchem c4c5 T
energy.dat exists! skiping the calculation! To re-start the calculation - run clear
Molecule 99 of 338 ( 29 percent done )
/home/voovrat/460GB/Development/MolDB/Projects/Clusters/Methods/c0c6/QM/8639C36AB0A86DB9590C5093A548504F
nwchem c0c6 F
energy.dat exists! skiping the calculation! To re-start the calculation - run clear
Molecule 100 of 338 ( 29 percent done )
/home/voovrat/460GB/Development/MolDB/Projects/Clusters/Methods/c2c6/QM/4210FB3B435097C3DE0B05BE997FE1AD
nwchem c2c6 T
energy.dat exists! skiping the calculation! To re-start the calculation - run clear
Molecule 101 of 338 ( 29 percent done )
/home/voovrat/460GB/Development/MolDB/Projects/Clusters/Methods/c3c6/QM/53768E3427E69F518EF5DE7F940D67F8
nwchem c3c6 F
energy.dat exists! skiping the calculation! To re-start the calculation - run clear
Molecule 102 of 338 ( 30 percent done )
/home/voovrat/460GB/Development/MolDB/Projects/Clusters/Methods/c5c6/QM/98C1B88F74EC6BD58EAF99A9D87DE324
nwchem c5c6 T
energy.dat exists! skiping the calculation! To re-start the calculation - run clear
Molecule 103 of 338 ( 30 percent done )
/home/voovrat/460GB/Development/MolDB/Projects/Clusters/Methods/c0c1c2/QM/B2E670D193859CE6207EB2857EB59319
nwchem c0c1c2 F
energy.dat exists! skiping the calculation! To re-start the calculation - run clear
Molecule 104 of 338 ( 30 percent done )
/home/voovrat/460GB/Development/MolDB/Projects/Clusters/Methods/c0c2c3/QM/D4773493F0DE29DEC5E742A8662DE5E6
nwchem c0c2c3 T
energy.dat exists! skiping the calculation! To re-start the calculation - run clear
Molecule 105 of 338 ( 31 percent done )
/home/voovrat/460GB/Development/MolDB/Projects/Clusters/Methods/c1c2c3/QM/E68E8663EDDF5A5A061325DEAA1DB9AC
nwchem c1c2c3 F
energy.dat exists! skiping the calculation! To re-start the calculation - run clear
Molecule 106 of 338 ( 31 percent done )
/home/voovrat/460GB/Development/MolDB/Projects/Clusters/Methods/c0c2c4/QM/2E4DC5A122516371DA69D554BB7C8FF4
nwchem c0c2c4 T
energy.dat exists! skiping the calculation! To re-start the calculation - run clear
Molecule 107 of 338 ( 31 percent done )
/home/voovrat/460GB/Development/MolDB/Projects/Clusters/Methods/c1c2c4/QM/431ADAEE0A29E85A0BDD3887E265CA1F
nwchem c1c2c4 F
energy.dat exists! skiping the calculation! To re-start the calculation - run clear
Molecule 108 of 338 ( 31 percent done )
/home/voovrat/460GB/Development/MolDB/Projects/Clusters/Methods/c1c3c4/QM/05F4FCF95F1D3A66FF53AFD0B88F515A
nwchem c1c3c4 T
energy.dat exists! skiping the calculation! To re-start the calculation - run clear
Molecule 109 of 338 ( 32 percent done )
/home/voovrat/460GB/Development/MolDB/Projects/Clusters/Methods/c2c3c4/QM/98B3558EF91AE1100FC1442CAC40AD51
nwchem c2c3c4 F
energy.dat exists! skiping the calculation! To re-start the calculation - run clear
Molecule 110 of 338 ( 32 percent done )
/home/voovrat/460GB/Development/MolDB/Projects/Clusters/Methods/c0c2c5/QM/0CCDF12A2753067CE1AC10F52A146728
nwchem c0c2c5 T
energy.dat exists! skiping the calculation! To re-start the calculation - run clear
Molecule 111 of 338 ( 32 percent done )
/home/voovrat/460GB/Development/MolDB/Projects/Clusters/Methods/c1c2c5/QM/7043EF9779CA8BA515D9A7BDC640EF02
nwchem c1c2c5 F
energy.dat exists! skiping the calculation! To re-start the calculation - run clear
Molecule 112 of 338 ( 33 percent done )
/home/voovrat/460GB/Development/MolDB/Projects/Clusters/Methods/c1c3c5/QM/2E845DA73155DE71E1416CA1F1F5001D
nwchem c1c3c5 T
energy.dat exists! skiping the calculation! To re-start the calculation - run clear
Molecule 113 of 338 ( 33 percent done )
/home/voovrat/460GB/Development/MolDB/Projects/Clusters/Methods/c2c3c5/QM/D935CD1207107AEDA4575B8570A0F080
nwchem c2c3c5 F
energy.dat exists! skiping the calculation! To re-start the calculation - run clear
Molecule 114 of 338 ( 33 percent done )
/home/voovrat/460GB/Development/MolDB/Projects/Clusters/Methods/c1c4c5/QM/DC5EFDBBB12D0888D390F808F301CA83
nwchem c1c4c5 T
energy.dat exists! skiping the calculation! To re-start the calculation - run clear
Molecule 115 of 338 ( 34 percent done )
/home/voovrat/460GB/Development/MolDB/Projects/Clusters/Methods/c2c4c5/QM/39600F721BEBABDDC3E6581FEE12F1F1
nwchem c2c4c5 F
energy.dat exists! skiping the calculation! To re-start the calculation - run clear
Molecule 116 of 338 ( 34 percent done )
/home/voovrat/460GB/Development/MolDB/Projects/Clusters/Methods/c0c1c6/QM/36133A8A5B39D2147572DA9F6BE7B92D
nwchem c0c1c6 T
energy.dat exists! skiping the calculation! To re-start the calculation - run clear
Molecule 117 of 338 ( 34 percent done )
/home/voovrat/460GB/Development/MolDB/Projects/Clusters/Methods/c0c2c6/QM/10B82A80E05CAC45666B86CB852930D8
nwchem c0c2c6 F
energy.dat exists! skiping the calculation! To re-start the calculation - run clear
Molecule 118 of 338 ( 34 percent done )
/home/voovrat/460GB/Development/MolDB/Projects/Clusters/Methods/c0c3c6/QM/138074C970FA124FAD4D19FE7A76EE93
nwchem c0c3c6 T
energy.dat exists! skiping the calculation! To re-start the calculation - run clear
Molecule 119 of 338 ( 35 percent done )
/home/voovrat/460GB/Development/MolDB/Projects/Clusters/Methods/c1c3c6/QM/A2BC7EB0BE351A9DC6E9F5E2EA70FDE1
nwchem c1c3c6 F
energy.dat exists! skiping the calculation! To re-start the calculation - run clear
Molecule 120 of 338 ( 35 percent done )
/home/voovrat/460GB/Development/MolDB/Projects/Clusters/Methods/c0c4c6/QM/0116F91753B642D93B37126072D28B76
nwchem c0c4c6 T
energy.dat exists! skiping the calculation! To re-start the calculation - run clear
Molecule 121 of 338 ( 35 percent done )
/home/voovrat/460GB/Development/MolDB/Projects/Clusters/Methods/c1c4c6/QM/EAE6B0068144BC4A62A433B087BB7016
nwchem c1c4c6 F
energy.dat exists! skiping the calculation! To re-start the calculation - run clear
Molecule 122 of 338 ( 36 percent done )
/home/voovrat/460GB/Development/MolDB/Projects/Clusters/Methods/c3c4c6/QM/27E9B334FD85649051E7E98B2BB1D1CE
nwchem c3c4c6 T
energy.dat exists! skiping the calculation! To re-start the calculation - run clear
Molecule 123 of 338 ( 36 percent done )
/home/voovrat/460GB/Development/MolDB/Projects/Clusters/Methods/c0c5c6/QM/B41D1542AEFF28DAA5CB0E0818C893A8
nwchem c0c5c6 F
energy.dat exists! skiping the calculation! To re-start the calculation - run clear
Molecule 124 of 338 ( 36 percent done )
/home/voovrat/460GB/Development/MolDB/Projects/Clusters/Methods/c2c5c6/QM/0E59A214EA42BCE6CE4528A274CBAE31
nwchem c2c5c6 T
energy.dat exists! skiping the calculation! To re-start the calculation - run clear
Molecule 125 of 338 ( 36 percent done )
/home/voovrat/460GB/Development/MolDB/Projects/Clusters/Methods/c3c5c6/QM/39374924C68B31AE869C01C14A3D1225
nwchem c3c5c6 F
energy.dat exists! skiping the calculation! To re-start the calculation - run clear
Molecule 126 of 338 ( 37 percent done )
/home/voovrat/460GB/Development/MolDB/Projects/Clusters/Methods/c0c1c2c3/QM/D491818CF2B5447A26021923ECA8FE8B
nwchem c0c1c2c3 T
energy.dat exists! skiping the calculation! To re-start the calculation - run clear
Molecule 127 of 338 ( 37 percent done )
/home/voovrat/460GB/Development/MolDB/Projects/Clusters/Methods/c0c1c2c4/QM/340DF1556115384DB6CC2DF29FCBF5DF
nwchem c0c1c2c4 F
energy.dat exists! skiping the calculation! To re-start the calculation - run clear
Molecule 128 of 338 ( 37 percent done )
/home/voovrat/460GB/Development/MolDB/Projects/Clusters/Methods/c0c2c3c4/QM/00C666C1E369BB4BF38FAEFA94E3B20F
nwchem c0c2c3c4 T
energy.dat exists! skiping the calculation! To re-start the calculation - run clear
Molecule 129 of 338 ( 38 percent done )
/home/voovrat/460GB/Development/MolDB/Projects/Clusters/Methods/c1c2c3c4/QM/C4109C21CE5FFDF6D4F3BA11CEF60C08
nwchem c1c2c3c4 F
energy.dat exists! skiping the calculation! To re-start the calculation - run clear
Molecule 130 of 338 ( 38 percent done )
/home/voovrat/460GB/Development/MolDB/Projects/Clusters/Methods/c0c1c3c5/QM/C94F036FE14B172FCD27BA2484581F42
nwchem c0c1c3c5 T
energy.dat exists! skiping the calculation! To re-start the calculation - run clear
Molecule 131 of 338 ( 38 percent done )
/home/voovrat/460GB/Development/MolDB/Projects/Clusters/Methods/c0c2c3c5/QM/11124ADF5DD120F8521CCBD286C766E8
nwchem c0c2c3c5 F
energy.dat exists! skiping the calculation! To re-start the calculation - run clear
Molecule 132 of 338 ( 39 percent done )
/home/voovrat/460GB/Development/MolDB/Projects/Clusters/Methods/c0c1c4c5/QM/2B3EF66C0A41CD4B2F86EB2F8FFFB2A9
nwchem c0c1c4c5 T
energy.dat exists! skiping the calculation! To re-start the calculation - run clear
Molecule 133 of 338 ( 39 percent done )
/home/voovrat/460GB/Development/MolDB/Projects/Clusters/Methods/c0c2c4c5/QM/5AAB90DE2807894AF06C917D9946CB79
nwchem c0c2c4c5 F
energy.dat exists! skiping the calculation! To re-start the calculation - run clear
Molecule 134 of 338 ( 39 percent done )
/home/voovrat/460GB/Development/MolDB/Projects/Clusters/Methods/c0c3c4c5/QM/C3EC8F5AEA36AE36B63F0B9DF890779D
nwchem c0c3c4c5 T
energy.dat exists! skiping the calculation! To re-start the calculation - run clear
Molecule 135 of 338 ( 39 percent done )
/home/voovrat/460GB/Development/MolDB/Projects/Clusters/Methods/c1c3c4c5/QM/E0C8F847A642FDDA2DA1EE21DF6A6ADB
nwchem c1c3c4c5 F
energy.dat exists! skiping the calculation! To re-start the calculation - run clear
Molecule 136 of 338 ( 40 percent done )
/home/voovrat/460GB/Development/MolDB/Projects/Clusters/Methods/c0c1c2c6/QM/6C0BAC11D2966F0E71198C679486A586
nwchem c0c1c2c6 T
energy.dat exists! skiping the calculation! To re-start the calculation - run clear
Molecule 137 of 338 ( 40 percent done )
/home/voovrat/460GB/Development/MolDB/Projects/Clusters/Methods/c0c1c3c6/QM/425B143E2DCF42EE72107500BBAC53A6
nwchem c0c1c3c6 F
energy.dat exists! skiping the calculation! To re-start the calculation - run clear
Molecule 138 of 338 ( 40 percent done )
/home/voovrat/460GB/Development/MolDB/Projects/Clusters/Methods/c1c2c3c6/QM/425138BA62719FA11F720DCB8A1017DD
nwchem c1c2c3c6 T
energy.dat exists! skiping the calculation! To re-start the calculation - run clear
Molecule 139 of 338 ( 41 percent done )
/home/voovrat/460GB/Development/MolDB/Projects/Clusters/Methods/c0c1c4c6/QM/B3E1466581D3E3856A3C302267C444D2
nwchem c0c1c4c6 F
energy.dat exists! skiping the calculation! To re-start the calculation - run clear
Molecule 140 of 338 ( 41 percent done )
/home/voovrat/460GB/Development/MolDB/Projects/Clusters/Methods/c1c2c4c6/QM/F007027BD4FD92FB73AFEC13F93760BE
nwchem c1c2c4c6 T
energy.dat exists! skiping the calculation! To re-start the calculation - run clear
Molecule 141 of 338 ( 41 percent done )
/home/voovrat/460GB/Development/MolDB/Projects/Clusters/Methods/c0c3c4c6/QM/EDE533208DC30C994A2078070A2B492D
nwchem c0c3c4c6 F
energy.dat exists! skiping the calculation! To re-start the calculation - run clear
Molecule 142 of 338 ( 42 percent done )
/home/voovrat/460GB/Development/MolDB/Projects/Clusters/Methods/c2c3c4c6/QM/F11559BA1C6613A61E81301755832D7F
nwchem c2c3c4c6 T
energy.dat exists! skiping the calculation! To re-start the calculation - run clear
Molecule 143 of 338 ( 42 percent done )
/home/voovrat/460GB/Development/MolDB/Projects/Clusters/Methods/c0c1c5c6/QM/D1B44B3456573E96751D3BE97A461DC0
nwchem c0c1c5c6 F
energy.dat exists! skiping the calculation! To re-start the calculation - run clear
Molecule 144 of 338 ( 42 percent done )
/home/voovrat/460GB/Development/MolDB/Projects/Clusters/Methods/c1c2c5c6/QM/F04F090890F62DFE44006AACA793DF63
nwchem c1c2c5c6 T
energy.dat exists! skiping the calculation! To re-start the calculation - run clear
Molecule 145 of 338 ( 42 percent done )
/home/voovrat/460GB/Development/MolDB/Projects/Clusters/Methods/c0c3c5c6/QM/F874D7824A7D3C20ABA979E7940ABAA5
nwchem c0c3c5c6 F
energy.dat exists! skiping the calculation! To re-start the calculation - run clear
Molecule 146 of 338 ( 43 percent done )
/home/voovrat/460GB/Development/MolDB/Projects/Clusters/Methods/c2c3c5c6/QM/4077B55AD3E8DE1A72E8690A600800BC
nwchem c2c3c5c6 T
energy.dat exists! skiping the calculation! To re-start the calculation - run clear
Molecule 147 of 338 ( 43 percent done )
/home/voovrat/460GB/Development/MolDB/Projects/Clusters/Methods/c0c4c5c6/QM/FB7EB5270396BD90DDFFF7E9B3B69696
nwchem c0c4c5c6 F
energy.dat exists! skiping the calculation! To re-start the calculation - run clear
Molecule 148 of 338 ( 43 percent done )
/home/voovrat/460GB/Development/MolDB/Projects/Clusters/Methods/c2c4c5c6/QM/C33554A276079F3C3065FA5372B1D472
nwchem c2c4c5c6 T
energy.dat exists! skiping the calculation! To re-start the calculation - run clear
Molecule 149 of 338 ( 44 percent done )
/home/voovrat/460GB/Development/MolDB/Projects/Clusters/Methods/c3c4c5c6/QM/36175E92C33FD5B551929B63230897E9
nwchem c3c4c5c6 F
energy.dat exists! skiping the calculation! To re-start the calculation - run clear
Molecule 150 of 338 ( 44 percent done )
/home/voovrat/460GB/Development/MolDB/Projects/Clusters/Methods/c0c1c2c3c5/QM/085DE4257181061BC78B824FC6B95FDC
nwchem c0c1c2c3c5 T
energy.dat exists! skiping the calculation! To re-start the calculation - run clear
Molecule 151 of 338 ( 44 percent done )
/home/voovrat/460GB/Development/MolDB/Projects/Clusters/Methods/c0c1c2c4c5/QM/0E33593AB8ADD9A87A971C153673637F
nwchem c0c1c2c4c5 F
energy.dat exists! skiping the calculation! To re-start the calculation - run clear
Molecule 152 of 338 ( 44 percent done )
/home/voovrat/460GB/Development/MolDB/Projects/Clusters/Methods/c0c2c3c4c5/QM/EA0C1279ACBCF9689E3F540166A315AA
nwchem c0c2c3c4c5 T
energy.dat exists! skiping the calculation! To re-start the calculation - run clear
Molecule 153 of 338 ( 45 percent done )
/home/voovrat/460GB/Development/MolDB/Projects/Clusters/Methods/c1c2c3c4c5/QM/202740EBB508365D572DCDAEB1D10AD6
nwchem c1c2c3c4c5 F
energy.dat exists! skiping the calculation! To re-start the calculation - run clear
Molecule 154 of 338 ( 45 percent done )
/home/voovrat/460GB/Development/MolDB/Projects/Clusters/Methods/c0c1c2c4c6/QM/2F810E23ADE508E58BE86931A27C4641
nwchem c0c1c2c4c6 T
energy.dat exists! skiping the calculation! To re-start the calculation - run clear
Molecule 155 of 338 ( 45 percent done )
/home/voovrat/460GB/Development/MolDB/Projects/Clusters/Methods/c0c1c3c4c6/QM/BAA7F91B6419F7955583DCE339C267D1
nwchem c0c1c3c4c6 F
energy.dat exists! skiping the calculation! To re-start the calculation - run clear
Molecule 156 of 338 ( 46 percent done )
/home/voovrat/460GB/Development/MolDB/Projects/Clusters/Methods/c1c2c3c4c6/QM/6D0C67990F194523B9DC0CA390F1EAF7
nwchem c1c2c3c4c6 T
energy.dat exists! skiping the calculation! To re-start the calculation - run clear
Molecule 157 of 338 ( 46 percent done )
/home/voovrat/460GB/Development/MolDB/Projects/Clusters/Methods/c0c1c2c5c6/QM/EFF57746C7E9108E4E1897A8CEC8EADD
nwchem c0c1c2c5c6 F
energy.dat exists! skiping the calculation! To re-start the calculation - run clear
Molecule 158 of 338 ( 46 percent done )
/home/voovrat/460GB/Development/MolDB/Projects/Clusters/Methods/c0c2c3c5c6/QM/8B03B902C10670C51F4F50DF8392E208
nwchem c0c2c3c5c6 T
energy.dat exists! skiping the calculation! To re-start the calculation - run clear
Molecule 159 of 338 ( 47 percent done )
/home/voovrat/460GB/Development/MolDB/Projects/Clusters/Methods/c1c2c3c5c6/QM/AF0E9013EE457D4058D7DEC288051BA4
nwchem c1c2c3c5c6 F
energy.dat exists! skiping the calculation! To re-start the calculation - run clear
Molecule 160 of 338 ( 47 percent done )
/home/voovrat/460GB/Development/MolDB/Projects/Clusters/Methods/c0c2c4c5c6/QM/9734E8E1D9893A45755176A2B7F0E9C0
nwchem c0c2c4c5c6 T
energy.dat exists! skiping the calculation! To re-start the calculation - run clear
Molecule 161 of 338 ( 47 percent done )
/home/voovrat/460GB/Development/MolDB/Projects/Clusters/Methods/c1c2c4c5c6/QM/8E6A8AECC542087DA84BFBCFE3D01140
nwchem c1c2c4c5c6 F
energy.dat exists! skiping the calculation! To re-start the calculation - run clear
Molecule 162 of 338 ( 47 percent done )
/home/voovrat/460GB/Development/MolDB/Projects/Clusters/Methods/c1c3c4c5c6/QM/A7CE38EFF5062F9B04944420922D1A4C
nwchem c1c3c4c5c6 T
energy.dat exists! skiping the calculation! To re-start the calculation - run clear
Molecule 163 of 338 ( 48 percent done )
/home/voovrat/460GB/Development/MolDB/Projects/Clusters/Methods/c2c3c4c5c6/QM/6F38DFAB3FDC03DA163697567825FCDC
nwchem c2c3c4c5c6 F
energy.dat exists! skiping the calculation! To re-start the calculation - run clear
Molecule 164 of 338 ( 48 percent done )
/home/voovrat/460GB/Development/MolDB/Projects/Clusters/Methods/c0c1c2c3c4c6/QM/E575355602FD05D917D29A11EC7DB1A7
nwchem c0c1c2c3c4c6 T
energy.dat exists! skiping the calculation! To re-start the calculation - run clear
Molecule 165 of 338 ( 48 percent done )
/home/voovrat/460GB/Development/MolDB/Projects/Clusters/Methods/c0c1c2c3c5c6/QM/0271188CF252EB99FE8EB0B312691649
nwchem c0c1c2c3c5c6 F
energy.dat exists! skiping the calculation! To re-start the calculation - run clear
Molecule 166 of 338 ( 49 percent done )
/home/voovrat/460GB/Development/MolDB/Projects/Clusters/Methods/c0c1c3c4c5c6/QM/FAF608C72BF3E9FC2B9438EDF7C6925C
nwchem c0c1c3c4c5c6 T
energy.dat exists! skiping the calculation! To re-start the calculation - run clear
Molecule 167 of 338 ( 49 percent done )
/home/voovrat/460GB/Development/MolDB/Projects/Clusters/Methods/c0c2c3c4c5c6/QM/AD3F4725E0998ADB9315ADB4B21003A6
nwchem c0c2c3c4c5c6 F
energy.dat exists! skiping the calculation! To re-start the calculation - run clear
Molecule 168 of 338 ( 49 percent done )
/home/voovrat/460GB/Development/MolDB/Projects/Clusters/Methods/c0c1c2c3c4c5c6/QM/9ED6EF7E2C034A98D25ABF87DE84F30E
nwchem c0c1c2c3c4c5c6 T
energy.dat exists! skiping the calculation! To re-start the calculation - run clear
Molecule 169 of 338 ( 50 percent done )
/home/voovrat/460GB/Development/MolDB/Projects/Clusters/Methods/c0/QM/86A0D5C83FA31F0EAA37E3CE8FF0E15A
lammps c0 F
energy.dat exists! skiping the calculation! To re-start the calculation - run clear
Molecule 170 of 338 ( 50 percent done )
/home/voovrat/460GB/Development/MolDB/Projects/Clusters/Methods/c2/QM/0785CEA35CA247229D54A91C7101E1EC
lammps c2 T
energy.dat exists! skiping the calculation! To re-start the calculation - run clear
Molecule 171 of 338 ( 50 percent done )
/home/voovrat/460GB/Development/MolDB/Projects/Clusters/Methods/c3/QM/1164C59A5818F6CBFE92F34F540380BE
lammps c3 F
energy.dat exists! skiping the calculation! To re-start the calculation - run clear
Molecule 172 of 338 ( 50 percent done )
/home/voovrat/460GB/Development/MolDB/Projects/Clusters/Methods/c5/QM/749CF9FCAAA23791355A26D9EA9C5E71
lammps c5 T
energy.dat exists! skiping the calculation! To re-start the calculation - run clear
Molecule 173 of 338 ( 51 percent done )
/home/voovrat/460GB/Development/MolDB/Projects/Clusters/Methods/c6/QM/DAE6E42911362434F81CBC16E5C683EB
lammps c6 F
energy.dat exists! skiping the calculation! To re-start the calculation - run clear
Molecule 174 of 338 ( 51 percent done )
/home/voovrat/460GB/Development/MolDB/Projects/Clusters/Methods/c0c2/QM/BA3626DF7CC44D7E070E914A32FA3E92
lammps c0c2 T
energy.dat exists! skiping the calculation! To re-start the calculation - run clear
Molecule 175 of 338 ( 51 percent done )
/home/voovrat/460GB/Development/MolDB/Projects/Clusters/Methods/c1c2/QM/CEBDD1DD6F3637DB6353EC9323265474
lammps c1c2 F
energy.dat exists! skiping the calculation! To re-start the calculation - run clear
Molecule 176 of 338 ( 52 percent done )
/home/voovrat/460GB/Development/MolDB/Projects/Clusters/Methods/c1c3/QM/0B9789CE1AD873DED8C9DA0D6C04EE1E
lammps c1c3 T
energy.dat exists! skiping the calculation! To re-start the calculation - run clear
Molecule 177 of 338 ( 52 percent done )
/home/voovrat/460GB/Development/MolDB/Projects/Clusters/Methods/c2c3/QM/A6BCE09B51465BCCE8F083515D83BBF0
lammps c2c3 F
energy.dat exists! skiping the calculation! To re-start the calculation - run clear
Molecule 178 of 338 ( 52 percent done )
/home/voovrat/460GB/Development/MolDB/Projects/Clusters/Methods/c1c4/QM/177FD008C8A492FA60E4790A5BB50BC6
lammps c1c4 T
energy.dat exists! skiping the calculation! To re-start the calculation - run clear
Molecule 179 of 338 ( 52 percent done )
/home/voovrat/460GB/Development/MolDB/Projects/Clusters/Methods/c2c4/QM/2B4B697494A1DC76D6A661E778A79F45
lammps c2c4 F
energy.dat exists! skiping the calculation! To re-start the calculation - run clear
Molecule 180 of 338 ( 53 percent done )
/home/voovrat/460GB/Development/MolDB/Projects/Clusters/Methods/c0c5/QM/756D00F593B589430FD6EEA3501BF6EB
lammps c0c5 T
energy.dat exists! skiping the calculation! To re-start the calculation - run clear
Molecule 181 of 338 ( 53 percent done )
/home/voovrat/460GB/Development/MolDB/Projects/Clusters/Methods/c1c5/QM/8E8D404EB503795FF1C98BAB302120F5
lammps c1c5 F
energy.dat exists! skiping the calculation! To re-start the calculation - run clear
Molecule 182 of 338 ( 53 percent done )
/home/voovrat/460GB/Development/MolDB/Projects/Clusters/Methods/c3c5/QM/ADB93DA249C649AE7952C9308E5A1C2C
lammps c3c5 T
energy.dat exists! skiping the calculation! To re-start the calculation - run clear
Molecule 183 of 338 ( 54 percent done )
/home/voovrat/460GB/Development/MolDB/Projects/Clusters/Methods/c4c5/QM/D58554E5150F2AD2E44DA390435E98E3
lammps c4c5 F
energy.dat exists! skiping the calculation! To re-start the calculation - run clear
Molecule 184 of 338 ( 54 percent done )
/home/voovrat/460GB/Development/MolDB/Projects/Clusters/Methods/c1c6/QM/7325E3B82E3E631D0D636725AB819C8D
lammps c1c6 T
energy.dat exists! skiping the calculation! To re-start the calculation - run clear
Molecule 185 of 338 ( 54 percent done )
/home/voovrat/460GB/Development/MolDB/Projects/Clusters/Methods/c2c6/QM/00EEB84CD260DDF0676EE71CC5F7C2D1
lammps c2c6 F
energy.dat exists! skiping the calculation! To re-start the calculation - run clear
Molecule 186 of 338 ( 55 percent done )
/home/voovrat/460GB/Development/MolDB/Projects/Clusters/Methods/c4c6/QM/4073A60272DEFD4817EFB3241A1F4A44
lammps c4c6 T
energy.dat exists! skiping the calculation! To re-start the calculation - run clear
Molecule 187 of 338 ( 55 percent done )
/home/voovrat/460GB/Development/MolDB/Projects/Clusters/Methods/c5c6/QM/EC64365D9CE9C6EC7CE3C2754847717C
lammps c5c6 F
energy.dat exists! skiping the calculation! To re-start the calculation - run clear
Molecule 188 of 338 ( 55 percent done )
/home/voovrat/460GB/Development/MolDB/Projects/Clusters/Methods/c0c1c3/QM/552989EB3626A51BF19847B162008B29
lammps c0c1c3 T
energy.dat exists! skiping the calculation! To re-start the calculation - run clear
Molecule 189 of 338 ( 55 percent done )
/home/voovrat/460GB/Development/MolDB/Projects/Clusters/Methods/c0c2c3/QM/E1E7BED4D593799A1968CFE30E2B9245
lammps c0c2c3 F
energy.dat exists! skiping the calculation! To re-start the calculation - run clear
Molecule 190 of 338 ( 56 percent done )
/home/voovrat/460GB/Development/MolDB/Projects/Clusters/Methods/c0c1c4/QM/A5883F8AB48B88D927E37C5AB1584339
lammps c0c1c4 T
energy.dat exists! skiping the calculation! To re-start the calculation - run clear
Molecule 191 of 338 ( 56 percent done )
/home/voovrat/460GB/Development/MolDB/Projects/Clusters/Methods/c0c2c4/QM/5BD08CD7086CBECC04BC7C80FE053DAC
lammps c0c2c4 F
energy.dat exists! skiping the calculation! To re-start the calculation - run clear
Molecule 192 of 338 ( 56 percent done )
/home/voovrat/460GB/Development/MolDB/Projects/Clusters/Methods/c0c3c4/QM/1990303903953FCF16F08E58BB0E3018
lammps c0c3c4 T
energy.dat exists! skiping the calculation! To re-start the calculation - run clear
Molecule 193 of 338 ( 57 percent done )
/home/voovrat/460GB/Development/MolDB/Projects/Clusters/Methods/c1c3c4/QM/8649B38CA250B9EFA11B9AFB4033CF64
lammps c1c3c4 F
energy.dat exists! skiping the calculation! To re-start the calculation - run clear
Molecule 194 of 338 ( 57 percent done )
/home/voovrat/460GB/Development/MolDB/Projects/Clusters/Methods/c0c1c5/QM/E0EA692CE9A8A5EE6ACC9A368E531D7E
lammps c0c1c5 T
energy.dat exists! skiping the calculation! To re-start the calculation - run clear
Molecule 195 of 338 ( 57 percent done )
/home/voovrat/460GB/Development/MolDB/Projects/Clusters/Methods/c0c2c5/QM/C1320779FB3D93517F174A139DAFA6FE
lammps c0c2c5 F
energy.dat exists! skiping the calculation! To re-start the calculation - run clear
Molecule 196 of 338 ( 57 percent done )
/home/voovrat/460GB/Development/MolDB/Projects/Clusters/Methods/c0c3c5/QM/05E081A992AD29486A803AAC37680100
lammps c0c3c5 T
energy.dat exists! skiping the calculation! To re-start the calculation - run clear
Molecule 197 of 338 ( 58 percent done )
/home/voovrat/460GB/Development/MolDB/Projects/Clusters/Methods/c1c3c5/QM/5EF17D3E52CEB915F760AD47502AA81B
lammps c1c3c5 F
energy.dat exists! skiping the calculation! To re-start the calculation - run clear
Molecule 198 of 338 ( 58 percent done )
/home/voovrat/460GB/Development/MolDB/Projects/Clusters/Methods/c0c4c5/QM/D7978A4F2167806FB2EAE597F6138218
lammps c0c4c5 T
energy.dat exists! skiping the calculation! To re-start the calculation - run clear
Molecule 199 of 338 ( 58 percent done )
/home/voovrat/460GB/Development/MolDB/Projects/Clusters/Methods/c1c4c5/QM/FC99E7786D3012541385A45436A889A0
lammps c1c4c5 F
energy.dat exists! skiping the calculation! To re-start the calculation - run clear
Molecule 200 of 338 ( 59 percent done )
/home/voovrat/460GB/Development/MolDB/Projects/Clusters/Methods/c3c4c5/QM/B19F9F250E5C6A6BA1901917E4B758A3
lammps c3c4c5 T
energy.dat exists! skiping the calculation! To re-start the calculation - run clear
Molecule 201 of 338 ( 59 percent done )
/home/voovrat/460GB/Development/MolDB/Projects/Clusters/Methods/c0c1c6/QM/FE2B562B37FC5AD2EDCAB356B9B585B6
lammps c0c1c6 F
energy.dat exists! skiping the calculation! To re-start the calculation - run clear
Molecule 202 of 338 ( 59 percent done )
/home/voovrat/460GB/Development/MolDB/Projects/Clusters/Methods/c1c2c6/QM/14FE04F611A168D63ECAEC80908F9A30
lammps c1c2c6 T
energy.dat exists! skiping the calculation! To re-start the calculation - run clear
Molecule 203 of 338 ( 60 percent done )
/home/voovrat/460GB/Development/MolDB/Projects/Clusters/Methods/c0c3c6/QM/00691DC6F49B72BDFABD8ADB0BDF552C
lammps c0c3c6 F
energy.dat exists! skiping the calculation! To re-start the calculation - run clear
Molecule 204 of 338 ( 60 percent done )
/home/voovrat/460GB/Development/MolDB/Projects/Clusters/Methods/c2c3c6/QM/8FEB118C4FCF971ABE0573D3359C8B60
lammps c2c3c6 T
energy.dat exists! skiping the calculation! To re-start the calculation - run clear
Molecule 205 of 338 ( 60 percent done )
/home/voovrat/460GB/Development/MolDB/Projects/Clusters/Methods/c0c4c6/QM/D3AE3DECA218EC950EC2BC1CD72A43D2
lammps c0c4c6 F
energy.dat exists! skiping the calculation! To re-start the calculation - run clear
Molecule 206 of 338 ( 60 percent done )
/home/voovrat/460GB/Development/MolDB/Projects/Clusters/Methods/c2c4c6/QM/A1DBA8775CA2C89CEED78E4E37BA4F01
lammps c2c4c6 T
energy.dat exists! skiping the calculation! To re-start the calculation - run clear
Molecule 207 of 338 ( 61 percent done )
/home/voovrat/460GB/Development/MolDB/Projects/Clusters/Methods/c3c4c6/QM/94356AA1F132AA0B568A872CEC1F7C07
lammps c3c4c6 F
energy.dat exists! skiping the calculation! To re-start the calculation - run clear
Molecule 208 of 338 ( 61 percent done )
/home/voovrat/460GB/Development/MolDB/Projects/Clusters/Methods/c1c5c6/QM/770EA90B793909EBD625EAE914ED98B1
lammps c1c5c6 T
energy.dat exists! skiping the calculation! To re-start the calculation - run clear
Molecule 209 of 338 ( 61 percent done )
/home/voovrat/460GB/Development/MolDB/Projects/Clusters/Methods/c2c5c6/QM/E7DD6F55DB28A49B3325E68F2F716319
lammps c2c5c6 F
energy.dat exists! skiping the calculation! To re-start the calculation - run clear
Molecule 210 of 338 ( 62 percent done )
/home/voovrat/460GB/Development/MolDB/Projects/Clusters/Methods/c4c5c6/QM/899A458D1ED51DD32EDBA6149C21BB6A
lammps c4c5c6 T
energy.dat exists! skiping the calculation! To re-start the calculation - run clear
Molecule 211 of 338 ( 62 percent done )
/home/voovrat/460GB/Development/MolDB/Projects/Clusters/Methods/c0c1c2c3/QM/6BB724B50F1BE9EE06A93DC969B460C6
lammps c0c1c2c3 F
energy.dat exists! skiping the calculation! To re-start the calculation - run clear
Molecule 212 of 338 ( 62 percent done )
/home/voovrat/460GB/Development/MolDB/Projects/Clusters/Methods/c0c1c3c4/QM/54339F7AE0C2BCD7FFAFF0C490AFB3B2
lammps c0c1c3c4 T
energy.dat exists! skiping the calculation! To re-start the calculation - run clear
Molecule 213 of 338 ( 63 percent done )
/home/voovrat/460GB/Development/MolDB/Projects/Clusters/Methods/c0c2c3c4/QM/AF2BCEE14D4F9A587F22AC9788C1A756
lammps c0c2c3c4 F
energy.dat exists! skiping the calculation! To re-start the calculation - run clear
Molecule 214 of 338 ( 63 percent done )
/home/voovrat/460GB/Development/MolDB/Projects/Clusters/Methods/c0c1c2c5/QM/EB41BD464412C4F81B82474E1F52BC5B
lammps c0c1c2c5 T
energy.dat exists! skiping the calculation! To re-start the calculation - run clear
Molecule 215 of 338 ( 63 percent done )
/home/voovrat/460GB/Development/MolDB/Projects/Clusters/Methods/c0c1c3c5/QM/B9EBBF7A3C4A1F0905AA3B208FC6F9D5
lammps c0c1c3c5 F
energy.dat exists! skiping the calculation! To re-start the calculation - run clear
Molecule 216 of 338 ( 63 percent done )
/home/voovrat/460GB/Development/MolDB/Projects/Clusters/Methods/c1c2c3c5/QM/4CA0D602926478AC6F1C12B651A427A6
lammps c1c2c3c5 T
energy.dat exists! skiping the calculation! To re-start the calculation - run clear
Molecule 217 of 338 ( 64 percent done )
/home/voovrat/460GB/Development/MolDB/Projects/Clusters/Methods/c0c1c4c5/QM/C80CDAAAABB332F8F5A82A9AF93C61FD
lammps c0c1c4c5 F
energy.dat exists! skiping the calculation! To re-start the calculation - run clear
Molecule 218 of 338 ( 64 percent done )
/home/voovrat/460GB/Development/MolDB/Projects/Clusters/Methods/c1c2c4c5/QM/836ADB6087A920E023CD7C1DB7C2EC6A
lammps c1c2c4c5 T
energy.dat exists! skiping the calculation! To re-start the calculation - run clear
Molecule 219 of 338 ( 64 percent done )
/home/voovrat/460GB/Development/MolDB/Projects/Clusters/Methods/c0c3c4c5/QM/A84A1B5DFB8D3FA785A1252E16F02436
lammps c0c3c4c5 F
energy.dat exists! skiping the calculation! To re-start the calculation - run clear
Molecule 220 of 338 ( 65 percent done )
/home/voovrat/460GB/Development/MolDB/Projects/Clusters/Methods/c2c3c4c5/QM/651F6C25B66EDC8722FA586AA17ACF17
lammps c2c3c4c5 T
energy.dat exists! skiping the calculation! To re-start the calculation - run clear
Molecule 221 of 338 ( 65 percent done )
/home/voovrat/460GB/Development/MolDB/Projects/Clusters/Methods/c0c1c2c6/QM/99BA56EF96C2EAD99805EC1A347190FB
lammps c0c1c2c6 F
energy.dat exists! skiping the calculation! To re-start the calculation - run clear
Molecule 222 of 338 ( 65 percent done )
/home/voovrat/460GB/Development/MolDB/Projects/Clusters/Methods/c0c2c3c6/QM/5A5BB93B63C885D550A6C56FA51333D2
lammps c0c2c3c6 T
energy.dat exists! skiping the calculation! To re-start the calculation - run clear
Molecule 223 of 338 ( 65 percent done )
/home/voovrat/460GB/Development/MolDB/Projects/Clusters/Methods/c1c2c3c6/QM/A164D6CC3A81DDF59D4E3BBE505AA35B
lammps c1c2c3c6 F
energy.dat exists! skiping the calculation! To re-start the calculation - run clear
Molecule 224 of 338 ( 66 percent done )
/home/voovrat/460GB/Development/MolDB/Projects/Clusters/Methods/c0c2c4c6/QM/0B674EAC56336091858636D4E9185DEE
lammps c0c2c4c6 T
energy.dat exists! skiping the calculation! To re-start the calculation - run clear
Molecule 225 of 338 ( 66 percent done )
/home/voovrat/460GB/Development/MolDB/Projects/Clusters/Methods/c1c2c4c6/QM/9765F54FA1B75F25FA5BCD3A827EBDB6
lammps c1c2c4c6 F
energy.dat exists! skiping the calculation! To re-start the calculation - run clear
Molecule 226 of 338 ( 66 percent done )
/home/voovrat/460GB/Development/MolDB/Projects/Clusters/Methods/c1c3c4c6/QM/E447F88FC7577A6FF928113CA9ED9257
lammps c1c3c4c6 T
energy.dat exists! skiping the calculation! To re-start the calculation - run clear
Molecule 227 of 338 ( 67 percent done )
/home/voovrat/460GB/Development/MolDB/Projects/Clusters/Methods/c2c3c4c6/QM/88B32CC50E9534962AD1564F13B9B8BE
lammps c2c3c4c6 F
energy.dat exists! skiping the calculation! To re-start the calculation - run clear
Molecule 228 of 338 ( 67 percent done )
/home/voovrat/460GB/Development/MolDB/Projects/Clusters/Methods/c0c2c5c6/QM/C093618793A3915EF041667FF07C2403
lammps c0c2c5c6 T
energy.dat exists! skiping the calculation! To re-start the calculation - run clear
Molecule 229 of 338 ( 67 percent done )
/home/voovrat/460GB/Development/MolDB/Projects/Clusters/Methods/c1c2c5c6/QM/43E9EF3CFB6F881C179355C42C259195
lammps c1c2c5c6 F
energy.dat exists! skiping the calculation! To re-start the calculation - run clear
Molecule 230 of 338 ( 68 percent done )
/home/voovrat/460GB/Development/MolDB/Projects/Clusters/Methods/c1c3c5c6/QM/1D31FF25126721B835A6F5C03160BEF5
lammps c1c3c5c6 T
energy.dat exists! skiping the calculation! To re-start the calculation - run clear
Molecule 231 of 338 ( 68 percent done )
/home/voovrat/460GB/Development/MolDB/Projects/Clusters/Methods/c2c3c5c6/QM/030DDDCCC945350F476F4C3C46C5E8E3
lammps c2c3c5c6 F
energy.dat exists! skiping the calculation! To re-start the calculation - run clear
Molecule 232 of 338 ( 68 percent done )
/home/voovrat/460GB/Development/MolDB/Projects/Clusters/Methods/c1c4c5c6/QM/B4FEE05E5B92E7566F46044FC8482E46
lammps c1c4c5c6 T
energy.dat exists! skiping the calculation! To re-start the calculation - run clear
Molecule 233 of 338 ( 68 percent done )
/home/voovrat/460GB/Development/MolDB/Projects/Clusters/Methods/c2c4c5c6/QM/FC82E5F791C2EAD5A7DC012DD6E569A3
lammps c2c4c5c6 F
energy.dat exists! skiping the calculation! To re-start the calculation - run clear
Molecule 234 of 338 ( 69 percent done )
/home/voovrat/460GB/Development/MolDB/Projects/Clusters/Methods/c0c1c2c3c4/QM/5A074DEB4C3FE61B673EF80223C9BFF6
lammps c0c1c2c3c4 T
energy.dat exists! skiping the calculation! To re-start the calculation - run clear
Molecule 235 of 338 ( 69 percent done )
/home/voovrat/460GB/Development/MolDB/Projects/Clusters/Methods/c0c1c2c3c5/QM/2BDD9121D03275E8D9C74F6A07E9A37A
lammps c0c1c2c3c5 F
energy.dat exists! skiping the calculation! To re-start the calculation - run clear
Molecule 236 of 338 ( 69 percent done )
/home/voovrat/460GB/Development/MolDB/Projects/Clusters/Methods/c0c1c3c4c5/QM/482614574A4D44AEA605857B76881EC3
lammps c0c1c3c4c5 T
energy.dat exists! skiping the calculation! To re-start the calculation - run clear
Molecule 237 of 338 ( 70 percent done )
/home/voovrat/460GB/Development/MolDB/Projects/Clusters/Methods/c0c2c3c4c5/QM/BF7CF32A36B67982D6970D5E1414A487
lammps c0c2c3c4c5 F
energy.dat exists! skiping the calculation! To re-start the calculation - run clear
Molecule 238 of 338 ( 70 percent done )
/home/voovrat/460GB/Development/MolDB/Projects/Clusters/Methods/c0c1c2c3c6/QM/62776EE29243620DA348CD2D04B7108D
lammps c0c1c2c3c6 T
energy.dat exists! skiping the calculation! To re-start the calculation - run clear
Molecule 239 of 338 ( 70 percent done )
/home/voovrat/460GB/Development/MolDB/Projects/Clusters/Methods/c0c1c2c4c6/QM/53CA017894A225B2D3858D8444D3BE49
lammps c0c1c2c4c6 F
energy.dat exists! skiping the calculation! To re-start the calculation - run clear
Molecule 240 of 338 ( 71 percent done )
/home/voovrat/460GB/Development/MolDB/Projects/Clusters/Methods/c0c2c3c4c6/QM/B1E073424D4D1EE33A830ACE332070DC
lammps c0c2c3c4c6 T
energy.dat exists! skiping the calculation! To re-start the calculation - run clear
Molecule 241 of 338 ( 71 percent done )
/home/voovrat/460GB/Development/MolDB/Projects/Clusters/Methods/c1c2c3c4c6/QM/3353229038FBC5D36ED8E424522D86E8
lammps c1c2c3c4c6 F
energy.dat exists! skiping the calculation! To re-start the calculation - run clear
Molecule 242 of 338 ( 71 percent done )
/home/voovrat/460GB/Development/MolDB/Projects/Clusters/Methods/c0c1c3c5c6/QM/5E3C8F6F309F3C6D83DFF57B93B5BF45
lammps c0c1c3c5c6 T
energy.dat exists! skiping the calculation! To re-start the calculation - run clear
Molecule 243 of 338 ( 71 percent done )
/home/voovrat/460GB/Development/MolDB/Projects/Clusters/Methods/c0c2c3c5c6/QM/23234FB1186956FA5431DC4065546F02
lammps c0c2c3c5c6 F
energy.dat exists! skiping the calculation! To re-start the calculation - run clear
Molecule 244 of 338 ( 72 percent done )
/home/voovrat/460GB/Development/MolDB/Projects/Clusters/Methods/c0c1c4c5c6/QM/19F5EC51DFCE2221A9889C00BDDDF418
lammps c0c1c4c5c6 T
energy.dat exists! skiping the calculation! To re-start the calculation - run clear
Molecule 245 of 338 ( 72 percent done )
/home/voovrat/460GB/Development/MolDB/Projects/Clusters/Methods/c0c2c4c5c6/QM/51644C914A51D926EFF92E8AC4B7E9C6
lammps c0c2c4c5c6 F
energy.dat exists! skiping the calculation! To re-start the calculation - run clear
Molecule 246 of 338 ( 72 percent done )
/home/voovrat/460GB/Development/MolDB/Projects/Clusters/Methods/c0c3c4c5c6/QM/685FE46F60D7A717823B07118A21C7BD
lammps c0c3c4c5c6 T
energy.dat exists! skiping the calculation! To re-start the calculation - run clear
Molecule 247 of 338 ( 73 percent done )
/home/voovrat/460GB/Development/MolDB/Projects/Clusters/Methods/c1c3c4c5c6/QM/287584444031ECC2318B8144C3E5BF38
lammps c1c3c4c5c6 F
energy.dat exists! skiping the calculation! To re-start the calculation - run clear
Molecule 248 of 338 ( 73 percent done )
/home/voovrat/460GB/Development/MolDB/Projects/Clusters/Methods/c0c1c2c3c4c5/QM/E3DF0F86D154A88916CE91C37BD2B918
lammps c0c1c2c3c4c5 T
energy.dat exists! skiping the calculation! To re-start the calculation - run clear
Molecule 249 of 338 ( 73 percent done )
/home/voovrat/460GB/Development/MolDB/Projects/Clusters/Methods/c0c1c2c3c4c6/QM/F6A47724AE367497D1A1926F15712DB7
lammps c0c1c2c3c4c6 F
energy.dat exists! skiping the calculation! To re-start the calculation - run clear
Molecule 250 of 338 ( 73 percent done )
/home/voovrat/460GB/Development/MolDB/Projects/Clusters/Methods/c0c1c2c4c5c6/QM/7CBD4B79E015B5D6958745492B45E735
lammps c0c1c2c4c5c6 T
energy.dat exists! skiping the calculation! To re-start the calculation - run clear
Molecule 251 of 338 ( 74 percent done )
/home/voovrat/460GB/Development/MolDB/Projects/Clusters/Methods/c0c1c3c4c5c6/QM/CD06EC23596490FC8268EC822EF4E5CA
lammps c0c1c3c4c5c6 F
energy.dat exists! skiping the calculation! To re-start the calculation - run clear
Molecule 252 of 338 ( 74 percent done )
/home/voovrat/460GB/Development/MolDB/Projects/Clusters/Methods/c1c2c3c4c5c6/QM/AC3085613C047D5BC32AD32565559F01
lammps c1c2c3c4c5c6 T
energy.dat exists! skiping the calculation! To re-start the calculation - run clear
Molecule 253 of 338 ( 74 percent done )
/home/voovrat/460GB/Development/MolDB/Projects/Clusters/Methods/c0c1c2c3c4c5c6/QM/C17BB5AE9AA2F479376F6165849356C5
lammps c0c1c2c3c4c5c6 F
energy.dat exists! skiping the calculation! To re-start the calculation - run clear
Molecule 254 of 338 ( 75 percent done )
/home/voovrat/460GB/Development/MolDB/Projects/Clusters/Methods/c1/QM/DBBABF7307B6AF253CC32D3760A36027
abinit_neutral c1 T
energy.dat exists! skiping the calculation! To re-start the calculation - run clear
Molecule 255 of 338 ( 75 percent done )
/home/voovrat/460GB/Development/MolDB/Projects/Clusters/Methods/c2/QM/BF8E41406E5E015B3238CE660F0E3AD7
abinit_neutral c2 F
energy.dat exists! skiping the calculation! To re-start the calculation - run clear
Molecule 256 of 338 ( 75 percent done )
/home/voovrat/460GB/Development/MolDB/Projects/Clusters/Methods/c4/QM/7B956D2D677814B5E7DE35ADF9B96DEE
abinit_neutral c4 T
energy.dat exists! skiping the calculation! To re-start the calculation - run clear
Molecule 257 of 338 ( 76 percent done )
/home/voovrat/460GB/Development/MolDB/Projects/Clusters/Methods/c5/QM/25C8ED8E2F188D0D562F25205E7AFAE3
abinit_neutral c5 F
energy.dat exists! skiping the calculation! To re-start the calculation - run clear
Molecule 258 of 338 ( 76 percent done )
/home/voovrat/460GB/Development/MolDB/Projects/Clusters/Methods/c0c1/QM/BE146582ECC7CA1E740AB0098BD9CF6C
abinit_neutral c0c1 T
energy.dat exists! skiping the calculation! To re-start the calculation - run clear
Molecule 259 of 338 ( 76 percent done )
/home/voovrat/460GB/Development/MolDB/Projects/Clusters/Methods/c0c2/QM/50AF57FCF0DDB60006BB4E355CEB1BF7
abinit_neutral c0c2 F
energy.dat exists! skiping the calculation! To re-start the calculation - run clear
Molecule 260 of 338 ( 76 percent done )
/home/voovrat/460GB/Development/MolDB/Projects/Clusters/Methods/c0c3/QM/DA77930E1E96154DC1F84D5750FCDC1C
abinit_neutral c0c3 T
energy.dat exists! skiping the calculation! To re-start the calculation - run clear
Molecule 261 of 338 ( 77 percent done )
/home/voovrat/460GB/Development/MolDB/Projects/Clusters/Methods/c1c3/QM/0482F66C5E8A69A5DCE3F7163CBFCAD6
abinit_neutral c1c3 F
energy.dat exists! skiping the calculation! To re-start the calculation - run clear
Molecule 262 of 338 ( 77 percent done )
/home/voovrat/460GB/Development/MolDB/Projects/Clusters/Methods/c0c4/QM/525B208947C3CE6829E7061BE88D38E8
abinit_neutral c0c4 T
energy.dat exists! skiping the calculation! To re-start the calculation - run clear
Molecule 263 of 338 ( 77 percent done )
/home/voovrat/460GB/Development/MolDB/Projects/Clusters/Methods/c1c4/QM/23D1E5AA41E4BBFD827A4754EBF3367E
abinit_neutral c1c4 F
energy.dat exists! skiping the calculation! To re-start the calculation - run clear
Molecule 264 of 338 ( 78 percent done )
/home/voovrat/460GB/Development/MolDB/Projects/Clusters/Methods/c3c4/QM/AFE19E5DBA0630A72665D3F70E24C77F
abinit_neutral c3c4 T
energy.dat exists! skiping the calculation! To re-start the calculation - run clear
Molecule 265 of 338 ( 78 percent done )
/home/voovrat/460GB/Development/MolDB/Projects/Clusters/Methods/c0c5/QM/1F6683B46D9C81F90370A9DBA4936C20
abinit_neutral c0c5 F
energy.dat exists! skiping the calculation! To re-start the calculation - run clear
Molecule 266 of 338 ( 78 percent done )
/home/voovrat/460GB/Development/MolDB/Projects/Clusters/Methods/c2c5/QM/3E0B1A927A1766AF802BBD8AFFE015F0
abinit_neutral c2c5 T
energy.dat exists! skiping the calculation! To re-start the calculation - run clear
Molecule 267 of 338 ( 78 percent done )
/home/voovrat/460GB/Development/MolDB/Projects/Clusters/Methods/c3c5/QM/A99ABEDF97579B8554B999EEF47EBE09
abinit_neutral c3c5 F
energy.dat exists! skiping the calculation! To re-start the calculation - run clear
Molecule 268 of 338 ( 79 percent done )
/home/voovrat/460GB/Development/MolDB/Projects/Clusters/Methods/c0c6/QM/AA9D0446331F5845FBFF4C05EB0CAF0A
abinit_neutral c0c6 T
energy.dat exists! skiping the calculation! To re-start the calculation - run clear
Molecule 269 of 338 ( 79 percent done )
/home/voovrat/460GB/Development/MolDB/Projects/Clusters/Methods/c1c6/QM/2496A3F7173EC17B1C8A264CB108810C
abinit_neutral c1c6 F
energy.dat exists! skiping the calculation! To re-start the calculation - run clear
Molecule 270 of 338 ( 79 percent done )
/home/voovrat/460GB/Development/MolDB/Projects/Clusters/Methods/c3c6/QM/E3C5043D8651B6CA3485C30B2FC08FE7
abinit_neutral c3c6 T
energy.dat exists! skiping the calculation! To re-start the calculation - run clear
Molecule 271 of 338 ( 80 percent done )
/home/voovrat/460GB/Development/MolDB/Projects/Clusters/Methods/c4c6/QM/5177F83E084432C6CD30874EEE68545A
abinit_neutral c4c6 F
energy.dat exists! skiping the calculation! To re-start the calculation - run clear
Molecule 272 of 338 ( 80 percent done )
/home/voovrat/460GB/Development/MolDB/Projects/Clusters/Methods/c0c1c2/QM/043BD6050AA85C5B44DE905A5881D0E8
abinit_neutral c0c1c2 T
energy.dat exists! skiping the calculation! To re-start the calculation - run clear
Molecule 273 of 338 ( 80 percent done )
/home/voovrat/460GB/Development/MolDB/Projects/Clusters/Methods/c0c1c3/QM/99E48D49B8C451522C00D2F51A31D7E4
abinit_neutral c0c1c3 F
energy.dat exists! skiping the calculation! To re-start the calculation - run clear
Molecule 274 of 338 ( 81 percent done )
/home/voovrat/460GB/Development/MolDB/Projects/Clusters/Methods/c1c2c3/QM/3210EC3A8909F9939F2300C8854F18EE
abinit_neutral c1c2c3 T
energy.dat exists! skiping the calculation! To re-start the calculation - run clear
Molecule 275 of 338 ( 81 percent done )
/home/voovrat/460GB/Development/MolDB/Projects/Clusters/Methods/c0c1c4/QM/3292F4CF47E85A0A925DDF34A64AB411
abinit_neutral c0c1c4 F
energy.dat exists! skiping the calculation! To re-start the calculation - run clear
Molecule 276 of 338 ( 81 percent done )
/home/voovrat/460GB/Development/MolDB/Projects/Clusters/Methods/c1c2c4/QM/0F5B713EFC847028F7EEC21FC5D5FA35
abinit_neutral c1c2c4 T
energy.dat exists! skiping the calculation! To re-start the calculation - run clear
Molecule 277 of 338 ( 81 percent done )
/home/voovrat/460GB/Development/MolDB/Projects/Clusters/Methods/c0c3c4/QM/16C53A70A1A23148EF91298D733E86AA
abinit_neutral c0c3c4 F
energy.dat exists! skiping the calculation! To re-start the calculation - run clear
Molecule 278 of 338 ( 82 percent done )
/home/voovrat/460GB/Development/MolDB/Projects/Clusters/Methods/c2c3c4/QM/C47EB1A5A8DC8F384588AD5DBF4353E7
abinit_neutral c2c3c4 T
energy.dat exists! skiping the calculation! To re-start the calculation - run clear
Molecule 279 of 338 ( 82 percent done )
/home/voovrat/460GB/Development/MolDB/Projects/Clusters/Methods/c0c1c5/QM/DC1A0CA6E3C5013E2D66165CD59D877E
abinit_neutral c0c1c5 F
energy.dat exists! skiping the calculation! To re-start the calculation - run clear
Molecule 280 of 338 ( 82 percent done )
/home/voovrat/460GB/Development/MolDB/Projects/Clusters/Methods/c1c2c5/QM/228E609050636E6ADBB1038FB55BB4C6
abinit_neutral c1c2c5 T
energy.dat exists! skiping the calculation! To re-start the calculation - run clear
Molecule 281 of 338 ( 83 percent done )
/home/voovrat/460GB/Development/MolDB/Projects/Clusters/Methods/c0c3c5/QM/FA0B0307C5D32F2915A08324E9F8E893
abinit_neutral c0c3c5 F
energy.dat exists! skiping the calculation! To re-start the calculation - run clear
Molecule 282 of 338 ( 83 percent done )
/home/voovrat/460GB/Development/MolDB/Projects/Clusters/Methods/c2c3c5/QM/17D656F45E5D37F03A7D7707E1C8C405
abinit_neutral c2c3c5 T
energy.dat exists! skiping the calculation! To re-start the calculation - run clear
Molecule 283 of 338 ( 83 percent done )
/home/voovrat/460GB/Development/MolDB/Projects/Clusters/Methods/c0c4c5/QM/5520CD9FAECCE1D578976612494A715D
abinit_neutral c0c4c5 F
energy.dat exists! skiping the calculation! To re-start the calculation - run clear
Molecule 284 of 338 ( 84 percent done )
/home/voovrat/460GB/Development/MolDB/Projects/Clusters/Methods/c2c4c5/QM/A0C032769F54E7928CEE6DD47341DF30
abinit_neutral c2c4c5 T
energy.dat exists! skiping the calculation! To re-start the calculation - run clear
Molecule 285 of 338 ( 84 percent done )
/home/voovrat/460GB/Development/MolDB/Projects/Clusters/Methods/c3c4c5/QM/3A75B207A7BD977C988A0CDF1CCAD9FF
abinit_neutral c3c4c5 F
energy.dat exists! skiping the calculation! To re-start the calculation - run clear
Molecule 286 of 338 ( 84 percent done )
/home/voovrat/460GB/Development/MolDB/Projects/Clusters/Methods/c0c2c6/QM/97D845A41A36A3A1883F42322606761C
abinit_neutral c0c2c6 T
energy.dat exists! skiping the calculation! To re-start the calculation - run clear
Molecule 287 of 338 ( 84 percent done )
/home/voovrat/460GB/Development/MolDB/Projects/Clusters/Methods/c1c2c6/QM/E93FF4AF0314ADEB5AF5ACB847C398C1
abinit_neutral c1c2c6 F
energy.dat exists! skiping the calculation! To re-start the calculation - run clear
Molecule 288 of 338 ( 85 percent done )
/home/voovrat/460GB/Development/MolDB/Projects/Clusters/Methods/c1c3c6/QM/9DC4C6C297F3CD7FEFB248B0D17563D1
abinit_neutral c1c3c6 T
energy.dat exists! skiping the calculation! To re-start the calculation - run clear
Molecule 289 of 338 ( 85 percent done )
/home/voovrat/460GB/Development/MolDB/Projects/Clusters/Methods/c2c3c6/QM/BEE69372004BBB6BD967195B179B7C3A
abinit_neutral c2c3c6 F
energy.dat exists! skiping the calculation! To re-start the calculation - run clear
Molecule 290 of 338 ( 85 percent done )
/home/voovrat/460GB/Development/MolDB/Projects/Clusters/Methods/c1c4c6/QM/9C9FB3ECA9FFDBF316AF58F19CBB5983
abinit_neutral c1c4c6 T
energy.dat exists! skiping the calculation! To re-start the calculation - run clear
Molecule 291 of 338 ( 86 percent done )
/home/voovrat/460GB/Development/MolDB/Projects/Clusters/Methods/c2c4c6/QM/5371EC3E6636A951912E885B89B435C7
abinit_neutral c2c4c6 F
energy.dat exists! skiping the calculation! To re-start the calculation - run clear
Molecule 292 of 338 ( 86 percent done )
/home/voovrat/460GB/Development/MolDB/Projects/Clusters/Methods/c0c5c6/QM/43C38ABC044635D7A7BDF084E6EF09FC
abinit_neutral c0c5c6 T
energy.dat exists! skiping the calculation! To re-start the calculation - run clear
Molecule 293 of 338 ( 86 percent done )
/home/voovrat/460GB/Development/MolDB/Projects/Clusters/Methods/c1c5c6/QM/F12528D7B7A6AC14F70E516CA6EB2E31
abinit_neutral c1c5c6 F
energy.dat exists! skiping the calculation! To re-start the calculation - run clear
Molecule 294 of 338 ( 86 percent done )
/home/voovrat/460GB/Development/MolDB/Projects/Clusters/Methods/c3c5c6/QM/6BB64E59931B60EF4E933EBE6F3C54BB
abinit_neutral c3c5c6 T
energy.dat exists! skiping the calculation! To re-start the calculation - run clear
Molecule 295 of 338 ( 87 percent done )
/home/voovrat/460GB/Development/MolDB/Projects/Clusters/Methods/c4c5c6/QM/299FB0D6A1A2E852DF165097F3CC3A63
abinit_neutral c4c5c6 F
energy.dat exists! skiping the calculation! To re-start the calculation - run clear
Molecule 296 of 338 ( 87 percent done )
/home/voovrat/460GB/Development/MolDB/Projects/Clusters/Methods/c0c1c2c4/QM/517C5755D300C5370D7FB02380190017
abinit_neutral c0c1c2c4 T
energy.dat exists! skiping the calculation! To re-start the calculation - run clear
Molecule 297 of 338 ( 87 percent done )
/home/voovrat/460GB/Development/MolDB/Projects/Clusters/Methods/c0c1c3c4/QM/E8431E7DA6F9D4996BB5CA95DD118EE0
abinit_neutral c0c1c3c4 F
energy.dat exists! skiping the calculation! To re-start the calculation - run clear
Molecule 298 of 338 ( 88 percent done )
/home/voovrat/460GB/Development/MolDB/Projects/Clusters/Methods/c1c2c3c4/QM/71E07B9C9CDE6ED0E20F6E24035F3B96
abinit_neutral c1c2c3c4 T
energy.dat exists! skiping the calculation! To re-start the calculation - run clear
Molecule 299 of 338 ( 88 percent done )
/home/voovrat/460GB/Development/MolDB/Projects/Clusters/Methods/c0c1c2c5/QM/AF8AD112CA27307807560A30EFDA4640
abinit_neutral c0c1c2c5 F
energy.dat exists! skiping the calculation! To re-start the calculation - run clear
Molecule 300 of 338 ( 88 percent done )
/home/voovrat/460GB/Development/MolDB/Projects/Clusters/Methods/c0c2c3c5/QM/4E39182EE84B255666C348510C4FECB7
abinit_neutral c0c2c3c5 T
energy.dat exists! skiping the calculation! To re-start the calculation - run clear
Molecule 301 of 338 ( 89 percent done )
/home/voovrat/460GB/Development/MolDB/Projects/Clusters/Methods/c1c2c3c5/QM/2FEA4F02BAC10533D2034633C13D814A
abinit_neutral c1c2c3c5 F
energy.dat exists! skiping the calculation! To re-start the calculation - run clear
Molecule 302 of 338 ( 89 percent done )
/home/voovrat/460GB/Development/MolDB/Projects/Clusters/Methods/c0c2c4c5/QM/D5E64BBB37C933489882C24B340DCED7
abinit_neutral c0c2c4c5 T
energy.dat exists! skiping the calculation! To re-start the calculation - run clear
Molecule 303 of 338 ( 89 percent done )
/home/voovrat/460GB/Development/MolDB/Projects/Clusters/Methods/c1c2c4c5/QM/E9DD76434F87988DF7193AA269113A29
abinit_neutral c1c2c4c5 F
energy.dat exists! skiping the calculation! To re-start the calculation - run clear
Molecule 304 of 338 ( 89 percent done )
/home/voovrat/460GB/Development/MolDB/Projects/Clusters/Methods/c1c3c4c5/QM/E4249439389122FECA4536BA2A440CE3
abinit_neutral c1c3c4c5 T
energy.dat exists! skiping the calculation! To re-start the calculation - run clear
Molecule 305 of 338 ( 90 percent done )
/home/voovrat/460GB/Development/MolDB/Projects/Clusters/Methods/c2c3c4c5/QM/3C230B5662936DF491665988B01E7FC8
abinit_neutral c2c3c4c5 F
energy.dat exists! skiping the calculation! To re-start the calculation - run clear
Molecule 306 of 338 ( 90 percent done )
/home/voovrat/460GB/Development/MolDB/Projects/Clusters/Methods/c0c1c3c6/QM/C96E5CD9533226BD2B0AC047865BEDDE
abinit_neutral c0c1c3c6 T
energy.dat exists! skiping the calculation! To re-start the calculation - run clear
Molecule 307 of 338 ( 90 percent done )
/home/voovrat/460GB/Development/MolDB/Projects/Clusters/Methods/c0c2c3c6/QM/2158A7034AF8743A368CA0C310E72980
abinit_neutral c0c2c3c6 F
energy.dat exists! skiping the calculation! To re-start the calculation - run clear
Molecule 308 of 338 ( 91 percent done )
/home/voovrat/460GB/Development/MolDB/Projects/Clusters/Methods/c0c1c4c6/QM/FDCF4B856055E0A1C37C72149D7035BD
abinit_neutral c0c1c4c6 T
energy.dat exists! skiping the calculation! To re-start the calculation - run clear
Molecule 309 of 338 ( 91 percent done )
/home/voovrat/460GB/Development/MolDB/Projects/Clusters/Methods/c0c2c4c6/QM/217B5ACDE62E1B54EB4D9C44658A1385
abinit_neutral c0c2c4c6 F
energy.dat exists! skiping the calculation! To re-start the calculation - run clear
Molecule 310 of 338 ( 91 percent done )
/home/voovrat/460GB/Development/MolDB/Projects/Clusters/Methods/c0c3c4c6/QM/8277F2BA073347837D7E253D3153F811
abinit_neutral c0c3c4c6 T
energy.dat exists! skiping the calculation! To re-start the calculation - run clear
Molecule 311 of 338 ( 92 percent done )
/home/voovrat/460GB/Development/MolDB/Projects/Clusters/Methods/c1c3c4c6/QM/87D196C8AE82F7E420AD5690EDBB7911
abinit_neutral c1c3c4c6 F
energy.dat exists! skiping the calculation! To re-start the calculation - run clear
Molecule 312 of 338 ( 92 percent done )
/home/voovrat/460GB/Development/MolDB/Projects/Clusters/Methods/c0c1c5c6/QM/1F59478AA939ECEDD4902AF977A26618
abinit_neutral c0c1c5c6 T
energy.dat exists! skiping the calculation! To re-start the calculation - run clear
Molecule 313 of 338 ( 92 percent done )
/home/voovrat/460GB/Development/MolDB/Projects/Clusters/Methods/c0c2c5c6/QM/93B59E71980155CB3334B6563DD4B3DB
abinit_neutral c0c2c5c6 F
energy.dat exists! skiping the calculation! To re-start the calculation - run clear
Molecule 314 of 338 ( 92 percent done )
/home/voovrat/460GB/Development/MolDB/Projects/Clusters/Methods/c0c3c5c6/QM/E62531CED75D1C0CADD847A805516D99
abinit_neutral c0c3c5c6 T
energy.dat exists! skiping the calculation! To re-start the calculation - run clear
Molecule 315 of 338 ( 93 percent done )
/home/voovrat/460GB/Development/MolDB/Projects/Clusters/Methods/c1c3c5c6/QM/7EB8BA2824AF3F2921532FF9E0BCB8AF
abinit_neutral c1c3c5c6 F
energy.dat exists! skiping the calculation! To re-start the calculation - run clear
Molecule 316 of 338 ( 93 percent done )
/home/voovrat/460GB/Development/MolDB/Projects/Clusters/Methods/c0c4c5c6/QM/841AC9742D9E0AD51B2463337AEB3935
abinit_neutral c0c4c5c6 T
energy.dat exists! skiping the calculation! To re-start the calculation - run clear
Molecule 317 of 338 ( 93 percent done )
/home/voovrat/460GB/Development/MolDB/Projects/Clusters/Methods/c1c4c5c6/QM/5C94135B7922545DA9D799C51EA0C797
abinit_neutral c1c4c5c6 F
energy.dat exists! skiping the calculation! To re-start the calculation - run clear
Molecule 318 of 338 ( 94 percent done )
/home/voovrat/460GB/Development/MolDB/Projects/Clusters/Methods/c3c4c5c6/QM/9960F20666F3A2C76B722AC302188FD7
abinit_neutral c3c4c5c6 T
energy.dat exists! skiping the calculation! To re-start the calculation - run clear
Molecule 319 of 338 ( 94 percent done )
/home/voovrat/460GB/Development/MolDB/Projects/Clusters/Methods/c0c1c2c3c4/QM/1125CE77311C478A3400FE996BD671B6
abinit_neutral c0c1c2c3c4 F
energy.dat exists! skiping the calculation! To re-start the calculation - run clear
Molecule 320 of 338 ( 94 percent done )
/home/voovrat/460GB/Development/MolDB/Projects/Clusters/Methods/c0c1c2c4c5/QM/90F9B2F7B56FE4F82F62AF719F24A5BA
abinit_neutral c0c1c2c4c5 T
energy.dat exists! skiping the calculation! To re-start the calculation - run clear
Molecule 321 of 338 ( 94 percent done )
/home/voovrat/460GB/Development/MolDB/Projects/Clusters/Methods/c0c1c3c4c5/QM/FBC2418FFCE8147BA4531CE79E459CAB
abinit_neutral c0c1c3c4c5 F
energy.dat exists! skiping the calculation! To re-start the calculation - run clear
Molecule 322 of 338 ( 95 percent done )
/home/voovrat/460GB/Development/MolDB/Projects/Clusters/Methods/c1c2c3c4c5/QM/F4574055030A5637069B5C39DD4C50F4
abinit_neutral c1c2c3c4c5 T
energy.dat exists! skiping the calculation! To re-start the calculation - run clear
Molecule 323 of 338 ( 95 percent done )
/home/voovrat/460GB/Development/MolDB/Projects/Clusters/Methods/c0c1c2c3c6/QM/3DAD7CC7655179EAFADF08E0C514E2FC
abinit_neutral c0c1c2c3c6 F
energy.dat exists! skiping the calculation! To re-start the calculation - run clear
Molecule 324 of 338 ( 95 percent done )
/home/voovrat/460GB/Development/MolDB/Projects/Clusters/Methods/c0c1c3c4c6/QM/EF870993023CAA21B08311067BC8BAE1
abinit_neutral c0c1c3c4c6 T
energy.dat exists! skiping the calculation! To re-start the calculation - run clear
Molecule 325 of 338 ( 96 percent done )
/home/voovrat/460GB/Development/MolDB/Projects/Clusters/Methods/c0c2c3c4c6/QM/F6F32F25617EDA1396C1A6440D906978
abinit_neutral c0c2c3c4c6 F
energy.dat exists! skiping the calculation! To re-start the calculation - run clear
Molecule 326 of 338 ( 96 percent done )
/home/voovrat/460GB/Development/MolDB/Projects/Clusters/Methods/c0c1c2c5c6/QM/94FD14539871C0868C0077915F10BF21
abinit_neutral c0c1c2c5c6 T
energy.dat exists! skiping the calculation! To re-start the calculation - run clear
Molecule 327 of 338 ( 96 percent done )
/home/voovrat/460GB/Development/MolDB/Projects/Clusters/Methods/c0c1c3c5c6/QM/47A9925FD6FFC05BC27A3C820B1CB0DC
abinit_neutral c0c1c3c5c6 F
energy.dat exists! skiping the calculation! To re-start the calculation - run clear
Molecule 328 of 338 ( 97 percent done )
/home/voovrat/460GB/Development/MolDB/Projects/Clusters/Methods/c1c2c3c5c6/QM/0B9F3FE255062E64843B2419EA4916A9
abinit_neutral c1c2c3c5c6 T
energy.dat exists! skiping the calculation! To re-start the calculation - run clear
Molecule 329 of 338 ( 97 percent done )
/home/voovrat/460GB/Development/MolDB/Projects/Clusters/Methods/c0c1c4c5c6/QM/5FC4E04871AC311F016C9F4522D5621D
abinit_neutral c0c1c4c5c6 F
energy.dat exists! skiping the calculation! To re-start the calculation - run clear
Molecule 330 of 338 ( 97 percent done )
/home/voovrat/460GB/Development/MolDB/Projects/Clusters/Methods/c1c2c4c5c6/QM/A9A040E29A1B9807000D2E8A8300C97C
abinit_neutral c1c2c4c5c6 T
energy.dat exists! skiping the calculation! To re-start the calculation - run clear
Molecule 331 of 338 ( 97 percent done )
/home/voovrat/460GB/Development/MolDB/Projects/Clusters/Methods/c0c3c4c5c6/QM/7473C36AC0ED697DAE97F719015D59B5
abinit_neutral c0c3c4c5c6 F
energy.dat exists! skiping the calculation! To re-start the calculation - run clear
Molecule 332 of 338 ( 98 percent done )
/home/voovrat/460GB/Development/MolDB/Projects/Clusters/Methods/c2c3c4c5c6/QM/ABDBF2CDB862EA3DECC83A1DC70AB157
abinit_neutral c2c3c4c5c6 T
energy.dat exists! skiping the calculation! To re-start the calculation - run clear
Molecule 333 of 338 ( 98 percent done )
/home/voovrat/460GB/Development/MolDB/Projects/Clusters/Methods/c0c1c2c3c4c5/QM/EC2823463CAC4DB6B7E85390833A7300
abinit_neutral c0c1c2c3c4c5 F
energy.dat exists! skiping the calculation! To re-start the calculation - run clear
Molecule 334 of 338 ( 98 percent done )
/home/voovrat/460GB/Development/MolDB/Projects/Clusters/Methods/c0c1c2c3c5c6/QM/D4EEBD1052F2738ADE0CB94E4C0B1411
abinit_neutral c0c1c2c3c5c6 T
energy.dat exists! skiping the calculation! To re-start the calculation - run clear
Molecule 335 of 338 ( 99 percent done )
/home/voovrat/460GB/Development/MolDB/Projects/Clusters/Methods/c0c1c2c4c5c6/QM/F2F29C1A69DED6DE164B36AA33662693
abinit_neutral c0c1c2c4c5c6 F
-2976.945188212426729
calculated in 175 s
Molecule 336 of 338 ( 99 percent done )
/home/voovrat/460GB/Development/MolDB/Projects/Clusters/Methods/c0c2c3c4c5c6/QM/8F6F7AFBD06B66323B099E8FAC38757D
abinit_neutral c0c2c3c4c5c6 T
-2991.936852885511144
calculated in 431 s
Molecule 337 of 338 ( 99 percent done )
/home/voovrat/460GB/Development/MolDB/Projects/Clusters/Methods/c1c2c3c4c5c6/QM/F6ADF659670A17E970E0D691E5154A1E
abinit_neutral c1c2c3c4c5c6 F
-2978.572645053428460
calculated in 323 s
