     1 O        0.000000    -75.301695
     2 H        0.000000     -0.663542
     3 H        0.000000     -0.666469
     4 H        0.000000     -0.662950
     5 O        0.000000    -75.290619
     6 H        0.000000     -0.648917
     7 H        0.000000     -0.602884
     8 O        0.000000    -75.293401
     9 H        0.000000     -0.652362
    10 H        0.000000     -0.602657
    11 O        0.000000    -75.296473
    12 H        0.000000     -0.642026
    13 H        0.000000     -0.601023
    14 O        0.000000    -75.272135
    15 H        0.000000     -0.586476
    16 H        0.000000     -0.592211
    17 O        0.000000    -75.271159
    18 H        0.000000     -0.591669
    19 H        0.000000     -0.642323
    20 O        0.000000    -75.298477
    21 H        0.000000     -0.641901
    22 H        0.000000     -0.606850
