       -0.01794989        0.02379171       -0.01925415
        0.00767180       -0.01839900        0.00591058
        0.00843053       -0.00313388       -0.00170842
       -0.00191440       -0.00413169        0.00928761
       -0.01490181       -0.03923842       -0.02377005
        0.00351701        0.02714208        0.02264386
        0.00796378        0.00844127        0.00231980
        0.00690204       -0.01437266        0.04828821
        0.00137347        0.00800309        0.00533000
       -0.00711378        0.00736624       -0.05025607
        0.03566707       -0.01090705        0.01700343
       -0.00428647       -0.00106437       -0.00913182
       -0.02760306        0.01482406       -0.00772351
       -0.02118685        0.01822117        0.02448718
       -0.00433253        0.00545614       -0.02837550
        0.02217724       -0.02192790        0.00844239
        0.02797990        0.01090663       -0.04379406
       -0.00055395        0.00074096        0.00601083
       -0.02041119       -0.01027175        0.03629547
        0.01209079        0.02549100       -0.02084943
        0.00059917       -0.00324439        0.00658069
       -0.01411887       -0.02369322        0.01226297
