     1 O        0.000000    -75.295497
     2 H        0.000000     -0.663728
     3 H        0.000000     -0.668031
     4 H        0.000000     -0.666181
     5 O        0.000000    -75.281589
     6 H        0.000000     -0.605355
     7 H        0.000000     -0.606487
     8 O        0.000000    -75.294641
     9 H        0.000000     -0.645824
    10 H        0.000000     -0.602492
    11 O        0.000000    -75.293784
    12 H        0.000000     -0.643642
    13 H        0.000000     -0.599498
    14 O        0.000000    -75.267516
    15 H        0.000000     -0.593599
    16 H        0.000000     -0.593447
    17 O        0.000000    -75.275707
    18 H        0.000000     -0.630462
    19 H        0.000000     -0.588437
    20 O        0.000000    -75.308857
    21 H        0.000000     -0.629039
    22 H        0.000000     -0.667849
