       -0.02076005        0.02212615       -0.01402851
        0.00788227       -0.01914086        0.00572171
        0.00941055       -0.00288620       -0.00331836
       -0.00092029       -0.00308759        0.00171828
       -0.00430895       -0.03118511       -0.02388723
       -0.00014796        0.02491433        0.02547438
        0.00210226        0.00743624        0.00519915
        0.00673763       -0.01315611        0.04913642
        0.00064609        0.00597377        0.00486024
       -0.00701503        0.00641228       -0.05194296
        0.03497861       -0.00984144        0.01829607
       -0.00236873       -0.00209512       -0.01158994
       -0.02699154        0.01571004       -0.00727322
        0.00857935        0.00198438       -0.04419239
        0.00341220        0.00342629        0.00896022
       -0.01422215       -0.00595056        0.03779185
        0.01106734        0.02345040       -0.02017186
        0.00418726       -0.00450635        0.00739815
       -0.01132972       -0.01697188        0.00929782
        0.02045240        0.00020393       -0.02962342
       -0.00395139        0.01162405        0.00481514
       -0.01744014       -0.01444064        0.02735845
