     1 O        0.000000    -75.296566
     2 H        0.000000     -0.666158
     3 H        0.000000     -0.669006
     4 H        0.000000     -0.663572
     5 O        0.000000    -75.291886
     6 H        0.000000     -0.648032
     7 H        0.000000     -0.604124
     8 O        0.000000    -75.282517
     9 H        0.000000     -0.601430
    10 H        0.000000     -0.602302
    11 O        0.000000    -75.293880
    12 H        0.000000     -0.649220
    13 H        0.000000     -0.600054
    14 O        0.000000    -75.266504
    15 H        0.000000     -0.584460
    16 H        0.000000     -0.658170
    17 O        0.000000    -75.291155
    18 H        0.000000     -0.607700
    19 H        0.000000     -0.650511
    20 O        0.000000    -75.282538
    21 H        0.000000     -0.603835
    22 H        0.000000     -0.606890
