       -0.02088842        0.02782888       -0.02037628
        0.01006771       -0.02398176        0.00757656
        0.00969632       -0.00354838       -0.00287553
       -0.00248245       -0.00494055        0.00867789
       -0.01366914       -0.04193060       -0.02553415
        0.00328112        0.03203012        0.02539977
        0.00662613        0.00798959        0.00147713
        0.00974823       -0.00784379        0.05733546
       -0.00203408        0.00015829       -0.00205919
       -0.00646895        0.00834631       -0.05305981
        0.03639660       -0.00965822        0.01884642
       -0.00404838        0.00000965       -0.00926517
       -0.02848576        0.01512131       -0.00814206
       -0.00756155        0.00648350        0.03808677
       -0.00409068        0.00486033       -0.03375696
        0.01277903       -0.01392647        0.00248609
        0.02732743        0.00955306       -0.04647205
       -0.00547154       -0.00251622        0.00638299
       -0.01814307       -0.00637872        0.03773769
        0.01871449       -0.00663986       -0.03316126
       -0.00885792        0.01790630        0.01230014
       -0.01243514       -0.00892276        0.01839555
