Molecule 0 of 6 ( 0 percent done )
/home/sergiiev/Soft/MolDB/Projects/CanadaMol/Methods/1112_tetrachloroethane/3DRISM/83926930
1112_tetrachloroethane HNC
HNC: 16.296246 [kcal/mol]
KH: 10.910628 [kcal/mol]
GF: 3.296286 [kcal/mol]
VUA: 133.977082 [Angstr^3]
Time Elapsed=123
Molecule 1 of 6 ( 16 percent done )
/home/sergiiev/Soft/MolDB/Projects/CanadaMol/Methods/111_trichloroethane/3DRISM/318006492
111_trichloroethane HNC
HNC: 15.060094 [kcal/mol]
KH: 10.490727 [kcal/mol]
GF: 3.684588 [kcal/mol]
VUA: 121.133245 [Angstr^3]
Time Elapsed=121
Molecule 2 of 6 ( 33 percent done )
/home/sergiiev/Soft/MolDB/Projects/CanadaMol/Methods/111_trifluoro_222_trimethoxyethane/3DRISM/384986630
111_trifluoro_222_trimethoxyethane HNC
Molecule 0 of 6 ( 0 percent done )
/home/sergiiev/Soft/MolDB/Projects/CanadaMol/Methods/1112_tetrachloroethane/3DRISM/83926930
1112_tetrachloroethane HNC
HNC: 16.296246 [kcal/mol]
KH: 10.910628 [kcal/mol]
GF: 3.296286 [kcal/mol]
VUA: 133.977082 [Angstr^3]
Time Elapsed=123
Molecule 1 of 6 ( 16 percent done )
/home/sergiiev/Soft/MolDB/Projects/CanadaMol/Methods/111_trichloroethane/3DRISM/318006492
111_trichloroethane HNC
./run3DRISM: line 19:  2898 Killed                  multiGridMain parameters.txt 'SoluteStructureFile="mol.rism";' > multiGrid.out
Exception: Cannot read parameters form file mol_in_water_parameters.txt
Time Elapsed=14105
Molecule 3 of 6 ( 50 percent done )
/home/sergiiev/Soft/MolDB/Projects/CanadaMol/Methods/1112_tetrachloroethane/3DRISM/780314463
1112_tetrachloroethane KH
./run3DRISM: line 19:  4278 Killed                  multiGridMain parameters.txt 'SoluteStructureFile="mol.rism";' > multiGrid.out
HNC: 15.060094 [kcal/mol]
KH: 10.490727 [kcal/mol]
GF: 3.684588 [kcal/mol]
VUA: 121.133245 [Angstr^3]
Time Elapsed=38
Molecule 2 of 6 ( 33 percent done )
/home/sergiiev/Soft/MolDB/Projects/CanadaMol/Methods/111_trifluoro_222_trimethoxyethane/3DRISM/384986630
111_trifluoro_222_trimethoxyethane HNC
./run3DRISM: line 19:  4296 Killed                  multiGridMain parameters.txt 'SoluteStructureFile="mol.rism";' > multiGrid.out
HNC: 20.211071 [kcal/mol]
KH: 17.250076 [kcal/mol]
GF: 9.756873 [kcal/mol]
VUA: 154.340508 [Angstr^3]
Time Elapsed=72
./run3DRISM: line 19:  4314 Killed                  multiGridMain parameters.txt 'SoluteStructureFile="mol.rism";' > multiGrid.out
Exception: Cannot read parameters form file mol_in_water_parameters.txt
Time Elapsed=56
