     1 O        0.000000    -75.294313
     2 H        0.000000     -0.663618
     3 H        0.000000     -0.601984
     4 H        0.000000     -0.667356
     5 O        0.000000    -75.289646
     6 H        0.000000     -0.650085
     7 H        0.000000     -0.604017
     8 O        0.000000    -75.290651
     9 H        0.000000     -0.645798
    10 H        0.000000     -0.600732
    11 O        0.000000    -75.271002
    12 H        0.000000     -0.584670
    13 H        0.000000     -0.654721
    14 O        0.000000    -75.294966
    15 H        0.000000     -0.610040
    16 H        0.000000     -0.654201
    17 O        0.000000    -75.276927
    18 H        0.000000     -0.633949
    19 H        0.000000     -0.587470
    20 O        0.000000    -75.294507
    21 H        0.000000     -0.602946
    22 H        0.000000     -0.647720
