        0.01019119        0.02548864       -0.02277707
        0.00444070       -0.00641438        0.00300336
       -0.01530982       -0.00564841       -0.00010835
       -0.00190816       -0.00312159        0.02035122
       -0.01244016       -0.04063947       -0.02900880
        0.00409495        0.03118541        0.02423105
        0.00606641        0.00686881        0.00067061
        0.01000424       -0.01977065        0.05069213
        0.00054480        0.00505667        0.00396746
       -0.00694879        0.00687607       -0.05232304
       -0.00897410        0.00665576        0.03843058
       -0.00369994        0.00437258       -0.03422560
        0.01129916       -0.01192380        0.00197577
        0.02284203        0.01236706       -0.04520050
       -0.00461379       -0.00335363        0.00541544
       -0.01577142       -0.00773509        0.03494522
        0.00641107        0.02446501       -0.01461556
        0.00778039       -0.00869978        0.00713406
       -0.01166974       -0.01610830        0.00751453
        0.01444847       -0.00497417       -0.02270623
       -0.00779365        0.01456501        0.01004252
       -0.00899384       -0.00951176        0.01259120
