     1 O        0.000000    -75.293677
     2 H        0.000000     -0.664440
     3 H        0.000000     -0.669854
     4 H        0.000000     -0.664798
     5 O        0.000000    -75.288522
     6 H        0.000000     -0.655371
     7 H        0.000000     -0.604079
     8 O        0.000000    -75.291345
     9 H        0.000000     -0.646554
    10 H        0.000000     -0.601153
    11 O        0.000000    -75.284879
    12 H        0.000000     -0.599131
    13 H        0.000000     -0.600818
    14 O        0.000000    -75.290179
    15 H        0.000000     -0.603023
    16 H        0.000000     -0.667325
    17 O        0.000000    -75.272441
    18 H        0.000000     -0.590558
    19 H        0.000000     -0.589642
    20 O        0.000000    -75.290010
    21 H        0.000000     -0.602416
    22 H        0.000000     -0.652188
