       -0.01220882        0.02387933       -0.02029829
        0.00801810       -0.01792165        0.00638660
        0.00212279       -0.00483976       -0.00240277
       -0.00155967       -0.00374890        0.00931375
       -0.01540725       -0.04340660       -0.02387377
        0.00473765        0.03523758        0.02659924
        0.00820717        0.00891437        0.00083913
        0.00578217       -0.01232440        0.04915392
       -0.00075191        0.00407183        0.00302667
       -0.00568677        0.00740950       -0.05035901
        0.02568337       -0.00028599        0.01877924
        0.00025939       -0.00696144       -0.01233098
       -0.02163390        0.01198976       -0.00478792
       -0.00885350        0.00579972        0.03838836
       -0.00452731        0.00546381       -0.04137810
        0.01865632       -0.01691425        0.00560007
        0.00892885        0.01467698       -0.01192390
        0.00604759       -0.00117543        0.00414608
       -0.01072520       -0.01367109        0.00724888
        0.00953443        0.00112079       -0.02649083
       -0.00661188        0.01397869        0.00969485
       -0.01001160       -0.01129283        0.01466877
