     1 O        0.000000    -75.295449
     2 H        0.000000     -0.590232
     3 H        0.000000     -0.671570
     4 H        0.000000     -0.665664
     5 O        0.000000    -75.289507
     6 H        0.000000     -0.647842
     7 H        0.000000     -0.603115
     8 O        0.000000    -75.292622
     9 H        0.000000     -0.643874
    10 H        0.000000     -0.599972
    11 O        0.000000    -75.271042
    12 H        0.000000     -0.584422
    13 H        0.000000     -0.654866
    14 O        0.000000    -75.274351
    15 H        0.000000     -0.590914
    16 H        0.000000     -0.638470
    17 O        0.000000    -75.299600
    18 H        0.000000     -0.643417
    19 H        0.000000     -0.607360
    20 O        0.000000    -75.293228
    21 H        0.000000     -0.602367
    22 H        0.000000     -0.655005
