       -0.03050340        0.03912648       -0.02569670
        0.01928834       -0.03830967        0.01426852
        0.01617386        0.00318519       -0.00194050
       -0.00450761       -0.00155867        0.01440202
       -0.01278870       -0.04136658       -0.02934516
        0.00318268        0.03059769        0.02398006
        0.00646884        0.00732999        0.00151333
        0.03274081       -0.01158757        0.01818288
       -0.00487737       -0.00178441       -0.01092572
       -0.02752694        0.01389905       -0.00819420
       -0.00544624        0.00716893        0.03631961
       -0.00361639        0.00359030       -0.03291543
        0.00967811       -0.01136167        0.00163569
        0.02499326        0.01089432       -0.04446941
        0.00232822        0.00174758        0.00554433
       -0.02317720       -0.01184328        0.03930059
        0.01291469        0.02676025       -0.01092936
        0.00015759       -0.00395889        0.00155737
       -0.01430728       -0.02397601        0.01104423
        0.01445842       -0.00354728       -0.02391694
       -0.00759418        0.01366473        0.00975727
       -0.00803951       -0.00867046        0.01082753
